running develop
Removing /home/aliadel/Documents/Autonomous-Robotic-System/AutonomousRoboticApplication/raspberry_pi/ros2_ws/install/py_pkg/lib/python3.10/site-packages/py-pkg.egg-link (link to .)
running egg_info
writing ../../build/py_pkg/py_pkg.egg-info/PKG-INFO
writing dependency_links to ../../build/py_pkg/py_pkg.egg-info/dependency_links.txt
writing entry points to ../../build/py_pkg/py_pkg.egg-info/entry_points.txt
writing requirements to ../../build/py_pkg/py_pkg.egg-info/requires.txt
writing top-level names to ../../build/py_pkg/py_pkg.egg-info/top_level.txt
reading manifest file '../../build/py_pkg/py_pkg.egg-info/SOURCES.txt'
writing manifest file '../../build/py_pkg/py_pkg.egg-info/SOURCES.txt'
running build
running build_py
running install
running install_lib
creating /home/aliadel/Documents/Autonomous-Robotic-System/AutonomousRoboticApplication/raspberry_pi/ros2_ws/install/py_pkg/lib/python3.10/site-packages/py_pkg
copying /home/aliadel/Documents/Autonomous-Robotic-System/AutonomousRoboticApplication/raspberry_pi/ros2_ws/build/py_pkg/build/lib/py_pkg/LiDAR.py -> /home/aliadel/Documents/Autonomous-Robotic-System/AutonomousRoboticApplication/raspberry_pi/ros2_ws/install/py_pkg/lib/python3.10/site-packages/py_pkg
copying /home/aliadel/Documents/Autonomous-Robotic-System/AutonomousRoboticApplication/raspberry_pi/ros2_ws/build/py_pkg/build/lib/py_pkg/station.py -> /home/aliadel/Documents/Autonomous-Robotic-System/AutonomousRoboticApplication/raspberry_pi/ros2_ws/install/py_pkg/lib/python3.10/site-packages/py_pkg
copying /home/aliadel/Documents/Autonomous-Robotic-System/AutonomousRoboticApplication/raspberry_pi/ros2_ws/build/py_pkg/build/lib/py_pkg/__init__.py -> /home/aliadel/Documents/Autonomous-Robotic-System/AutonomousRoboticApplication/raspberry_pi/ros2_ws/install/py_pkg/lib/python3.10/site-packages/py_pkg
byte-compiling /home/aliadel/Documents/Autonomous-Robotic-System/AutonomousRoboticApplication/raspberry_pi/ros2_ws/install/py_pkg/lib/python3.10/site-packages/py_pkg/LiDAR.py to LiDAR.cpython-310.pyc
byte-compiling /home/aliadel/Documents/Autonomous-Robotic-System/AutonomousRoboticApplication/raspberry_pi/ros2_ws/install/py_pkg/lib/python3.10/site-packages/py_pkg/station.py to station.cpython-310.pyc
byte-compiling /home/aliadel/Documents/Autonomous-Robotic-System/AutonomousRoboticApplication/raspberry_pi/ros2_ws/install/py_pkg/lib/python3.10/site-packages/py_pkg/__init__.py to __init__.cpython-310.pyc
running install_data
copying resource/py_pkg -> /home/aliadel/Documents/Autonomous-Robotic-System/AutonomousRoboticApplication/raspberry_pi/ros2_ws/install/py_pkg/share/ament_index/resource_index/packages
copying package.xml -> /home/aliadel/Documents/Autonomous-Robotic-System/AutonomousRoboticApplication/raspberry_pi/ros2_ws/install/py_pkg/share/py_pkg
running install_egg_info
Copying ../../build/py_pkg/py_pkg.egg-info to /home/aliadel/Documents/Autonomous-Robotic-System/AutonomousRoboticApplication/raspberry_pi/ros2_ws/install/py_pkg/lib/python3.10/site-packages/py_pkg-0.0.0-py3.10.egg-info
running install_scripts
Installing py_LiDAR script to /home/aliadel/Documents/Autonomous-Robotic-System/AutonomousRoboticApplication/raspberry_pi/ros2_ws/install/py_pkg/lib/py_pkg
Installing py_station script to /home/aliadel/Documents/Autonomous-Robotic-System/AutonomousRoboticApplication/raspberry_pi/ros2_ws/install/py_pkg/lib/py_pkg
writing list of installed files to '/home/aliadel/Documents/Autonomous-Robotic-System/AutonomousRoboticApplication/raspberry_pi/ros2_ws/build/py_pkg/install.log'
