[1.380s] Invoking command in '/home/aliadel/Documents/Autonomous-Robotic-System/AutonomousRoboticApplication/jetson/ros2_ws/src/py_pkg': PYTHONPATH=/home/aliadel/Documents/Autonomous-Robotic-System/build/py_pkg/prefix_override:/usr/lib/python3/dist-packages/colcon_core/task/python/colcon_distutils_commands:/home/aliadel/Documents/Autonomous-Robotic-System/install/py_pkg/lib/python3.10/site-packages:${PYTHONPATH} /usr/bin/python3 -W ignore:setup.py install is deprecated setup.py egg_info --egg-base ../../../../../build/py_pkg build --build-base /home/aliadel/Documents/Autonomous-Robotic-System/build/py_pkg/build install --record /home/aliadel/Documents/Autonomous-Robotic-System/build/py_pkg/install.log --single-version-externally-managed install_data
[1.690s] /home/aliadel/.local/lib/python3.10/site-packages/setuptools/_distutils/dist.py:261: UserWarning: Unknown distribution option: 'tests_require'
[1.691s]   warnings.warn(msg)
[1.846s] running egg_info
[1.872s] creating ../../../../../build/py_pkg/py_pkg.egg-info
[1.872s] writing ../../../../../build/py_pkg/py_pkg.egg-info/PKG-INFO
[1.872s] writing dependency_links to ../../../../../build/py_pkg/py_pkg.egg-info/dependency_links.txt
[1.873s] writing entry points to ../../../../../build/py_pkg/py_pkg.egg-info/entry_points.txt
[1.873s] writing requirements to ../../../../../build/py_pkg/py_pkg.egg-info/requires.txt
[1.874s] writing top-level names to ../../../../../build/py_pkg/py_pkg.egg-info/top_level.txt
[1.874s] writing manifest file '../../../../../build/py_pkg/py_pkg.egg-info/SOURCES.txt'
[1.922s] reading manifest file '../../../../../build/py_pkg/py_pkg.egg-info/SOURCES.txt'
[1.923s] Traceback (most recent call last):
[1.923s]   File "/home/aliadel/Documents/Autonomous-Robotic-System/AutonomousRoboticApplication/jetson/ros2_ws/src/py_pkg/setup.py", line 5, in <module>
[1.923s]     setup(
[1.923s]   File "/home/aliadel/.local/lib/python3.10/site-packages/setuptools/__init__.py", line 117, in setup
[1.924s]     return distutils.core.setup(**attrs)
[1.924s]   File "/home/aliadel/.local/lib/python3.10/site-packages/setuptools/_distutils/core.py", line 183, in setup
[1.924s]     return run_commands(dist)
[1.924s]   File "/home/aliadel/.local/lib/python3.10/site-packages/setuptools/_distutils/core.py", line 199, in run_commands
[1.924s]     dist.run_commands()
[1.925s]   File "/home/aliadel/.local/lib/python3.10/site-packages/setuptools/_distutils/dist.py", line 954, in run_commands
[1.925s]     self.run_command(cmd)
[1.925s]   File "/home/aliadel/.local/lib/python3.10/site-packages/setuptools/dist.py", line 991, in run_command
[1.925s]     super().run_command(command)
[1.925s]   File "/home/aliadel/.local/lib/python3.10/site-packages/setuptools/_distutils/dist.py", line 973, in run_command
[1.925s]     cmd_obj.run()
[1.925s]   File "/home/aliadel/.local/lib/python3.10/site-packages/setuptools/command/egg_info.py", line 315, in run
[1.926s]     self.find_sources()
[1.926s]   File "/home/aliadel/.local/lib/python3.10/site-packages/setuptools/command/egg_info.py", line 323, in find_sources
[1.926s]     mm.run()
[1.926s]   File "/home/aliadel/.local/lib/python3.10/site-packages/setuptools/command/egg_info.py", line 549, in run
[1.926s]     self.prune_file_list()
[1.926s]   File "/home/aliadel/.local/lib/python3.10/site-packages/setuptools/command/sdist.py", line 161, in prune_file_list
[1.926s]     super().prune_file_list()
[1.926s]   File "/home/aliadel/.local/lib/python3.10/site-packages/setuptools/_distutils/command/sdist.py", line 380, in prune_file_list
[1.927s]     base_dir = self.distribution.get_fullname()
[1.927s]   File "/home/aliadel/.local/lib/python3.10/site-packages/setuptools/_core_metadata.py", line 267, in get_fullname
[1.927s]     return _distribution_fullname(self.get_name(), self.get_version())
[1.927s]   File "/home/aliadel/.local/lib/python3.10/site-packages/setuptools/_core_metadata.py", line 285, in _distribution_fullname
[1.927s]     canonicalize_version(version, strip_trailing_zero=False),
[1.927s] TypeError: canonicalize_version() got an unexpected keyword argument 'strip_trailing_zero'
[1.994s] Invoked command in '/home/aliadel/Documents/Autonomous-Robotic-System/AutonomousRoboticApplication/jetson/ros2_ws/src/py_pkg' returned '1': PYTHONPATH=/home/aliadel/Documents/Autonomous-Robotic-System/build/py_pkg/prefix_override:/usr/lib/python3/dist-packages/colcon_core/task/python/colcon_distutils_commands:/home/aliadel/Documents/Autonomous-Robotic-System/install/py_pkg/lib/python3.10/site-packages:${PYTHONPATH} /usr/bin/python3 -W ignore:setup.py install is deprecated setup.py egg_info --egg-base ../../../../../build/py_pkg build --build-base /home/aliadel/Documents/Autonomous-Robotic-System/build/py_pkg/build install --record /home/aliadel/Documents/Autonomous-Robotic-System/build/py_pkg/install.log --single-version-externally-managed install_data
