[ 50%] [32mBuilding CXX object CMakeFiles/cpp_node.dir/src/LiDAR.cpp.o[0m
[100%] [32m[1mLinking CXX executable cpp_node[0m
[100%] Built target cpp_node
-- Install configuration: ""
-- Installing: /home/aliadel/Documents/Autonomous-Robotic-System/AutonomousRoboticApplication/jetson/ros2_ws/install/cpp_pkg/lib/cpp_pkg/cpp_node
-- Set runtime path of "/home/aliadel/Documents/Autonomous-Robotic-System/AutonomousRoboticApplication/jetson/ros2_ws/install/cpp_pkg/lib/cpp_pkg/cpp_node" to ""
-- Installing: /home/aliadel/Documents/Autonomous-Robotic-System/AutonomousRoboticApplication/jetson/ros2_ws/install/cpp_pkg/share/ament_index/resource_index/package_run_dependencies/cpp_pkg
-- Installing: /home/aliadel/Documents/Autonomous-Robotic-System/AutonomousRoboticApplication/jetson/ros2_ws/install/cpp_pkg/share/ament_index/resource_index/parent_prefix_path/cpp_pkg
-- Installing: /home/aliadel/Documents/Autonomous-Robotic-System/AutonomousRoboticApplication/jetson/ros2_ws/install/cpp_pkg/share/cpp_pkg/environment/ament_prefix_path.sh
-- Installing: /home/aliadel/Documents/Autonomous-Robotic-System/AutonomousRoboticApplication/jetson/ros2_ws/install/cpp_pkg/share/cpp_pkg/environment/ament_prefix_path.dsv
-- Installing: /home/aliadel/Documents/Autonomous-Robotic-System/AutonomousRoboticApplication/jetson/ros2_ws/install/cpp_pkg/share/cpp_pkg/environment/path.sh
-- Installing: /home/aliadel/Documents/Autonomous-Robotic-System/AutonomousRoboticApplication/jetson/ros2_ws/install/cpp_pkg/share/cpp_pkg/environment/path.dsv
-- Installing: /home/aliadel/Documents/Autonomous-Robotic-System/AutonomousRoboticApplication/jetson/ros2_ws/install/cpp_pkg/share/cpp_pkg/local_setup.bash
-- Installing: /home/aliadel/Documents/Autonomous-Robotic-System/AutonomousRoboticApplication/jetson/ros2_ws/install/cpp_pkg/share/cpp_pkg/local_setup.sh
-- Installing: /home/aliadel/Documents/Autonomous-Robotic-System/AutonomousRoboticApplication/jetson/ros2_ws/install/cpp_pkg/share/cpp_pkg/local_setup.zsh
-- Installing: /home/aliadel/Documents/Autonomous-Robotic-System/AutonomousRoboticApplication/jetson/ros2_ws/install/cpp_pkg/share/cpp_pkg/local_setup.dsv
-- Installing: /home/aliadel/Documents/Autonomous-Robotic-System/AutonomousRoboticApplication/jetson/ros2_ws/install/cpp_pkg/share/cpp_pkg/package.dsv
-- Installing: /home/aliadel/Documents/Autonomous-Robotic-System/AutonomousRoboticApplication/jetson/ros2_ws/install/cpp_pkg/share/ament_index/resource_index/packages/cpp_pkg
-- Installing: /home/aliadel/Documents/Autonomous-Robotic-System/AutonomousRoboticApplication/jetson/ros2_ws/install/cpp_pkg/share/cpp_pkg/cmake/cpp_pkgConfig.cmake
-- Installing: /home/aliadel/Documents/Autonomous-Robotic-System/AutonomousRoboticApplication/jetson/ros2_ws/install/cpp_pkg/share/cpp_pkg/cmake/cpp_pkgConfig-version.cmake
-- Installing: /home/aliadel/Documents/Autonomous-Robotic-System/AutonomousRoboticApplication/jetson/ros2_ws/install/cpp_pkg/share/cpp_pkg/package.xml
