[0.036s] Invoking command in '/home/aliadel/Documents/Autonomous-Robotic-System/AutonomousRoboticApplication/jetson/ros2_ws/build/cpp_pkg': CMAKE_PREFIX_PATH=${CMAKE_PREFIX_PATH}:/home/aliadel/Documents/Autonomous-Robotic-System/AutonomousRoboticApplication/jetson/ros2_ws/install/py_pkg:/home/aliadel/ros2_ws/install/my_py_pkg:/opt/ros/humble /usr/bin/cmake --build /home/aliadel/Documents/Autonomous-Robotic-System/AutonomousRoboticApplication/jetson/ros2_ws/build/cpp_pkg -- -j8 -l8
[0.141s] [ 50%] [32mBuilding CXX object CMakeFiles/cpp_node.dir/src/LiDAR.cpp.o[0m
[5.925s] [100%] [32m[1mLinking CXX executable cpp_node[0m
[6.139s] [100%] Built target cpp_node
[6.168s] Invoked command in '/home/aliadel/Documents/Autonomous-Robotic-System/AutonomousRoboticApplication/jetson/ros2_ws/build/cpp_pkg' returned '0': CMAKE_PREFIX_PATH=${CMAKE_PREFIX_PATH}:/home/aliadel/Documents/Autonomous-Robotic-System/AutonomousRoboticApplication/jetson/ros2_ws/install/py_pkg:/home/aliadel/ros2_ws/install/my_py_pkg:/opt/ros/humble /usr/bin/cmake --build /home/aliadel/Documents/Autonomous-Robotic-System/AutonomousRoboticApplication/jetson/ros2_ws/build/cpp_pkg -- -j8 -l8
[6.257s] Invoking command in '/home/aliadel/Documents/Autonomous-Robotic-System/AutonomousRoboticApplication/jetson/ros2_ws/build/cpp_pkg': CMAKE_PREFIX_PATH=${CMAKE_PREFIX_PATH}:/home/aliadel/Documents/Autonomous-Robotic-System/AutonomousRoboticApplication/jetson/ros2_ws/install/py_pkg:/home/aliadel/ros2_ws/install/my_py_pkg:/opt/ros/humble /usr/bin/cmake --install /home/aliadel/Documents/Autonomous-Robotic-System/AutonomousRoboticApplication/jetson/ros2_ws/build/cpp_pkg
[6.270s] -- Install configuration: ""
[6.270s] -- Installing: /home/aliadel/Documents/Autonomous-Robotic-System/AutonomousRoboticApplication/jetson/ros2_ws/install/cpp_pkg/lib/cpp_pkg/cpp_node
[6.272s] -- Set runtime path of "/home/aliadel/Documents/Autonomous-Robotic-System/AutonomousRoboticApplication/jetson/ros2_ws/install/cpp_pkg/lib/cpp_pkg/cpp_node" to ""
[6.285s] -- Installing: /home/aliadel/Documents/Autonomous-Robotic-System/AutonomousRoboticApplication/jetson/ros2_ws/install/cpp_pkg/share/ament_index/resource_index/package_run_dependencies/cpp_pkg
[6.285s] -- Installing: /home/aliadel/Documents/Autonomous-Robotic-System/AutonomousRoboticApplication/jetson/ros2_ws/install/cpp_pkg/share/ament_index/resource_index/parent_prefix_path/cpp_pkg
[6.286s] -- Installing: /home/aliadel/Documents/Autonomous-Robotic-System/AutonomousRoboticApplication/jetson/ros2_ws/install/cpp_pkg/share/cpp_pkg/environment/ament_prefix_path.sh
[6.286s] -- Installing: /home/aliadel/Documents/Autonomous-Robotic-System/AutonomousRoboticApplication/jetson/ros2_ws/install/cpp_pkg/share/cpp_pkg/environment/ament_prefix_path.dsv
[6.287s] -- Installing: /home/aliadel/Documents/Autonomous-Robotic-System/AutonomousRoboticApplication/jetson/ros2_ws/install/cpp_pkg/share/cpp_pkg/environment/path.sh
[6.287s] -- Installing: /home/aliadel/Documents/Autonomous-Robotic-System/AutonomousRoboticApplication/jetson/ros2_ws/install/cpp_pkg/share/cpp_pkg/environment/path.dsv
[6.287s] -- Installing: /home/aliadel/Documents/Autonomous-Robotic-System/AutonomousRoboticApplication/jetson/ros2_ws/install/cpp_pkg/share/cpp_pkg/local_setup.bash
[6.288s] -- Installing: /home/aliadel/Documents/Autonomous-Robotic-System/AutonomousRoboticApplication/jetson/ros2_ws/install/cpp_pkg/share/cpp_pkg/local_setup.sh
[6.288s] -- Installing: /home/aliadel/Documents/Autonomous-Robotic-System/AutonomousRoboticApplication/jetson/ros2_ws/install/cpp_pkg/share/cpp_pkg/local_setup.zsh
[6.289s] -- Installing: /home/aliadel/Documents/Autonomous-Robotic-System/AutonomousRoboticApplication/jetson/ros2_ws/install/cpp_pkg/share/cpp_pkg/local_setup.dsv
[6.289s] -- Installing: /home/aliadel/Documents/Autonomous-Robotic-System/AutonomousRoboticApplication/jetson/ros2_ws/install/cpp_pkg/share/cpp_pkg/package.dsv
[6.290s] -- Installing: /home/aliadel/Documents/Autonomous-Robotic-System/AutonomousRoboticApplication/jetson/ros2_ws/install/cpp_pkg/share/ament_index/resource_index/packages/cpp_pkg
[6.291s] -- Installing: /home/aliadel/Documents/Autonomous-Robotic-System/AutonomousRoboticApplication/jetson/ros2_ws/install/cpp_pkg/share/cpp_pkg/cmake/cpp_pkgConfig.cmake
[6.291s] -- Installing: /home/aliadel/Documents/Autonomous-Robotic-System/AutonomousRoboticApplication/jetson/ros2_ws/install/cpp_pkg/share/cpp_pkg/cmake/cpp_pkgConfig-version.cmake
[6.291s] -- Installing: /home/aliadel/Documents/Autonomous-Robotic-System/AutonomousRoboticApplication/jetson/ros2_ws/install/cpp_pkg/share/cpp_pkg/package.xml
[6.296s] Invoked command in '/home/aliadel/Documents/Autonomous-Robotic-System/AutonomousRoboticApplication/jetson/ros2_ws/build/cpp_pkg' returned '0': CMAKE_PREFIX_PATH=${CMAKE_PREFIX_PATH}:/home/aliadel/Documents/Autonomous-Robotic-System/AutonomousRoboticApplication/jetson/ros2_ws/install/py_pkg:/home/aliadel/ros2_ws/install/my_py_pkg:/opt/ros/humble /usr/bin/cmake --install /home/aliadel/Documents/Autonomous-Robotic-System/AutonomousRoboticApplication/jetson/ros2_ws/build/cpp_pkg
