[1.263s] Invoking command in '/home/aliadel/Documents/Autonomous-Robotic-System/AutonomousRoboticApplication/raspberry_pi/src/ros2_ws/src/py_pkg': PYTHONPATH=/home/aliadel/Documents/Autonomous-Robotic-System/build/py_pkg/prefix_override:/usr/lib/python3/dist-packages/colcon_core/task/python/colcon_distutils_commands:/home/aliadel/Documents/Autonomous-Robotic-System/install/py_pkg/lib/python3.10/site-packages:${PYTHONPATH} /usr/bin/python3 -W ignore:setup.py install is deprecated setup.py egg_info --egg-base ../../../../../../build/py_pkg build --build-base /home/aliadel/Documents/Autonomous-Robotic-System/build/py_pkg/build install --record /home/aliadel/Documents/Autonomous-Robotic-System/build/py_pkg/install.log --single-version-externally-managed install_data
[1.834s] running egg_info
[1.834s] writing ../../../../../../build/py_pkg/py_pkg.egg-info/PKG-INFO
[1.834s] writing dependency_links to ../../../../../../build/py_pkg/py_pkg.egg-info/dependency_links.txt
[1.834s] writing entry points to ../../../../../../build/py_pkg/py_pkg.egg-info/entry_points.txt
[1.834s] writing requirements to ../../../../../../build/py_pkg/py_pkg.egg-info/requires.txt
[1.834s] writing top-level names to ../../../../../../build/py_pkg/py_pkg.egg-info/top_level.txt
[1.837s] reading manifest file '../../../../../../build/py_pkg/py_pkg.egg-info/SOURCES.txt'
[1.841s] writing manifest file '../../../../../../build/py_pkg/py_pkg.egg-info/SOURCES.txt'
[1.841s] running build
[1.841s] running build_py
[1.841s] running install
[1.841s] running install_lib
[1.844s] running install_data
[1.847s] running install_egg_info
[1.848s] removing '/home/aliadel/Documents/Autonomous-Robotic-System/install/py_pkg/lib/python3.10/site-packages/py_pkg-0.0.0-py3.10.egg-info' (and everything under it)
[1.849s] Copying ../../../../../../build/py_pkg/py_pkg.egg-info to /home/aliadel/Documents/Autonomous-Robotic-System/install/py_pkg/lib/python3.10/site-packages/py_pkg-0.0.0-py3.10.egg-info
[1.853s] running install_scripts
[1.911s] Installing py_LiDAR script to /home/aliadel/Documents/Autonomous-Robotic-System/install/py_pkg/lib/py_pkg
[1.915s] Installing py_station script to /home/aliadel/Documents/Autonomous-Robotic-System/install/py_pkg/lib/py_pkg
[1.915s] writing list of installed files to '/home/aliadel/Documents/Autonomous-Robotic-System/build/py_pkg/install.log'
[2.029s] Invoked command in '/home/aliadel/Documents/Autonomous-Robotic-System/AutonomousRoboticApplication/raspberry_pi/src/ros2_ws/src/py_pkg' returned '0': PYTHONPATH=/home/aliadel/Documents/Autonomous-Robotic-System/build/py_pkg/prefix_override:/usr/lib/python3/dist-packages/colcon_core/task/python/colcon_distutils_commands:/home/aliadel/Documents/Autonomous-Robotic-System/install/py_pkg/lib/python3.10/site-packages:${PYTHONPATH} /usr/bin/python3 -W ignore:setup.py install is deprecated setup.py egg_info --egg-base ../../../../../../build/py_pkg build --build-base /home/aliadel/Documents/Autonomous-Robotic-System/build/py_pkg/build install --record /home/aliadel/Documents/Autonomous-Robotic-System/build/py_pkg/install.log --single-version-externally-managed install_data
