[1.328s] Invoking command in '/home/aliadel/Documents/Autonomous-Robotic-System/AutonomousRoboticApplication/jetson/ros2_ws/src/py_pkg': PYTHONPATH=/home/aliadel/Documents/Autonomous-Robotic-System/AutonomousRoboticApplication/jetson/ros2_ws/build/py_pkg/prefix_override:/usr/lib/python3/dist-packages/colcon_core/task/python/colcon_distutils_commands:/home/aliadel/Documents/Autonomous-Robotic-System/AutonomousRoboticApplication/jetson/ros2_ws/install/py_pkg/lib/python3.10/site-packages:${PYTHONPATH} /usr/bin/python3 -W ignore:setup.py install is deprecated setup.py egg_info --egg-base ../../build/py_pkg build --build-base /home/aliadel/Documents/Autonomous-Robotic-System/AutonomousRoboticApplication/jetson/ros2_ws/build/py_pkg/build install --record /home/aliadel/Documents/Autonomous-Robotic-System/AutonomousRoboticApplication/jetson/ros2_ws/build/py_pkg/install.log --single-version-externally-managed install_data
[1.684s] running egg_info
[1.685s] writing ../../build/py_pkg/py_pkg.egg-info/PKG-INFO
[1.686s] writing dependency_links to ../../build/py_pkg/py_pkg.egg-info/dependency_links.txt
[1.686s] writing entry points to ../../build/py_pkg/py_pkg.egg-info/entry_points.txt
[1.687s] writing requirements to ../../build/py_pkg/py_pkg.egg-info/requires.txt
[1.687s] writing top-level names to ../../build/py_pkg/py_pkg.egg-info/top_level.txt
[1.689s] reading manifest file '../../build/py_pkg/py_pkg.egg-info/SOURCES.txt'
[1.691s] writing manifest file '../../build/py_pkg/py_pkg.egg-info/SOURCES.txt'
[1.691s] running build
[1.691s] running build_py
[1.691s] running install
[1.692s] running install_lib
[1.693s] running install_data
[1.694s] running install_egg_info
[1.696s] removing '/home/aliadel/Documents/Autonomous-Robotic-System/AutonomousRoboticApplication/jetson/ros2_ws/install/py_pkg/lib/python3.10/site-packages/py_pkg-0.0.0-py3.10.egg-info' (and everything under it)
[1.696s] Copying ../../build/py_pkg/py_pkg.egg-info to /home/aliadel/Documents/Autonomous-Robotic-System/AutonomousRoboticApplication/jetson/ros2_ws/install/py_pkg/lib/python3.10/site-packages/py_pkg-0.0.0-py3.10.egg-info
[1.698s] running install_scripts
[1.742s] writing list of installed files to '/home/aliadel/Documents/Autonomous-Robotic-System/AutonomousRoboticApplication/jetson/ros2_ws/build/py_pkg/install.log'
[1.808s] Invoked command in '/home/aliadel/Documents/Autonomous-Robotic-System/AutonomousRoboticApplication/jetson/ros2_ws/src/py_pkg' returned '0': PYTHONPATH=/home/aliadel/Documents/Autonomous-Robotic-System/AutonomousRoboticApplication/jetson/ros2_ws/build/py_pkg/prefix_override:/usr/lib/python3/dist-packages/colcon_core/task/python/colcon_distutils_commands:/home/aliadel/Documents/Autonomous-Robotic-System/AutonomousRoboticApplication/jetson/ros2_ws/install/py_pkg/lib/python3.10/site-packages:${PYTHONPATH} /usr/bin/python3 -W ignore:setup.py install is deprecated setup.py egg_info --egg-base ../../build/py_pkg build --build-base /home/aliadel/Documents/Autonomous-Robotic-System/AutonomousRoboticApplication/jetson/ros2_ws/build/py_pkg/build install --record /home/aliadel/Documents/Autonomous-Robotic-System/AutonomousRoboticApplication/jetson/ros2_ws/build/py_pkg/install.log --single-version-externally-managed install_data
