[0.027s] Invoking command in '/home/aliadel/Documents/Autonomous-Robotic-System/AutonomousRoboticApplication/jetson/ros2_ws/build/cpp_pkg': CMAKE_PREFIX_PATH=${CMAKE_PREFIX_PATH}:/home/aliadel/Documents/Autonomous-Robotic-System/AutonomousRoboticApplication/jetson/ros2_ws/install/py_pkg:/home/aliadel/ros2_ws/install/my_py_pkg:/opt/ros/humble /usr/bin/cmake --build /home/aliadel/Documents/Autonomous-Robotic-System/AutonomousRoboticApplication/jetson/ros2_ws/build/cpp_pkg -- -j8 -l8
[0.106s] [35m[1mConsolidate compiler generated dependencies of target cpp_node[0m
[0.144s] [100%] Built target cpp_node
[0.169s] Invoked command in '/home/aliadel/Documents/Autonomous-Robotic-System/AutonomousRoboticApplication/jetson/ros2_ws/build/cpp_pkg' returned '0': CMAKE_PREFIX_PATH=${CMAKE_PREFIX_PATH}:/home/aliadel/Documents/Autonomous-Robotic-System/AutonomousRoboticApplication/jetson/ros2_ws/install/py_pkg:/home/aliadel/ros2_ws/install/my_py_pkg:/opt/ros/humble /usr/bin/cmake --build /home/aliadel/Documents/Autonomous-Robotic-System/AutonomousRoboticApplication/jetson/ros2_ws/build/cpp_pkg -- -j8 -l8
[0.494s] Invoking command in '/home/aliadel/Documents/Autonomous-Robotic-System/AutonomousRoboticApplication/jetson/ros2_ws/build/cpp_pkg': CMAKE_PREFIX_PATH=${CMAKE_PREFIX_PATH}:/home/aliadel/Documents/Autonomous-Robotic-System/AutonomousRoboticApplication/jetson/ros2_ws/install/py_pkg:/home/aliadel/ros2_ws/install/my_py_pkg:/opt/ros/humble /usr/bin/cmake --install /home/aliadel/Documents/Autonomous-Robotic-System/AutonomousRoboticApplication/jetson/ros2_ws/build/cpp_pkg
[0.509s] -- Install configuration: ""
[0.509s] -- Up-to-date: /home/aliadel/Documents/Autonomous-Robotic-System/AutonomousRoboticApplication/jetson/ros2_ws/install/cpp_pkg/lib/cpp_pkg/cpp_node
[0.510s] -- Up-to-date: /home/aliadel/Documents/Autonomous-Robotic-System/AutonomousRoboticApplication/jetson/ros2_ws/install/cpp_pkg/share/ament_index/resource_index/package_run_dependencies/cpp_pkg
[0.510s] -- Up-to-date: /home/aliadel/Documents/Autonomous-Robotic-System/AutonomousRoboticApplication/jetson/ros2_ws/install/cpp_pkg/share/ament_index/resource_index/parent_prefix_path/cpp_pkg
[0.511s] -- Up-to-date: /home/aliadel/Documents/Autonomous-Robotic-System/AutonomousRoboticApplication/jetson/ros2_ws/install/cpp_pkg/share/cpp_pkg/environment/ament_prefix_path.sh
[0.511s] -- Up-to-date: /home/aliadel/Documents/Autonomous-Robotic-System/AutonomousRoboticApplication/jetson/ros2_ws/install/cpp_pkg/share/cpp_pkg/environment/ament_prefix_path.dsv
[0.511s] -- Up-to-date: /home/aliadel/Documents/Autonomous-Robotic-System/AutonomousRoboticApplication/jetson/ros2_ws/install/cpp_pkg/share/cpp_pkg/environment/path.sh
[0.511s] -- Up-to-date: /home/aliadel/Documents/Autonomous-Robotic-System/AutonomousRoboticApplication/jetson/ros2_ws/install/cpp_pkg/share/cpp_pkg/environment/path.dsv
[0.511s] -- Up-to-date: /home/aliadel/Documents/Autonomous-Robotic-System/AutonomousRoboticApplication/jetson/ros2_ws/install/cpp_pkg/share/cpp_pkg/local_setup.bash
[0.511s] -- Up-to-date: /home/aliadel/Documents/Autonomous-Robotic-System/AutonomousRoboticApplication/jetson/ros2_ws/install/cpp_pkg/share/cpp_pkg/local_setup.sh
[0.512s] -- Up-to-date: /home/aliadel/Documents/Autonomous-Robotic-System/AutonomousRoboticApplication/jetson/ros2_ws/install/cpp_pkg/share/cpp_pkg/local_setup.zsh
[0.512s] -- Up-to-date: /home/aliadel/Documents/Autonomous-Robotic-System/AutonomousRoboticApplication/jetson/ros2_ws/install/cpp_pkg/share/cpp_pkg/local_setup.dsv
[0.512s] -- Installing: /home/aliadel/Documents/Autonomous-Robotic-System/AutonomousRoboticApplication/jetson/ros2_ws/install/cpp_pkg/share/cpp_pkg/package.dsv
[0.512s] -- Up-to-date: /home/aliadel/Documents/Autonomous-Robotic-System/AutonomousRoboticApplication/jetson/ros2_ws/install/cpp_pkg/share/ament_index/resource_index/packages/cpp_pkg
[0.512s] -- Up-to-date: /home/aliadel/Documents/Autonomous-Robotic-System/AutonomousRoboticApplication/jetson/ros2_ws/install/cpp_pkg/share/cpp_pkg/cmake/cpp_pkgConfig.cmake
[0.512s] -- Up-to-date: /home/aliadel/Documents/Autonomous-Robotic-System/AutonomousRoboticApplication/jetson/ros2_ws/install/cpp_pkg/share/cpp_pkg/cmake/cpp_pkgConfig-version.cmake
[0.513s] -- Up-to-date: /home/aliadel/Documents/Autonomous-Robotic-System/AutonomousRoboticApplication/jetson/ros2_ws/install/cpp_pkg/share/cpp_pkg/package.xml
[0.517s] Invoked command in '/home/aliadel/Documents/Autonomous-Robotic-System/AutonomousRoboticApplication/jetson/ros2_ws/build/cpp_pkg' returned '0': CMAKE_PREFIX_PATH=${CMAKE_PREFIX_PATH}:/home/aliadel/Documents/Autonomous-Robotic-System/AutonomousRoboticApplication/jetson/ros2_ws/install/py_pkg:/home/aliadel/ros2_ws/install/my_py_pkg:/opt/ros/humble /usr/bin/cmake --install /home/aliadel/Documents/Autonomous-Robotic-System/AutonomousRoboticApplication/jetson/ros2_ws/build/cpp_pkg
