[2.089s] Invoking command in '/home/aliadel/Documents/Autonomous-Robotic-System/AutonomousRoboticApplication/raspberry_pi/src/ros2_ws/src/py_pkg': PYTHONPATH=/home/aliadel/Documents/Autonomous-Robotic-System/AutonomousRoboticApplication/raspberry_pi/src/ros2_ws/build/py_pkg/prefix_override:/usr/lib/python3/dist-packages/colcon_core/task/python/colcon_distutils_commands:/home/aliadel/Documents/Autonomous-Robotic-System/AutonomousRoboticApplication/raspberry_pi/src/ros2_ws/install/py_pkg/lib/python3.10/site-packages:${PYTHONPATH} /usr/bin/python3 -W ignore:setup.py install is deprecated setup.py egg_info --egg-base ../../build/py_pkg build --build-base /home/aliadel/Documents/Autonomous-Robotic-System/AutonomousRoboticApplication/raspberry_pi/src/ros2_ws/build/py_pkg/build install --record /home/aliadel/Documents/Autonomous-Robotic-System/AutonomousRoboticApplication/raspberry_pi/src/ros2_ws/build/py_pkg/install.log --single-version-externally-managed install_data
[2.839s] running egg_info
[2.840s] creating ../../build/py_pkg/py_pkg.egg-info
[2.844s] writing ../../build/py_pkg/py_pkg.egg-info/PKG-INFO
[2.844s] writing dependency_links to ../../build/py_pkg/py_pkg.egg-info/dependency_links.txt
[2.844s] writing entry points to ../../build/py_pkg/py_pkg.egg-info/entry_points.txt
[2.844s] writing requirements to ../../build/py_pkg/py_pkg.egg-info/requires.txt
[2.844s] writing top-level names to ../../build/py_pkg/py_pkg.egg-info/top_level.txt
[2.846s] writing manifest file '../../build/py_pkg/py_pkg.egg-info/SOURCES.txt'
[2.848s] reading manifest file '../../build/py_pkg/py_pkg.egg-info/SOURCES.txt'
[2.850s] writing manifest file '../../build/py_pkg/py_pkg.egg-info/SOURCES.txt'
[2.850s] running build
[2.851s] running build_py
[2.851s] creating /home/aliadel/Documents/Autonomous-Robotic-System/AutonomousRoboticApplication/raspberry_pi/src/ros2_ws/build/py_pkg/build
[2.851s] creating /home/aliadel/Documents/Autonomous-Robotic-System/AutonomousRoboticApplication/raspberry_pi/src/ros2_ws/build/py_pkg/build/lib
[2.851s] creating /home/aliadel/Documents/Autonomous-Robotic-System/AutonomousRoboticApplication/raspberry_pi/src/ros2_ws/build/py_pkg/build/lib/py_pkg
[2.852s] copying py_pkg/LiDAR.py -> /home/aliadel/Documents/Autonomous-Robotic-System/AutonomousRoboticApplication/raspberry_pi/src/ros2_ws/build/py_pkg/build/lib/py_pkg
[2.871s] copying py_pkg/__init__.py -> /home/aliadel/Documents/Autonomous-Robotic-System/AutonomousRoboticApplication/raspberry_pi/src/ros2_ws/build/py_pkg/build/lib/py_pkg
[2.873s] running install
[2.875s] running install_lib
[2.877s] creating /home/aliadel/Documents/Autonomous-Robotic-System/AutonomousRoboticApplication/raspberry_pi/src/ros2_ws/install/py_pkg/lib/python3.10/site-packages/py_pkg
[2.877s] copying /home/aliadel/Documents/Autonomous-Robotic-System/AutonomousRoboticApplication/raspberry_pi/src/ros2_ws/build/py_pkg/build/lib/py_pkg/LiDAR.py -> /home/aliadel/Documents/Autonomous-Robotic-System/AutonomousRoboticApplication/raspberry_pi/src/ros2_ws/install/py_pkg/lib/python3.10/site-packages/py_pkg
[2.879s] copying /home/aliadel/Documents/Autonomous-Robotic-System/AutonomousRoboticApplication/raspberry_pi/src/ros2_ws/build/py_pkg/build/lib/py_pkg/__init__.py -> /home/aliadel/Documents/Autonomous-Robotic-System/AutonomousRoboticApplication/raspberry_pi/src/ros2_ws/install/py_pkg/lib/python3.10/site-packages/py_pkg
[2.880s] byte-compiling /home/aliadel/Documents/Autonomous-Robotic-System/AutonomousRoboticApplication/raspberry_pi/src/ros2_ws/install/py_pkg/lib/python3.10/site-packages/py_pkg/LiDAR.py to LiDAR.cpython-310.pyc
[2.881s] byte-compiling /home/aliadel/Documents/Autonomous-Robotic-System/AutonomousRoboticApplication/raspberry_pi/src/ros2_ws/install/py_pkg/lib/python3.10/site-packages/py_pkg/__init__.py to __init__.cpython-310.pyc
[2.881s] running install_data
[2.881s] creating /home/aliadel/Documents/Autonomous-Robotic-System/AutonomousRoboticApplication/raspberry_pi/src/ros2_ws/install/py_pkg/share/ament_index
[2.882s] creating /home/aliadel/Documents/Autonomous-Robotic-System/AutonomousRoboticApplication/raspberry_pi/src/ros2_ws/install/py_pkg/share/ament_index/resource_index
[2.882s] creating /home/aliadel/Documents/Autonomous-Robotic-System/AutonomousRoboticApplication/raspberry_pi/src/ros2_ws/install/py_pkg/share/ament_index/resource_index/packages
[2.882s] copying resource/py_pkg -> /home/aliadel/Documents/Autonomous-Robotic-System/AutonomousRoboticApplication/raspberry_pi/src/ros2_ws/install/py_pkg/share/ament_index/resource_index/packages
[2.883s] copying package.xml -> /home/aliadel/Documents/Autonomous-Robotic-System/AutonomousRoboticApplication/raspberry_pi/src/ros2_ws/install/py_pkg/share/py_pkg
[2.884s] running install_egg_info
[2.887s] Copying ../../build/py_pkg/py_pkg.egg-info to /home/aliadel/Documents/Autonomous-Robotic-System/AutonomousRoboticApplication/raspberry_pi/src/ros2_ws/install/py_pkg/lib/python3.10/site-packages/py_pkg-0.0.0-py3.10.egg-info
[2.889s] running install_scripts
[2.929s] writing list of installed files to '/home/aliadel/Documents/Autonomous-Robotic-System/AutonomousRoboticApplication/raspberry_pi/src/ros2_ws/build/py_pkg/install.log'
[3.041s] Invoked command in '/home/aliadel/Documents/Autonomous-Robotic-System/AutonomousRoboticApplication/raspberry_pi/src/ros2_ws/src/py_pkg' returned '0': PYTHONPATH=/home/aliadel/Documents/Autonomous-Robotic-System/AutonomousRoboticApplication/raspberry_pi/src/ros2_ws/build/py_pkg/prefix_override:/usr/lib/python3/dist-packages/colcon_core/task/python/colcon_distutils_commands:/home/aliadel/Documents/Autonomous-Robotic-System/AutonomousRoboticApplication/raspberry_pi/src/ros2_ws/install/py_pkg/lib/python3.10/site-packages:${PYTHONPATH} /usr/bin/python3 -W ignore:setup.py install is deprecated setup.py egg_info --egg-base ../../build/py_pkg build --build-base /home/aliadel/Documents/Autonomous-Robotic-System/AutonomousRoboticApplication/raspberry_pi/src/ros2_ws/build/py_pkg/build install --record /home/aliadel/Documents/Autonomous-Robotic-System/AutonomousRoboticApplication/raspberry_pi/src/ros2_ws/build/py_pkg/install.log --single-version-externally-managed install_data
