[0.675s] [34mcolcon[0m [1;30mDEBUG[0m [32mCommand line arguments: ['C:\\Python38\\Scripts\\colcon', 'build'][0m
[0.675s] [34mcolcon[0m [1;30mDEBUG[0m [32mParsed command line arguments: Namespace(ament_cmake_args=None, base_paths=['.'], build_base='build', catkin_cmake_args=None, catkin_skip_building_tests=False, cmake_args=None, cmake_clean_cache=False, cmake_clean_first=False, cmake_force_configure=False, cmake_target=None, cmake_target_skip_unavailable=False, continue_on_error=False, event_handlers=None, executor='parallel', ignore_user_meta=False, install_base='install', log_base=None, log_level=None, main=<bound method BuildVerb.main of <colcon_core.verb.build.BuildVerb object at 0x00000254728FE7C0>>, merge_install=False, metas=['./colcon.meta'], packages_above=None, packages_above_and_dependencies=None, packages_above_depth=None, packages_end=None, packages_ignore=None, packages_ignore_regex=None, packages_select=None, packages_select_build_failed=False, packages_select_by_dep=None, packages_select_regex=None, packages_select_test_failures=False, packages_skip=None, packages_skip_build_finished=False, packages_skip_by_dep=None, packages_skip_regex=None, packages_skip_test_passed=False, packages_skip_up_to=None, packages_start=None, packages_up_to=None, packages_up_to_regex=None, parallel_workers=8, paths=None, symlink_install=False, test_result_base=None, verb_extension=<colcon_core.verb.build.BuildVerb object at 0x00000254728FE7C0>, verb_name='build', verb_parser=<colcon_defaults.argument_parser.defaults.DefaultArgumentsDecorator object at 0x0000025472A2EAC0>)[0m
[0.792s] [34mcolcon.colcon_core.package_discovery[0m [1;30mLevel 1[0m discover_packages(colcon_meta) check parameters
[0.793s] [34mcolcon.colcon_core.package_discovery[0m [1;30mLevel 1[0m discover_packages(recursive) check parameters
[0.793s] [34mcolcon.colcon_core.package_discovery[0m [1;30mLevel 1[0m discover_packages(ignore) check parameters
[0.793s] [34mcolcon.colcon_core.package_discovery[0m [1;30mLevel 1[0m discover_packages(path) check parameters
[0.793s] [34mcolcon.colcon_core.package_discovery[0m [1;30mLevel 1[0m discover_packages(colcon_meta) discover
[0.793s] [34mcolcon.colcon_core.package_discovery[0m [1;30mLevel 1[0m discover_packages(recursive) discover
[0.793s] [34mcolcon.colcon_core.package_discovery[0m [1;30mINFO[0m Crawling recursively for packages in 'D:\Shared Folders\Uni\courses\Arm stm\Graduation Project\Autonomous Robotic System\AutonomousRoboticApplication\raspberry_pi\src\ros2_ws'
[0.794s] [34mcolcon.colcon_core.package_identification[0m [1;30mLevel 1[0m _identify(.) by extensions ['ignore', 'ignore_ament_install']
[0.794s] [34mcolcon.colcon_core.package_identification[0m [1;30mLevel 1[0m _identify(.) by extension 'ignore'
[0.794s] [34mcolcon.colcon_core.package_identification[0m [1;30mLevel 1[0m _identify(.) by extension 'ignore_ament_install'
[0.795s] [34mcolcon.colcon_core.package_identification[0m [1;30mLevel 1[0m _identify(.) by extensions ['colcon_pkg']
[0.795s] [34mcolcon.colcon_core.package_identification[0m [1;30mLevel 1[0m _identify(.) by extension 'colcon_pkg'
[0.795s] [34mcolcon.colcon_core.package_identification[0m [1;30mLevel 1[0m _identify(.) by extensions ['colcon_meta']
[0.795s] [34mcolcon.colcon_core.package_identification[0m [1;30mLevel 1[0m _identify(.) by extension 'colcon_meta'
[0.796s] [34mcolcon.colcon_core.package_identification[0m [1;30mLevel 1[0m _identify(.) by extensions ['ros']
[0.796s] [34mcolcon.colcon_core.package_identification[0m [1;30mLevel 1[0m _identify(.) by extension 'ros'
[0.839s] [34mcolcon.colcon_core.package_identification[0m [1;30mLevel 1[0m _identify(.) by extensions ['cmake', 'python']
[0.840s] [34mcolcon.colcon_core.package_identification[0m [1;30mLevel 1[0m _identify(.) by extension 'cmake'
[0.840s] [34mcolcon.colcon_core.package_identification[0m [1;30mLevel 1[0m _identify(.) by extension 'python'
[0.840s] [34mcolcon.colcon_core.package_identification[0m [1;30mLevel 1[0m _identify(.) by extensions ['python_setup_py']
[0.840s] [34mcolcon.colcon_core.package_identification[0m [1;30mLevel 1[0m _identify(.) by extension 'python_setup_py'
[0.841s] [34mcolcon.colcon_core.package_identification[0m [1;30mLevel 1[0m _identify(build) by extensions ['ignore', 'ignore_ament_install']
[0.842s] [34mcolcon.colcon_core.package_identification[0m [1;30mLevel 1[0m _identify(build) by extension 'ignore'
[0.842s] [34mcolcon.colcon_core.package_identification[0m [1;30mLevel 1[0m _identify(build) ignored
[0.843s] [34mcolcon.colcon_core.package_identification[0m [1;30mLevel 1[0m _identify(install) by extensions ['ignore', 'ignore_ament_install']
[0.843s] [34mcolcon.colcon_core.package_identification[0m [1;30mLevel 1[0m _identify(install) by extension 'ignore'
[0.843s] [34mcolcon.colcon_core.package_identification[0m [1;30mLevel 1[0m _identify(install) ignored
[0.845s] [34mcolcon.colcon_core.package_identification[0m [1;30mLevel 1[0m _identify(log) by extensions ['ignore', 'ignore_ament_install']
[0.845s] [34mcolcon.colcon_core.package_identification[0m [1;30mLevel 1[0m _identify(log) by extension 'ignore'
[0.845s] [34mcolcon.colcon_core.package_identification[0m [1;30mLevel 1[0m _identify(log) ignored
[0.846s] [34mcolcon.colcon_core.package_identification[0m [1;30mLevel 1[0m _identify(src) by extensions ['ignore', 'ignore_ament_install']
[0.846s] [34mcolcon.colcon_core.package_identification[0m [1;30mLevel 1[0m _identify(src) by extension 'ignore'
[0.847s] [34mcolcon.colcon_core.package_identification[0m [1;30mLevel 1[0m _identify(src) by extension 'ignore_ament_install'
[0.847s] [34mcolcon.colcon_core.package_identification[0m [1;30mLevel 1[0m _identify(src) by extensions ['colcon_pkg']
[0.847s] [34mcolcon.colcon_core.package_identification[0m [1;30mLevel 1[0m _identify(src) by extension 'colcon_pkg'
[0.848s] [34mcolcon.colcon_core.package_identification[0m [1;30mLevel 1[0m _identify(src) by extensions ['colcon_meta']
[0.848s] [34mcolcon.colcon_core.package_identification[0m [1;30mLevel 1[0m _identify(src) by extension 'colcon_meta'
[0.848s] [34mcolcon.colcon_core.package_identification[0m [1;30mLevel 1[0m _identify(src) by extensions ['ros']
[0.848s] [34mcolcon.colcon_core.package_identification[0m [1;30mLevel 1[0m _identify(src) by extension 'ros'
[0.850s] [34mcolcon.colcon_core.package_identification[0m [1;30mLevel 1[0m _identify(src) by extensions ['cmake', 'python']
[0.850s] [34mcolcon.colcon_core.package_identification[0m [1;30mLevel 1[0m _identify(src) by extension 'cmake'
[0.851s] [34mcolcon.colcon_core.package_identification[0m [1;30mLevel 1[0m _identify(src) by extension 'python'
[0.851s] [34mcolcon.colcon_core.package_identification[0m [1;30mLevel 1[0m _identify(src) by extensions ['python_setup_py']
[0.851s] [34mcolcon.colcon_core.package_identification[0m [1;30mLevel 1[0m _identify(src) by extension 'python_setup_py'
[0.853s] [34mcolcon.colcon_core.package_identification[0m [1;30mLevel 1[0m _identify(src\build) by extensions ['ignore', 'ignore_ament_install']
[0.853s] [34mcolcon.colcon_core.package_identification[0m [1;30mLevel 1[0m _identify(src\build) by extension 'ignore'
[0.853s] [34mcolcon.colcon_core.package_identification[0m [1;30mLevel 1[0m _identify(src\build) ignored
[0.854s] [34mcolcon.colcon_core.package_identification[0m [1;30mLevel 1[0m _identify(src\cpp_pkg) by extensions ['ignore', 'ignore_ament_install']
[0.854s] [34mcolcon.colcon_core.package_identification[0m [1;30mLevel 1[0m _identify(src\cpp_pkg) by extension 'ignore'
[0.854s] [34mcolcon.colcon_core.package_identification[0m [1;30mLevel 1[0m _identify(src\cpp_pkg) by extension 'ignore_ament_install'
[0.855s] [34mcolcon.colcon_core.package_identification[0m [1;30mLevel 1[0m _identify(src\cpp_pkg) by extensions ['colcon_pkg']
[0.855s] [34mcolcon.colcon_core.package_identification[0m [1;30mLevel 1[0m _identify(src\cpp_pkg) by extension 'colcon_pkg'
[0.855s] [34mcolcon.colcon_core.package_identification[0m [1;30mLevel 1[0m _identify(src\cpp_pkg) by extensions ['colcon_meta']
[0.855s] [34mcolcon.colcon_core.package_identification[0m [1;30mLevel 1[0m _identify(src\cpp_pkg) by extension 'colcon_meta'
[0.856s] [34mcolcon.colcon_core.package_identification[0m [1;30mLevel 1[0m _identify(src\cpp_pkg) by extensions ['ros']
[0.856s] [34mcolcon.colcon_core.package_identification[0m [1;30mLevel 1[0m _identify(src\cpp_pkg) by extension 'ros'
[0.863s] [34mcolcon.colcon_core.package_identification[0m [1;30mDEBUG[0m [32mPackage 'src\cpp_pkg' with type 'ros.ament_cmake' and name 'cpp_pkg'[0m
[0.864s] [34mcolcon.colcon_core.package_identification[0m [1;30mLevel 1[0m _identify(src\install) by extensions ['ignore', 'ignore_ament_install']
[0.864s] [34mcolcon.colcon_core.package_identification[0m [1;30mLevel 1[0m _identify(src\install) by extension 'ignore'
[0.864s] [34mcolcon.colcon_core.package_identification[0m [1;30mLevel 1[0m _identify(src\install) ignored
[0.865s] [34mcolcon.colcon_core.package_identification[0m [1;30mLevel 1[0m _identify(src\log) by extensions ['ignore', 'ignore_ament_install']
[0.865s] [34mcolcon.colcon_core.package_identification[0m [1;30mLevel 1[0m _identify(src\log) by extension 'ignore'
[0.866s] [34mcolcon.colcon_core.package_identification[0m [1;30mLevel 1[0m _identify(src\log) ignored
[0.868s] [34mcolcon.colcon_core.package_identification[0m [1;30mLevel 1[0m _identify(src\py_pkg) by extensions ['ignore', 'ignore_ament_install']
[0.868s] [34mcolcon.colcon_core.package_identification[0m [1;30mLevel 1[0m _identify(src\py_pkg) by extension 'ignore'
[0.868s] [34mcolcon.colcon_core.package_identification[0m [1;30mLevel 1[0m _identify(src\py_pkg) by extension 'ignore_ament_install'
[0.869s] [34mcolcon.colcon_core.package_identification[0m [1;30mLevel 1[0m _identify(src\py_pkg) by extensions ['colcon_pkg']
[0.869s] [34mcolcon.colcon_core.package_identification[0m [1;30mLevel 1[0m _identify(src\py_pkg) by extension 'colcon_pkg'
[0.869s] [34mcolcon.colcon_core.package_identification[0m [1;30mLevel 1[0m _identify(src\py_pkg) by extensions ['colcon_meta']
[0.869s] [34mcolcon.colcon_core.package_identification[0m [1;30mLevel 1[0m _identify(src\py_pkg) by extension 'colcon_meta'
[0.870s] [34mcolcon.colcon_core.package_identification[0m [1;30mLevel 1[0m _identify(src\py_pkg) by extensions ['ros']
[0.870s] [34mcolcon.colcon_core.package_identification[0m [1;30mLevel 1[0m _identify(src\py_pkg) by extension 'ros'
[0.872s] [34mcolcon.colcon_core.package_identification[0m [1;30mDEBUG[0m [32mPackage 'src\py_pkg' with type 'ros.ament_python' and name 'py_pkg'[0m
[0.872s] [34mcolcon.colcon_core.package_discovery[0m [1;30mLevel 1[0m discover_packages(recursive) using defaults
[0.872s] [34mcolcon.colcon_core.package_discovery[0m [1;30mLevel 1[0m discover_packages(ignore) discover
[0.872s] [34mcolcon.colcon_core.package_discovery[0m [1;30mLevel 1[0m discover_packages(ignore) using defaults
[0.872s] [34mcolcon.colcon_core.package_discovery[0m [1;30mLevel 1[0m discover_packages(path) discover
[0.872s] [34mcolcon.colcon_core.package_discovery[0m [1;30mLevel 1[0m discover_packages(path) using defaults
[0.908s] [34mcolcon.colcon_core.verb[0m [1;30mLevel 5[0m set package 'cpp_pkg' build argument 'cmake_args' from command line to 'None'
[0.908s] [34mcolcon.colcon_core.verb[0m [1;30mLevel 5[0m set package 'cpp_pkg' build argument 'cmake_target' from command line to 'None'
[0.908s] [34mcolcon.colcon_core.verb[0m [1;30mLevel 5[0m set package 'cpp_pkg' build argument 'cmake_target_skip_unavailable' from command line to 'False'
[0.908s] [34mcolcon.colcon_core.verb[0m [1;30mLevel 5[0m set package 'cpp_pkg' build argument 'cmake_clean_cache' from command line to 'False'
[0.908s] [34mcolcon.colcon_core.verb[0m [1;30mLevel 5[0m set package 'cpp_pkg' build argument 'cmake_clean_first' from command line to 'False'
[0.908s] [34mcolcon.colcon_core.verb[0m [1;30mLevel 5[0m set package 'cpp_pkg' build argument 'cmake_force_configure' from command line to 'False'
[0.908s] [34mcolcon.colcon_core.verb[0m [1;30mLevel 5[0m set package 'cpp_pkg' build argument 'ament_cmake_args' from command line to 'None'
[0.908s] [34mcolcon.colcon_core.verb[0m [1;30mLevel 5[0m set package 'cpp_pkg' build argument 'catkin_cmake_args' from command line to 'None'
[0.908s] [34mcolcon.colcon_core.verb[0m [1;30mLevel 5[0m set package 'cpp_pkg' build argument 'catkin_skip_building_tests' from command line to 'False'
[0.908s] [34mcolcon.colcon_core.verb[0m [1;30mDEBUG[0m [32mBuilding package 'cpp_pkg' with the following arguments: {'ament_cmake_args': None, 'build_base': 'D:\\Shared Folders\\Uni\\courses\\Arm stm\\Graduation Project\\Autonomous Robotic System\\AutonomousRoboticApplication\\raspberry_pi\\src\\ros2_ws\\build\\cpp_pkg', 'catkin_cmake_args': None, 'catkin_skip_building_tests': False, 'cmake_args': None, 'cmake_clean_cache': False, 'cmake_clean_first': False, 'cmake_force_configure': False, 'cmake_target': None, 'cmake_target_skip_unavailable': False, 'install_base': 'D:\\Shared Folders\\Uni\\courses\\Arm stm\\Graduation Project\\Autonomous Robotic System\\AutonomousRoboticApplication\\raspberry_pi\\src\\ros2_ws\\install\\cpp_pkg', 'merge_install': False, 'path': 'D:\\Shared Folders\\Uni\\courses\\Arm stm\\Graduation Project\\Autonomous Robotic System\\AutonomousRoboticApplication\\raspberry_pi\\src\\ros2_ws\\src\\cpp_pkg', 'symlink_install': False, 'test_result_base': None}[0m
[0.909s] [34mcolcon.colcon_core.verb[0m [1;30mLevel 5[0m set package 'py_pkg' build argument 'cmake_args' from command line to 'None'
[0.909s] [34mcolcon.colcon_core.verb[0m [1;30mLevel 5[0m set package 'py_pkg' build argument 'cmake_target' from command line to 'None'
[0.909s] [34mcolcon.colcon_core.verb[0m [1;30mLevel 5[0m set package 'py_pkg' build argument 'cmake_target_skip_unavailable' from command line to 'False'
[0.909s] [34mcolcon.colcon_core.verb[0m [1;30mLevel 5[0m set package 'py_pkg' build argument 'cmake_clean_cache' from command line to 'False'
[0.909s] [34mcolcon.colcon_core.verb[0m [1;30mLevel 5[0m set package 'py_pkg' build argument 'cmake_clean_first' from command line to 'False'
[0.909s] [34mcolcon.colcon_core.verb[0m [1;30mLevel 5[0m set package 'py_pkg' build argument 'cmake_force_configure' from command line to 'False'
[0.909s] [34mcolcon.colcon_core.verb[0m [1;30mLevel 5[0m set package 'py_pkg' build argument 'ament_cmake_args' from command line to 'None'
[0.909s] [34mcolcon.colcon_core.verb[0m [1;30mLevel 5[0m set package 'py_pkg' build argument 'catkin_cmake_args' from command line to 'None'
[0.909s] [34mcolcon.colcon_core.verb[0m [1;30mLevel 5[0m set package 'py_pkg' build argument 'catkin_skip_building_tests' from command line to 'False'
[0.909s] [34mcolcon.colcon_core.verb[0m [1;30mDEBUG[0m [32mBuilding package 'py_pkg' with the following arguments: {'ament_cmake_args': None, 'build_base': 'D:\\Shared Folders\\Uni\\courses\\Arm stm\\Graduation Project\\Autonomous Robotic System\\AutonomousRoboticApplication\\raspberry_pi\\src\\ros2_ws\\build\\py_pkg', 'catkin_cmake_args': None, 'catkin_skip_building_tests': False, 'cmake_args': None, 'cmake_clean_cache': False, 'cmake_clean_first': False, 'cmake_force_configure': False, 'cmake_target': None, 'cmake_target_skip_unavailable': False, 'install_base': 'D:\\Shared Folders\\Uni\\courses\\Arm stm\\Graduation Project\\Autonomous Robotic System\\AutonomousRoboticApplication\\raspberry_pi\\src\\ros2_ws\\install\\py_pkg', 'merge_install': False, 'path': 'D:\\Shared Folders\\Uni\\courses\\Arm stm\\Graduation Project\\Autonomous Robotic System\\AutonomousRoboticApplication\\raspberry_pi\\src\\ros2_ws\\src\\py_pkg', 'symlink_install': False, 'test_result_base': None}[0m
[0.910s] [34mcolcon.colcon_core.executor[0m [1;30mINFO[0m Executing jobs using 'parallel' executor
[0.913s] [34mcolcon.colcon_parallel_executor.executor.parallel[0m [1;30mDEBUG[0m [32mrun_until_complete[0m
[0.913s] [34mcolcon.colcon_ros.task.ament_cmake.build[0m [1;30mINFO[0m Building ROS package in 'D:\Shared Folders\Uni\courses\Arm stm\Graduation Project\Autonomous Robotic System\AutonomousRoboticApplication\raspberry_pi\src\ros2_ws\src\cpp_pkg' with build type 'ament_cmake'
[0.913s] [34mcolcon.colcon_cmake.task.cmake.build[0m [1;30mINFO[0m Building CMake package in 'D:\Shared Folders\Uni\courses\Arm stm\Graduation Project\Autonomous Robotic System\AutonomousRoboticApplication\raspberry_pi\src\ros2_ws\src\cpp_pkg'
[0.915s] [34mcolcon.colcon_core.plugin_system[0m [1;30mINFO[0m Skipping extension 'colcon_core.shell.sh': Not used on Windows systems
[0.916s] [34mcolcon.colcon_core.shell[0m [1;30mINFO[0m Skip shell extension 'powershell' for command environment: Not usable outside of PowerShell
[1.180s] [34mcolcon.colcon_ros.task.ament_python.build[0m [1;30mINFO[0m Building ROS package in 'D:\Shared Folders\Uni\courses\Arm stm\Graduation Project\Autonomous Robotic System\AutonomousRoboticApplication\raspberry_pi\src\ros2_ws\src\py_pkg' with build type 'ament_python'
[1.180s] [34mcolcon.colcon_core.shell[0m [1;30mLevel 1[0m create_environment_hook('py_pkg', 'ament_prefix_path')
[1.180s] [34mcolcon.colcon_core.shell[0m [1;30mINFO[0m Creating environment hook 'D:\Shared Folders\Uni\courses\Arm stm\Graduation Project\Autonomous Robotic System\AutonomousRoboticApplication\raspberry_pi\src\ros2_ws\install\py_pkg\share\py_pkg\hook\ament_prefix_path.ps1'
[1.183s] [34mcolcon.colcon_core.shell[0m [1;30mINFO[0m Creating environment hook 'D:\Shared Folders\Uni\courses\Arm stm\Graduation Project\Autonomous Robotic System\AutonomousRoboticApplication\raspberry_pi\src\ros2_ws\install\py_pkg\share\py_pkg\hook\ament_prefix_path.bat'
[1.186s] [34mcolcon.colcon_core.shell[0m [1;30mINFO[0m Creating environment descriptor 'D:\Shared Folders\Uni\courses\Arm stm\Graduation Project\Autonomous Robotic System\AutonomousRoboticApplication\raspberry_pi\src\ros2_ws\install\py_pkg\share\py_pkg\hook\ament_prefix_path.dsv'
[1.189s] [34mcolcon.colcon_core.shell[0m [1;30mINFO[0m Skip shell extension 'powershell' for command environment: Not usable outside of PowerShell
[1.494s] [34mcolcon.colcon_parallel_executor.executor.parallel[0m [1;30mDEBUG[0m [32mclosing loop[0m
[1.495s] [34mcolcon.colcon_parallel_executor.executor.parallel[0m [1;30mDEBUG[0m [32mloop closed[0m
[1.495s] [34mcolcon.colcon_parallel_executor.executor.parallel[0m [1;30mDEBUG[0m [32mrun_until_complete finished with 'VisualStudioVersion is not set, please run within a Visual Studio Command Prompt.'[0m
[1.495s] [34mcolcon.colcon_core.event_reactor[0m [1;30mDEBUG[0m [32mjoining thread[0m
[1.500s] [34mcolcon.colcon_core.plugin_system[0m [1;30mINFO[0m Skipping extension 'colcon_notification.desktop_notification.notify2': 'notify2' not found
[1.500s] [34mcolcon.colcon_core.plugin_system[0m [1;30mINFO[0m Skipping extension 'colcon_notification.desktop_notification.notify_send': Not used on non-Linux systems
[1.500s] [34mcolcon.colcon_core.plugin_system[0m [1;30mINFO[0m Skipping extension 'colcon_notification.desktop_notification.terminal_notifier': Not used on non-Darwin systems
[1.500s] [34mcolcon.colcon_notification.desktop_notification[0m [1;30mINFO[0m Sending desktop notification using 'win32'
[6.552s] [34mcolcon.colcon_core.event_reactor[0m [1;30mDEBUG[0m [32mjoined thread[0m
[6.553s] [34mcolcon.colcon_core.shell[0m [1;30mINFO[0m Creating prefix script 'D:\Shared Folders\Uni\courses\Arm stm\Graduation Project\Autonomous Robotic System\AutonomousRoboticApplication\raspberry_pi\src\ros2_ws\install\local_setup.ps1'
[6.556s] [34mcolcon.colcon_core.shell[0m [1;30mINFO[0m Creating prefix util module 'D:\Shared Folders\Uni\courses\Arm stm\Graduation Project\Autonomous Robotic System\AutonomousRoboticApplication\raspberry_pi\src\ros2_ws\install\_local_setup_util_ps1.py'
[6.560s] [34mcolcon.colcon_core.shell[0m [1;30mINFO[0m Creating prefix chain script 'D:\Shared Folders\Uni\courses\Arm stm\Graduation Project\Autonomous Robotic System\AutonomousRoboticApplication\raspberry_pi\src\ros2_ws\install\setup.ps1'
[6.563s] [34mcolcon.colcon_core.shell[0m [1;30mINFO[0m Creating prefix script 'D:\Shared Folders\Uni\courses\Arm stm\Graduation Project\Autonomous Robotic System\AutonomousRoboticApplication\raspberry_pi\src\ros2_ws\install\local_setup.bat'
[6.565s] [34mcolcon.colcon_core.shell[0m [1;30mINFO[0m Creating prefix util module 'D:\Shared Folders\Uni\courses\Arm stm\Graduation Project\Autonomous Robotic System\AutonomousRoboticApplication\raspberry_pi\src\ros2_ws\install\_local_setup_util_bat.py'
[6.568s] [34mcolcon.colcon_core.shell[0m [1;30mINFO[0m Creating prefix chain script 'D:\Shared Folders\Uni\courses\Arm stm\Graduation Project\Autonomous Robotic System\AutonomousRoboticApplication\raspberry_pi\src\ros2_ws\install\setup.bat'
