[0.029s] Invoking command in '/home/aliadel/Documents/Autonomous-Robotic-System/AutonomousRoboticApplication/raspberry_pi/ros2_ws/build/cpp_pkg': CMAKE_PREFIX_PATH=${CMAKE_PREFIX_PATH}:/home/aliadel/Documents/Autonomous-Robotic-System/AutonomousRoboticApplication/raspberry_pi/ros2_ws/install/py_pkg:/home/aliadel/ros2_ws/install/my_py_pkg:/opt/ros/humble /usr/bin/cmake --build /home/aliadel/Documents/Autonomous-Robotic-System/AutonomousRoboticApplication/raspberry_pi/ros2_ws/build/cpp_pkg -- -j8 -l8
[0.165s] [ 50%] [32mBuilding CXX object CMakeFiles/cpp_node.dir/src/LiDAR.cpp.o[0m
[4.922s] [100%] [32m[1mLinking CXX executable cpp_node[0m
[5.151s] [100%] Built target cpp_node
[5.180s] Invoked command in '/home/aliadel/Documents/Autonomous-Robotic-System/AutonomousRoboticApplication/raspberry_pi/ros2_ws/build/cpp_pkg' returned '0': CMAKE_PREFIX_PATH=${CMAKE_PREFIX_PATH}:/home/aliadel/Documents/Autonomous-Robotic-System/AutonomousRoboticApplication/raspberry_pi/ros2_ws/install/py_pkg:/home/aliadel/ros2_ws/install/my_py_pkg:/opt/ros/humble /usr/bin/cmake --build /home/aliadel/Documents/Autonomous-Robotic-System/AutonomousRoboticApplication/raspberry_pi/ros2_ws/build/cpp_pkg -- -j8 -l8
[5.268s] Invoking command in '/home/aliadel/Documents/Autonomous-Robotic-System/AutonomousRoboticApplication/raspberry_pi/ros2_ws/build/cpp_pkg': CMAKE_PREFIX_PATH=${CMAKE_PREFIX_PATH}:/home/aliadel/Documents/Autonomous-Robotic-System/AutonomousRoboticApplication/raspberry_pi/ros2_ws/install/py_pkg:/home/aliadel/ros2_ws/install/my_py_pkg:/opt/ros/humble /usr/bin/cmake --install /home/aliadel/Documents/Autonomous-Robotic-System/AutonomousRoboticApplication/raspberry_pi/ros2_ws/build/cpp_pkg
[5.282s] -- Install configuration: ""
[5.282s] -- Execute custom install script
[5.283s] -- Up-to-date symlink: /home/aliadel/Documents/Autonomous-Robotic-System/AutonomousRoboticApplication/raspberry_pi/ros2_ws/install/cpp_pkg/lib/cpp_pkg/cpp_node
[5.283s] -- Up-to-date symlink: /home/aliadel/Documents/Autonomous-Robotic-System/AutonomousRoboticApplication/raspberry_pi/ros2_ws/install/cpp_pkg/share/ament_index/resource_index/package_run_dependencies/cpp_pkg
[5.284s] -- Up-to-date symlink: /home/aliadel/Documents/Autonomous-Robotic-System/AutonomousRoboticApplication/raspberry_pi/ros2_ws/install/cpp_pkg/share/ament_index/resource_index/parent_prefix_path/cpp_pkg
[5.284s] -- Up-to-date symlink: /home/aliadel/Documents/Autonomous-Robotic-System/AutonomousRoboticApplication/raspberry_pi/ros2_ws/install/cpp_pkg/share/cpp_pkg/environment/ament_prefix_path.sh
[5.284s] -- Up-to-date symlink: /home/aliadel/Documents/Autonomous-Robotic-System/AutonomousRoboticApplication/raspberry_pi/ros2_ws/install/cpp_pkg/share/cpp_pkg/environment/ament_prefix_path.dsv
[5.285s] -- Up-to-date symlink: /home/aliadel/Documents/Autonomous-Robotic-System/AutonomousRoboticApplication/raspberry_pi/ros2_ws/install/cpp_pkg/share/cpp_pkg/environment/path.sh
[5.285s] -- Up-to-date symlink: /home/aliadel/Documents/Autonomous-Robotic-System/AutonomousRoboticApplication/raspberry_pi/ros2_ws/install/cpp_pkg/share/cpp_pkg/environment/path.dsv
[5.285s] -- Up-to-date symlink: /home/aliadel/Documents/Autonomous-Robotic-System/AutonomousRoboticApplication/raspberry_pi/ros2_ws/install/cpp_pkg/share/cpp_pkg/local_setup.bash
[5.286s] -- Up-to-date symlink: /home/aliadel/Documents/Autonomous-Robotic-System/AutonomousRoboticApplication/raspberry_pi/ros2_ws/install/cpp_pkg/share/cpp_pkg/local_setup.sh
[5.286s] -- Up-to-date symlink: /home/aliadel/Documents/Autonomous-Robotic-System/AutonomousRoboticApplication/raspberry_pi/ros2_ws/install/cpp_pkg/share/cpp_pkg/local_setup.zsh
[5.287s] -- Up-to-date symlink: /home/aliadel/Documents/Autonomous-Robotic-System/AutonomousRoboticApplication/raspberry_pi/ros2_ws/install/cpp_pkg/share/cpp_pkg/local_setup.dsv
[5.287s] -- Symlinking: /home/aliadel/Documents/Autonomous-Robotic-System/AutonomousRoboticApplication/raspberry_pi/ros2_ws/install/cpp_pkg/share/cpp_pkg/package.dsv
[5.306s] -- Up-to-date symlink: /home/aliadel/Documents/Autonomous-Robotic-System/AutonomousRoboticApplication/raspberry_pi/ros2_ws/install/cpp_pkg/share/ament_index/resource_index/packages/cpp_pkg
[5.307s] -- Up-to-date symlink: /home/aliadel/Documents/Autonomous-Robotic-System/AutonomousRoboticApplication/raspberry_pi/ros2_ws/install/cpp_pkg/share/cpp_pkg/cmake/cpp_pkgConfig.cmake
[5.307s] -- Up-to-date symlink: /home/aliadel/Documents/Autonomous-Robotic-System/AutonomousRoboticApplication/raspberry_pi/ros2_ws/install/cpp_pkg/share/cpp_pkg/cmake/cpp_pkgConfig-version.cmake
[5.307s] -- Up-to-date symlink: /home/aliadel/Documents/Autonomous-Robotic-System/AutonomousRoboticApplication/raspberry_pi/ros2_ws/install/cpp_pkg/share/cpp_pkg/package.xml
[5.313s] Invoked command in '/home/aliadel/Documents/Autonomous-Robotic-System/AutonomousRoboticApplication/raspberry_pi/ros2_ws/build/cpp_pkg' returned '0': CMAKE_PREFIX_PATH=${CMAKE_PREFIX_PATH}:/home/aliadel/Documents/Autonomous-Robotic-System/AutonomousRoboticApplication/raspberry_pi/ros2_ws/install/py_pkg:/home/aliadel/ros2_ws/install/my_py_pkg:/opt/ros/humble /usr/bin/cmake --install /home/aliadel/Documents/Autonomous-Robotic-System/AutonomousRoboticApplication/raspberry_pi/ros2_ws/build/cpp_pkg
