[0.057s] Invoking command in '/home/aliadel/Documents/Autonomous-Robotic-System/build/cpp_pkg': CMAKE_PREFIX_PATH=${CMAKE_PREFIX_PATH}:/home/aliadel/Documents/Autonomous-Robotic-System/AutonomousRoboticApplication/raspberry_pi/src/ros2_ws/install/py_pkg:/home/aliadel/ros2_ws/install/my_py_pkg:/opt/ros/humble /usr/bin/cmake --build /home/aliadel/Documents/Autonomous-Robotic-System/build/cpp_pkg -- -j2 -l2
[0.172s] -- Found ament_cmake: 1.3.10 (/opt/ros/humble/share/ament_cmake/cmake)
[0.626s] -- Found rclcpp: 16.0.10 (/opt/ros/humble/share/rclcpp/cmake)
[0.744s] -- Found rosidl_generator_c: 3.1.5 (/opt/ros/humble/share/rosidl_generator_c/cmake)
[0.750s] -- Found rosidl_adapter: 3.1.5 (/opt/ros/humble/share/rosidl_adapter/cmake)
[0.770s] -- Found rosidl_generator_cpp: 3.1.5 (/opt/ros/humble/share/rosidl_generator_cpp/cmake)
[0.830s] -- Using all available rosidl_typesupport_c: rosidl_typesupport_fastrtps_c;rosidl_typesupport_introspection_c
[0.888s] -- Using all available rosidl_typesupport_cpp: rosidl_typesupport_fastrtps_cpp;rosidl_typesupport_introspection_cpp
[0.979s] -- Found rmw_implementation_cmake: 6.1.2 (/opt/ros/humble/share/rmw_implementation_cmake/cmake)
[0.983s] -- Found rmw_fastrtps_cpp: 6.2.7 (/opt/ros/humble/share/rmw_fastrtps_cpp/cmake)
[1.171s] -- Using RMW implementation 'rmw_fastrtps_cpp' as default
[1.357s] -- Configuring done
[1.392s] -- Generating done
[1.401s] -- Build files have been written to: /home/aliadel/Documents/Autonomous-Robotic-System/build/cpp_pkg
[1.493s] [35m[1mConsolidate compiler generated dependencies of target cpp_node[0m
[1.539s] [ 50%] [32mBuilding CXX object CMakeFiles/cpp_node.dir/src/LiDAR.cpp.o[0m
[5.939s] [100%] [32m[1mLinking CXX executable cpp_node[0m
[6.167s] [100%] Built target cpp_node
[6.197s] Invoked command in '/home/aliadel/Documents/Autonomous-Robotic-System/build/cpp_pkg' returned '0': CMAKE_PREFIX_PATH=${CMAKE_PREFIX_PATH}:/home/aliadel/Documents/Autonomous-Robotic-System/AutonomousRoboticApplication/raspberry_pi/src/ros2_ws/install/py_pkg:/home/aliadel/ros2_ws/install/my_py_pkg:/opt/ros/humble /usr/bin/cmake --build /home/aliadel/Documents/Autonomous-Robotic-System/build/cpp_pkg -- -j2 -l2
[6.303s] Invoking command in '/home/aliadel/Documents/Autonomous-Robotic-System/build/cpp_pkg': CMAKE_PREFIX_PATH=${CMAKE_PREFIX_PATH}:/home/aliadel/Documents/Autonomous-Robotic-System/AutonomousRoboticApplication/raspberry_pi/src/ros2_ws/install/py_pkg:/home/aliadel/ros2_ws/install/my_py_pkg:/opt/ros/humble /usr/bin/cmake --install /home/aliadel/Documents/Autonomous-Robotic-System/build/cpp_pkg
[6.328s] -- Install configuration: ""
[6.329s] -- Installing: /home/aliadel/Documents/Autonomous-Robotic-System/install/cpp_pkg/lib/cpp_pkg/cpp_node
[6.331s] -- Set runtime path of "/home/aliadel/Documents/Autonomous-Robotic-System/install/cpp_pkg/lib/cpp_pkg/cpp_node" to ""
[6.331s] -- Up-to-date: /home/aliadel/Documents/Autonomous-Robotic-System/install/cpp_pkg/share/ament_index/resource_index/package_run_dependencies/cpp_pkg
[6.332s] -- Up-to-date: /home/aliadel/Documents/Autonomous-Robotic-System/install/cpp_pkg/share/ament_index/resource_index/parent_prefix_path/cpp_pkg
[6.332s] -- Up-to-date: /home/aliadel/Documents/Autonomous-Robotic-System/install/cpp_pkg/share/cpp_pkg/environment/ament_prefix_path.sh
[6.333s] -- Installing: /home/aliadel/Documents/Autonomous-Robotic-System/install/cpp_pkg/share/cpp_pkg/environment/ament_prefix_path.dsv
[6.335s] -- Up-to-date: /home/aliadel/Documents/Autonomous-Robotic-System/install/cpp_pkg/share/cpp_pkg/environment/path.sh
[6.336s] -- Installing: /home/aliadel/Documents/Autonomous-Robotic-System/install/cpp_pkg/share/cpp_pkg/environment/path.dsv
[6.336s] -- Up-to-date: /home/aliadel/Documents/Autonomous-Robotic-System/install/cpp_pkg/share/cpp_pkg/local_setup.bash
[6.336s] -- Up-to-date: /home/aliadel/Documents/Autonomous-Robotic-System/install/cpp_pkg/share/cpp_pkg/local_setup.sh
[6.336s] -- Up-to-date: /home/aliadel/Documents/Autonomous-Robotic-System/install/cpp_pkg/share/cpp_pkg/local_setup.zsh
[6.336s] -- Installing: /home/aliadel/Documents/Autonomous-Robotic-System/install/cpp_pkg/share/cpp_pkg/local_setup.dsv
[6.336s] -- Installing: /home/aliadel/Documents/Autonomous-Robotic-System/install/cpp_pkg/share/cpp_pkg/package.dsv
[6.337s] -- Up-to-date: /home/aliadel/Documents/Autonomous-Robotic-System/install/cpp_pkg/share/ament_index/resource_index/packages/cpp_pkg
[6.338s] -- Up-to-date: /home/aliadel/Documents/Autonomous-Robotic-System/install/cpp_pkg/share/cpp_pkg/cmake/cpp_pkgConfig.cmake
[6.338s] -- Up-to-date: /home/aliadel/Documents/Autonomous-Robotic-System/install/cpp_pkg/share/cpp_pkg/cmake/cpp_pkgConfig-version.cmake
[6.339s] -- Up-to-date: /home/aliadel/Documents/Autonomous-Robotic-System/install/cpp_pkg/share/cpp_pkg/package.xml
[6.345s] Invoked command in '/home/aliadel/Documents/Autonomous-Robotic-System/build/cpp_pkg' returned '0': CMAKE_PREFIX_PATH=${CMAKE_PREFIX_PATH}:/home/aliadel/Documents/Autonomous-Robotic-System/AutonomousRoboticApplication/raspberry_pi/src/ros2_ws/install/py_pkg:/home/aliadel/ros2_ws/install/my_py_pkg:/opt/ros/humble /usr/bin/cmake --install /home/aliadel/Documents/Autonomous-Robotic-System/build/cpp_pkg
