[2.067s] Invoking command in '/home/aliadel/Documents/Autonomous-Robotic-System/AutonomousRoboticApplication/raspberry_pi/src/ros2_ws/src/py_pkg': PYTHONPATH=/home/aliadel/Documents/Autonomous-Robotic-System/build/py_pkg/prefix_override:/usr/lib/python3/dist-packages/colcon_core/task/python/colcon_distutils_commands:/home/aliadel/Documents/Autonomous-Robotic-System/install/py_pkg/lib/python3.10/site-packages:${PYTHONPATH} /usr/bin/python3 -W ignore:setup.py install is deprecated setup.py egg_info --egg-base ../../../../../../build/py_pkg build --build-base /home/aliadel/Documents/Autonomous-Robotic-System/build/py_pkg/build install --record /home/aliadel/Documents/Autonomous-Robotic-System/build/py_pkg/install.log --single-version-externally-managed install_data
[2.833s] running egg_info
[2.835s] writing ../../../../../../build/py_pkg/py_pkg.egg-info/PKG-INFO
[2.835s] writing dependency_links to ../../../../../../build/py_pkg/py_pkg.egg-info/dependency_links.txt
[2.836s] writing entry points to ../../../../../../build/py_pkg/py_pkg.egg-info/entry_points.txt
[2.837s] writing requirements to ../../../../../../build/py_pkg/py_pkg.egg-info/requires.txt
[2.838s] writing top-level names to ../../../../../../build/py_pkg/py_pkg.egg-info/top_level.txt
[2.843s] reading manifest file '../../../../../../build/py_pkg/py_pkg.egg-info/SOURCES.txt'
[2.850s] writing manifest file '../../../../../../build/py_pkg/py_pkg.egg-info/SOURCES.txt'
[2.850s] running build
[2.850s] running build_py
[2.855s] running install
[2.855s] running install_lib
[2.860s] running install_data
[2.860s] running install_egg_info
[2.865s] removing '/home/aliadel/Documents/Autonomous-Robotic-System/install/py_pkg/lib/python3.10/site-packages/py_pkg-0.0.0-py3.10.egg-info' (and everything under it)
[2.867s] Copying ../../../../../../build/py_pkg/py_pkg.egg-info to /home/aliadel/Documents/Autonomous-Robotic-System/install/py_pkg/lib/python3.10/site-packages/py_pkg-0.0.0-py3.10.egg-info
[2.870s] running install_scripts
[2.941s] Installing py_LiDAR script to /home/aliadel/Documents/Autonomous-Robotic-System/install/py_pkg/lib/py_pkg
[2.943s] Installing py_station script to /home/aliadel/Documents/Autonomous-Robotic-System/install/py_pkg/lib/py_pkg
[2.944s] writing list of installed files to '/home/aliadel/Documents/Autonomous-Robotic-System/build/py_pkg/install.log'
[3.035s] Invoked command in '/home/aliadel/Documents/Autonomous-Robotic-System/AutonomousRoboticApplication/raspberry_pi/src/ros2_ws/src/py_pkg' returned '0': PYTHONPATH=/home/aliadel/Documents/Autonomous-Robotic-System/build/py_pkg/prefix_override:/usr/lib/python3/dist-packages/colcon_core/task/python/colcon_distutils_commands:/home/aliadel/Documents/Autonomous-Robotic-System/install/py_pkg/lib/python3.10/site-packages:${PYTHONPATH} /usr/bin/python3 -W ignore:setup.py install is deprecated setup.py egg_info --egg-base ../../../../../../build/py_pkg build --build-base /home/aliadel/Documents/Autonomous-Robotic-System/build/py_pkg/build install --record /home/aliadel/Documents/Autonomous-Robotic-System/build/py_pkg/install.log --single-version-externally-managed install_data
