[0.033s] Invoking command in '/home/aliadel/Documents/Autonomous-Robotic-System/AutonomousRoboticApplication/raspberry_pi/ros2_ws/build/cpp_pkg': CMAKE_PREFIX_PATH=${CMAKE_PREFIX_PATH}:/home/aliadel/Documents/Autonomous-Robotic-System/AutonomousRoboticApplication/raspberry_pi/ros2_ws/install/py_pkg:/home/aliadel/ros2_ws/install/my_py_pkg:/opt/ros/humble /usr/bin/cmake /home/aliadel/Documents/Autonomous-Robotic-System/AutonomousRoboticApplication/raspberry_pi/ros2_ws/src/cpp_pkg -DCMAKE_INSTALL_PREFIX=/home/aliadel/Documents/Autonomous-Robotic-System/AutonomousRoboticApplication/raspberry_pi/ros2_ws/install/cpp_pkg
[2.237s] -- The C compiler identification is GNU 11.4.0
[2.832s] -- The CXX compiler identification is GNU 11.4.0
[3.155s] -- Detecting C compiler ABI info
[3.589s] -- Detecting C compiler ABI info - done
[3.599s] -- Check for working C compiler: /usr/bin/cc - skipped
[3.599s] -- Detecting C compile features
[3.615s] -- Detecting C compile features - done
[3.626s] -- Detecting CXX compiler ABI info
[3.820s] -- Detecting CXX compiler ABI info - done
[3.827s] -- Check for working CXX compiler: /usr/bin/c++ - skipped
[3.828s] -- Detecting CXX compile features
[3.828s] -- Detecting CXX compile features - done
[3.940s] -- Found ament_cmake: 1.3.10 (/opt/ros/humble/share/ament_cmake/cmake)
[4.291s] -- Found Python3: /usr/bin/python3 (found version "3.10.12") found components: Interpreter 
[4.613s] -- Found rclcpp: 16.0.10 (/opt/ros/humble/share/rclcpp/cmake)
[4.907s] -- Found rosidl_generator_c: 3.1.5 (/opt/ros/humble/share/rosidl_generator_c/cmake)
[4.930s] -- Found rosidl_adapter: 3.1.5 (/opt/ros/humble/share/rosidl_adapter/cmake)
[4.962s] -- Found rosidl_generator_cpp: 3.1.5 (/opt/ros/humble/share/rosidl_generator_cpp/cmake)
[5.031s] -- Using all available rosidl_typesupport_c: rosidl_typesupport_fastrtps_c;rosidl_typesupport_introspection_c
[5.092s] -- Using all available rosidl_typesupport_cpp: rosidl_typesupport_fastrtps_cpp;rosidl_typesupport_introspection_cpp
[5.240s] -- Found rmw_implementation_cmake: 6.1.2 (/opt/ros/humble/share/rmw_implementation_cmake/cmake)
[5.258s] -- Found rmw_fastrtps_cpp: 6.2.7 (/opt/ros/humble/share/rmw_fastrtps_cpp/cmake)
[5.780s] -- Found OpenSSL: /usr/lib/x86_64-linux-gnu/libcrypto.so (found version "3.0.2")  
[5.849s] -- Found FastRTPS: /opt/ros/humble/include  
[5.921s] -- Using RMW implementation 'rmw_fastrtps_cpp' as default
[6.043s] -- Looking for pthread.h
[6.285s] -- Looking for pthread.h - found
[6.286s] -- Performing Test CMAKE_HAVE_LIBC_PTHREAD
[6.479s] -- Performing Test CMAKE_HAVE_LIBC_PTHREAD - Success
[6.480s] -- Found Threads: TRUE  
[6.912s] -- Configuring done
[6.937s] -- Generating done
[6.942s] -- Build files have been written to: /home/aliadel/Documents/Autonomous-Robotic-System/AutonomousRoboticApplication/raspberry_pi/ros2_ws/build/cpp_pkg
[6.958s] Invoked command in '/home/aliadel/Documents/Autonomous-Robotic-System/AutonomousRoboticApplication/raspberry_pi/ros2_ws/build/cpp_pkg' returned '0': CMAKE_PREFIX_PATH=${CMAKE_PREFIX_PATH}:/home/aliadel/Documents/Autonomous-Robotic-System/AutonomousRoboticApplication/raspberry_pi/ros2_ws/install/py_pkg:/home/aliadel/ros2_ws/install/my_py_pkg:/opt/ros/humble /usr/bin/cmake /home/aliadel/Documents/Autonomous-Robotic-System/AutonomousRoboticApplication/raspberry_pi/ros2_ws/src/cpp_pkg -DCMAKE_INSTALL_PREFIX=/home/aliadel/Documents/Autonomous-Robotic-System/AutonomousRoboticApplication/raspberry_pi/ros2_ws/install/cpp_pkg
[6.961s] Invoking command in '/home/aliadel/Documents/Autonomous-Robotic-System/AutonomousRoboticApplication/raspberry_pi/ros2_ws/build/cpp_pkg': CMAKE_PREFIX_PATH=${CMAKE_PREFIX_PATH}:/home/aliadel/Documents/Autonomous-Robotic-System/AutonomousRoboticApplication/raspberry_pi/ros2_ws/install/py_pkg:/home/aliadel/ros2_ws/install/my_py_pkg:/opt/ros/humble /usr/bin/cmake --build /home/aliadel/Documents/Autonomous-Robotic-System/AutonomousRoboticApplication/raspberry_pi/ros2_ws/build/cpp_pkg -- -j2 -l2
[7.077s] [ 50%] [32mBuilding CXX object CMakeFiles/cpp_node.dir/src/LiDAR.cpp.o[0m
[13.465s] [100%] [32m[1mLinking CXX executable cpp_node[0m
[13.834s] [100%] Built target cpp_node
[13.859s] Invoked command in '/home/aliadel/Documents/Autonomous-Robotic-System/AutonomousRoboticApplication/raspberry_pi/ros2_ws/build/cpp_pkg' returned '0': CMAKE_PREFIX_PATH=${CMAKE_PREFIX_PATH}:/home/aliadel/Documents/Autonomous-Robotic-System/AutonomousRoboticApplication/raspberry_pi/ros2_ws/install/py_pkg:/home/aliadel/ros2_ws/install/my_py_pkg:/opt/ros/humble /usr/bin/cmake --build /home/aliadel/Documents/Autonomous-Robotic-System/AutonomousRoboticApplication/raspberry_pi/ros2_ws/build/cpp_pkg -- -j2 -l2
[13.949s] Invoking command in '/home/aliadel/Documents/Autonomous-Robotic-System/AutonomousRoboticApplication/raspberry_pi/ros2_ws/build/cpp_pkg': CMAKE_PREFIX_PATH=${CMAKE_PREFIX_PATH}:/home/aliadel/Documents/Autonomous-Robotic-System/AutonomousRoboticApplication/raspberry_pi/ros2_ws/install/py_pkg:/home/aliadel/ros2_ws/install/my_py_pkg:/opt/ros/humble /usr/bin/cmake --install /home/aliadel/Documents/Autonomous-Robotic-System/AutonomousRoboticApplication/raspberry_pi/ros2_ws/build/cpp_pkg
[13.962s] -- Install configuration: ""
[13.963s] -- Installing: /home/aliadel/Documents/Autonomous-Robotic-System/AutonomousRoboticApplication/raspberry_pi/ros2_ws/install/cpp_pkg/lib/cpp_pkg/cpp_node
[13.963s] -- Set runtime path of "/home/aliadel/Documents/Autonomous-Robotic-System/AutonomousRoboticApplication/raspberry_pi/ros2_ws/install/cpp_pkg/lib/cpp_pkg/cpp_node" to ""
[13.964s] -- Installing: /home/aliadel/Documents/Autonomous-Robotic-System/AutonomousRoboticApplication/raspberry_pi/ros2_ws/install/cpp_pkg/share/ament_index/resource_index/package_run_dependencies/cpp_pkg
[13.964s] -- Installing: /home/aliadel/Documents/Autonomous-Robotic-System/AutonomousRoboticApplication/raspberry_pi/ros2_ws/install/cpp_pkg/share/ament_index/resource_index/parent_prefix_path/cpp_pkg
[13.965s] -- Installing: /home/aliadel/Documents/Autonomous-Robotic-System/AutonomousRoboticApplication/raspberry_pi/ros2_ws/install/cpp_pkg/share/cpp_pkg/environment/ament_prefix_path.sh
[13.965s] -- Installing: /home/aliadel/Documents/Autonomous-Robotic-System/AutonomousRoboticApplication/raspberry_pi/ros2_ws/install/cpp_pkg/share/cpp_pkg/environment/ament_prefix_path.dsv
[13.965s] -- Installing: /home/aliadel/Documents/Autonomous-Robotic-System/AutonomousRoboticApplication/raspberry_pi/ros2_ws/install/cpp_pkg/share/cpp_pkg/environment/path.sh
[13.965s] -- Installing: /home/aliadel/Documents/Autonomous-Robotic-System/AutonomousRoboticApplication/raspberry_pi/ros2_ws/install/cpp_pkg/share/cpp_pkg/environment/path.dsv
[13.967s] -- Installing: /home/aliadel/Documents/Autonomous-Robotic-System/AutonomousRoboticApplication/raspberry_pi/ros2_ws/install/cpp_pkg/share/cpp_pkg/local_setup.bash
[13.967s] -- Installing: /home/aliadel/Documents/Autonomous-Robotic-System/AutonomousRoboticApplication/raspberry_pi/ros2_ws/install/cpp_pkg/share/cpp_pkg/local_setup.sh
[13.967s] -- Installing: /home/aliadel/Documents/Autonomous-Robotic-System/AutonomousRoboticApplication/raspberry_pi/ros2_ws/install/cpp_pkg/share/cpp_pkg/local_setup.zsh
[13.967s] -- Installing: /home/aliadel/Documents/Autonomous-Robotic-System/AutonomousRoboticApplication/raspberry_pi/ros2_ws/install/cpp_pkg/share/cpp_pkg/local_setup.dsv
[13.968s] -- Installing: /home/aliadel/Documents/Autonomous-Robotic-System/AutonomousRoboticApplication/raspberry_pi/ros2_ws/install/cpp_pkg/share/cpp_pkg/package.dsv
[13.968s] -- Installing: /home/aliadel/Documents/Autonomous-Robotic-System/AutonomousRoboticApplication/raspberry_pi/ros2_ws/install/cpp_pkg/share/ament_index/resource_index/packages/cpp_pkg
[13.968s] -- Installing: /home/aliadel/Documents/Autonomous-Robotic-System/AutonomousRoboticApplication/raspberry_pi/ros2_ws/install/cpp_pkg/share/cpp_pkg/cmake/cpp_pkgConfig.cmake
[13.968s] -- Installing: /home/aliadel/Documents/Autonomous-Robotic-System/AutonomousRoboticApplication/raspberry_pi/ros2_ws/install/cpp_pkg/share/cpp_pkg/cmake/cpp_pkgConfig-version.cmake
[13.969s] -- Installing: /home/aliadel/Documents/Autonomous-Robotic-System/AutonomousRoboticApplication/raspberry_pi/ros2_ws/install/cpp_pkg/share/cpp_pkg/package.xml
[13.978s] Invoked command in '/home/aliadel/Documents/Autonomous-Robotic-System/AutonomousRoboticApplication/raspberry_pi/ros2_ws/build/cpp_pkg' returned '0': CMAKE_PREFIX_PATH=${CMAKE_PREFIX_PATH}:/home/aliadel/Documents/Autonomous-Robotic-System/AutonomousRoboticApplication/raspberry_pi/ros2_ws/install/py_pkg:/home/aliadel/ros2_ws/install/my_py_pkg:/opt/ros/humble /usr/bin/cmake --install /home/aliadel/Documents/Autonomous-Robotic-System/AutonomousRoboticApplication/raspberry_pi/ros2_ws/build/cpp_pkg
