[1.769s] Invoking command in '/home/aliadel/Documents/Autonomous-Robotic-System/AutonomousRoboticApplication/raspberry_pi/src/ros2_ws/src/py_pkg': PYTHONPATH=/home/aliadel/Documents/Autonomous-Robotic-System/AutonomousRoboticApplication/raspberry_pi/src/ros2_ws/build/py_pkg/prefix_override:/usr/lib/python3/dist-packages/colcon_core/task/python/colcon_distutils_commands:/home/aliadel/Documents/Autonomous-Robotic-System/AutonomousRoboticApplication/raspberry_pi/src/ros2_ws/install/py_pkg/lib/python3.10/site-packages:${PYTHONPATH} /usr/bin/python3 -W ignore:setup.py install is deprecated setup.py egg_info --egg-base ../../build/py_pkg build --build-base /home/aliadel/Documents/Autonomous-Robotic-System/AutonomousRoboticApplication/raspberry_pi/src/ros2_ws/build/py_pkg/build install --record /home/aliadel/Documents/Autonomous-Robotic-System/AutonomousRoboticApplication/raspberry_pi/src/ros2_ws/build/py_pkg/install.log --single-version-externally-managed install_data
[2.426s] running egg_info
[2.429s] writing ../../build/py_pkg/py_pkg.egg-info/PKG-INFO
[2.432s] writing dependency_links to ../../build/py_pkg/py_pkg.egg-info/dependency_links.txt
[2.434s] writing entry points to ../../build/py_pkg/py_pkg.egg-info/entry_points.txt
[2.435s] writing requirements to ../../build/py_pkg/py_pkg.egg-info/requires.txt
[2.438s] writing top-level names to ../../build/py_pkg/py_pkg.egg-info/top_level.txt
[2.445s] reading manifest file '../../build/py_pkg/py_pkg.egg-info/SOURCES.txt'
[2.447s] writing manifest file '../../build/py_pkg/py_pkg.egg-info/SOURCES.txt'
[2.448s] running build
[2.450s] running build_py
[2.450s] running install
[2.452s] running install_lib
[2.456s] running install_data
[2.460s] running install_egg_info
[2.463s] removing '/home/aliadel/Documents/Autonomous-Robotic-System/AutonomousRoboticApplication/raspberry_pi/src/ros2_ws/install/py_pkg/lib/python3.10/site-packages/py_pkg-0.0.0-py3.10.egg-info' (and everything under it)
[2.468s] Copying ../../build/py_pkg/py_pkg.egg-info to /home/aliadel/Documents/Autonomous-Robotic-System/AutonomousRoboticApplication/raspberry_pi/src/ros2_ws/install/py_pkg/lib/python3.10/site-packages/py_pkg-0.0.0-py3.10.egg-info
[2.474s] running install_scripts
[2.523s] Installing py_LiDAR script to /home/aliadel/Documents/Autonomous-Robotic-System/AutonomousRoboticApplication/raspberry_pi/src/ros2_ws/install/py_pkg/lib/py_pkg
[2.524s] Installing py_station script to /home/aliadel/Documents/Autonomous-Robotic-System/AutonomousRoboticApplication/raspberry_pi/src/ros2_ws/install/py_pkg/lib/py_pkg
[2.524s] writing list of installed files to '/home/aliadel/Documents/Autonomous-Robotic-System/AutonomousRoboticApplication/raspberry_pi/src/ros2_ws/build/py_pkg/install.log'
[2.598s] Invoked command in '/home/aliadel/Documents/Autonomous-Robotic-System/AutonomousRoboticApplication/raspberry_pi/src/ros2_ws/src/py_pkg' returned '0': PYTHONPATH=/home/aliadel/Documents/Autonomous-Robotic-System/AutonomousRoboticApplication/raspberry_pi/src/ros2_ws/build/py_pkg/prefix_override:/usr/lib/python3/dist-packages/colcon_core/task/python/colcon_distutils_commands:/home/aliadel/Documents/Autonomous-Robotic-System/AutonomousRoboticApplication/raspberry_pi/src/ros2_ws/install/py_pkg/lib/python3.10/site-packages:${PYTHONPATH} /usr/bin/python3 -W ignore:setup.py install is deprecated setup.py egg_info --egg-base ../../build/py_pkg build --build-base /home/aliadel/Documents/Autonomous-Robotic-System/AutonomousRoboticApplication/raspberry_pi/src/ros2_ws/build/py_pkg/build install --record /home/aliadel/Documents/Autonomous-Robotic-System/AutonomousRoboticApplication/raspberry_pi/src/ros2_ws/build/py_pkg/install.log --single-version-externally-managed install_data
