[0.000000] (-) TimerEvent: {}
[0.000000] (-) JobUnselected: {'identifier': 'cpp_pkg'}
[0.000000] (py_pkg) JobQueued: {'identifier': 'py_pkg', 'dependencies': OrderedDict()}
[0.000000] (py_pkg) JobStarted: {'identifier': 'py_pkg'}
[0.109000] (-) TimerEvent: {}
[0.219000] (-) TimerEvent: {}
[0.328000] (-) TimerEvent: {}
[0.453000] (-) TimerEvent: {}
[0.563000] (-) TimerEvent: {}
[0.688000] (-) TimerEvent: {}
[0.797000] (-) TimerEvent: {}
[0.906000] (-) TimerEvent: {}
[1.016000] (-) TimerEvent: {}
[1.125000] (-) TimerEvent: {}
[1.234000] (-) TimerEvent: {}
[1.344000] (-) TimerEvent: {}
[1.453000] (-) TimerEvent: {}
[1.563000] (-) TimerEvent: {}
[1.672000] (-) TimerEvent: {}
[1.781000] (-) TimerEvent: {}
[1.891000] (-) TimerEvent: {}
[2.000000] (-) TimerEvent: {}
[2.109000] (-) TimerEvent: {}
[2.219000] (-) TimerEvent: {}
[2.328000] (-) TimerEvent: {}
[2.438000] (-) TimerEvent: {}
[2.547000] (-) TimerEvent: {}
[2.641000] (py_pkg) Command: {'cmd': ['c:\\python38\\python.exe', '-W', 'ignore:setup.py install is deprecated', 'setup.py', 'egg_info', '--egg-base', '..\\..\\build\\py_pkg', 'build', '--build-base', 'D:\\Shared Folders\\Uni\\courses\\Arm stm\\Graduation Project\\Autonomous Robotic System\\AutonomousRoboticApplication\\raspberry_pi\\src\\ros2_ws\\build\\py_pkg\\build', 'install', '--record', 'D:\\Shared Folders\\Uni\\courses\\Arm stm\\Graduation Project\\Autonomous Robotic System\\AutonomousRoboticApplication\\raspberry_pi\\src\\ros2_ws\\build\\py_pkg\\install.log', '--single-version-externally-managed', 'install_data'], 'cwd': 'D:\\Shared Folders\\Uni\\courses\\Arm stm\\Graduation Project\\Autonomous Robotic System\\AutonomousRoboticApplication\\raspberry_pi\\src\\ros2_ws\\src\\py_pkg', 'env': {'ALLUSERSPROFILE': 'C:\\ProgramData', 'AMENT_PREFIX_PATH': 'C:\\dev\\ros2_foxy', 'APPDATA': 'C:\\Users\\popma\\AppData\\Roaming', 'ChocolateyInstall': 'C:\\ProgramData\\chocolatey', 'ChocolateyLastPathUpdate': '133726641443179717', 'CMAKE_PREFIX_PATH': 'C:\\dev\\ros2_foxy\\opt/yaml_cpp_vendor;C:\\dev\\ros2_foxy\\opt/pybind11_vendor;C:\\dev\\ros2_foxy\\opt/orocos_kdl_vendor;C:\\dev\\ros2_foxy\\opt/gz_math_vendor;C:\\dev\\ros2_foxy\\opt/gz_utils_vendor;C:\\dev\\ros2_foxy\\opt/gz_cmake_vendor;C:\\dev\\ros2_foxy\\opt/console_bridge_vendor;C:\\dev\\ros2_foxy', 'COLCON': '1', 'COLCON_PREFIX_PATH': 'C:\\dev\\ros2_foxy\\', 'CommonProgramFiles': 'C:\\Program Files\\Common Files', 'CommonProgramFiles(x86)': 'C:\\Program Files (x86)\\Common Files', 'CommonProgramW6432': 'C:\\Program Files\\Common Files', 'COMPUTERNAME': 'ALIADEL', 'ComSpec': 'C:\\Windows\\system32\\cmd.exe', 'DriverData': 'C:\\Windows\\System32\\Drivers\\DriverData', 'HOMEDRIVE': 'C:', 'HOMEPATH': '\\Users\\popma', 'INTEL_DEV_REDIST': 'C:\\Program Files (x86)\\Common Files\\Intel\\Shared Libraries\\', 'IVIROOTDIR32': 'C:\\Program Files (x86)\\IVI Foundation\\IVI\\', 'IVIROOTDIR64': 'C:\\Program Files\\IVI Foundation\\IVI\\', 'JAVA_HOME': 'C:\\Program Files\\Java\\jdk-20', 'KMP_DUPLICATE_LIB_OK': 'TRUE', 'LM_LICENSE_FILE': 'C:\\questasim64_2021.1\\win64\\mgcld.lic', 'LOCALAPPDATA': 'C:\\Users\\popma\\AppData\\Local', 'LOGONSERVER': '\\\\ALIADEL', 'MIC_LD_LIBRARY_PATH': 'C:\\Program Files (x86)\\Common Files\\Intel\\Shared Libraries\\compiler\\lib\\mic', 'MKL_SERIAL': 'YES', 'NIDAQmxSwitchDir': 'D:\\NI Circuit\\NI-DAQ\\Switch\\', 'NIEXTCCOMPILERSUPP': 'C:\\Program Files (x86)\\National Instruments\\Shared\\ExternalCompilerSupport\\C\\', 'NUMBER_OF_PROCESSORS': '8', 'OneDrive': 'C:\\Users\\popma\\OneDrive', 'OpenCV_DIR': 'C:\\opencv', 'OPENSSL_CONF': 'C:\\Program Files\\OpenSSL-Win64\\bin\\openssl.cfg', 'OS': 'Windows_NT', 'Path': 'C:\\dev\\ros2_foxy\\opt/zstd_vendor/lib;C:\\dev\\ros2_foxy\\opt/zstd_vendor/bin;C:\\dev\\ros2_foxy\\opt/yaml_cpp_vendor/lib;C:\\dev\\ros2_foxy\\opt/yaml_cpp_vendor/bin;C:\\dev\\ros2_foxy\\opt/uncrustify_vendor/bin;C:\\dev\\ros2_foxy\\opt/sqlite3_vendor/lib;C:\\dev\\ros2_foxy\\opt/sqlite3_vendor/bin;C:\\dev\\ros2_foxy\\opt/spdlog_vendor/lib;C:\\dev\\ros2_foxy\\opt/spdlog_vendor/bin;C:\\dev\\ros2_foxy\\opt/rviz_ogre_vendor/lib;C:\\dev\\ros2_foxy\\opt/rviz_ogre_vendor/bin;C:\\dev\\ros2_foxy\\opt/rviz_assimp_vendor/lib;C:\\dev\\ros2_foxy\\opt/rviz_assimp_vendor/bin;C:\\dev\\ros2_foxy\\opt/orocos_kdl_vendor/lib;C:\\dev\\ros2_foxy\\opt/mimick_vendor/lib;C:\\dev\\ros2_foxy\\opt/libyaml_vendor/lib;C:\\dev\\ros2_foxy\\opt/libyaml_vendor/bin;C:\\dev\\ros2_foxy\\opt/liblz4_vendor/lib;C:\\dev\\ros2_foxy\\opt/liblz4_vendor/bin;C:\\dev\\ros2_foxy\\opt/libcurl_vendor/lib;C:\\dev\\ros2_foxy\\opt/libcurl_vendor/bin;C:\\dev\\ros2_foxy\\opt/gz_math_vendor/lib;C:\\dev\\ros2_foxy\\opt/gz_math_vendor/bin;C:\\dev\\ros2_foxy\\opt/gz_utils_vendor/lib;C:\\dev\\ros2_foxy\\opt/gz_utils_vendor/bin;C:\\dev\\ros2_foxy\\opt/gz_cmake_vendor/lib;C:\\dev\\ros2_foxy\\opt/gz_cmake_vendor/bin;C:\\dev\\ros2_foxy\\opt/console_bridge_vendor/lib;C:\\dev\\ros2_foxy\\opt/console_bridge_vendor/bin;C:\\dev\\ros2_foxy\\Scripts;C:\\dev\\ros2_foxy\\bin;C:\\Python38\\Scripts\\;C:\\Python38\\;C:\\Program Files (x86)\\VMware\\VMware Workstation\\bin\\;C:\\Users\\popma\\bin;C:\\Program Files (x86)\\Common Files\\Intel\\Shared Libraries\\redist\\intel64\\compiler;C:\\Program Files\\Common Files\\Oracle\\Java\\javapath;C:\\Program Files\\Microsoft\\jdk-11.0.16.101-hotspot\\bin;C:\\Program Files (x86)\\Common Files\\Oracle\\Java\\javapath;C:\\Windows\\system32;C:\\Windows;C:\\Windows\\System32\\Wbem;C:\\Windows\\System32\\WindowsPowerShell\\v1.0\\;C:\\Windows\\System32\\OpenSSH\\;C:\\Program Files\\dotnet\\;C:\\MinGW\\bin;C:\\Program Files\\MySQL\\MySQL Server 8.0\\bin;C:\\Program Files\\MySQL\\MySQL Server 8.0\\bin;C:\\VSARM\\stlink\\bin;C:\\VSARM\\armcc\\bin;C:\\VSARM\\mingw\\mingw32\\bin;C:\\Program Files\\Git\\cmd;C:\\makebindontremove\\bin;C:\\Program Files (x86)\\STMicroelectronics\\STM32 ST-LINK Utility\\ST-LINK Utility;D:\\All\\All\\UNI\\courses\\Arm stm\\Tools;C:\\yagarto-20121222\\bin;C:\\Users\\popma\\AppData\\Roaming\\Microsoft\\Windows\\Start Menu\\Programs\\Python 3.11;C:\\Users\\popma\\AppData\\Local\\Programs\\Python\\Python311\\;C:\\Users\\popma\\AppData\\Local\\Programs\\Python\\Python311\\python.exe;C:\\Users\\popma\\AppData\\Local\\Programs\\Python\\Python311\\Scripts;C:\\Program Files (x86)\\Touch Portal\\plugins\\adb\\platform-tools;C:\\Program Files\\NVIDIA Corporation\\NVIDIA App\\NvDLISR;C:\\Program Files (x86)\\IVI Foundation\\VISA\\WinNT\\Bin\\;C:\\Program Files\\IVI Foundation\\VISA\\Win64\\Bin\\;C:\\Program Files (x86)\\National Instruments\\Shared\\LabVIEW CLI;C:\\Program Files (x86)\\IVI Foundation\\IVI\\Bin\\;C:\\Program Files\\IVI Foundation\\IVI\\Bin\\;C:\\Program Files (x86)\\IVI Foundation\\VISA\\WinNT\\Bin;C:\\Program Files (x86)\\NVIDIA Corporation\\PhysX\\Common;C:\\Users\\popma;C:\\ProgramData\\chocolatey\\bin;C:\\Program Files\\OpenSSL-Win64\\bin\\;C:\\Program Files\\CMake\\bin;C:\\opencv\\x64\\vc16\\bin;C:\\ProgramData\\chocolatey\\lib\\cunit\\lib;C:\\ProgramData\\chocolatey\\lib\\tinyxml2\\lib;C:\\ProgramData\\chocolatey\\lib\\log4cxx\\lib;C:\\ProgramData\\chocolatey\\lib\\bullet\\lib;C:\\Program Files\\Graphviz\\bin;C:\\dev\\ros2_foxy\\local_setup.bat;C:\\Users\\popma\\AppData\\Local\\Microsoft\\WindowsApps;D:\\All\\All\\Tools\\adb;C:\\Users\\popma\\.dotnet\\tools;C:\\Users\\popma\\AppData\\Local\\Programs\\Microsoft VS Code\\bin;C:\\msys64\\MinGW\\bin;D:\\All\\All\\A1\\javafx-sdk-20.0.1\\bin;C:\\Program Files\\Java\\jdk-20;C:\\Program Files\\Java\\jdk-20\\bin;C:\\Users\\popma\\AppData\\Roaming\\Microsoft\\Windows\\Start Menu\\Programs\\Python 3.11;C:\\Users\\popma\\AppData\\Local\\Programs\\Python\\Python311\\python.exe;C:\\Users\\popma\\AppData\\Local\\Programs\\Python\\Python311\\;C:\\Users\\popma\\AppData\\Local\\Programs\\Python\\Python311\\Scripts;;C:\\iverilog\\bin;C:\\iverilog\\gtkwave\\bin;C:\\intelFPGA\\18.1\\modelsim_ase\\win32aloem;C:\\questasim64_2021.1\\win64', 'PATHEXT': '.COM;.EXE;.BAT;.CMD;.VBS;.VBE;.JS;.JSE;.WSF;.WSH;.MSC;.PY;.PYW', 'PKG_CONFIG_PATH': 'C:\\dev\\ros2_foxy\\lib\\pkgconfig', 'PROCESSOR_ARCHITECTURE': 'AMD64', 'PROCESSOR_IDENTIFIER': 'Intel64 Family 6 Model 60 Stepping 3, GenuineIntel', 'PROCESSOR_LEVEL': '6', 'PROCESSOR_REVISION': '3c03', 'ProgramData': 'C:\\ProgramData', 'ProgramFiles': 'C:\\Program Files', 'ProgramFiles(x86)': 'C:\\Program Files (x86)', 'ProgramW6432': 'C:\\Program Files', 'PROMPT': '$P$G', 'PSModulePath': 'C:\\Program Files\\WindowsPowerShell\\Modules;C:\\Windows\\system32\\WindowsPowerShell\\v1.0\\Modules', 'PT8HOME': 'C:\\Program Files\\Cisco Packet Tracer 8.2.1', 'PUBLIC': 'C:\\Users\\Public', 'PYTHONPATH': 'D:\\Shared Folders\\Uni\\courses\\Arm stm\\Graduation Project\\Autonomous Robotic System\\AutonomousRoboticApplication\\raspberry_pi\\src\\ros2_ws\\build\\py_pkg\\prefix_override;c:\\python38\\lib\\site-packages\\colcon_core\\task\\python\\colcon_distutils_commands;D:\\Shared Folders\\Uni\\courses\\Arm stm\\Graduation Project\\Autonomous Robotic System\\AutonomousRoboticApplication\\raspberry_pi\\src\\ros2_ws\\install\\py_pkg\\Lib\\site-packages;C:\\ci\\ws\\install\\lib\\python3.8\\dist-packages;C:\\dev\\ros2_foxy\\Lib\\site-packages', 'ROS_AUTOMATIC_DISCOVERY_RANGE': 'SUBNET', 'ROS_DISTRO': 'jazzy', 'ROS_PYTHON_VERSION': '3', 'ROS_VERSION': '2', 'SESSIONNAME': 'Console', 'STM32CubeMX_PATH': 'D:\\Test\\arm stm\\program', 'SystemDrive': 'C:', 'SystemRoot': 'C:\\Windows', 'TEMP': 'C:\\Users\\popma\\AppData\\Local\\Temp', 'TMP': 'C:\\Users\\popma\\AppData\\Local\\Temp', 'USERDOMAIN': 'ALIADEL', 'USERDOMAIN_ROAMINGPROFILE': 'ALIADEL', 'USERNAME': 'POPMAN', 'USERPROFILE': 'C:\\Users\\popma', 'VBOX_MSI_INSTALL_PATH': 'C:\\Program Files\\Oracle\\VirtualBox\\', 'VXIPNPPATH': 'C:\\Program Files (x86)\\IVI Foundation\\VISA\\', 'VXIPNPPATH64': 'C:\\Program Files\\IVI Foundation\\VISA\\', 'windir': 'C:\\Windows', 'WSLENV': 'WT_SESSION:WT_PROFILE_ID:', 'WT_PROFILE_ID': '{0caa0dad-35be-5f56-a8ff-afceeeaa6101}', 'WT_SESSION': '6868864d-4112-4f7e-8f51-3831341236bb'}, 'shell': False}
[2.672000] (-) TimerEvent: {}
[2.781000] (-) TimerEvent: {}
[2.891000] (-) TimerEvent: {}
[3.016000] (-) TimerEvent: {}
[3.125000] (-) TimerEvent: {}
[3.234000] (-) TimerEvent: {}
[3.344000] (-) TimerEvent: {}
[3.375000] (py_pkg) StdoutLine: {'line': b'running egg_info\r\n'}
[3.375000] (py_pkg) StdoutLine: {'line': b'creating ..\\..\\build\\py_pkg\\py_pkg.egg-info\r\n'}
[3.406000] (py_pkg) StdoutLine: {'line': b'writing ..\\..\\build\\py_pkg\\py_pkg.egg-info\\PKG-INFO\r\n'}
[3.422000] (py_pkg) StdoutLine: {'line': b'writing dependency_links to ..\\..\\build\\py_pkg\\py_pkg.egg-info\\dependency_links.txt\r\n'}
[3.422000] (py_pkg) StdoutLine: {'line': b'writing entry points to ..\\..\\build\\py_pkg\\py_pkg.egg-info\\entry_points.txt\r\n'}
[3.422000] (py_pkg) StdoutLine: {'line': b'writing requirements to ..\\..\\build\\py_pkg\\py_pkg.egg-info\\requires.txt\r\n'}
[3.422000] (py_pkg) StdoutLine: {'line': b'writing top-level names to ..\\..\\build\\py_pkg\\py_pkg.egg-info\\top_level.txt\r\n'}
[3.422000] (py_pkg) StdoutLine: {'line': b"writing manifest file '..\\..\\build\\py_pkg\\py_pkg.egg-info\\SOURCES.txt'\r\n"}
[3.453000] (-) TimerEvent: {}
[3.516000] (py_pkg) StdoutLine: {'line': b"reading manifest file '..\\..\\build\\py_pkg\\py_pkg.egg-info\\SOURCES.txt'\r\n"}
[3.531000] (py_pkg) StdoutLine: {'line': b"writing manifest file '..\\..\\build\\py_pkg\\py_pkg.egg-info\\SOURCES.txt'\r\n"}
[3.531000] (py_pkg) StdoutLine: {'line': b'running build\r\n'}
[3.531000] (py_pkg) StdoutLine: {'line': b'running build_py\r\n'}
[3.531000] (py_pkg) StdoutLine: {'line': b'creating D:\\Shared Folders\\Uni\\courses\\Arm stm\\Graduation Project\\Autonomous Robotic System\\AutonomousRoboticApplication\\raspberry_pi\\src\\ros2_ws\\build\\py_pkg\\build\\lib\\py_pkg\r\n'}
[3.531000] (py_pkg) StdoutLine: {'line': b'copying py_pkg\\LiDAR.py -> D:\\Shared Folders\\Uni\\courses\\Arm stm\\Graduation Project\\Autonomous Robotic System\\AutonomousRoboticApplication\\raspberry_pi\\src\\ros2_ws\\build\\py_pkg\\build\\lib\\py_pkg\r\n'}
[3.531000] (py_pkg) StdoutLine: {'line': b'copying py_pkg\\station.py -> D:\\Shared Folders\\Uni\\courses\\Arm stm\\Graduation Project\\Autonomous Robotic System\\AutonomousRoboticApplication\\raspberry_pi\\src\\ros2_ws\\build\\py_pkg\\build\\lib\\py_pkg\r\n'}
[3.547000] (py_pkg) StdoutLine: {'line': b'copying py_pkg\\__init__.py -> D:\\Shared Folders\\Uni\\courses\\Arm stm\\Graduation Project\\Autonomous Robotic System\\AutonomousRoboticApplication\\raspberry_pi\\src\\ros2_ws\\build\\py_pkg\\build\\lib\\py_pkg\r\n'}
[3.547000] (py_pkg) StdoutLine: {'line': b'running install\r\n'}
[3.547000] (py_pkg) StdoutLine: {'line': b'running install_lib\r\n'}
[3.563000] (-) TimerEvent: {}
[3.594000] (py_pkg) StdoutLine: {'line': b'creating D:\\Shared Folders\\Uni\\courses\\Arm stm\\Graduation Project\\Autonomous Robotic System\\AutonomousRoboticApplication\\raspberry_pi\\src\\ros2_ws\\install\\py_pkg\\Lib\\site-packages\\py_pkg\r\n'}
[3.594000] (py_pkg) StdoutLine: {'line': b'copying D:\\Shared Folders\\Uni\\courses\\Arm stm\\Graduation Project\\Autonomous Robotic System\\AutonomousRoboticApplication\\raspberry_pi\\src\\ros2_ws\\build\\py_pkg\\build\\lib\\py_pkg\\LiDAR.py -> D:\\Shared Folders\\Uni\\courses\\Arm stm\\Graduation Project\\Autonomous Robotic System\\AutonomousRoboticApplication\\raspberry_pi\\src\\ros2_ws\\install\\py_pkg\\Lib\\site-packages\\py_pkg\r\n'}
[3.594000] (py_pkg) StdoutLine: {'line': b'copying D:\\Shared Folders\\Uni\\courses\\Arm stm\\Graduation Project\\Autonomous Robotic System\\AutonomousRoboticApplication\\raspberry_pi\\src\\ros2_ws\\build\\py_pkg\\build\\lib\\py_pkg\\station.py -> D:\\Shared Folders\\Uni\\courses\\Arm stm\\Graduation Project\\Autonomous Robotic System\\AutonomousRoboticApplication\\raspberry_pi\\src\\ros2_ws\\install\\py_pkg\\Lib\\site-packages\\py_pkg\r\n'}
[3.609000] (py_pkg) StdoutLine: {'line': b'copying D:\\Shared Folders\\Uni\\courses\\Arm stm\\Graduation Project\\Autonomous Robotic System\\AutonomousRoboticApplication\\raspberry_pi\\src\\ros2_ws\\build\\py_pkg\\build\\lib\\py_pkg\\__init__.py -> D:\\Shared Folders\\Uni\\courses\\Arm stm\\Graduation Project\\Autonomous Robotic System\\AutonomousRoboticApplication\\raspberry_pi\\src\\ros2_ws\\install\\py_pkg\\Lib\\site-packages\\py_pkg\r\n'}
[3.609000] (py_pkg) StdoutLine: {'line': b'byte-compiling D:\\Shared Folders\\Uni\\courses\\Arm stm\\Graduation Project\\Autonomous Robotic System\\AutonomousRoboticApplication\\raspberry_pi\\src\\ros2_ws\\install\\py_pkg\\Lib\\site-packages\\py_pkg\\LiDAR.py to LiDAR.cpython-38.pyc\r\n'}
[3.609000] (py_pkg) StdoutLine: {'line': b'byte-compiling D:\\Shared Folders\\Uni\\courses\\Arm stm\\Graduation Project\\Autonomous Robotic System\\AutonomousRoboticApplication\\raspberry_pi\\src\\ros2_ws\\install\\py_pkg\\Lib\\site-packages\\py_pkg\\station.py to station.cpython-38.pyc\r\n'}
[3.609000] (py_pkg) StdoutLine: {'line': b'byte-compiling D:\\Shared Folders\\Uni\\courses\\Arm stm\\Graduation Project\\Autonomous Robotic System\\AutonomousRoboticApplication\\raspberry_pi\\src\\ros2_ws\\install\\py_pkg\\Lib\\site-packages\\py_pkg\\__init__.py to __init__.cpython-38.pyc\r\n'}
[3.625000] (py_pkg) StdoutLine: {'line': b'running install_data\r\n'}
[3.625000] (py_pkg) StdoutLine: {'line': b'creating D:\\Shared Folders\\Uni\\courses\\Arm stm\\Graduation Project\\Autonomous Robotic System\\AutonomousRoboticApplication\\raspberry_pi\\src\\ros2_ws\\install\\py_pkg\\share\\ament_index\\resource_index\\packages\r\n'}
[3.625000] (py_pkg) StdoutLine: {'line': b'copying resource\\py_pkg -> D:\\Shared Folders\\Uni\\courses\\Arm stm\\Graduation Project\\Autonomous Robotic System\\AutonomousRoboticApplication\\raspberry_pi\\src\\ros2_ws\\install\\py_pkg\\share\\ament_index\\resource_index\\packages\r\n'}
[3.641000] (py_pkg) StdoutLine: {'line': b'copying package.xml -> D:\\Shared Folders\\Uni\\courses\\Arm stm\\Graduation Project\\Autonomous Robotic System\\AutonomousRoboticApplication\\raspberry_pi\\src\\ros2_ws\\install\\py_pkg\\share\\py_pkg\r\n'}
[3.641000] (py_pkg) StdoutLine: {'line': b'running install_egg_info\r\n'}
[3.672000] (-) TimerEvent: {}
[3.688000] (py_pkg) StdoutLine: {'line': b'Copying ..\\..\\build\\py_pkg\\py_pkg.egg-info to D:\\Shared Folders\\Uni\\courses\\Arm stm\\Graduation Project\\Autonomous Robotic System\\AutonomousRoboticApplication\\raspberry_pi\\src\\ros2_ws\\install\\py_pkg\\Lib\\site-packages\\py_pkg-0.0.0-py3.8.egg-info\r\n'}
[3.719000] (py_pkg) StdoutLine: {'line': b'running install_scripts\r\n'}
[3.781000] (-) TimerEvent: {}
[3.891000] (-) TimerEvent: {}
[4.000000] (-) TimerEvent: {}
[4.109000] (-) TimerEvent: {}
[4.172000] (py_pkg) StdoutLine: {'line': b'Installing py_LiDAR-script.py script to D:\\Shared Folders\\Uni\\courses\\Arm stm\\Graduation Project\\Autonomous Robotic System\\AutonomousRoboticApplication\\raspberry_pi\\src\\ros2_ws\\install\\py_pkg\\lib\\py_pkg\r\n'}
[4.172000] (py_pkg) StdoutLine: {'line': b'Installing py_LiDAR.exe script to D:\\Shared Folders\\Uni\\courses\\Arm stm\\Graduation Project\\Autonomous Robotic System\\AutonomousRoboticApplication\\raspberry_pi\\src\\ros2_ws\\install\\py_pkg\\lib\\py_pkg\r\n'}
[4.172000] (py_pkg) StdoutLine: {'line': b'Installing py_station-script.py script to D:\\Shared Folders\\Uni\\courses\\Arm stm\\Graduation Project\\Autonomous Robotic System\\AutonomousRoboticApplication\\raspberry_pi\\src\\ros2_ws\\install\\py_pkg\\lib\\py_pkg\r\n'}
[4.172000] (py_pkg) StdoutLine: {'line': b'Installing py_station.exe script to D:\\Shared Folders\\Uni\\courses\\Arm stm\\Graduation Project\\Autonomous Robotic System\\AutonomousRoboticApplication\\raspberry_pi\\src\\ros2_ws\\install\\py_pkg\\lib\\py_pkg\r\n'}
[4.172000] (py_pkg) StdoutLine: {'line': b"writing list of installed files to 'D:\\Shared Folders\\Uni\\courses\\Arm stm\\Graduation Project\\Autonomous Robotic System\\AutonomousRoboticApplication\\raspberry_pi\\src\\ros2_ws\\build\\py_pkg\\install.log'\r\n"}
[4.172000] (py_pkg) StderrLine: {'line': b"c:\\python38\\lib\\site-packages\\setuptools\\_distutils\\dist.py:261: UserWarning: Unknown distribution option: 'tests_require'\r\n"}
[4.172000] (py_pkg) StderrLine: {'line': b'  warnings.warn(msg)\r\n'}
[4.203000] (py_pkg) CommandEnded: {'returncode': 0}
[4.219000] (-) TimerEvent: {}
[4.250000] (py_pkg) JobEnded: {'identifier': 'py_pkg', 'rc': 0}
[4.250000] (-) EventReactorShutdown: {}
