[0.758s] [34mcolcon[0m [1;30mDEBUG[0m [32mCommand line arguments: ['C:\\Python38\\Scripts\\colcon', 'build', '--packages-select', 'py_pkg'][0m
[0.759s] [34mcolcon[0m [1;30mDEBUG[0m [32mParsed command line arguments: Namespace(ament_cmake_args=None, base_paths=['.'], build_base='build', catkin_cmake_args=None, catkin_skip_building_tests=False, cmake_args=None, cmake_clean_cache=False, cmake_clean_first=False, cmake_force_configure=False, cmake_target=None, cmake_target_skip_unavailable=False, continue_on_error=False, event_handlers=None, executor='parallel', ignore_user_meta=False, install_base='install', log_base=None, log_level=None, main=<bound method BuildVerb.main of <colcon_core.verb.build.BuildVerb object at 0x0000020DE62ED970>>, merge_install=False, metas=['./colcon.meta'], packages_above=None, packages_above_and_dependencies=None, packages_above_depth=None, packages_end=None, packages_ignore=None, packages_ignore_regex=None, packages_select=['py_pkg'], packages_select_build_failed=False, packages_select_by_dep=None, packages_select_regex=None, packages_select_test_failures=False, packages_skip=None, packages_skip_build_finished=False, packages_skip_by_dep=None, packages_skip_regex=None, packages_skip_test_passed=False, packages_skip_up_to=None, packages_start=None, packages_up_to=None, packages_up_to_regex=None, parallel_workers=8, paths=None, symlink_install=False, test_result_base=None, verb_extension=<colcon_core.verb.build.BuildVerb object at 0x0000020DE62ED970>, verb_name='build', verb_parser=<colcon_defaults.argument_parser.defaults.DefaultArgumentsDecorator object at 0x0000020DE6470A60>)[0m
[0.901s] [34mcolcon.colcon_core.package_discovery[0m [1;30mLevel 1[0m discover_packages(colcon_meta) check parameters
[0.902s] [34mcolcon.colcon_core.package_discovery[0m [1;30mLevel 1[0m discover_packages(recursive) check parameters
[0.902s] [34mcolcon.colcon_core.package_discovery[0m [1;30mLevel 1[0m discover_packages(ignore) check parameters
[0.902s] [34mcolcon.colcon_core.package_discovery[0m [1;30mLevel 1[0m discover_packages(path) check parameters
[0.902s] [34mcolcon.colcon_core.package_discovery[0m [1;30mLevel 1[0m discover_packages(colcon_meta) discover
[0.902s] [34mcolcon.colcon_core.package_discovery[0m [1;30mLevel 1[0m discover_packages(recursive) discover
[0.902s] [34mcolcon.colcon_core.package_discovery[0m [1;30mINFO[0m Crawling recursively for packages in 'D:\Shared Folders\Uni\courses\Arm stm\Graduation Project\Autonomous Robotic System\AutonomousRoboticApplication\raspberry_pi\src\ros2_ws'
[0.903s] [34mcolcon.colcon_core.package_identification[0m [1;30mLevel 1[0m _identify(.) by extensions ['ignore', 'ignore_ament_install']
[0.903s] [34mcolcon.colcon_core.package_identification[0m [1;30mLevel 1[0m _identify(.) by extension 'ignore'
[0.903s] [34mcolcon.colcon_core.package_identification[0m [1;30mLevel 1[0m _identify(.) by extension 'ignore_ament_install'
[0.904s] [34mcolcon.colcon_core.package_identification[0m [1;30mLevel 1[0m _identify(.) by extensions ['colcon_pkg']
[0.904s] [34mcolcon.colcon_core.package_identification[0m [1;30mLevel 1[0m _identify(.) by extension 'colcon_pkg'
[0.904s] [34mcolcon.colcon_core.package_identification[0m [1;30mLevel 1[0m _identify(.) by extensions ['colcon_meta']
[0.904s] [34mcolcon.colcon_core.package_identification[0m [1;30mLevel 1[0m _identify(.) by extension 'colcon_meta'
[0.904s] [34mcolcon.colcon_core.package_identification[0m [1;30mLevel 1[0m _identify(.) by extensions ['ros']
[0.904s] [34mcolcon.colcon_core.package_identification[0m [1;30mLevel 1[0m _identify(.) by extension 'ros'
[0.953s] [34mcolcon.colcon_core.package_identification[0m [1;30mLevel 1[0m _identify(.) by extensions ['cmake', 'python']
[0.953s] [34mcolcon.colcon_core.package_identification[0m [1;30mLevel 1[0m _identify(.) by extension 'cmake'
[0.953s] [34mcolcon.colcon_core.package_identification[0m [1;30mLevel 1[0m _identify(.) by extension 'python'
[0.953s] [34mcolcon.colcon_core.package_identification[0m [1;30mLevel 1[0m _identify(.) by extensions ['python_setup_py']
[0.953s] [34mcolcon.colcon_core.package_identification[0m [1;30mLevel 1[0m _identify(.) by extension 'python_setup_py'
[0.954s] [34mcolcon.colcon_core.package_identification[0m [1;30mLevel 1[0m _identify(build) by extensions ['ignore', 'ignore_ament_install']
[0.955s] [34mcolcon.colcon_core.package_identification[0m [1;30mLevel 1[0m _identify(build) by extension 'ignore'
[0.955s] [34mcolcon.colcon_core.package_identification[0m [1;30mLevel 1[0m _identify(build) ignored
[0.956s] [34mcolcon.colcon_core.package_identification[0m [1;30mLevel 1[0m _identify(install) by extensions ['ignore', 'ignore_ament_install']
[0.956s] [34mcolcon.colcon_core.package_identification[0m [1;30mLevel 1[0m _identify(install) by extension 'ignore'
[0.956s] [34mcolcon.colcon_core.package_identification[0m [1;30mLevel 1[0m _identify(install) ignored
[0.957s] [34mcolcon.colcon_core.package_identification[0m [1;30mLevel 1[0m _identify(log) by extensions ['ignore', 'ignore_ament_install']
[0.957s] [34mcolcon.colcon_core.package_identification[0m [1;30mLevel 1[0m _identify(log) by extension 'ignore'
[0.957s] [34mcolcon.colcon_core.package_identification[0m [1;30mLevel 1[0m _identify(log) ignored
[0.958s] [34mcolcon.colcon_core.package_identification[0m [1;30mLevel 1[0m _identify(src) by extensions ['ignore', 'ignore_ament_install']
[0.958s] [34mcolcon.colcon_core.package_identification[0m [1;30mLevel 1[0m _identify(src) by extension 'ignore'
[0.959s] [34mcolcon.colcon_core.package_identification[0m [1;30mLevel 1[0m _identify(src) by extension 'ignore_ament_install'
[0.959s] [34mcolcon.colcon_core.package_identification[0m [1;30mLevel 1[0m _identify(src) by extensions ['colcon_pkg']
[0.959s] [34mcolcon.colcon_core.package_identification[0m [1;30mLevel 1[0m _identify(src) by extension 'colcon_pkg'
[0.959s] [34mcolcon.colcon_core.package_identification[0m [1;30mLevel 1[0m _identify(src) by extensions ['colcon_meta']
[0.959s] [34mcolcon.colcon_core.package_identification[0m [1;30mLevel 1[0m _identify(src) by extension 'colcon_meta'
[0.960s] [34mcolcon.colcon_core.package_identification[0m [1;30mLevel 1[0m _identify(src) by extensions ['ros']
[0.960s] [34mcolcon.colcon_core.package_identification[0m [1;30mLevel 1[0m _identify(src) by extension 'ros'
[0.961s] [34mcolcon.colcon_core.package_identification[0m [1;30mLevel 1[0m _identify(src) by extensions ['cmake', 'python']
[0.961s] [34mcolcon.colcon_core.package_identification[0m [1;30mLevel 1[0m _identify(src) by extension 'cmake'
[0.961s] [34mcolcon.colcon_core.package_identification[0m [1;30mLevel 1[0m _identify(src) by extension 'python'
[0.962s] [34mcolcon.colcon_core.package_identification[0m [1;30mLevel 1[0m _identify(src) by extensions ['python_setup_py']
[0.962s] [34mcolcon.colcon_core.package_identification[0m [1;30mLevel 1[0m _identify(src) by extension 'python_setup_py'
[0.963s] [34mcolcon.colcon_core.package_identification[0m [1;30mLevel 1[0m _identify(src\build) by extensions ['ignore', 'ignore_ament_install']
[0.963s] [34mcolcon.colcon_core.package_identification[0m [1;30mLevel 1[0m _identify(src\build) by extension 'ignore'
[0.963s] [34mcolcon.colcon_core.package_identification[0m [1;30mLevel 1[0m _identify(src\build) ignored
[0.964s] [34mcolcon.colcon_core.package_identification[0m [1;30mLevel 1[0m _identify(src\cpp_pkg) by extensions ['ignore', 'ignore_ament_install']
[0.964s] [34mcolcon.colcon_core.package_identification[0m [1;30mLevel 1[0m _identify(src\cpp_pkg) by extension 'ignore'
[0.964s] [34mcolcon.colcon_core.package_identification[0m [1;30mLevel 1[0m _identify(src\cpp_pkg) by extension 'ignore_ament_install'
[0.965s] [34mcolcon.colcon_core.package_identification[0m [1;30mLevel 1[0m _identify(src\cpp_pkg) by extensions ['colcon_pkg']
[0.965s] [34mcolcon.colcon_core.package_identification[0m [1;30mLevel 1[0m _identify(src\cpp_pkg) by extension 'colcon_pkg'
[0.965s] [34mcolcon.colcon_core.package_identification[0m [1;30mLevel 1[0m _identify(src\cpp_pkg) by extensions ['colcon_meta']
[0.965s] [34mcolcon.colcon_core.package_identification[0m [1;30mLevel 1[0m _identify(src\cpp_pkg) by extension 'colcon_meta'
[0.966s] [34mcolcon.colcon_core.package_identification[0m [1;30mLevel 1[0m _identify(src\cpp_pkg) by extensions ['ros']
[0.966s] [34mcolcon.colcon_core.package_identification[0m [1;30mLevel 1[0m _identify(src\cpp_pkg) by extension 'ros'
[0.971s] [34mcolcon.colcon_core.package_identification[0m [1;30mDEBUG[0m [32mPackage 'src\cpp_pkg' with type 'ros.ament_cmake' and name 'cpp_pkg'[0m
[0.973s] [34mcolcon.colcon_core.package_identification[0m [1;30mLevel 1[0m _identify(src\install) by extensions ['ignore', 'ignore_ament_install']
[0.973s] [34mcolcon.colcon_core.package_identification[0m [1;30mLevel 1[0m _identify(src\install) by extension 'ignore'
[0.974s] [34mcolcon.colcon_core.package_identification[0m [1;30mLevel 1[0m _identify(src\install) ignored
[0.975s] [34mcolcon.colcon_core.package_identification[0m [1;30mLevel 1[0m _identify(src\log) by extensions ['ignore', 'ignore_ament_install']
[0.975s] [34mcolcon.colcon_core.package_identification[0m [1;30mLevel 1[0m _identify(src\log) by extension 'ignore'
[0.975s] [34mcolcon.colcon_core.package_identification[0m [1;30mLevel 1[0m _identify(src\log) ignored
[0.976s] [34mcolcon.colcon_core.package_identification[0m [1;30mLevel 1[0m _identify(src\py_pkg) by extensions ['ignore', 'ignore_ament_install']
[0.976s] [34mcolcon.colcon_core.package_identification[0m [1;30mLevel 1[0m _identify(src\py_pkg) by extension 'ignore'
[0.976s] [34mcolcon.colcon_core.package_identification[0m [1;30mLevel 1[0m _identify(src\py_pkg) by extension 'ignore_ament_install'
[0.977s] [34mcolcon.colcon_core.package_identification[0m [1;30mLevel 1[0m _identify(src\py_pkg) by extensions ['colcon_pkg']
[0.977s] [34mcolcon.colcon_core.package_identification[0m [1;30mLevel 1[0m _identify(src\py_pkg) by extension 'colcon_pkg'
[0.977s] [34mcolcon.colcon_core.package_identification[0m [1;30mLevel 1[0m _identify(src\py_pkg) by extensions ['colcon_meta']
[0.977s] [34mcolcon.colcon_core.package_identification[0m [1;30mLevel 1[0m _identify(src\py_pkg) by extension 'colcon_meta'
[0.978s] [34mcolcon.colcon_core.package_identification[0m [1;30mLevel 1[0m _identify(src\py_pkg) by extensions ['ros']
[0.978s] [34mcolcon.colcon_core.package_identification[0m [1;30mLevel 1[0m _identify(src\py_pkg) by extension 'ros'
[0.980s] [34mcolcon.colcon_core.package_identification[0m [1;30mDEBUG[0m [32mPackage 'src\py_pkg' with type 'ros.ament_python' and name 'py_pkg'[0m
[0.980s] [34mcolcon.colcon_core.package_discovery[0m [1;30mLevel 1[0m discover_packages(recursive) using defaults
[0.980s] [34mcolcon.colcon_core.package_discovery[0m [1;30mLevel 1[0m discover_packages(ignore) discover
[0.980s] [34mcolcon.colcon_core.package_discovery[0m [1;30mLevel 1[0m discover_packages(ignore) using defaults
[0.980s] [34mcolcon.colcon_core.package_discovery[0m [1;30mLevel 1[0m discover_packages(path) discover
[0.980s] [34mcolcon.colcon_core.package_discovery[0m [1;30mLevel 1[0m discover_packages(path) using defaults
[1.019s] [34mcolcon.colcon_core.package_selection[0m [1;30mINFO[0m Skipping not selected package 'cpp_pkg' in 'src\cpp_pkg'
[1.019s] [34mcolcon.colcon_core.verb[0m [1;30mLevel 5[0m set package 'py_pkg' build argument 'cmake_args' from command line to 'None'
[1.019s] [34mcolcon.colcon_core.verb[0m [1;30mLevel 5[0m set package 'py_pkg' build argument 'cmake_target' from command line to 'None'
[1.019s] [34mcolcon.colcon_core.verb[0m [1;30mLevel 5[0m set package 'py_pkg' build argument 'cmake_target_skip_unavailable' from command line to 'False'
[1.019s] [34mcolcon.colcon_core.verb[0m [1;30mLevel 5[0m set package 'py_pkg' build argument 'cmake_clean_cache' from command line to 'False'
[1.019s] [34mcolcon.colcon_core.verb[0m [1;30mLevel 5[0m set package 'py_pkg' build argument 'cmake_clean_first' from command line to 'False'
[1.019s] [34mcolcon.colcon_core.verb[0m [1;30mLevel 5[0m set package 'py_pkg' build argument 'cmake_force_configure' from command line to 'False'
[1.019s] [34mcolcon.colcon_core.verb[0m [1;30mLevel 5[0m set package 'py_pkg' build argument 'ament_cmake_args' from command line to 'None'
[1.019s] [34mcolcon.colcon_core.verb[0m [1;30mLevel 5[0m set package 'py_pkg' build argument 'catkin_cmake_args' from command line to 'None'
[1.020s] [34mcolcon.colcon_core.verb[0m [1;30mLevel 5[0m set package 'py_pkg' build argument 'catkin_skip_building_tests' from command line to 'False'
[1.020s] [34mcolcon.colcon_core.verb[0m [1;30mDEBUG[0m [32mBuilding package 'py_pkg' with the following arguments: {'ament_cmake_args': None, 'build_base': 'D:\\Shared Folders\\Uni\\courses\\Arm stm\\Graduation Project\\Autonomous Robotic System\\AutonomousRoboticApplication\\raspberry_pi\\src\\ros2_ws\\build\\py_pkg', 'catkin_cmake_args': None, 'catkin_skip_building_tests': False, 'cmake_args': None, 'cmake_clean_cache': False, 'cmake_clean_first': False, 'cmake_force_configure': False, 'cmake_target': None, 'cmake_target_skip_unavailable': False, 'install_base': 'D:\\Shared Folders\\Uni\\courses\\Arm stm\\Graduation Project\\Autonomous Robotic System\\AutonomousRoboticApplication\\raspberry_pi\\src\\ros2_ws\\install\\py_pkg', 'merge_install': False, 'path': 'D:\\Shared Folders\\Uni\\courses\\Arm stm\\Graduation Project\\Autonomous Robotic System\\AutonomousRoboticApplication\\raspberry_pi\\src\\ros2_ws\\src\\py_pkg', 'symlink_install': False, 'test_result_base': None}[0m
[1.020s] [34mcolcon.colcon_core.executor[0m [1;30mINFO[0m Executing jobs using 'parallel' executor
[1.023s] [34mcolcon.colcon_parallel_executor.executor.parallel[0m [1;30mDEBUG[0m [32mrun_until_complete[0m
[1.024s] [34mcolcon.colcon_ros.task.ament_python.build[0m [1;30mINFO[0m Building ROS package in 'D:\Shared Folders\Uni\courses\Arm stm\Graduation Project\Autonomous Robotic System\AutonomousRoboticApplication\raspberry_pi\src\ros2_ws\src\py_pkg' with build type 'ament_python'
[1.024s] [34mcolcon.colcon_core.shell[0m [1;30mLevel 1[0m create_environment_hook('py_pkg', 'ament_prefix_path')
[1.026s] [34mcolcon.colcon_core.plugin_system[0m [1;30mINFO[0m Skipping extension 'colcon_core.shell.sh': Not used on Windows systems
[1.027s] [34mcolcon.colcon_core.shell[0m [1;30mINFO[0m Creating environment hook 'D:\Shared Folders\Uni\courses\Arm stm\Graduation Project\Autonomous Robotic System\AutonomousRoboticApplication\raspberry_pi\src\ros2_ws\install\py_pkg\share\py_pkg\hook\ament_prefix_path.ps1'
[1.029s] [34mcolcon.colcon_core.shell[0m [1;30mINFO[0m Creating environment hook 'D:\Shared Folders\Uni\courses\Arm stm\Graduation Project\Autonomous Robotic System\AutonomousRoboticApplication\raspberry_pi\src\ros2_ws\install\py_pkg\share\py_pkg\hook\ament_prefix_path.bat'
[1.032s] [34mcolcon.colcon_core.shell[0m [1;30mINFO[0m Creating environment descriptor 'D:\Shared Folders\Uni\courses\Arm stm\Graduation Project\Autonomous Robotic System\AutonomousRoboticApplication\raspberry_pi\src\ros2_ws\install\py_pkg\share\py_pkg\hook\ament_prefix_path.dsv'
[1.036s] [34mcolcon.colcon_core.shell[0m [1;30mINFO[0m Skip shell extension 'powershell' for command environment: Not usable outside of PowerShell
[1.864s] [34mcolcon.colcon_core.task.python.build[0m [1;30mINFO[0m Building Python package in 'D:\Shared Folders\Uni\courses\Arm stm\Graduation Project\Autonomous Robotic System\AutonomousRoboticApplication\raspberry_pi\src\ros2_ws\src\py_pkg'
[1.864s] [34mcolcon.colcon_core.shell[0m [1;30mINFO[0m Skip shell extension 'powershell' for command environment: Not usable outside of PowerShell
[3.676s] [34mcolcon.colcon_core.event_handler.log_command[0m [1;30mDEBUG[0m [32mInvoking command in 'D:\Shared Folders\Uni\courses\Arm stm\Graduation Project\Autonomous Robotic System\AutonomousRoboticApplication\raspberry_pi\src\ros2_ws\src\py_pkg': PYTHONPATH=D:\Shared Folders\Uni\courses\Arm stm\Graduation Project\Autonomous Robotic System\AutonomousRoboticApplication\raspberry_pi\src\ros2_ws\build\py_pkg\prefix_override;c:\python38\lib\site-packages\colcon_core\task\python\colcon_distutils_commands;D:\Shared Folders\Uni\courses\Arm stm\Graduation Project\Autonomous Robotic System\AutonomousRoboticApplication\raspberry_pi\src\ros2_ws\install\py_pkg\Lib\site-packages;%PYTHONPATH% c:\python38\python.exe -W ignore:setup.py install is deprecated setup.py egg_info --egg-base ..\..\build\py_pkg build --build-base D:\Shared Folders\Uni\courses\Arm stm\Graduation Project\Autonomous Robotic System\AutonomousRoboticApplication\raspberry_pi\src\ros2_ws\build\py_pkg\build install --record D:\Shared Folders\Uni\courses\Arm stm\Graduation Project\Autonomous Robotic System\AutonomousRoboticApplication\raspberry_pi\src\ros2_ws\build\py_pkg\install.log --single-version-externally-managed install_data[0m
[5.232s] [34mcolcon.colcon_core.event_handler.log_command[0m [1;30mDEBUG[0m [32mInvoked command in 'D:\Shared Folders\Uni\courses\Arm stm\Graduation Project\Autonomous Robotic System\AutonomousRoboticApplication\raspberry_pi\src\ros2_ws\src\py_pkg' returned '0': PYTHONPATH=D:\Shared Folders\Uni\courses\Arm stm\Graduation Project\Autonomous Robotic System\AutonomousRoboticApplication\raspberry_pi\src\ros2_ws\build\py_pkg\prefix_override;c:\python38\lib\site-packages\colcon_core\task\python\colcon_distutils_commands;D:\Shared Folders\Uni\courses\Arm stm\Graduation Project\Autonomous Robotic System\AutonomousRoboticApplication\raspberry_pi\src\ros2_ws\install\py_pkg\Lib\site-packages;%PYTHONPATH% c:\python38\python.exe -W ignore:setup.py install is deprecated setup.py egg_info --egg-base ..\..\build\py_pkg build --build-base D:\Shared Folders\Uni\courses\Arm stm\Graduation Project\Autonomous Robotic System\AutonomousRoboticApplication\raspberry_pi\src\ros2_ws\build\py_pkg\build install --record D:\Shared Folders\Uni\courses\Arm stm\Graduation Project\Autonomous Robotic System\AutonomousRoboticApplication\raspberry_pi\src\ros2_ws\build\py_pkg\install.log --single-version-externally-managed install_data[0m
[5.245s] [34mcolcon.colcon_core.environment[0m [1;30mLevel 1[0m checking 'D:\Shared Folders\Uni\courses\Arm stm\Graduation Project\Autonomous Robotic System\AutonomousRoboticApplication\raspberry_pi\src\ros2_ws\install\py_pkg' for CMake module files
[5.249s] [34mcolcon.colcon_core.environment[0m [1;30mLevel 1[0m checking 'D:\Shared Folders\Uni\courses\Arm stm\Graduation Project\Autonomous Robotic System\AutonomousRoboticApplication\raspberry_pi\src\ros2_ws\install\py_pkg' for CMake config files
[5.256s] [34mcolcon.colcon_core.environment[0m [1;30mLevel 1[0m checking 'D:\Shared Folders\Uni\courses\Arm stm\Graduation Project\Autonomous Robotic System\AutonomousRoboticApplication\raspberry_pi\src\ros2_ws\install\py_pkg\bin'
[5.256s] [34mcolcon.colcon_core.environment[0m [1;30mLevel 1[0m checking 'D:\Shared Folders\Uni\courses\Arm stm\Graduation Project\Autonomous Robotic System\AutonomousRoboticApplication\raspberry_pi\src\ros2_ws\install\py_pkg\bin'
[5.257s] [34mcolcon.colcon_core.environment[0m [1;30mLevel 1[0m checking 'D:\Shared Folders\Uni\courses\Arm stm\Graduation Project\Autonomous Robotic System\AutonomousRoboticApplication\raspberry_pi\src\ros2_ws\install\py_pkg\lib\pkgconfig\py_pkg.pc'
[5.257s] [34mcolcon.colcon_core.environment[0m [1;30mLevel 1[0m checking 'D:\Shared Folders\Uni\courses\Arm stm\Graduation Project\Autonomous Robotic System\AutonomousRoboticApplication\raspberry_pi\src\ros2_ws\install\py_pkg\Lib\site-packages'
[5.257s] [34mcolcon.colcon_core.shell[0m [1;30mLevel 1[0m create_environment_hook('py_pkg', 'pythonpath')
[5.258s] [34mcolcon.colcon_core.shell[0m [1;30mINFO[0m Creating environment hook 'D:\Shared Folders\Uni\courses\Arm stm\Graduation Project\Autonomous Robotic System\AutonomousRoboticApplication\raspberry_pi\src\ros2_ws\install\py_pkg\share\py_pkg\hook\pythonpath.ps1'
[5.260s] [34mcolcon.colcon_core.shell[0m [1;30mINFO[0m Creating environment hook 'D:\Shared Folders\Uni\courses\Arm stm\Graduation Project\Autonomous Robotic System\AutonomousRoboticApplication\raspberry_pi\src\ros2_ws\install\py_pkg\share\py_pkg\hook\pythonpath.bat'
[5.262s] [34mcolcon.colcon_core.shell[0m [1;30mINFO[0m Creating environment descriptor 'D:\Shared Folders\Uni\courses\Arm stm\Graduation Project\Autonomous Robotic System\AutonomousRoboticApplication\raspberry_pi\src\ros2_ws\install\py_pkg\share\py_pkg\hook\pythonpath.dsv'
[5.264s] [34mcolcon.colcon_core.environment[0m [1;30mLevel 1[0m checking 'D:\Shared Folders\Uni\courses\Arm stm\Graduation Project\Autonomous Robotic System\AutonomousRoboticApplication\raspberry_pi\src\ros2_ws\install\py_pkg\Scripts'
[5.265s] [34mcolcon.colcon_core.environment[0m [1;30mLevel 1[0m create_environment_scripts_only(py_pkg)
[5.265s] [34mcolcon.colcon_core.shell[0m [1;30mINFO[0m Creating package script 'D:\Shared Folders\Uni\courses\Arm stm\Graduation Project\Autonomous Robotic System\AutonomousRoboticApplication\raspberry_pi\src\ros2_ws\install\py_pkg\share\py_pkg\package.ps1'
[5.269s] [34mcolcon.colcon_core.shell[0m [1;30mINFO[0m Creating package script 'D:\Shared Folders\Uni\courses\Arm stm\Graduation Project\Autonomous Robotic System\AutonomousRoboticApplication\raspberry_pi\src\ros2_ws\install\py_pkg\share\py_pkg\package.bat'
[5.273s] [34mcolcon.colcon_core.shell[0m [1;30mINFO[0m Creating package descriptor 'D:\Shared Folders\Uni\courses\Arm stm\Graduation Project\Autonomous Robotic System\AutonomousRoboticApplication\raspberry_pi\src\ros2_ws\install\py_pkg\share\py_pkg\package.dsv'
[5.276s] [34mcolcon.colcon_core.environment[0m [1;30mLevel 1[0m create_file_with_runtime_dependencies(D:\Shared Folders\Uni\courses\Arm stm\Graduation Project\Autonomous Robotic System\AutonomousRoboticApplication\raspberry_pi\src\ros2_ws\install\py_pkg\share\colcon-core\packages\py_pkg)
[5.278s] [34mcolcon.colcon_parallel_executor.executor.parallel[0m [1;30mDEBUG[0m [32mclosing loop[0m
[5.279s] [34mcolcon.colcon_parallel_executor.executor.parallel[0m [1;30mDEBUG[0m [32mloop closed[0m
[5.279s] [34mcolcon.colcon_parallel_executor.executor.parallel[0m [1;30mDEBUG[0m [32mrun_until_complete finished with '0'[0m
[5.279s] [34mcolcon.colcon_core.event_reactor[0m [1;30mDEBUG[0m [32mjoining thread[0m
[5.287s] [34mcolcon.colcon_core.plugin_system[0m [1;30mINFO[0m Skipping extension 'colcon_notification.desktop_notification.notify2': 'notify2' not found
[5.287s] [34mcolcon.colcon_core.plugin_system[0m [1;30mINFO[0m Skipping extension 'colcon_notification.desktop_notification.notify_send': Not used on non-Linux systems
[5.287s] [34mcolcon.colcon_core.plugin_system[0m [1;30mINFO[0m Skipping extension 'colcon_notification.desktop_notification.terminal_notifier': Not used on non-Darwin systems
[5.287s] [34mcolcon.colcon_notification.desktop_notification[0m [1;30mINFO[0m Sending desktop notification using 'win32'
[10.365s] [34mcolcon.colcon_core.event_reactor[0m [1;30mDEBUG[0m [32mjoined thread[0m
[10.366s] [34mcolcon.colcon_core.shell[0m [1;30mINFO[0m Creating prefix script 'D:\Shared Folders\Uni\courses\Arm stm\Graduation Project\Autonomous Robotic System\AutonomousRoboticApplication\raspberry_pi\src\ros2_ws\install\local_setup.ps1'
[10.371s] [34mcolcon.colcon_core.shell[0m [1;30mINFO[0m Creating prefix util module 'D:\Shared Folders\Uni\courses\Arm stm\Graduation Project\Autonomous Robotic System\AutonomousRoboticApplication\raspberry_pi\src\ros2_ws\install\_local_setup_util_ps1.py'
[10.376s] [34mcolcon.colcon_core.shell[0m [1;30mINFO[0m Creating prefix chain script 'D:\Shared Folders\Uni\courses\Arm stm\Graduation Project\Autonomous Robotic System\AutonomousRoboticApplication\raspberry_pi\src\ros2_ws\install\setup.ps1'
[10.381s] [34mcolcon.colcon_core.shell[0m [1;30mINFO[0m Creating prefix script 'D:\Shared Folders\Uni\courses\Arm stm\Graduation Project\Autonomous Robotic System\AutonomousRoboticApplication\raspberry_pi\src\ros2_ws\install\local_setup.bat'
[10.385s] [34mcolcon.colcon_core.shell[0m [1;30mINFO[0m Creating prefix util module 'D:\Shared Folders\Uni\courses\Arm stm\Graduation Project\Autonomous Robotic System\AutonomousRoboticApplication\raspberry_pi\src\ros2_ws\install\_local_setup_util_bat.py'
[10.388s] [34mcolcon.colcon_core.shell[0m [1;30mINFO[0m Creating prefix chain script 'D:\Shared Folders\Uni\courses\Arm stm\Graduation Project\Autonomous Robotic System\AutonomousRoboticApplication\raspberry_pi\src\ros2_ws\install\setup.bat'
