[2.089s] Invoking command in '/home/aliadel/Documents/Autonomous-Robotic-System/AutonomousRoboticApplication/raspberry_pi/src/ros2_ws/src/py_pkg': PYTHONPATH=/home/aliadel/Documents/Autonomous-Robotic-System/build/py_pkg/prefix_override:/usr/lib/python3/dist-packages/colcon_core/task/python/colcon_distutils_commands:/home/aliadel/Documents/Autonomous-Robotic-System/install/py_pkg/lib/python3.10/site-packages:${PYTHONPATH} /usr/bin/python3 -W ignore:setup.py install is deprecated setup.py egg_info --egg-base ../../../../../../build/py_pkg build --build-base /home/aliadel/Documents/Autonomous-Robotic-System/build/py_pkg/build install --record /home/aliadel/Documents/Autonomous-Robotic-System/build/py_pkg/install.log --single-version-externally-managed install_data
[2.672s] running egg_info
[2.672s] creating ../../../../../../build/py_pkg/py_pkg.egg-info
[2.672s] writing ../../../../../../build/py_pkg/py_pkg.egg-info/PKG-INFO
[2.672s] writing dependency_links to ../../../../../../build/py_pkg/py_pkg.egg-info/dependency_links.txt
[2.672s] writing entry points to ../../../../../../build/py_pkg/py_pkg.egg-info/entry_points.txt
[2.672s] writing requirements to ../../../../../../build/py_pkg/py_pkg.egg-info/requires.txt
[2.672s] writing top-level names to ../../../../../../build/py_pkg/py_pkg.egg-info/top_level.txt
[2.672s] writing manifest file '../../../../../../build/py_pkg/py_pkg.egg-info/SOURCES.txt'
[2.674s] reading manifest file '../../../../../../build/py_pkg/py_pkg.egg-info/SOURCES.txt'
[2.674s] writing manifest file '../../../../../../build/py_pkg/py_pkg.egg-info/SOURCES.txt'
[2.674s] running build
[2.674s] running build_py
[2.676s] creating /home/aliadel/Documents/Autonomous-Robotic-System/build/py_pkg/build
[2.679s] creating /home/aliadel/Documents/Autonomous-Robotic-System/build/py_pkg/build/lib
[2.679s] creating /home/aliadel/Documents/Autonomous-Robotic-System/build/py_pkg/build/lib/py_pkg
[2.680s] copying py_pkg/LiDAR.py -> /home/aliadel/Documents/Autonomous-Robotic-System/build/py_pkg/build/lib/py_pkg
[2.680s] copying py_pkg/station.py -> /home/aliadel/Documents/Autonomous-Robotic-System/build/py_pkg/build/lib/py_pkg
[2.681s] copying py_pkg/__init__.py -> /home/aliadel/Documents/Autonomous-Robotic-System/build/py_pkg/build/lib/py_pkg
[2.681s] running install
[2.681s] running install_lib
[2.681s] creating /home/aliadel/Documents/Autonomous-Robotic-System/install/py_pkg/lib/python3.10/site-packages/py_pkg
[2.681s] copying /home/aliadel/Documents/Autonomous-Robotic-System/build/py_pkg/build/lib/py_pkg/LiDAR.py -> /home/aliadel/Documents/Autonomous-Robotic-System/install/py_pkg/lib/python3.10/site-packages/py_pkg
[2.681s] copying /home/aliadel/Documents/Autonomous-Robotic-System/build/py_pkg/build/lib/py_pkg/station.py -> /home/aliadel/Documents/Autonomous-Robotic-System/install/py_pkg/lib/python3.10/site-packages/py_pkg
[2.681s] copying /home/aliadel/Documents/Autonomous-Robotic-System/build/py_pkg/build/lib/py_pkg/__init__.py -> /home/aliadel/Documents/Autonomous-Robotic-System/install/py_pkg/lib/python3.10/site-packages/py_pkg
[2.681s] byte-compiling /home/aliadel/Documents/Autonomous-Robotic-System/install/py_pkg/lib/python3.10/site-packages/py_pkg/LiDAR.py to LiDAR.cpython-310.pyc
[2.681s] byte-compiling /home/aliadel/Documents/Autonomous-Robotic-System/install/py_pkg/lib/python3.10/site-packages/py_pkg/station.py to station.cpython-310.pyc
[2.683s] byte-compiling /home/aliadel/Documents/Autonomous-Robotic-System/install/py_pkg/lib/python3.10/site-packages/py_pkg/__init__.py to __init__.cpython-310.pyc
[2.683s] running install_data
[2.684s] creating /home/aliadel/Documents/Autonomous-Robotic-System/install/py_pkg/share/ament_index
[2.685s] creating /home/aliadel/Documents/Autonomous-Robotic-System/install/py_pkg/share/ament_index/resource_index
[2.685s] creating /home/aliadel/Documents/Autonomous-Robotic-System/install/py_pkg/share/ament_index/resource_index/packages
[2.685s] copying resource/py_pkg -> /home/aliadel/Documents/Autonomous-Robotic-System/install/py_pkg/share/ament_index/resource_index/packages
[2.687s] copying package.xml -> /home/aliadel/Documents/Autonomous-Robotic-System/install/py_pkg/share/py_pkg
[2.690s] running install_egg_info
[2.693s] Copying ../../../../../../build/py_pkg/py_pkg.egg-info to /home/aliadel/Documents/Autonomous-Robotic-System/install/py_pkg/lib/python3.10/site-packages/py_pkg-0.0.0-py3.10.egg-info
[2.695s] running install_scripts
[2.765s] Installing py_LiDAR script to /home/aliadel/Documents/Autonomous-Robotic-System/install/py_pkg/lib/py_pkg
[2.765s] Installing py_station script to /home/aliadel/Documents/Autonomous-Robotic-System/install/py_pkg/lib/py_pkg
[2.768s] writing list of installed files to '/home/aliadel/Documents/Autonomous-Robotic-System/build/py_pkg/install.log'
[2.817s] Invoked command in '/home/aliadel/Documents/Autonomous-Robotic-System/AutonomousRoboticApplication/raspberry_pi/src/ros2_ws/src/py_pkg' returned '0': PYTHONPATH=/home/aliadel/Documents/Autonomous-Robotic-System/build/py_pkg/prefix_override:/usr/lib/python3/dist-packages/colcon_core/task/python/colcon_distutils_commands:/home/aliadel/Documents/Autonomous-Robotic-System/install/py_pkg/lib/python3.10/site-packages:${PYTHONPATH} /usr/bin/python3 -W ignore:setup.py install is deprecated setup.py egg_info --egg-base ../../../../../../build/py_pkg build --build-base /home/aliadel/Documents/Autonomous-Robotic-System/build/py_pkg/build install --record /home/aliadel/Documents/Autonomous-Robotic-System/build/py_pkg/install.log --single-version-externally-managed install_data
