[0.050s] Invoking command in '/home/aliadel/Documents/Autonomous-Robotic-System/build/cpp_pkg': CMAKE_PREFIX_PATH=${CMAKE_PREFIX_PATH}:/home/aliadel/Documents/Autonomous-Robotic-System/AutonomousRoboticApplication/jetson/ros2_ws/install/py_pkg:/home/aliadel/ros2_ws/install/my_py_pkg:/opt/ros/humble /usr/bin/cmake /home/aliadel/Documents/Autonomous-Robotic-System/AutonomousRoboticApplication/jetson/ros2_ws/src/cpp_pkg -DCMAKE_INSTALL_PREFIX=/home/aliadel/Documents/Autonomous-Robotic-System/install/cpp_pkg
[0.946s] -- The C compiler identification is GNU 11.4.0
[1.895s] -- The CXX compiler identification is GNU 7.5.0
[1.967s] -- Detecting C compiler ABI info
[2.254s] -- Detecting C compiler ABI info - done
[2.265s] -- Check for working C compiler: /usr/bin/cc - skipped
[2.267s] -- Detecting C compile features
[2.287s] -- Detecting C compile features - done
[2.298s] -- Detecting CXX compiler ABI info
[2.473s] -- Detecting CXX compiler ABI info - done
[2.484s] -- Check for working CXX compiler: /usr/bin/c++ - skipped
[2.484s] -- Detecting CXX compile features
[2.485s] -- Detecting CXX compile features - done
[2.551s] -- Found ament_cmake: 1.3.10 (/opt/ros/humble/share/ament_cmake/cmake)
[3.210s] -- Found Python3: /usr/bin/python3 (found version "3.10.12") found components: Interpreter 
[3.497s] -- Found rclcpp: 16.0.10 (/opt/ros/humble/share/rclcpp/cmake)
[3.739s] -- Found rosidl_generator_c: 3.1.5 (/opt/ros/humble/share/rosidl_generator_c/cmake)
[3.760s] -- Found rosidl_adapter: 3.1.5 (/opt/ros/humble/share/rosidl_adapter/cmake)
[3.835s] -- Found rosidl_generator_cpp: 3.1.5 (/opt/ros/humble/share/rosidl_generator_cpp/cmake)
[3.907s] -- Using all available rosidl_typesupport_c: rosidl_typesupport_fastrtps_c;rosidl_typesupport_introspection_c
[3.983s] -- Using all available rosidl_typesupport_cpp: rosidl_typesupport_fastrtps_cpp;rosidl_typesupport_introspection_cpp
[4.297s] -- Found rmw_implementation_cmake: 6.1.2 (/opt/ros/humble/share/rmw_implementation_cmake/cmake)
[4.326s] -- Found rmw_fastrtps_cpp: 6.2.7 (/opt/ros/humble/share/rmw_fastrtps_cpp/cmake)
[4.693s] -- Found OpenSSL: /usr/lib/x86_64-linux-gnu/libcrypto.so (found version "3.0.2")  
[4.791s] -- Found FastRTPS: /opt/ros/humble/include  
[4.871s] -- Using RMW implementation 'rmw_fastrtps_cpp' as default
[4.981s] -- Looking for pthread.h
[5.165s] -- Looking for pthread.h - found
[5.166s] -- Performing Test CMAKE_HAVE_LIBC_PTHREAD
[5.346s] -- Performing Test CMAKE_HAVE_LIBC_PTHREAD - Success
[5.348s] -- Found Threads: TRUE  
[5.755s] -- Configuring done
[5.771s] -- Generating done
[5.775s] -- Build files have been written to: /home/aliadel/Documents/Autonomous-Robotic-System/build/cpp_pkg
