[0.135s] DEBUG:colcon:Command line arguments: ['/usr/bin/colcon', 'build']
[0.135s] DEBUG:colcon:Parsed command line arguments: Namespace(log_base=None, log_level=None, verb_name='build', build_base='build', install_base='install', merge_install=False, symlink_install=False, test_result_base=None, continue_on_error=False, executor='parallel', parallel_workers=8, event_handlers=None, ignore_user_meta=False, metas=['./colcon.meta'], base_paths=['.'], packages_ignore=None, packages_ignore_regex=None, paths=None, packages_up_to=None, packages_up_to_regex=None, packages_above=None, packages_above_and_dependencies=None, packages_above_depth=None, packages_select_by_dep=None, packages_skip_by_dep=None, packages_skip_up_to=None, packages_select_build_failed=False, packages_skip_build_finished=False, packages_select_test_failures=False, packages_skip_test_passed=False, packages_select=None, packages_skip=None, packages_select_regex=None, packages_skip_regex=None, packages_start=None, packages_end=None, allow_overriding=[], cmake_args=None, cmake_target=None, cmake_target_skip_unavailable=False, cmake_clean_cache=False, cmake_clean_first=False, cmake_force_configure=False, ament_cmake_args=None, catkin_cmake_args=None, catkin_skip_building_tests=False, mixin_files=None, mixin=None, verb_parser=<colcon_mixin.mixin.mixin_argument.MixinArgumentDecorator object at 0x70c912036e30>, verb_extension=<colcon_core.verb.build.BuildVerb object at 0x70c912036860>, main=<bound method BuildVerb.main of <colcon_core.verb.build.BuildVerb object at 0x70c912036860>>, mixin_verb=('build',))
[0.222s] Level 1:colcon.colcon_core.package_discovery:discover_packages(colcon_meta) check parameters
[0.222s] Level 1:colcon.colcon_core.package_discovery:discover_packages(recursive) check parameters
[0.222s] Level 1:colcon.colcon_core.package_discovery:discover_packages(ignore) check parameters
[0.222s] Level 1:colcon.colcon_core.package_discovery:discover_packages(path) check parameters
[0.222s] Level 1:colcon.colcon_core.package_discovery:discover_packages(colcon_meta) discover
[0.222s] Level 1:colcon.colcon_core.package_discovery:discover_packages(recursive) discover
[0.222s] INFO:colcon.colcon_core.package_discovery:Crawling recursively for packages in '/home/aliadel/Documents/Autonomous-Robotic-System'
[0.222s] Level 1:colcon.colcon_core.package_identification:_identify(.) by extensions ['ignore', 'ignore_ament_install']
[0.222s] Level 1:colcon.colcon_core.package_identification:_identify(.) by extension 'ignore'
[0.223s] Level 1:colcon.colcon_core.package_identification:_identify(.) by extension 'ignore_ament_install'
[0.223s] Level 1:colcon.colcon_core.package_identification:_identify(.) by extensions ['colcon_pkg']
[0.223s] Level 1:colcon.colcon_core.package_identification:_identify(.) by extension 'colcon_pkg'
[0.223s] Level 1:colcon.colcon_core.package_identification:_identify(.) by extensions ['colcon_meta']
[0.223s] Level 1:colcon.colcon_core.package_identification:_identify(.) by extension 'colcon_meta'
[0.223s] Level 1:colcon.colcon_core.package_identification:_identify(.) by extensions ['ros']
[0.223s] Level 1:colcon.colcon_core.package_identification:_identify(.) by extension 'ros'
[0.227s] Level 1:colcon.colcon_core.package_identification:_identify(.) by extensions ['cmake', 'python']
[0.228s] Level 1:colcon.colcon_core.package_identification:_identify(.) by extension 'cmake'
[0.228s] Level 1:colcon.colcon_core.package_identification:_identify(.) by extension 'python'
[0.228s] Level 1:colcon.colcon_core.package_identification:_identify(.) by extensions ['python_setup_py']
[0.228s] Level 1:colcon.colcon_core.package_identification:_identify(.) by extension 'python_setup_py'
[0.228s] Level 1:colcon.colcon_core.package_identification:_identify(Assets) by extensions ['ignore', 'ignore_ament_install']
[0.228s] Level 1:colcon.colcon_core.package_identification:_identify(Assets) by extension 'ignore'
[0.228s] Level 1:colcon.colcon_core.package_identification:_identify(Assets) by extension 'ignore_ament_install'
[0.228s] Level 1:colcon.colcon_core.package_identification:_identify(Assets) by extensions ['colcon_pkg']
[0.228s] Level 1:colcon.colcon_core.package_identification:_identify(Assets) by extension 'colcon_pkg'
[0.228s] Level 1:colcon.colcon_core.package_identification:_identify(Assets) by extensions ['colcon_meta']
[0.228s] Level 1:colcon.colcon_core.package_identification:_identify(Assets) by extension 'colcon_meta'
[0.228s] Level 1:colcon.colcon_core.package_identification:_identify(Assets) by extensions ['ros']
[0.229s] Level 1:colcon.colcon_core.package_identification:_identify(Assets) by extension 'ros'
[0.229s] Level 1:colcon.colcon_core.package_identification:_identify(Assets) by extensions ['cmake', 'python']
[0.229s] Level 1:colcon.colcon_core.package_identification:_identify(Assets) by extension 'cmake'
[0.229s] Level 1:colcon.colcon_core.package_identification:_identify(Assets) by extension 'python'
[0.229s] Level 1:colcon.colcon_core.package_identification:_identify(Assets) by extensions ['python_setup_py']
[0.229s] Level 1:colcon.colcon_core.package_identification:_identify(Assets) by extension 'python_setup_py'
[0.229s] Level 1:colcon.colcon_core.package_identification:_identify(AutonomousRoboticApplication) by extensions ['ignore', 'ignore_ament_install']
[0.229s] Level 1:colcon.colcon_core.package_identification:_identify(AutonomousRoboticApplication) by extension 'ignore'
[0.229s] Level 1:colcon.colcon_core.package_identification:_identify(AutonomousRoboticApplication) by extension 'ignore_ament_install'
[0.229s] Level 1:colcon.colcon_core.package_identification:_identify(AutonomousRoboticApplication) by extensions ['colcon_pkg']
[0.229s] Level 1:colcon.colcon_core.package_identification:_identify(AutonomousRoboticApplication) by extension 'colcon_pkg'
[0.229s] Level 1:colcon.colcon_core.package_identification:_identify(AutonomousRoboticApplication) by extensions ['colcon_meta']
[0.229s] Level 1:colcon.colcon_core.package_identification:_identify(AutonomousRoboticApplication) by extension 'colcon_meta'
[0.229s] Level 1:colcon.colcon_core.package_identification:_identify(AutonomousRoboticApplication) by extensions ['ros']
[0.229s] Level 1:colcon.colcon_core.package_identification:_identify(AutonomousRoboticApplication) by extension 'ros'
[0.230s] Level 1:colcon.colcon_core.package_identification:_identify(AutonomousRoboticApplication) by extensions ['cmake', 'python']
[0.230s] Level 1:colcon.colcon_core.package_identification:_identify(AutonomousRoboticApplication) by extension 'cmake'
[0.230s] Level 1:colcon.colcon_core.package_identification:_identify(AutonomousRoboticApplication) by extension 'python'
[0.230s] Level 1:colcon.colcon_core.package_identification:_identify(AutonomousRoboticApplication) by extensions ['python_setup_py']
[0.230s] Level 1:colcon.colcon_core.package_identification:_identify(AutonomousRoboticApplication) by extension 'python_setup_py'
[0.230s] Level 1:colcon.colcon_core.package_identification:_identify(AutonomousRoboticApplication/common) by extensions ['ignore', 'ignore_ament_install']
[0.230s] Level 1:colcon.colcon_core.package_identification:_identify(AutonomousRoboticApplication/common) by extension 'ignore'
[0.230s] Level 1:colcon.colcon_core.package_identification:_identify(AutonomousRoboticApplication/common) by extension 'ignore_ament_install'
[0.230s] Level 1:colcon.colcon_core.package_identification:_identify(AutonomousRoboticApplication/common) by extensions ['colcon_pkg']
[0.230s] Level 1:colcon.colcon_core.package_identification:_identify(AutonomousRoboticApplication/common) by extension 'colcon_pkg'
[0.230s] Level 1:colcon.colcon_core.package_identification:_identify(AutonomousRoboticApplication/common) by extensions ['colcon_meta']
[0.231s] Level 1:colcon.colcon_core.package_identification:_identify(AutonomousRoboticApplication/common) by extension 'colcon_meta'
[0.231s] Level 1:colcon.colcon_core.package_identification:_identify(AutonomousRoboticApplication/common) by extensions ['ros']
[0.231s] Level 1:colcon.colcon_core.package_identification:_identify(AutonomousRoboticApplication/common) by extension 'ros'
[0.231s] Level 1:colcon.colcon_core.package_identification:_identify(AutonomousRoboticApplication/common) by extensions ['cmake', 'python']
[0.231s] Level 1:colcon.colcon_core.package_identification:_identify(AutonomousRoboticApplication/common) by extension 'cmake'
[0.231s] Level 1:colcon.colcon_core.package_identification:_identify(AutonomousRoboticApplication/common) by extension 'python'
[0.231s] Level 1:colcon.colcon_core.package_identification:_identify(AutonomousRoboticApplication/common) by extensions ['python_setup_py']
[0.231s] Level 1:colcon.colcon_core.package_identification:_identify(AutonomousRoboticApplication/common) by extension 'python_setup_py'
[0.231s] Level 1:colcon.colcon_core.package_identification:_identify(AutonomousRoboticApplication/common/libraries) by extensions ['ignore', 'ignore_ament_install']
[0.231s] Level 1:colcon.colcon_core.package_identification:_identify(AutonomousRoboticApplication/common/libraries) by extension 'ignore'
[0.231s] Level 1:colcon.colcon_core.package_identification:_identify(AutonomousRoboticApplication/common/libraries) by extension 'ignore_ament_install'
[0.232s] Level 1:colcon.colcon_core.package_identification:_identify(AutonomousRoboticApplication/common/libraries) by extensions ['colcon_pkg']
[0.232s] Level 1:colcon.colcon_core.package_identification:_identify(AutonomousRoboticApplication/common/libraries) by extension 'colcon_pkg'
[0.232s] Level 1:colcon.colcon_core.package_identification:_identify(AutonomousRoboticApplication/common/libraries) by extensions ['colcon_meta']
[0.232s] Level 1:colcon.colcon_core.package_identification:_identify(AutonomousRoboticApplication/common/libraries) by extension 'colcon_meta'
[0.232s] Level 1:colcon.colcon_core.package_identification:_identify(AutonomousRoboticApplication/common/libraries) by extensions ['ros']
[0.232s] Level 1:colcon.colcon_core.package_identification:_identify(AutonomousRoboticApplication/common/libraries) by extension 'ros'
[0.232s] Level 1:colcon.colcon_core.package_identification:_identify(AutonomousRoboticApplication/common/libraries) by extensions ['cmake', 'python']
[0.232s] Level 1:colcon.colcon_core.package_identification:_identify(AutonomousRoboticApplication/common/libraries) by extension 'cmake'
[0.232s] Level 1:colcon.colcon_core.package_identification:_identify(AutonomousRoboticApplication/common/libraries) by extension 'python'
[0.232s] Level 1:colcon.colcon_core.package_identification:_identify(AutonomousRoboticApplication/common/libraries) by extensions ['python_setup_py']
[0.232s] Level 1:colcon.colcon_core.package_identification:_identify(AutonomousRoboticApplication/common/libraries) by extension 'python_setup_py'
[0.232s] Level 1:colcon.colcon_core.package_identification:_identify(AutonomousRoboticApplication/common/utils) by extensions ['ignore', 'ignore_ament_install']
[0.232s] Level 1:colcon.colcon_core.package_identification:_identify(AutonomousRoboticApplication/common/utils) by extension 'ignore'
[0.233s] Level 1:colcon.colcon_core.package_identification:_identify(AutonomousRoboticApplication/common/utils) by extension 'ignore_ament_install'
[0.233s] Level 1:colcon.colcon_core.package_identification:_identify(AutonomousRoboticApplication/common/utils) by extensions ['colcon_pkg']
[0.233s] Level 1:colcon.colcon_core.package_identification:_identify(AutonomousRoboticApplication/common/utils) by extension 'colcon_pkg'
[0.233s] Level 1:colcon.colcon_core.package_identification:_identify(AutonomousRoboticApplication/common/utils) by extensions ['colcon_meta']
[0.233s] Level 1:colcon.colcon_core.package_identification:_identify(AutonomousRoboticApplication/common/utils) by extension 'colcon_meta'
[0.233s] Level 1:colcon.colcon_core.package_identification:_identify(AutonomousRoboticApplication/common/utils) by extensions ['ros']
[0.233s] Level 1:colcon.colcon_core.package_identification:_identify(AutonomousRoboticApplication/common/utils) by extension 'ros'
[0.233s] Level 1:colcon.colcon_core.package_identification:_identify(AutonomousRoboticApplication/common/utils) by extensions ['cmake', 'python']
[0.233s] Level 1:colcon.colcon_core.package_identification:_identify(AutonomousRoboticApplication/common/utils) by extension 'cmake'
[0.233s] Level 1:colcon.colcon_core.package_identification:_identify(AutonomousRoboticApplication/common/utils) by extension 'python'
[0.233s] Level 1:colcon.colcon_core.package_identification:_identify(AutonomousRoboticApplication/common/utils) by extensions ['python_setup_py']
[0.233s] Level 1:colcon.colcon_core.package_identification:_identify(AutonomousRoboticApplication/common/utils) by extension 'python_setup_py'
[0.233s] Level 1:colcon.colcon_core.package_identification:_identify(AutonomousRoboticApplication/jetson) by extensions ['ignore', 'ignore_ament_install']
[0.233s] Level 1:colcon.colcon_core.package_identification:_identify(AutonomousRoboticApplication/jetson) by extension 'ignore'
[0.233s] Level 1:colcon.colcon_core.package_identification:_identify(AutonomousRoboticApplication/jetson) by extension 'ignore_ament_install'
[0.234s] Level 1:colcon.colcon_core.package_identification:_identify(AutonomousRoboticApplication/jetson) by extensions ['colcon_pkg']
[0.234s] Level 1:colcon.colcon_core.package_identification:_identify(AutonomousRoboticApplication/jetson) by extension 'colcon_pkg'
[0.234s] Level 1:colcon.colcon_core.package_identification:_identify(AutonomousRoboticApplication/jetson) by extensions ['colcon_meta']
[0.234s] Level 1:colcon.colcon_core.package_identification:_identify(AutonomousRoboticApplication/jetson) by extension 'colcon_meta'
[0.234s] Level 1:colcon.colcon_core.package_identification:_identify(AutonomousRoboticApplication/jetson) by extensions ['ros']
[0.234s] Level 1:colcon.colcon_core.package_identification:_identify(AutonomousRoboticApplication/jetson) by extension 'ros'
[0.234s] Level 1:colcon.colcon_core.package_identification:_identify(AutonomousRoboticApplication/jetson) by extensions ['cmake', 'python']
[0.234s] Level 1:colcon.colcon_core.package_identification:_identify(AutonomousRoboticApplication/jetson) by extension 'cmake'
[0.234s] Level 1:colcon.colcon_core.package_identification:_identify(AutonomousRoboticApplication/jetson) by extension 'python'
[0.234s] Level 1:colcon.colcon_core.package_identification:_identify(AutonomousRoboticApplication/jetson) by extensions ['python_setup_py']
[0.234s] Level 1:colcon.colcon_core.package_identification:_identify(AutonomousRoboticApplication/jetson) by extension 'python_setup_py'
[0.234s] Level 1:colcon.colcon_core.package_identification:_identify(AutonomousRoboticApplication/jetson/docs) by extensions ['ignore', 'ignore_ament_install']
[0.234s] Level 1:colcon.colcon_core.package_identification:_identify(AutonomousRoboticApplication/jetson/docs) by extension 'ignore'
[0.234s] Level 1:colcon.colcon_core.package_identification:_identify(AutonomousRoboticApplication/jetson/docs) by extension 'ignore_ament_install'
[0.235s] Level 1:colcon.colcon_core.package_identification:_identify(AutonomousRoboticApplication/jetson/docs) by extensions ['colcon_pkg']
[0.235s] Level 1:colcon.colcon_core.package_identification:_identify(AutonomousRoboticApplication/jetson/docs) by extension 'colcon_pkg'
[0.235s] Level 1:colcon.colcon_core.package_identification:_identify(AutonomousRoboticApplication/jetson/docs) by extensions ['colcon_meta']
[0.235s] Level 1:colcon.colcon_core.package_identification:_identify(AutonomousRoboticApplication/jetson/docs) by extension 'colcon_meta'
[0.235s] Level 1:colcon.colcon_core.package_identification:_identify(AutonomousRoboticApplication/jetson/docs) by extensions ['ros']
[0.235s] Level 1:colcon.colcon_core.package_identification:_identify(AutonomousRoboticApplication/jetson/docs) by extension 'ros'
[0.235s] Level 1:colcon.colcon_core.package_identification:_identify(AutonomousRoboticApplication/jetson/docs) by extensions ['cmake', 'python']
[0.235s] Level 1:colcon.colcon_core.package_identification:_identify(AutonomousRoboticApplication/jetson/docs) by extension 'cmake'
[0.235s] Level 1:colcon.colcon_core.package_identification:_identify(AutonomousRoboticApplication/jetson/docs) by extension 'python'
[0.235s] Level 1:colcon.colcon_core.package_identification:_identify(AutonomousRoboticApplication/jetson/docs) by extensions ['python_setup_py']
[0.235s] Level 1:colcon.colcon_core.package_identification:_identify(AutonomousRoboticApplication/jetson/docs) by extension 'python_setup_py'
[0.235s] Level 1:colcon.colcon_core.package_identification:_identify(AutonomousRoboticApplication/jetson/ros2_ws) by extensions ['ignore', 'ignore_ament_install']
[0.235s] Level 1:colcon.colcon_core.package_identification:_identify(AutonomousRoboticApplication/jetson/ros2_ws) by extension 'ignore'
[0.235s] Level 1:colcon.colcon_core.package_identification:_identify(AutonomousRoboticApplication/jetson/ros2_ws) by extension 'ignore_ament_install'
[0.235s] Level 1:colcon.colcon_core.package_identification:_identify(AutonomousRoboticApplication/jetson/ros2_ws) by extensions ['colcon_pkg']
[0.235s] Level 1:colcon.colcon_core.package_identification:_identify(AutonomousRoboticApplication/jetson/ros2_ws) by extension 'colcon_pkg'
[0.236s] Level 1:colcon.colcon_core.package_identification:_identify(AutonomousRoboticApplication/jetson/ros2_ws) by extensions ['colcon_meta']
[0.236s] Level 1:colcon.colcon_core.package_identification:_identify(AutonomousRoboticApplication/jetson/ros2_ws) by extension 'colcon_meta'
[0.236s] Level 1:colcon.colcon_core.package_identification:_identify(AutonomousRoboticApplication/jetson/ros2_ws) by extensions ['ros']
[0.236s] Level 1:colcon.colcon_core.package_identification:_identify(AutonomousRoboticApplication/jetson/ros2_ws) by extension 'ros'
[0.236s] Level 1:colcon.colcon_core.package_identification:_identify(AutonomousRoboticApplication/jetson/ros2_ws) by extensions ['cmake', 'python']
[0.236s] Level 1:colcon.colcon_core.package_identification:_identify(AutonomousRoboticApplication/jetson/ros2_ws) by extension 'cmake'
[0.236s] Level 1:colcon.colcon_core.package_identification:_identify(AutonomousRoboticApplication/jetson/ros2_ws) by extension 'python'
[0.236s] Level 1:colcon.colcon_core.package_identification:_identify(AutonomousRoboticApplication/jetson/ros2_ws) by extensions ['python_setup_py']
[0.236s] Level 1:colcon.colcon_core.package_identification:_identify(AutonomousRoboticApplication/jetson/ros2_ws) by extension 'python_setup_py'
[0.236s] Level 1:colcon.colcon_core.package_identification:_identify(AutonomousRoboticApplication/jetson/ros2_ws/build) by extensions ['ignore', 'ignore_ament_install']
[0.236s] Level 1:colcon.colcon_core.package_identification:_identify(AutonomousRoboticApplication/jetson/ros2_ws/build) by extension 'ignore'
[0.236s] Level 1:colcon.colcon_core.package_identification:_identify(AutonomousRoboticApplication/jetson/ros2_ws/build) ignored
[0.237s] Level 1:colcon.colcon_core.package_identification:_identify(AutonomousRoboticApplication/jetson/ros2_ws/install) by extensions ['ignore', 'ignore_ament_install']
[0.237s] Level 1:colcon.colcon_core.package_identification:_identify(AutonomousRoboticApplication/jetson/ros2_ws/install) by extension 'ignore'
[0.237s] Level 1:colcon.colcon_core.package_identification:_identify(AutonomousRoboticApplication/jetson/ros2_ws/install) ignored
[0.237s] Level 1:colcon.colcon_core.package_identification:_identify(AutonomousRoboticApplication/jetson/ros2_ws/log) by extensions ['ignore', 'ignore_ament_install']
[0.238s] Level 1:colcon.colcon_core.package_identification:_identify(AutonomousRoboticApplication/jetson/ros2_ws/log) by extension 'ignore'
[0.238s] Level 1:colcon.colcon_core.package_identification:_identify(AutonomousRoboticApplication/jetson/ros2_ws/log) ignored
[0.238s] Level 1:colcon.colcon_core.package_identification:_identify(AutonomousRoboticApplication/jetson/ros2_ws/src) by extensions ['ignore', 'ignore_ament_install']
[0.238s] Level 1:colcon.colcon_core.package_identification:_identify(AutonomousRoboticApplication/jetson/ros2_ws/src) by extension 'ignore'
[0.238s] Level 1:colcon.colcon_core.package_identification:_identify(AutonomousRoboticApplication/jetson/ros2_ws/src) by extension 'ignore_ament_install'
[0.238s] Level 1:colcon.colcon_core.package_identification:_identify(AutonomousRoboticApplication/jetson/ros2_ws/src) by extensions ['colcon_pkg']
[0.238s] Level 1:colcon.colcon_core.package_identification:_identify(AutonomousRoboticApplication/jetson/ros2_ws/src) by extension 'colcon_pkg'
[0.238s] Level 1:colcon.colcon_core.package_identification:_identify(AutonomousRoboticApplication/jetson/ros2_ws/src) by extensions ['colcon_meta']
[0.238s] Level 1:colcon.colcon_core.package_identification:_identify(AutonomousRoboticApplication/jetson/ros2_ws/src) by extension 'colcon_meta'
[0.238s] Level 1:colcon.colcon_core.package_identification:_identify(AutonomousRoboticApplication/jetson/ros2_ws/src) by extensions ['ros']
[0.239s] Level 1:colcon.colcon_core.package_identification:_identify(AutonomousRoboticApplication/jetson/ros2_ws/src) by extension 'ros'
[0.239s] Level 1:colcon.colcon_core.package_identification:_identify(AutonomousRoboticApplication/jetson/ros2_ws/src) by extensions ['cmake', 'python']
[0.239s] Level 1:colcon.colcon_core.package_identification:_identify(AutonomousRoboticApplication/jetson/ros2_ws/src) by extension 'cmake'
[0.239s] Level 1:colcon.colcon_core.package_identification:_identify(AutonomousRoboticApplication/jetson/ros2_ws/src) by extension 'python'
[0.239s] Level 1:colcon.colcon_core.package_identification:_identify(AutonomousRoboticApplication/jetson/ros2_ws/src) by extensions ['python_setup_py']
[0.239s] Level 1:colcon.colcon_core.package_identification:_identify(AutonomousRoboticApplication/jetson/ros2_ws/src) by extension 'python_setup_py'
[0.239s] Level 1:colcon.colcon_core.package_identification:_identify(AutonomousRoboticApplication/jetson/ros2_ws/src/build) by extensions ['ignore', 'ignore_ament_install']
[0.239s] Level 1:colcon.colcon_core.package_identification:_identify(AutonomousRoboticApplication/jetson/ros2_ws/src/build) by extension 'ignore'
[0.239s] Level 1:colcon.colcon_core.package_identification:_identify(AutonomousRoboticApplication/jetson/ros2_ws/src/build) ignored
[0.239s] Level 1:colcon.colcon_core.package_identification:_identify(AutonomousRoboticApplication/jetson/ros2_ws/src/cpp_pkg) by extensions ['ignore', 'ignore_ament_install']
[0.239s] Level 1:colcon.colcon_core.package_identification:_identify(AutonomousRoboticApplication/jetson/ros2_ws/src/cpp_pkg) by extension 'ignore'
[0.240s] Level 1:colcon.colcon_core.package_identification:_identify(AutonomousRoboticApplication/jetson/ros2_ws/src/cpp_pkg) by extension 'ignore_ament_install'
[0.240s] Level 1:colcon.colcon_core.package_identification:_identify(AutonomousRoboticApplication/jetson/ros2_ws/src/cpp_pkg) by extensions ['colcon_pkg']
[0.240s] Level 1:colcon.colcon_core.package_identification:_identify(AutonomousRoboticApplication/jetson/ros2_ws/src/cpp_pkg) by extension 'colcon_pkg'
[0.240s] Level 1:colcon.colcon_core.package_identification:_identify(AutonomousRoboticApplication/jetson/ros2_ws/src/cpp_pkg) by extensions ['colcon_meta']
[0.240s] Level 1:colcon.colcon_core.package_identification:_identify(AutonomousRoboticApplication/jetson/ros2_ws/src/cpp_pkg) by extension 'colcon_meta'
[0.240s] Level 1:colcon.colcon_core.package_identification:_identify(AutonomousRoboticApplication/jetson/ros2_ws/src/cpp_pkg) by extensions ['ros']
[0.240s] Level 1:colcon.colcon_core.package_identification:_identify(AutonomousRoboticApplication/jetson/ros2_ws/src/cpp_pkg) by extension 'ros'
[0.243s] DEBUG:colcon.colcon_core.package_identification:Package 'AutonomousRoboticApplication/jetson/ros2_ws/src/cpp_pkg' with type 'ros.ament_cmake' and name 'cpp_pkg'
[0.243s] Level 1:colcon.colcon_core.package_identification:_identify(AutonomousRoboticApplication/jetson/ros2_ws/src/install) by extensions ['ignore', 'ignore_ament_install']
[0.243s] Level 1:colcon.colcon_core.package_identification:_identify(AutonomousRoboticApplication/jetson/ros2_ws/src/install) by extension 'ignore'
[0.243s] Level 1:colcon.colcon_core.package_identification:_identify(AutonomousRoboticApplication/jetson/ros2_ws/src/install) ignored
[0.244s] Level 1:colcon.colcon_core.package_identification:_identify(AutonomousRoboticApplication/jetson/ros2_ws/src/log) by extensions ['ignore', 'ignore_ament_install']
[0.244s] Level 1:colcon.colcon_core.package_identification:_identify(AutonomousRoboticApplication/jetson/ros2_ws/src/log) by extension 'ignore'
[0.244s] Level 1:colcon.colcon_core.package_identification:_identify(AutonomousRoboticApplication/jetson/ros2_ws/src/log) ignored
[0.244s] Level 1:colcon.colcon_core.package_identification:_identify(AutonomousRoboticApplication/jetson/ros2_ws/src/py_pkg) by extensions ['ignore', 'ignore_ament_install']
[0.244s] Level 1:colcon.colcon_core.package_identification:_identify(AutonomousRoboticApplication/jetson/ros2_ws/src/py_pkg) by extension 'ignore'
[0.245s] Level 1:colcon.colcon_core.package_identification:_identify(AutonomousRoboticApplication/jetson/ros2_ws/src/py_pkg) by extension 'ignore_ament_install'
[0.245s] Level 1:colcon.colcon_core.package_identification:_identify(AutonomousRoboticApplication/jetson/ros2_ws/src/py_pkg) by extensions ['colcon_pkg']
[0.245s] Level 1:colcon.colcon_core.package_identification:_identify(AutonomousRoboticApplication/jetson/ros2_ws/src/py_pkg) by extension 'colcon_pkg'
[0.245s] Level 1:colcon.colcon_core.package_identification:_identify(AutonomousRoboticApplication/jetson/ros2_ws/src/py_pkg) by extensions ['colcon_meta']
[0.245s] Level 1:colcon.colcon_core.package_identification:_identify(AutonomousRoboticApplication/jetson/ros2_ws/src/py_pkg) by extension 'colcon_meta'
[0.245s] Level 1:colcon.colcon_core.package_identification:_identify(AutonomousRoboticApplication/jetson/ros2_ws/src/py_pkg) by extensions ['ros']
[0.245s] Level 1:colcon.colcon_core.package_identification:_identify(AutonomousRoboticApplication/jetson/ros2_ws/src/py_pkg) by extension 'ros'
[0.246s] DEBUG:colcon.colcon_core.package_identification:Package 'AutonomousRoboticApplication/jetson/ros2_ws/src/py_pkg' with type 'ros.ament_python' and name 'py_pkg'
[0.246s] Level 1:colcon.colcon_core.package_identification:_identify(AutonomousRoboticApplication/jetson/tests) by extensions ['ignore', 'ignore_ament_install']
[0.246s] Level 1:colcon.colcon_core.package_identification:_identify(AutonomousRoboticApplication/jetson/tests) by extension 'ignore'
[0.246s] Level 1:colcon.colcon_core.package_identification:_identify(AutonomousRoboticApplication/jetson/tests) by extension 'ignore_ament_install'
[0.246s] Level 1:colcon.colcon_core.package_identification:_identify(AutonomousRoboticApplication/jetson/tests) by extensions ['colcon_pkg']
[0.246s] Level 1:colcon.colcon_core.package_identification:_identify(AutonomousRoboticApplication/jetson/tests) by extension 'colcon_pkg'
[0.246s] Level 1:colcon.colcon_core.package_identification:_identify(AutonomousRoboticApplication/jetson/tests) by extensions ['colcon_meta']
[0.246s] Level 1:colcon.colcon_core.package_identification:_identify(AutonomousRoboticApplication/jetson/tests) by extension 'colcon_meta'
[0.247s] Level 1:colcon.colcon_core.package_identification:_identify(AutonomousRoboticApplication/jetson/tests) by extensions ['ros']
[0.247s] Level 1:colcon.colcon_core.package_identification:_identify(AutonomousRoboticApplication/jetson/tests) by extension 'ros'
[0.247s] Level 1:colcon.colcon_core.package_identification:_identify(AutonomousRoboticApplication/jetson/tests) by extensions ['cmake', 'python']
[0.247s] Level 1:colcon.colcon_core.package_identification:_identify(AutonomousRoboticApplication/jetson/tests) by extension 'cmake'
[0.247s] Level 1:colcon.colcon_core.package_identification:_identify(AutonomousRoboticApplication/jetson/tests) by extension 'python'
[0.247s] Level 1:colcon.colcon_core.package_identification:_identify(AutonomousRoboticApplication/jetson/tests) by extensions ['python_setup_py']
[0.247s] Level 1:colcon.colcon_core.package_identification:_identify(AutonomousRoboticApplication/jetson/tests) by extension 'python_setup_py'
[0.247s] Level 1:colcon.colcon_core.package_identification:_identify(AutonomousRoboticApplication/tivac) by extensions ['ignore', 'ignore_ament_install']
[0.247s] Level 1:colcon.colcon_core.package_identification:_identify(AutonomousRoboticApplication/tivac) by extension 'ignore'
[0.247s] Level 1:colcon.colcon_core.package_identification:_identify(AutonomousRoboticApplication/tivac) by extension 'ignore_ament_install'
[0.247s] Level 1:colcon.colcon_core.package_identification:_identify(AutonomousRoboticApplication/tivac) by extensions ['colcon_pkg']
[0.247s] Level 1:colcon.colcon_core.package_identification:_identify(AutonomousRoboticApplication/tivac) by extension 'colcon_pkg'
[0.247s] Level 1:colcon.colcon_core.package_identification:_identify(AutonomousRoboticApplication/tivac) by extensions ['colcon_meta']
[0.247s] Level 1:colcon.colcon_core.package_identification:_identify(AutonomousRoboticApplication/tivac) by extension 'colcon_meta'
[0.247s] Level 1:colcon.colcon_core.package_identification:_identify(AutonomousRoboticApplication/tivac) by extensions ['ros']
[0.247s] Level 1:colcon.colcon_core.package_identification:_identify(AutonomousRoboticApplication/tivac) by extension 'ros'
[0.248s] Level 1:colcon.colcon_core.package_identification:_identify(AutonomousRoboticApplication/tivac) by extensions ['cmake', 'python']
[0.248s] Level 1:colcon.colcon_core.package_identification:_identify(AutonomousRoboticApplication/tivac) by extension 'cmake'
[0.248s] Level 1:colcon.colcon_core.package_identification:_identify(AutonomousRoboticApplication/tivac) by extension 'python'
[0.248s] Level 1:colcon.colcon_core.package_identification:_identify(AutonomousRoboticApplication/tivac) by extensions ['python_setup_py']
[0.248s] Level 1:colcon.colcon_core.package_identification:_identify(AutonomousRoboticApplication/tivac) by extension 'python_setup_py'
[0.248s] Level 1:colcon.colcon_core.package_identification:_identify(AutonomousRoboticApplication/tivac/Makefile) by extensions ['ignore', 'ignore_ament_install']
[0.248s] Level 1:colcon.colcon_core.package_identification:_identify(AutonomousRoboticApplication/tivac/Makefile) by extension 'ignore'
[0.248s] Level 1:colcon.colcon_core.package_identification:_identify(AutonomousRoboticApplication/tivac/Makefile) by extension 'ignore_ament_install'
[0.248s] Level 1:colcon.colcon_core.package_identification:_identify(AutonomousRoboticApplication/tivac/Makefile) by extensions ['colcon_pkg']
[0.248s] Level 1:colcon.colcon_core.package_identification:_identify(AutonomousRoboticApplication/tivac/Makefile) by extension 'colcon_pkg'
[0.248s] Level 1:colcon.colcon_core.package_identification:_identify(AutonomousRoboticApplication/tivac/Makefile) by extensions ['colcon_meta']
[0.248s] Level 1:colcon.colcon_core.package_identification:_identify(AutonomousRoboticApplication/tivac/Makefile) by extension 'colcon_meta'
[0.248s] Level 1:colcon.colcon_core.package_identification:_identify(AutonomousRoboticApplication/tivac/Makefile) by extensions ['ros']
[0.248s] Level 1:colcon.colcon_core.package_identification:_identify(AutonomousRoboticApplication/tivac/Makefile) by extension 'ros'
[0.249s] Level 1:colcon.colcon_core.package_identification:_identify(AutonomousRoboticApplication/tivac/Makefile) by extensions ['cmake', 'python']
[0.249s] Level 1:colcon.colcon_core.package_identification:_identify(AutonomousRoboticApplication/tivac/Makefile) by extension 'cmake'
[0.249s] Level 1:colcon.colcon_core.package_identification:_identify(AutonomousRoboticApplication/tivac/Makefile) by extension 'python'
[0.249s] Level 1:colcon.colcon_core.package_identification:_identify(AutonomousRoboticApplication/tivac/Makefile) by extensions ['python_setup_py']
[0.249s] Level 1:colcon.colcon_core.package_identification:_identify(AutonomousRoboticApplication/tivac/Makefile) by extension 'python_setup_py'
[0.249s] Level 1:colcon.colcon_core.package_identification:_identify(AutonomousRoboticApplication/tivac/docs) by extensions ['ignore', 'ignore_ament_install']
[0.249s] Level 1:colcon.colcon_core.package_identification:_identify(AutonomousRoboticApplication/tivac/docs) by extension 'ignore'
[0.249s] Level 1:colcon.colcon_core.package_identification:_identify(AutonomousRoboticApplication/tivac/docs) by extension 'ignore_ament_install'
[0.249s] Level 1:colcon.colcon_core.package_identification:_identify(AutonomousRoboticApplication/tivac/docs) by extensions ['colcon_pkg']
[0.249s] Level 1:colcon.colcon_core.package_identification:_identify(AutonomousRoboticApplication/tivac/docs) by extension 'colcon_pkg'
[0.249s] Level 1:colcon.colcon_core.package_identification:_identify(AutonomousRoboticApplication/tivac/docs) by extensions ['colcon_meta']
[0.249s] Level 1:colcon.colcon_core.package_identification:_identify(AutonomousRoboticApplication/tivac/docs) by extension 'colcon_meta'
[0.249s] Level 1:colcon.colcon_core.package_identification:_identify(AutonomousRoboticApplication/tivac/docs) by extensions ['ros']
[0.249s] Level 1:colcon.colcon_core.package_identification:_identify(AutonomousRoboticApplication/tivac/docs) by extension 'ros'
[0.250s] Level 1:colcon.colcon_core.package_identification:_identify(AutonomousRoboticApplication/tivac/docs) by extensions ['cmake', 'python']
[0.250s] Level 1:colcon.colcon_core.package_identification:_identify(AutonomousRoboticApplication/tivac/docs) by extension 'cmake'
[0.250s] Level 1:colcon.colcon_core.package_identification:_identify(AutonomousRoboticApplication/tivac/docs) by extension 'python'
[0.250s] Level 1:colcon.colcon_core.package_identification:_identify(AutonomousRoboticApplication/tivac/docs) by extensions ['python_setup_py']
[0.250s] Level 1:colcon.colcon_core.package_identification:_identify(AutonomousRoboticApplication/tivac/docs) by extension 'python_setup_py'
[0.250s] Level 1:colcon.colcon_core.package_identification:_identify(AutonomousRoboticApplication/tivac/src) by extensions ['ignore', 'ignore_ament_install']
[0.250s] Level 1:colcon.colcon_core.package_identification:_identify(AutonomousRoboticApplication/tivac/src) by extension 'ignore'
[0.250s] Level 1:colcon.colcon_core.package_identification:_identify(AutonomousRoboticApplication/tivac/src) by extension 'ignore_ament_install'
[0.250s] Level 1:colcon.colcon_core.package_identification:_identify(AutonomousRoboticApplication/tivac/src) by extensions ['colcon_pkg']
[0.250s] Level 1:colcon.colcon_core.package_identification:_identify(AutonomousRoboticApplication/tivac/src) by extension 'colcon_pkg'
[0.250s] Level 1:colcon.colcon_core.package_identification:_identify(AutonomousRoboticApplication/tivac/src) by extensions ['colcon_meta']
[0.250s] Level 1:colcon.colcon_core.package_identification:_identify(AutonomousRoboticApplication/tivac/src) by extension 'colcon_meta'
[0.250s] Level 1:colcon.colcon_core.package_identification:_identify(AutonomousRoboticApplication/tivac/src) by extensions ['ros']
[0.250s] Level 1:colcon.colcon_core.package_identification:_identify(AutonomousRoboticApplication/tivac/src) by extension 'ros'
[0.250s] Level 1:colcon.colcon_core.package_identification:_identify(AutonomousRoboticApplication/tivac/src) by extensions ['cmake', 'python']
[0.250s] Level 1:colcon.colcon_core.package_identification:_identify(AutonomousRoboticApplication/tivac/src) by extension 'cmake'
[0.250s] Level 1:colcon.colcon_core.package_identification:_identify(AutonomousRoboticApplication/tivac/src) by extension 'python'
[0.251s] Level 1:colcon.colcon_core.package_identification:_identify(AutonomousRoboticApplication/tivac/src) by extensions ['python_setup_py']
[0.251s] Level 1:colcon.colcon_core.package_identification:_identify(AutonomousRoboticApplication/tivac/src) by extension 'python_setup_py'
[0.251s] Level 1:colcon.colcon_core.package_identification:_identify(AutonomousRoboticApplication/tivac/tests) by extensions ['ignore', 'ignore_ament_install']
[0.251s] Level 1:colcon.colcon_core.package_identification:_identify(AutonomousRoboticApplication/tivac/tests) by extension 'ignore'
[0.251s] Level 1:colcon.colcon_core.package_identification:_identify(AutonomousRoboticApplication/tivac/tests) by extension 'ignore_ament_install'
[0.251s] Level 1:colcon.colcon_core.package_identification:_identify(AutonomousRoboticApplication/tivac/tests) by extensions ['colcon_pkg']
[0.251s] Level 1:colcon.colcon_core.package_identification:_identify(AutonomousRoboticApplication/tivac/tests) by extension 'colcon_pkg'
[0.251s] Level 1:colcon.colcon_core.package_identification:_identify(AutonomousRoboticApplication/tivac/tests) by extensions ['colcon_meta']
[0.251s] Level 1:colcon.colcon_core.package_identification:_identify(AutonomousRoboticApplication/tivac/tests) by extension 'colcon_meta'
[0.251s] Level 1:colcon.colcon_core.package_identification:_identify(AutonomousRoboticApplication/tivac/tests) by extensions ['ros']
[0.252s] Level 1:colcon.colcon_core.package_identification:_identify(AutonomousRoboticApplication/tivac/tests) by extension 'ros'
[0.252s] Level 1:colcon.colcon_core.package_identification:_identify(AutonomousRoboticApplication/tivac/tests) by extensions ['cmake', 'python']
[0.252s] Level 1:colcon.colcon_core.package_identification:_identify(AutonomousRoboticApplication/tivac/tests) by extension 'cmake'
[0.252s] Level 1:colcon.colcon_core.package_identification:_identify(AutonomousRoboticApplication/tivac/tests) by extension 'python'
[0.252s] Level 1:colcon.colcon_core.package_identification:_identify(AutonomousRoboticApplication/tivac/tests) by extensions ['python_setup_py']
[0.252s] Level 1:colcon.colcon_core.package_identification:_identify(AutonomousRoboticApplication/tivac/tests) by extension 'python_setup_py'
[0.252s] Level 1:colcon.colcon_core.package_identification:_identify(Config) by extensions ['ignore', 'ignore_ament_install']
[0.252s] Level 1:colcon.colcon_core.package_identification:_identify(Config) by extension 'ignore'
[0.252s] Level 1:colcon.colcon_core.package_identification:_identify(Config) by extension 'ignore_ament_install'
[0.252s] Level 1:colcon.colcon_core.package_identification:_identify(Config) by extensions ['colcon_pkg']
[0.253s] Level 1:colcon.colcon_core.package_identification:_identify(Config) by extension 'colcon_pkg'
[0.253s] Level 1:colcon.colcon_core.package_identification:_identify(Config) by extensions ['colcon_meta']
[0.253s] Level 1:colcon.colcon_core.package_identification:_identify(Config) by extension 'colcon_meta'
[0.253s] Level 1:colcon.colcon_core.package_identification:_identify(Config) by extensions ['ros']
[0.253s] Level 1:colcon.colcon_core.package_identification:_identify(Config) by extension 'ros'
[0.253s] Level 1:colcon.colcon_core.package_identification:_identify(Config) by extensions ['cmake', 'python']
[0.253s] Level 1:colcon.colcon_core.package_identification:_identify(Config) by extension 'cmake'
[0.253s] Level 1:colcon.colcon_core.package_identification:_identify(Config) by extension 'python'
[0.253s] Level 1:colcon.colcon_core.package_identification:_identify(Config) by extensions ['python_setup_py']
[0.253s] Level 1:colcon.colcon_core.package_identification:_identify(Config) by extension 'python_setup_py'
[0.253s] Level 1:colcon.colcon_core.package_identification:_identify(Docs) by extensions ['ignore', 'ignore_ament_install']
[0.253s] Level 1:colcon.colcon_core.package_identification:_identify(Docs) by extension 'ignore'
[0.253s] Level 1:colcon.colcon_core.package_identification:_identify(Docs) by extension 'ignore_ament_install'
[0.253s] Level 1:colcon.colcon_core.package_identification:_identify(Docs) by extensions ['colcon_pkg']
[0.253s] Level 1:colcon.colcon_core.package_identification:_identify(Docs) by extension 'colcon_pkg'
[0.254s] Level 1:colcon.colcon_core.package_identification:_identify(Docs) by extensions ['colcon_meta']
[0.254s] Level 1:colcon.colcon_core.package_identification:_identify(Docs) by extension 'colcon_meta'
[0.254s] Level 1:colcon.colcon_core.package_identification:_identify(Docs) by extensions ['ros']
[0.254s] Level 1:colcon.colcon_core.package_identification:_identify(Docs) by extension 'ros'
[0.254s] Level 1:colcon.colcon_core.package_identification:_identify(Docs) by extensions ['cmake', 'python']
[0.254s] Level 1:colcon.colcon_core.package_identification:_identify(Docs) by extension 'cmake'
[0.254s] Level 1:colcon.colcon_core.package_identification:_identify(Docs) by extension 'python'
[0.254s] Level 1:colcon.colcon_core.package_identification:_identify(Docs) by extensions ['python_setup_py']
[0.254s] Level 1:colcon.colcon_core.package_identification:_identify(Docs) by extension 'python_setup_py'
[0.254s] Level 1:colcon.colcon_core.package_identification:_identify(Reports) by extensions ['ignore', 'ignore_ament_install']
[0.254s] Level 1:colcon.colcon_core.package_identification:_identify(Reports) by extension 'ignore'
[0.254s] Level 1:colcon.colcon_core.package_identification:_identify(Reports) by extension 'ignore_ament_install'
[0.254s] Level 1:colcon.colcon_core.package_identification:_identify(Reports) by extensions ['colcon_pkg']
[0.254s] Level 1:colcon.colcon_core.package_identification:_identify(Reports) by extension 'colcon_pkg'
[0.254s] Level 1:colcon.colcon_core.package_identification:_identify(Reports) by extensions ['colcon_meta']
[0.255s] Level 1:colcon.colcon_core.package_identification:_identify(Reports) by extension 'colcon_meta'
[0.255s] Level 1:colcon.colcon_core.package_identification:_identify(Reports) by extensions ['ros']
[0.255s] Level 1:colcon.colcon_core.package_identification:_identify(Reports) by extension 'ros'
[0.255s] Level 1:colcon.colcon_core.package_identification:_identify(Reports) by extensions ['cmake', 'python']
[0.255s] Level 1:colcon.colcon_core.package_identification:_identify(Reports) by extension 'cmake'
[0.255s] Level 1:colcon.colcon_core.package_identification:_identify(Reports) by extension 'python'
[0.255s] Level 1:colcon.colcon_core.package_identification:_identify(Reports) by extensions ['python_setup_py']
[0.255s] Level 1:colcon.colcon_core.package_identification:_identify(Reports) by extension 'python_setup_py'
[0.255s] Level 1:colcon.colcon_core.package_identification:_identify(Tests) by extensions ['ignore', 'ignore_ament_install']
[0.255s] Level 1:colcon.colcon_core.package_identification:_identify(Tests) by extension 'ignore'
[0.255s] Level 1:colcon.colcon_core.package_identification:_identify(Tests) by extension 'ignore_ament_install'
[0.255s] Level 1:colcon.colcon_core.package_identification:_identify(Tests) by extensions ['colcon_pkg']
[0.255s] Level 1:colcon.colcon_core.package_identification:_identify(Tests) by extension 'colcon_pkg'
[0.255s] Level 1:colcon.colcon_core.package_identification:_identify(Tests) by extensions ['colcon_meta']
[0.255s] Level 1:colcon.colcon_core.package_identification:_identify(Tests) by extension 'colcon_meta'
[0.255s] Level 1:colcon.colcon_core.package_identification:_identify(Tests) by extensions ['ros']
[0.256s] Level 1:colcon.colcon_core.package_identification:_identify(Tests) by extension 'ros'
[0.256s] Level 1:colcon.colcon_core.package_identification:_identify(Tests) by extensions ['cmake', 'python']
[0.256s] Level 1:colcon.colcon_core.package_identification:_identify(Tests) by extension 'cmake'
[0.256s] Level 1:colcon.colcon_core.package_identification:_identify(Tests) by extension 'python'
[0.256s] Level 1:colcon.colcon_core.package_identification:_identify(Tests) by extensions ['python_setup_py']
[0.256s] Level 1:colcon.colcon_core.package_identification:_identify(Tests) by extension 'python_setup_py'
[0.256s] Level 1:colcon.colcon_core.package_identification:_identify(Tools) by extensions ['ignore', 'ignore_ament_install']
[0.256s] Level 1:colcon.colcon_core.package_identification:_identify(Tools) by extension 'ignore'
[0.256s] Level 1:colcon.colcon_core.package_identification:_identify(Tools) by extension 'ignore_ament_install'
[0.256s] Level 1:colcon.colcon_core.package_identification:_identify(Tools) by extensions ['colcon_pkg']
[0.256s] Level 1:colcon.colcon_core.package_identification:_identify(Tools) by extension 'colcon_pkg'
[0.256s] Level 1:colcon.colcon_core.package_identification:_identify(Tools) by extensions ['colcon_meta']
[0.256s] Level 1:colcon.colcon_core.package_identification:_identify(Tools) by extension 'colcon_meta'
[0.256s] Level 1:colcon.colcon_core.package_identification:_identify(Tools) by extensions ['ros']
[0.256s] Level 1:colcon.colcon_core.package_identification:_identify(Tools) by extension 'ros'
[0.257s] Level 1:colcon.colcon_core.package_identification:_identify(Tools) by extensions ['cmake', 'python']
[0.257s] Level 1:colcon.colcon_core.package_identification:_identify(Tools) by extension 'cmake'
[0.257s] Level 1:colcon.colcon_core.package_identification:_identify(Tools) by extension 'python'
[0.257s] Level 1:colcon.colcon_core.package_identification:_identify(Tools) by extensions ['python_setup_py']
[0.257s] Level 1:colcon.colcon_core.package_identification:_identify(Tools) by extension 'python_setup_py'
[0.257s] Level 1:colcon.colcon_core.package_identification:_identify(build) by extensions ['ignore', 'ignore_ament_install']
[0.257s] Level 1:colcon.colcon_core.package_identification:_identify(build) by extension 'ignore'
[0.257s] Level 1:colcon.colcon_core.package_identification:_identify(build) ignored
[0.257s] Level 1:colcon.colcon_core.package_identification:_identify(install) by extensions ['ignore', 'ignore_ament_install']
[0.258s] Level 1:colcon.colcon_core.package_identification:_identify(install) by extension 'ignore'
[0.258s] Level 1:colcon.colcon_core.package_identification:_identify(install) ignored
[0.258s] Level 1:colcon.colcon_core.package_identification:_identify(log) by extensions ['ignore', 'ignore_ament_install']
[0.258s] Level 1:colcon.colcon_core.package_identification:_identify(log) by extension 'ignore'
[0.258s] Level 1:colcon.colcon_core.package_identification:_identify(log) ignored
[0.258s] Level 1:colcon.colcon_core.package_discovery:discover_packages(recursive) using defaults
[0.258s] Level 1:colcon.colcon_core.package_discovery:discover_packages(ignore) discover
[0.258s] Level 1:colcon.colcon_core.package_discovery:discover_packages(ignore) using defaults
[0.258s] Level 1:colcon.colcon_core.package_discovery:discover_packages(path) discover
[0.258s] Level 1:colcon.colcon_core.package_discovery:discover_packages(path) using defaults
[0.284s] Level 1:colcon.colcon_core.package_discovery:discover_packages(prefix_path) check parameters
[0.284s] Level 1:colcon.colcon_core.package_discovery:discover_packages(prefix_path) discover
[0.287s] DEBUG:colcon.colcon_installed_package_information.package_discovery:Found 2 installed packages in /home/aliadel/Documents/Autonomous-Robotic-System/AutonomousRoboticApplication/jetson/ros2_ws/install
[0.287s] DEBUG:colcon.colcon_installed_package_information.package_discovery:Found 1 installed packages in /home/aliadel/ros2_ws/install
[0.290s] DEBUG:colcon.colcon_installed_package_information.package_discovery:Found 358 installed packages in /opt/ros/humble
[0.292s] Level 1:colcon.colcon_core.package_discovery:discover_packages(prefix_path) using defaults
[0.347s] Level 5:colcon.colcon_core.verb:set package 'cpp_pkg' build argument 'cmake_args' from command line to 'None'
[0.347s] Level 5:colcon.colcon_core.verb:set package 'cpp_pkg' build argument 'cmake_target' from command line to 'None'
[0.347s] Level 5:colcon.colcon_core.verb:set package 'cpp_pkg' build argument 'cmake_target_skip_unavailable' from command line to 'False'
[0.347s] Level 5:colcon.colcon_core.verb:set package 'cpp_pkg' build argument 'cmake_clean_cache' from command line to 'False'
[0.347s] Level 5:colcon.colcon_core.verb:set package 'cpp_pkg' build argument 'cmake_clean_first' from command line to 'False'
[0.347s] Level 5:colcon.colcon_core.verb:set package 'cpp_pkg' build argument 'cmake_force_configure' from command line to 'False'
[0.347s] Level 5:colcon.colcon_core.verb:set package 'cpp_pkg' build argument 'ament_cmake_args' from command line to 'None'
[0.347s] Level 5:colcon.colcon_core.verb:set package 'cpp_pkg' build argument 'catkin_cmake_args' from command line to 'None'
[0.347s] Level 5:colcon.colcon_core.verb:set package 'cpp_pkg' build argument 'catkin_skip_building_tests' from command line to 'False'
[0.348s] DEBUG:colcon.colcon_core.verb:Building package 'cpp_pkg' with the following arguments: {'ament_cmake_args': None, 'build_base': '/home/aliadel/Documents/Autonomous-Robotic-System/build/cpp_pkg', 'catkin_cmake_args': None, 'catkin_skip_building_tests': False, 'cmake_args': None, 'cmake_clean_cache': False, 'cmake_clean_first': False, 'cmake_force_configure': False, 'cmake_target': None, 'cmake_target_skip_unavailable': False, 'install_base': '/home/aliadel/Documents/Autonomous-Robotic-System/install/cpp_pkg', 'merge_install': False, 'path': '/home/aliadel/Documents/Autonomous-Robotic-System/AutonomousRoboticApplication/jetson/ros2_ws/src/cpp_pkg', 'symlink_install': False, 'test_result_base': None}
[0.348s] Level 5:colcon.colcon_core.verb:set package 'py_pkg' build argument 'cmake_args' from command line to 'None'
[0.348s] Level 5:colcon.colcon_core.verb:set package 'py_pkg' build argument 'cmake_target' from command line to 'None'
[0.348s] Level 5:colcon.colcon_core.verb:set package 'py_pkg' build argument 'cmake_target_skip_unavailable' from command line to 'False'
[0.348s] Level 5:colcon.colcon_core.verb:set package 'py_pkg' build argument 'cmake_clean_cache' from command line to 'False'
[0.348s] Level 5:colcon.colcon_core.verb:set package 'py_pkg' build argument 'cmake_clean_first' from command line to 'False'
[0.348s] Level 5:colcon.colcon_core.verb:set package 'py_pkg' build argument 'cmake_force_configure' from command line to 'False'
[0.348s] Level 5:colcon.colcon_core.verb:set package 'py_pkg' build argument 'ament_cmake_args' from command line to 'None'
[0.348s] Level 5:colcon.colcon_core.verb:set package 'py_pkg' build argument 'catkin_cmake_args' from command line to 'None'
[0.348s] Level 5:colcon.colcon_core.verb:set package 'py_pkg' build argument 'catkin_skip_building_tests' from command line to 'False'
[0.348s] DEBUG:colcon.colcon_core.verb:Building package 'py_pkg' with the following arguments: {'ament_cmake_args': None, 'build_base': '/home/aliadel/Documents/Autonomous-Robotic-System/build/py_pkg', 'catkin_cmake_args': None, 'catkin_skip_building_tests': False, 'cmake_args': None, 'cmake_clean_cache': False, 'cmake_clean_first': False, 'cmake_force_configure': False, 'cmake_target': None, 'cmake_target_skip_unavailable': False, 'install_base': '/home/aliadel/Documents/Autonomous-Robotic-System/install/py_pkg', 'merge_install': False, 'path': '/home/aliadel/Documents/Autonomous-Robotic-System/AutonomousRoboticApplication/jetson/ros2_ws/src/py_pkg', 'symlink_install': False, 'test_result_base': None}
[0.349s] INFO:colcon.colcon_core.executor:Executing jobs using 'parallel' executor
[0.350s] DEBUG:colcon.colcon_parallel_executor.executor.parallel:run_until_complete
[0.351s] INFO:colcon.colcon_ros.task.ament_cmake.build:Building ROS package in '/home/aliadel/Documents/Autonomous-Robotic-System/AutonomousRoboticApplication/jetson/ros2_ws/src/cpp_pkg' with build type 'ament_cmake'
[0.351s] INFO:colcon.colcon_cmake.task.cmake.build:Building CMake package in '/home/aliadel/Documents/Autonomous-Robotic-System/AutonomousRoboticApplication/jetson/ros2_ws/src/cpp_pkg'
[0.354s] INFO:colcon.colcon_core.plugin_system:Skipping extension 'colcon_core.shell.bat': Not used on non-Windows systems
[0.355s] INFO:colcon.colcon_core.shell:Skip shell extension 'powershell' for command environment: Not usable outside of PowerShell
[0.355s] DEBUG:colcon.colcon_core.shell:Skip shell extension 'dsv' for command environment
[0.362s] INFO:colcon.colcon_ros.task.ament_python.build:Building ROS package in '/home/aliadel/Documents/Autonomous-Robotic-System/AutonomousRoboticApplication/jetson/ros2_ws/src/py_pkg' with build type 'ament_python'
[0.363s] Level 1:colcon.colcon_core.shell:create_environment_hook('py_pkg', 'ament_prefix_path')
[0.364s] INFO:colcon.colcon_core.shell:Creating environment hook '/home/aliadel/Documents/Autonomous-Robotic-System/install/py_pkg/share/py_pkg/hook/ament_prefix_path.ps1'
[0.365s] INFO:colcon.colcon_core.shell:Creating environment descriptor '/home/aliadel/Documents/Autonomous-Robotic-System/install/py_pkg/share/py_pkg/hook/ament_prefix_path.dsv'
[0.366s] INFO:colcon.colcon_core.shell:Creating environment hook '/home/aliadel/Documents/Autonomous-Robotic-System/install/py_pkg/share/py_pkg/hook/ament_prefix_path.sh'
[0.367s] INFO:colcon.colcon_core.shell:Skip shell extension 'powershell' for command environment: Not usable outside of PowerShell
[0.367s] DEBUG:colcon.colcon_core.shell:Skip shell extension 'dsv' for command environment
[0.395s] DEBUG:colcon.colcon_core.event_handler.log_command:Invoking command in '/home/aliadel/Documents/Autonomous-Robotic-System/build/cpp_pkg': CMAKE_PREFIX_PATH=${CMAKE_PREFIX_PATH}:/home/aliadel/Documents/Autonomous-Robotic-System/AutonomousRoboticApplication/jetson/ros2_ws/install/py_pkg:/home/aliadel/ros2_ws/install/my_py_pkg:/opt/ros/humble /usr/bin/cmake --build /home/aliadel/Documents/Autonomous-Robotic-System/build/cpp_pkg -- -j8 -l8
[0.711s] INFO:colcon.colcon_core.task.python.build:Building Python package in '/home/aliadel/Documents/Autonomous-Robotic-System/AutonomousRoboticApplication/jetson/ros2_ws/src/py_pkg'
[0.712s] INFO:colcon.colcon_core.shell:Skip shell extension 'powershell' for command environment: Not usable outside of PowerShell
[0.712s] DEBUG:colcon.colcon_core.shell:Skip shell extension 'dsv' for command environment
[0.724s] DEBUG:colcon.colcon_core.event_handler.log_command:Invoked command in '/home/aliadel/Documents/Autonomous-Robotic-System/build/cpp_pkg' returned '2': CMAKE_PREFIX_PATH=${CMAKE_PREFIX_PATH}:/home/aliadel/Documents/Autonomous-Robotic-System/AutonomousRoboticApplication/jetson/ros2_ws/install/py_pkg:/home/aliadel/ros2_ws/install/my_py_pkg:/opt/ros/humble /usr/bin/cmake --build /home/aliadel/Documents/Autonomous-Robotic-System/build/cpp_pkg -- -j8 -l8
[0.802s] Level 1:colcon.colcon_core.environment:create_environment_scripts_only(cpp_pkg)
[0.808s] Level 1:colcon.colcon_core.environment:checking '/home/aliadel/Documents/Autonomous-Robotic-System/install/cpp_pkg' for CMake module files
[0.809s] Level 1:colcon.colcon_core.environment:checking '/home/aliadel/Documents/Autonomous-Robotic-System/install/cpp_pkg' for CMake config files
[0.810s] Level 1:colcon.colcon_core.shell:create_environment_hook('cpp_pkg', 'cmake_prefix_path')
[0.810s] INFO:colcon.colcon_core.shell:Creating environment hook '/home/aliadel/Documents/Autonomous-Robotic-System/install/cpp_pkg/share/cpp_pkg/hook/cmake_prefix_path.ps1'
[0.811s] INFO:colcon.colcon_core.shell:Creating environment descriptor '/home/aliadel/Documents/Autonomous-Robotic-System/install/cpp_pkg/share/cpp_pkg/hook/cmake_prefix_path.dsv'
[0.812s] INFO:colcon.colcon_core.shell:Creating environment hook '/home/aliadel/Documents/Autonomous-Robotic-System/install/cpp_pkg/share/cpp_pkg/hook/cmake_prefix_path.sh'
[0.813s] Level 1:colcon.colcon_core.environment:checking '/home/aliadel/Documents/Autonomous-Robotic-System/install/cpp_pkg/lib'
[0.814s] Level 1:colcon.colcon_core.environment:checking '/home/aliadel/Documents/Autonomous-Robotic-System/install/cpp_pkg/bin'
[0.814s] Level 1:colcon.colcon_core.environment:checking '/home/aliadel/Documents/Autonomous-Robotic-System/install/cpp_pkg/lib/pkgconfig/cpp_pkg.pc'
[0.815s] Level 1:colcon.colcon_core.environment:checking '/home/aliadel/Documents/Autonomous-Robotic-System/install/cpp_pkg/lib/python3.10/site-packages'
[0.815s] Level 1:colcon.colcon_core.environment:checking '/home/aliadel/Documents/Autonomous-Robotic-System/install/cpp_pkg/bin'
[0.816s] INFO:colcon.colcon_core.shell:Creating package script '/home/aliadel/Documents/Autonomous-Robotic-System/install/cpp_pkg/share/cpp_pkg/package.ps1'
[0.818s] INFO:colcon.colcon_core.shell:Creating package descriptor '/home/aliadel/Documents/Autonomous-Robotic-System/install/cpp_pkg/share/cpp_pkg/package.dsv'
[0.820s] INFO:colcon.colcon_core.shell:Creating package script '/home/aliadel/Documents/Autonomous-Robotic-System/install/cpp_pkg/share/cpp_pkg/package.sh'
[0.822s] INFO:colcon.colcon_core.shell:Creating package script '/home/aliadel/Documents/Autonomous-Robotic-System/install/cpp_pkg/share/cpp_pkg/package.bash'
[0.823s] INFO:colcon.colcon_core.shell:Creating package script '/home/aliadel/Documents/Autonomous-Robotic-System/install/cpp_pkg/share/cpp_pkg/package.zsh'
[0.824s] Level 1:colcon.colcon_core.environment:create_file_with_runtime_dependencies(/home/aliadel/Documents/Autonomous-Robotic-System/install/cpp_pkg/share/colcon-core/packages/cpp_pkg)
[1.523s] DEBUG:colcon.colcon_parallel_executor.executor.parallel:closing loop
[1.523s] DEBUG:colcon.colcon_parallel_executor.executor.parallel:loop closed
[1.524s] DEBUG:colcon.colcon_parallel_executor.executor.parallel:run_until_complete finished with '2'
[1.524s] DEBUG:colcon.colcon_core.event_reactor:joining thread
[1.533s] INFO:colcon.colcon_core.plugin_system:Skipping extension 'colcon_notification.desktop_notification.terminal_notifier': Not used on non-Darwin systems
[1.533s] INFO:colcon.colcon_core.plugin_system:Skipping extension 'colcon_notification.desktop_notification.win32': Not used on non-Windows systems
[1.533s] INFO:colcon.colcon_notification.desktop_notification:Sending desktop notification using 'notify2'
[1.554s] DEBUG:colcon.colcon_core.event_reactor:joined thread
[1.554s] INFO:colcon.colcon_core.shell:Creating prefix script '/home/aliadel/Documents/Autonomous-Robotic-System/install/local_setup.ps1'
[1.556s] INFO:colcon.colcon_core.shell:Creating prefix util module '/home/aliadel/Documents/Autonomous-Robotic-System/install/_local_setup_util_ps1.py'
[1.558s] INFO:colcon.colcon_core.shell:Creating prefix chain script '/home/aliadel/Documents/Autonomous-Robotic-System/install/setup.ps1'
[1.561s] INFO:colcon.colcon_core.shell:Creating prefix script '/home/aliadel/Documents/Autonomous-Robotic-System/install/local_setup.sh'
[1.562s] INFO:colcon.colcon_core.shell:Creating prefix util module '/home/aliadel/Documents/Autonomous-Robotic-System/install/_local_setup_util_sh.py'
[1.563s] INFO:colcon.colcon_core.shell:Creating prefix chain script '/home/aliadel/Documents/Autonomous-Robotic-System/install/setup.sh'
[1.565s] INFO:colcon.colcon_core.shell:Creating prefix script '/home/aliadel/Documents/Autonomous-Robotic-System/install/local_setup.bash'
[1.566s] INFO:colcon.colcon_core.shell:Creating prefix chain script '/home/aliadel/Documents/Autonomous-Robotic-System/install/setup.bash'
[1.568s] INFO:colcon.colcon_core.shell:Creating prefix script '/home/aliadel/Documents/Autonomous-Robotic-System/install/local_setup.zsh'
[1.569s] INFO:colcon.colcon_core.shell:Creating prefix chain script '/home/aliadel/Documents/Autonomous-Robotic-System/install/setup.zsh'
