[0.149s] DEBUG:colcon:Command line arguments: ['/usr/bin/colcon', 'build', '--packages-select', 'cpp_pkg']
[0.149s] DEBUG:colcon:Parsed command line arguments: Namespace(log_base=None, log_level=None, verb_name='build', build_base='build', install_base='install', merge_install=False, symlink_install=False, test_result_base=None, continue_on_error=False, executor='parallel', parallel_workers=8, event_handlers=None, ignore_user_meta=False, metas=['./colcon.meta'], base_paths=['.'], packages_ignore=None, packages_ignore_regex=None, paths=None, packages_up_to=None, packages_up_to_regex=None, packages_above=None, packages_above_and_dependencies=None, packages_above_depth=None, packages_select_by_dep=None, packages_skip_by_dep=None, packages_skip_up_to=None, packages_select_build_failed=False, packages_skip_build_finished=False, packages_select_test_failures=False, packages_skip_test_passed=False, packages_select=['cpp_pkg'], packages_skip=None, packages_select_regex=None, packages_skip_regex=None, packages_start=None, packages_end=None, allow_overriding=[], cmake_args=None, cmake_target=None, cmake_target_skip_unavailable=False, cmake_clean_cache=False, cmake_clean_first=False, cmake_force_configure=False, ament_cmake_args=None, catkin_cmake_args=None, catkin_skip_building_tests=False, mixin_files=None, mixin=None, verb_parser=<colcon_mixin.mixin.mixin_argument.MixinArgumentDecorator object at 0x77c6ac1f6d10>, verb_extension=<colcon_core.verb.build.BuildVerb object at 0x77c6ac1f6740>, main=<bound method BuildVerb.main of <colcon_core.verb.build.BuildVerb object at 0x77c6ac1f6740>>, mixin_verb=('build',))
[0.408s] Level 1:colcon.colcon_core.package_discovery:discover_packages(colcon_meta) check parameters
[0.408s] Level 1:colcon.colcon_core.package_discovery:discover_packages(recursive) check parameters
[0.408s] Level 1:colcon.colcon_core.package_discovery:discover_packages(ignore) check parameters
[0.408s] Level 1:colcon.colcon_core.package_discovery:discover_packages(path) check parameters
[0.408s] Level 1:colcon.colcon_core.package_discovery:discover_packages(colcon_meta) discover
[0.408s] Level 1:colcon.colcon_core.package_discovery:discover_packages(recursive) discover
[0.408s] INFO:colcon.colcon_core.package_discovery:Crawling recursively for packages in '/home/aliadel/Documents/Autonomous-Robotic-System'
[0.408s] Level 1:colcon.colcon_core.package_identification:_identify(.) by extensions ['ignore', 'ignore_ament_install']
[0.408s] Level 1:colcon.colcon_core.package_identification:_identify(.) by extension 'ignore'
[0.409s] Level 1:colcon.colcon_core.package_identification:_identify(.) by extension 'ignore_ament_install'
[0.409s] Level 1:colcon.colcon_core.package_identification:_identify(.) by extensions ['colcon_pkg']
[0.409s] Level 1:colcon.colcon_core.package_identification:_identify(.) by extension 'colcon_pkg'
[0.409s] Level 1:colcon.colcon_core.package_identification:_identify(.) by extensions ['colcon_meta']
[0.409s] Level 1:colcon.colcon_core.package_identification:_identify(.) by extension 'colcon_meta'
[0.409s] Level 1:colcon.colcon_core.package_identification:_identify(.) by extensions ['ros']
[0.409s] Level 1:colcon.colcon_core.package_identification:_identify(.) by extension 'ros'
[0.421s] Level 1:colcon.colcon_core.package_identification:_identify(.) by extensions ['cmake', 'python']
[0.421s] Level 1:colcon.colcon_core.package_identification:_identify(.) by extension 'cmake'
[0.421s] Level 1:colcon.colcon_core.package_identification:_identify(.) by extension 'python'
[0.421s] Level 1:colcon.colcon_core.package_identification:_identify(.) by extensions ['python_setup_py']
[0.421s] Level 1:colcon.colcon_core.package_identification:_identify(.) by extension 'python_setup_py'
[0.422s] Level 1:colcon.colcon_core.package_identification:_identify(Assets) by extensions ['ignore', 'ignore_ament_install']
[0.422s] Level 1:colcon.colcon_core.package_identification:_identify(Assets) by extension 'ignore'
[0.422s] Level 1:colcon.colcon_core.package_identification:_identify(Assets) by extension 'ignore_ament_install'
[0.422s] Level 1:colcon.colcon_core.package_identification:_identify(Assets) by extensions ['colcon_pkg']
[0.422s] Level 1:colcon.colcon_core.package_identification:_identify(Assets) by extension 'colcon_pkg'
[0.422s] Level 1:colcon.colcon_core.package_identification:_identify(Assets) by extensions ['colcon_meta']
[0.422s] Level 1:colcon.colcon_core.package_identification:_identify(Assets) by extension 'colcon_meta'
[0.422s] Level 1:colcon.colcon_core.package_identification:_identify(Assets) by extensions ['ros']
[0.422s] Level 1:colcon.colcon_core.package_identification:_identify(Assets) by extension 'ros'
[0.422s] Level 1:colcon.colcon_core.package_identification:_identify(Assets) by extensions ['cmake', 'python']
[0.422s] Level 1:colcon.colcon_core.package_identification:_identify(Assets) by extension 'cmake'
[0.422s] Level 1:colcon.colcon_core.package_identification:_identify(Assets) by extension 'python'
[0.423s] Level 1:colcon.colcon_core.package_identification:_identify(Assets) by extensions ['python_setup_py']
[0.423s] Level 1:colcon.colcon_core.package_identification:_identify(Assets) by extension 'python_setup_py'
[0.423s] Level 1:colcon.colcon_core.package_identification:_identify(AutonomousRoboticApplication) by extensions ['ignore', 'ignore_ament_install']
[0.423s] Level 1:colcon.colcon_core.package_identification:_identify(AutonomousRoboticApplication) by extension 'ignore'
[0.423s] Level 1:colcon.colcon_core.package_identification:_identify(AutonomousRoboticApplication) by extension 'ignore_ament_install'
[0.423s] Level 1:colcon.colcon_core.package_identification:_identify(AutonomousRoboticApplication) by extensions ['colcon_pkg']
[0.423s] Level 1:colcon.colcon_core.package_identification:_identify(AutonomousRoboticApplication) by extension 'colcon_pkg'
[0.423s] Level 1:colcon.colcon_core.package_identification:_identify(AutonomousRoboticApplication) by extensions ['colcon_meta']
[0.423s] Level 1:colcon.colcon_core.package_identification:_identify(AutonomousRoboticApplication) by extension 'colcon_meta'
[0.423s] Level 1:colcon.colcon_core.package_identification:_identify(AutonomousRoboticApplication) by extensions ['ros']
[0.423s] Level 1:colcon.colcon_core.package_identification:_identify(AutonomousRoboticApplication) by extension 'ros'
[0.423s] Level 1:colcon.colcon_core.package_identification:_identify(AutonomousRoboticApplication) by extensions ['cmake', 'python']
[0.423s] Level 1:colcon.colcon_core.package_identification:_identify(AutonomousRoboticApplication) by extension 'cmake'
[0.423s] Level 1:colcon.colcon_core.package_identification:_identify(AutonomousRoboticApplication) by extension 'python'
[0.423s] Level 1:colcon.colcon_core.package_identification:_identify(AutonomousRoboticApplication) by extensions ['python_setup_py']
[0.424s] Level 1:colcon.colcon_core.package_identification:_identify(AutonomousRoboticApplication) by extension 'python_setup_py'
[0.424s] Level 1:colcon.colcon_core.package_identification:_identify(AutonomousRoboticApplication/common) by extensions ['ignore', 'ignore_ament_install']
[0.424s] Level 1:colcon.colcon_core.package_identification:_identify(AutonomousRoboticApplication/common) by extension 'ignore'
[0.424s] Level 1:colcon.colcon_core.package_identification:_identify(AutonomousRoboticApplication/common) by extension 'ignore_ament_install'
[0.424s] Level 1:colcon.colcon_core.package_identification:_identify(AutonomousRoboticApplication/common) by extensions ['colcon_pkg']
[0.424s] Level 1:colcon.colcon_core.package_identification:_identify(AutonomousRoboticApplication/common) by extension 'colcon_pkg'
[0.424s] Level 1:colcon.colcon_core.package_identification:_identify(AutonomousRoboticApplication/common) by extensions ['colcon_meta']
[0.424s] Level 1:colcon.colcon_core.package_identification:_identify(AutonomousRoboticApplication/common) by extension 'colcon_meta'
[0.424s] Level 1:colcon.colcon_core.package_identification:_identify(AutonomousRoboticApplication/common) by extensions ['ros']
[0.424s] Level 1:colcon.colcon_core.package_identification:_identify(AutonomousRoboticApplication/common) by extension 'ros'
[0.424s] Level 1:colcon.colcon_core.package_identification:_identify(AutonomousRoboticApplication/common) by extensions ['cmake', 'python']
[0.424s] Level 1:colcon.colcon_core.package_identification:_identify(AutonomousRoboticApplication/common) by extension 'cmake'
[0.424s] Level 1:colcon.colcon_core.package_identification:_identify(AutonomousRoboticApplication/common) by extension 'python'
[0.424s] Level 1:colcon.colcon_core.package_identification:_identify(AutonomousRoboticApplication/common) by extensions ['python_setup_py']
[0.425s] Level 1:colcon.colcon_core.package_identification:_identify(AutonomousRoboticApplication/common) by extension 'python_setup_py'
[0.425s] Level 1:colcon.colcon_core.package_identification:_identify(AutonomousRoboticApplication/common/libraries) by extensions ['ignore', 'ignore_ament_install']
[0.425s] Level 1:colcon.colcon_core.package_identification:_identify(AutonomousRoboticApplication/common/libraries) by extension 'ignore'
[0.425s] Level 1:colcon.colcon_core.package_identification:_identify(AutonomousRoboticApplication/common/libraries) by extension 'ignore_ament_install'
[0.425s] Level 1:colcon.colcon_core.package_identification:_identify(AutonomousRoboticApplication/common/libraries) by extensions ['colcon_pkg']
[0.425s] Level 1:colcon.colcon_core.package_identification:_identify(AutonomousRoboticApplication/common/libraries) by extension 'colcon_pkg'
[0.425s] Level 1:colcon.colcon_core.package_identification:_identify(AutonomousRoboticApplication/common/libraries) by extensions ['colcon_meta']
[0.425s] Level 1:colcon.colcon_core.package_identification:_identify(AutonomousRoboticApplication/common/libraries) by extension 'colcon_meta'
[0.425s] Level 1:colcon.colcon_core.package_identification:_identify(AutonomousRoboticApplication/common/libraries) by extensions ['ros']
[0.425s] Level 1:colcon.colcon_core.package_identification:_identify(AutonomousRoboticApplication/common/libraries) by extension 'ros'
[0.425s] Level 1:colcon.colcon_core.package_identification:_identify(AutonomousRoboticApplication/common/libraries) by extensions ['cmake', 'python']
[0.425s] Level 1:colcon.colcon_core.package_identification:_identify(AutonomousRoboticApplication/common/libraries) by extension 'cmake'
[0.425s] Level 1:colcon.colcon_core.package_identification:_identify(AutonomousRoboticApplication/common/libraries) by extension 'python'
[0.426s] Level 1:colcon.colcon_core.package_identification:_identify(AutonomousRoboticApplication/common/libraries) by extensions ['python_setup_py']
[0.426s] Level 1:colcon.colcon_core.package_identification:_identify(AutonomousRoboticApplication/common/libraries) by extension 'python_setup_py'
[0.426s] Level 1:colcon.colcon_core.package_identification:_identify(AutonomousRoboticApplication/common/utils) by extensions ['ignore', 'ignore_ament_install']
[0.426s] Level 1:colcon.colcon_core.package_identification:_identify(AutonomousRoboticApplication/common/utils) by extension 'ignore'
[0.426s] Level 1:colcon.colcon_core.package_identification:_identify(AutonomousRoboticApplication/common/utils) by extension 'ignore_ament_install'
[0.426s] Level 1:colcon.colcon_core.package_identification:_identify(AutonomousRoboticApplication/common/utils) by extensions ['colcon_pkg']
[0.426s] Level 1:colcon.colcon_core.package_identification:_identify(AutonomousRoboticApplication/common/utils) by extension 'colcon_pkg'
[0.426s] Level 1:colcon.colcon_core.package_identification:_identify(AutonomousRoboticApplication/common/utils) by extensions ['colcon_meta']
[0.426s] Level 1:colcon.colcon_core.package_identification:_identify(AutonomousRoboticApplication/common/utils) by extension 'colcon_meta'
[0.426s] Level 1:colcon.colcon_core.package_identification:_identify(AutonomousRoboticApplication/common/utils) by extensions ['ros']
[0.426s] Level 1:colcon.colcon_core.package_identification:_identify(AutonomousRoboticApplication/common/utils) by extension 'ros'
[0.426s] Level 1:colcon.colcon_core.package_identification:_identify(AutonomousRoboticApplication/common/utils) by extensions ['cmake', 'python']
[0.426s] Level 1:colcon.colcon_core.package_identification:_identify(AutonomousRoboticApplication/common/utils) by extension 'cmake'
[0.427s] Level 1:colcon.colcon_core.package_identification:_identify(AutonomousRoboticApplication/common/utils) by extension 'python'
[0.427s] Level 1:colcon.colcon_core.package_identification:_identify(AutonomousRoboticApplication/common/utils) by extensions ['python_setup_py']
[0.427s] Level 1:colcon.colcon_core.package_identification:_identify(AutonomousRoboticApplication/common/utils) by extension 'python_setup_py'
[0.427s] Level 1:colcon.colcon_core.package_identification:_identify(AutonomousRoboticApplication/raspberry_pi) by extensions ['ignore', 'ignore_ament_install']
[0.427s] Level 1:colcon.colcon_core.package_identification:_identify(AutonomousRoboticApplication/raspberry_pi) by extension 'ignore'
[0.427s] Level 1:colcon.colcon_core.package_identification:_identify(AutonomousRoboticApplication/raspberry_pi) by extension 'ignore_ament_install'
[0.427s] Level 1:colcon.colcon_core.package_identification:_identify(AutonomousRoboticApplication/raspberry_pi) by extensions ['colcon_pkg']
[0.427s] Level 1:colcon.colcon_core.package_identification:_identify(AutonomousRoboticApplication/raspberry_pi) by extension 'colcon_pkg'
[0.427s] Level 1:colcon.colcon_core.package_identification:_identify(AutonomousRoboticApplication/raspberry_pi) by extensions ['colcon_meta']
[0.427s] Level 1:colcon.colcon_core.package_identification:_identify(AutonomousRoboticApplication/raspberry_pi) by extension 'colcon_meta'
[0.427s] Level 1:colcon.colcon_core.package_identification:_identify(AutonomousRoboticApplication/raspberry_pi) by extensions ['ros']
[0.427s] Level 1:colcon.colcon_core.package_identification:_identify(AutonomousRoboticApplication/raspberry_pi) by extension 'ros'
[0.427s] Level 1:colcon.colcon_core.package_identification:_identify(AutonomousRoboticApplication/raspberry_pi) by extensions ['cmake', 'python']
[0.428s] Level 1:colcon.colcon_core.package_identification:_identify(AutonomousRoboticApplication/raspberry_pi) by extension 'cmake'
[0.428s] Level 1:colcon.colcon_core.package_identification:_identify(AutonomousRoboticApplication/raspberry_pi) by extension 'python'
[0.428s] Level 1:colcon.colcon_core.package_identification:_identify(AutonomousRoboticApplication/raspberry_pi) by extensions ['python_setup_py']
[0.428s] Level 1:colcon.colcon_core.package_identification:_identify(AutonomousRoboticApplication/raspberry_pi) by extension 'python_setup_py'
[0.428s] Level 1:colcon.colcon_core.package_identification:_identify(AutonomousRoboticApplication/raspberry_pi/docs) by extensions ['ignore', 'ignore_ament_install']
[0.428s] Level 1:colcon.colcon_core.package_identification:_identify(AutonomousRoboticApplication/raspberry_pi/docs) by extension 'ignore'
[0.428s] Level 1:colcon.colcon_core.package_identification:_identify(AutonomousRoboticApplication/raspberry_pi/docs) by extension 'ignore_ament_install'
[0.428s] Level 1:colcon.colcon_core.package_identification:_identify(AutonomousRoboticApplication/raspberry_pi/docs) by extensions ['colcon_pkg']
[0.428s] Level 1:colcon.colcon_core.package_identification:_identify(AutonomousRoboticApplication/raspberry_pi/docs) by extension 'colcon_pkg'
[0.428s] Level 1:colcon.colcon_core.package_identification:_identify(AutonomousRoboticApplication/raspberry_pi/docs) by extensions ['colcon_meta']
[0.428s] Level 1:colcon.colcon_core.package_identification:_identify(AutonomousRoboticApplication/raspberry_pi/docs) by extension 'colcon_meta'
[0.428s] Level 1:colcon.colcon_core.package_identification:_identify(AutonomousRoboticApplication/raspberry_pi/docs) by extensions ['ros']
[0.428s] Level 1:colcon.colcon_core.package_identification:_identify(AutonomousRoboticApplication/raspberry_pi/docs) by extension 'ros'
[0.428s] Level 1:colcon.colcon_core.package_identification:_identify(AutonomousRoboticApplication/raspberry_pi/docs) by extensions ['cmake', 'python']
[0.428s] Level 1:colcon.colcon_core.package_identification:_identify(AutonomousRoboticApplication/raspberry_pi/docs) by extension 'cmake'
[0.428s] Level 1:colcon.colcon_core.package_identification:_identify(AutonomousRoboticApplication/raspberry_pi/docs) by extension 'python'
[0.429s] Level 1:colcon.colcon_core.package_identification:_identify(AutonomousRoboticApplication/raspberry_pi/docs) by extensions ['python_setup_py']
[0.429s] Level 1:colcon.colcon_core.package_identification:_identify(AutonomousRoboticApplication/raspberry_pi/docs) by extension 'python_setup_py'
[0.429s] Level 1:colcon.colcon_core.package_identification:_identify(AutonomousRoboticApplication/raspberry_pi/ros2_ws) by extensions ['ignore', 'ignore_ament_install']
[0.429s] Level 1:colcon.colcon_core.package_identification:_identify(AutonomousRoboticApplication/raspberry_pi/ros2_ws) by extension 'ignore'
[0.429s] Level 1:colcon.colcon_core.package_identification:_identify(AutonomousRoboticApplication/raspberry_pi/ros2_ws) by extension 'ignore_ament_install'
[0.429s] Level 1:colcon.colcon_core.package_identification:_identify(AutonomousRoboticApplication/raspberry_pi/ros2_ws) by extensions ['colcon_pkg']
[0.429s] Level 1:colcon.colcon_core.package_identification:_identify(AutonomousRoboticApplication/raspberry_pi/ros2_ws) by extension 'colcon_pkg'
[0.429s] Level 1:colcon.colcon_core.package_identification:_identify(AutonomousRoboticApplication/raspberry_pi/ros2_ws) by extensions ['colcon_meta']
[0.429s] Level 1:colcon.colcon_core.package_identification:_identify(AutonomousRoboticApplication/raspberry_pi/ros2_ws) by extension 'colcon_meta'
[0.429s] Level 1:colcon.colcon_core.package_identification:_identify(AutonomousRoboticApplication/raspberry_pi/ros2_ws) by extensions ['ros']
[0.429s] Level 1:colcon.colcon_core.package_identification:_identify(AutonomousRoboticApplication/raspberry_pi/ros2_ws) by extension 'ros'
[0.429s] Level 1:colcon.colcon_core.package_identification:_identify(AutonomousRoboticApplication/raspberry_pi/ros2_ws) by extensions ['cmake', 'python']
[0.429s] Level 1:colcon.colcon_core.package_identification:_identify(AutonomousRoboticApplication/raspberry_pi/ros2_ws) by extension 'cmake'
[0.429s] Level 1:colcon.colcon_core.package_identification:_identify(AutonomousRoboticApplication/raspberry_pi/ros2_ws) by extension 'python'
[0.430s] Level 1:colcon.colcon_core.package_identification:_identify(AutonomousRoboticApplication/raspberry_pi/ros2_ws) by extensions ['python_setup_py']
[0.430s] Level 1:colcon.colcon_core.package_identification:_identify(AutonomousRoboticApplication/raspberry_pi/ros2_ws) by extension 'python_setup_py'
[0.430s] Level 1:colcon.colcon_core.package_identification:_identify(AutonomousRoboticApplication/raspberry_pi/ros2_ws/build) by extensions ['ignore', 'ignore_ament_install']
[0.430s] Level 1:colcon.colcon_core.package_identification:_identify(AutonomousRoboticApplication/raspberry_pi/ros2_ws/build) by extension 'ignore'
[0.430s] Level 1:colcon.colcon_core.package_identification:_identify(AutonomousRoboticApplication/raspberry_pi/ros2_ws/build) ignored
[0.430s] Level 1:colcon.colcon_core.package_identification:_identify(AutonomousRoboticApplication/raspberry_pi/ros2_ws/install) by extensions ['ignore', 'ignore_ament_install']
[0.430s] Level 1:colcon.colcon_core.package_identification:_identify(AutonomousRoboticApplication/raspberry_pi/ros2_ws/install) by extension 'ignore'
[0.430s] Level 1:colcon.colcon_core.package_identification:_identify(AutonomousRoboticApplication/raspberry_pi/ros2_ws/install) ignored
[0.431s] Level 1:colcon.colcon_core.package_identification:_identify(AutonomousRoboticApplication/raspberry_pi/ros2_ws/log) by extensions ['ignore', 'ignore_ament_install']
[0.431s] Level 1:colcon.colcon_core.package_identification:_identify(AutonomousRoboticApplication/raspberry_pi/ros2_ws/log) by extension 'ignore'
[0.431s] Level 1:colcon.colcon_core.package_identification:_identify(AutonomousRoboticApplication/raspberry_pi/ros2_ws/log) ignored
[0.431s] Level 1:colcon.colcon_core.package_identification:_identify(AutonomousRoboticApplication/raspberry_pi/ros2_ws/src) by extensions ['ignore', 'ignore_ament_install']
[0.431s] Level 1:colcon.colcon_core.package_identification:_identify(AutonomousRoboticApplication/raspberry_pi/ros2_ws/src) by extension 'ignore'
[0.431s] Level 1:colcon.colcon_core.package_identification:_identify(AutonomousRoboticApplication/raspberry_pi/ros2_ws/src) by extension 'ignore_ament_install'
[0.431s] Level 1:colcon.colcon_core.package_identification:_identify(AutonomousRoboticApplication/raspberry_pi/ros2_ws/src) by extensions ['colcon_pkg']
[0.431s] Level 1:colcon.colcon_core.package_identification:_identify(AutonomousRoboticApplication/raspberry_pi/ros2_ws/src) by extension 'colcon_pkg'
[0.431s] Level 1:colcon.colcon_core.package_identification:_identify(AutonomousRoboticApplication/raspberry_pi/ros2_ws/src) by extensions ['colcon_meta']
[0.431s] Level 1:colcon.colcon_core.package_identification:_identify(AutonomousRoboticApplication/raspberry_pi/ros2_ws/src) by extension 'colcon_meta'
[0.431s] Level 1:colcon.colcon_core.package_identification:_identify(AutonomousRoboticApplication/raspberry_pi/ros2_ws/src) by extensions ['ros']
[0.431s] Level 1:colcon.colcon_core.package_identification:_identify(AutonomousRoboticApplication/raspberry_pi/ros2_ws/src) by extension 'ros'
[0.432s] Level 1:colcon.colcon_core.package_identification:_identify(AutonomousRoboticApplication/raspberry_pi/ros2_ws/src) by extensions ['cmake', 'python']
[0.432s] Level 1:colcon.colcon_core.package_identification:_identify(AutonomousRoboticApplication/raspberry_pi/ros2_ws/src) by extension 'cmake'
[0.432s] Level 1:colcon.colcon_core.package_identification:_identify(AutonomousRoboticApplication/raspberry_pi/ros2_ws/src) by extension 'python'
[0.432s] Level 1:colcon.colcon_core.package_identification:_identify(AutonomousRoboticApplication/raspberry_pi/ros2_ws/src) by extensions ['python_setup_py']
[0.432s] Level 1:colcon.colcon_core.package_identification:_identify(AutonomousRoboticApplication/raspberry_pi/ros2_ws/src) by extension 'python_setup_py'
[0.432s] Level 1:colcon.colcon_core.package_identification:_identify(AutonomousRoboticApplication/raspberry_pi/ros2_ws/src/build) by extensions ['ignore', 'ignore_ament_install']
[0.432s] Level 1:colcon.colcon_core.package_identification:_identify(AutonomousRoboticApplication/raspberry_pi/ros2_ws/src/build) by extension 'ignore'
[0.432s] Level 1:colcon.colcon_core.package_identification:_identify(AutonomousRoboticApplication/raspberry_pi/ros2_ws/src/build) ignored
[0.432s] Level 1:colcon.colcon_core.package_identification:_identify(AutonomousRoboticApplication/raspberry_pi/ros2_ws/src/cpp_pkg) by extensions ['ignore', 'ignore_ament_install']
[0.432s] Level 1:colcon.colcon_core.package_identification:_identify(AutonomousRoboticApplication/raspberry_pi/ros2_ws/src/cpp_pkg) by extension 'ignore'
[0.432s] Level 1:colcon.colcon_core.package_identification:_identify(AutonomousRoboticApplication/raspberry_pi/ros2_ws/src/cpp_pkg) by extension 'ignore_ament_install'
[0.432s] Level 1:colcon.colcon_core.package_identification:_identify(AutonomousRoboticApplication/raspberry_pi/ros2_ws/src/cpp_pkg) by extensions ['colcon_pkg']
[0.432s] Level 1:colcon.colcon_core.package_identification:_identify(AutonomousRoboticApplication/raspberry_pi/ros2_ws/src/cpp_pkg) by extension 'colcon_pkg'
[0.433s] Level 1:colcon.colcon_core.package_identification:_identify(AutonomousRoboticApplication/raspberry_pi/ros2_ws/src/cpp_pkg) by extensions ['colcon_meta']
[0.433s] Level 1:colcon.colcon_core.package_identification:_identify(AutonomousRoboticApplication/raspberry_pi/ros2_ws/src/cpp_pkg) by extension 'colcon_meta'
[0.433s] Level 1:colcon.colcon_core.package_identification:_identify(AutonomousRoboticApplication/raspberry_pi/ros2_ws/src/cpp_pkg) by extensions ['ros']
[0.433s] Level 1:colcon.colcon_core.package_identification:_identify(AutonomousRoboticApplication/raspberry_pi/ros2_ws/src/cpp_pkg) by extension 'ros'
[0.435s] DEBUG:colcon.colcon_core.package_identification:Package 'AutonomousRoboticApplication/raspberry_pi/ros2_ws/src/cpp_pkg' with type 'ros.ament_cmake' and name 'cpp_pkg'
[0.436s] Level 1:colcon.colcon_core.package_identification:_identify(AutonomousRoboticApplication/raspberry_pi/ros2_ws/src/install) by extensions ['ignore', 'ignore_ament_install']
[0.436s] Level 1:colcon.colcon_core.package_identification:_identify(AutonomousRoboticApplication/raspberry_pi/ros2_ws/src/install) by extension 'ignore'
[0.436s] Level 1:colcon.colcon_core.package_identification:_identify(AutonomousRoboticApplication/raspberry_pi/ros2_ws/src/install) ignored
[0.436s] Level 1:colcon.colcon_core.package_identification:_identify(AutonomousRoboticApplication/raspberry_pi/ros2_ws/src/log) by extensions ['ignore', 'ignore_ament_install']
[0.436s] Level 1:colcon.colcon_core.package_identification:_identify(AutonomousRoboticApplication/raspberry_pi/ros2_ws/src/log) by extension 'ignore'
[0.436s] Level 1:colcon.colcon_core.package_identification:_identify(AutonomousRoboticApplication/raspberry_pi/ros2_ws/src/log) ignored
[0.436s] Level 1:colcon.colcon_core.package_identification:_identify(AutonomousRoboticApplication/raspberry_pi/ros2_ws/src/py_pkg) by extensions ['ignore', 'ignore_ament_install']
[0.437s] Level 1:colcon.colcon_core.package_identification:_identify(AutonomousRoboticApplication/raspberry_pi/ros2_ws/src/py_pkg) by extension 'ignore'
[0.437s] Level 1:colcon.colcon_core.package_identification:_identify(AutonomousRoboticApplication/raspberry_pi/ros2_ws/src/py_pkg) by extension 'ignore_ament_install'
[0.437s] Level 1:colcon.colcon_core.package_identification:_identify(AutonomousRoboticApplication/raspberry_pi/ros2_ws/src/py_pkg) by extensions ['colcon_pkg']
[0.437s] Level 1:colcon.colcon_core.package_identification:_identify(AutonomousRoboticApplication/raspberry_pi/ros2_ws/src/py_pkg) by extension 'colcon_pkg'
[0.437s] Level 1:colcon.colcon_core.package_identification:_identify(AutonomousRoboticApplication/raspberry_pi/ros2_ws/src/py_pkg) by extensions ['colcon_meta']
[0.437s] Level 1:colcon.colcon_core.package_identification:_identify(AutonomousRoboticApplication/raspberry_pi/ros2_ws/src/py_pkg) by extension 'colcon_meta'
[0.437s] Level 1:colcon.colcon_core.package_identification:_identify(AutonomousRoboticApplication/raspberry_pi/ros2_ws/src/py_pkg) by extensions ['ros']
[0.437s] Level 1:colcon.colcon_core.package_identification:_identify(AutonomousRoboticApplication/raspberry_pi/ros2_ws/src/py_pkg) by extension 'ros'
[0.438s] DEBUG:colcon.colcon_core.package_identification:Package 'AutonomousRoboticApplication/raspberry_pi/ros2_ws/src/py_pkg' with type 'ros.ament_python' and name 'py_pkg'
[0.438s] Level 1:colcon.colcon_core.package_identification:_identify(AutonomousRoboticApplication/raspberry_pi/tests) by extensions ['ignore', 'ignore_ament_install']
[0.438s] Level 1:colcon.colcon_core.package_identification:_identify(AutonomousRoboticApplication/raspberry_pi/tests) by extension 'ignore'
[0.438s] Level 1:colcon.colcon_core.package_identification:_identify(AutonomousRoboticApplication/raspberry_pi/tests) by extension 'ignore_ament_install'
[0.438s] Level 1:colcon.colcon_core.package_identification:_identify(AutonomousRoboticApplication/raspberry_pi/tests) by extensions ['colcon_pkg']
[0.438s] Level 1:colcon.colcon_core.package_identification:_identify(AutonomousRoboticApplication/raspberry_pi/tests) by extension 'colcon_pkg'
[0.438s] Level 1:colcon.colcon_core.package_identification:_identify(AutonomousRoboticApplication/raspberry_pi/tests) by extensions ['colcon_meta']
[0.438s] Level 1:colcon.colcon_core.package_identification:_identify(AutonomousRoboticApplication/raspberry_pi/tests) by extension 'colcon_meta'
[0.438s] Level 1:colcon.colcon_core.package_identification:_identify(AutonomousRoboticApplication/raspberry_pi/tests) by extensions ['ros']
[0.439s] Level 1:colcon.colcon_core.package_identification:_identify(AutonomousRoboticApplication/raspberry_pi/tests) by extension 'ros'
[0.439s] Level 1:colcon.colcon_core.package_identification:_identify(AutonomousRoboticApplication/raspberry_pi/tests) by extensions ['cmake', 'python']
[0.439s] Level 1:colcon.colcon_core.package_identification:_identify(AutonomousRoboticApplication/raspberry_pi/tests) by extension 'cmake'
[0.439s] Level 1:colcon.colcon_core.package_identification:_identify(AutonomousRoboticApplication/raspberry_pi/tests) by extension 'python'
[0.439s] Level 1:colcon.colcon_core.package_identification:_identify(AutonomousRoboticApplication/raspberry_pi/tests) by extensions ['python_setup_py']
[0.439s] Level 1:colcon.colcon_core.package_identification:_identify(AutonomousRoboticApplication/raspberry_pi/tests) by extension 'python_setup_py'
[0.439s] Level 1:colcon.colcon_core.package_identification:_identify(AutonomousRoboticApplication/stm32f) by extensions ['ignore', 'ignore_ament_install']
[0.439s] Level 1:colcon.colcon_core.package_identification:_identify(AutonomousRoboticApplication/stm32f) by extension 'ignore'
[0.439s] Level 1:colcon.colcon_core.package_identification:_identify(AutonomousRoboticApplication/stm32f) by extension 'ignore_ament_install'
[0.439s] Level 1:colcon.colcon_core.package_identification:_identify(AutonomousRoboticApplication/stm32f) by extensions ['colcon_pkg']
[0.439s] Level 1:colcon.colcon_core.package_identification:_identify(AutonomousRoboticApplication/stm32f) by extension 'colcon_pkg'
[0.439s] Level 1:colcon.colcon_core.package_identification:_identify(AutonomousRoboticApplication/stm32f) by extensions ['colcon_meta']
[0.439s] Level 1:colcon.colcon_core.package_identification:_identify(AutonomousRoboticApplication/stm32f) by extension 'colcon_meta'
[0.439s] Level 1:colcon.colcon_core.package_identification:_identify(AutonomousRoboticApplication/stm32f) by extensions ['ros']
[0.440s] Level 1:colcon.colcon_core.package_identification:_identify(AutonomousRoboticApplication/stm32f) by extension 'ros'
[0.440s] Level 1:colcon.colcon_core.package_identification:_identify(AutonomousRoboticApplication/stm32f) by extensions ['cmake', 'python']
[0.440s] Level 1:colcon.colcon_core.package_identification:_identify(AutonomousRoboticApplication/stm32f) by extension 'cmake'
[0.440s] Level 1:colcon.colcon_core.package_identification:_identify(AutonomousRoboticApplication/stm32f) by extension 'python'
[0.440s] Level 1:colcon.colcon_core.package_identification:_identify(AutonomousRoboticApplication/stm32f) by extensions ['python_setup_py']
[0.440s] Level 1:colcon.colcon_core.package_identification:_identify(AutonomousRoboticApplication/stm32f) by extension 'python_setup_py'
[0.440s] Level 1:colcon.colcon_core.package_identification:_identify(AutonomousRoboticApplication/stm32f/Makefile) by extensions ['ignore', 'ignore_ament_install']
[0.440s] Level 1:colcon.colcon_core.package_identification:_identify(AutonomousRoboticApplication/stm32f/Makefile) by extension 'ignore'
[0.440s] Level 1:colcon.colcon_core.package_identification:_identify(AutonomousRoboticApplication/stm32f/Makefile) by extension 'ignore_ament_install'
[0.440s] Level 1:colcon.colcon_core.package_identification:_identify(AutonomousRoboticApplication/stm32f/Makefile) by extensions ['colcon_pkg']
[0.440s] Level 1:colcon.colcon_core.package_identification:_identify(AutonomousRoboticApplication/stm32f/Makefile) by extension 'colcon_pkg'
[0.440s] Level 1:colcon.colcon_core.package_identification:_identify(AutonomousRoboticApplication/stm32f/Makefile) by extensions ['colcon_meta']
[0.440s] Level 1:colcon.colcon_core.package_identification:_identify(AutonomousRoboticApplication/stm32f/Makefile) by extension 'colcon_meta'
[0.440s] Level 1:colcon.colcon_core.package_identification:_identify(AutonomousRoboticApplication/stm32f/Makefile) by extensions ['ros']
[0.441s] Level 1:colcon.colcon_core.package_identification:_identify(AutonomousRoboticApplication/stm32f/Makefile) by extension 'ros'
[0.441s] Level 1:colcon.colcon_core.package_identification:_identify(AutonomousRoboticApplication/stm32f/Makefile) by extensions ['cmake', 'python']
[0.441s] Level 1:colcon.colcon_core.package_identification:_identify(AutonomousRoboticApplication/stm32f/Makefile) by extension 'cmake'
[0.441s] Level 1:colcon.colcon_core.package_identification:_identify(AutonomousRoboticApplication/stm32f/Makefile) by extension 'python'
[0.441s] Level 1:colcon.colcon_core.package_identification:_identify(AutonomousRoboticApplication/stm32f/Makefile) by extensions ['python_setup_py']
[0.441s] Level 1:colcon.colcon_core.package_identification:_identify(AutonomousRoboticApplication/stm32f/Makefile) by extension 'python_setup_py'
[0.441s] Level 1:colcon.colcon_core.package_identification:_identify(AutonomousRoboticApplication/stm32f/docs) by extensions ['ignore', 'ignore_ament_install']
[0.441s] Level 1:colcon.colcon_core.package_identification:_identify(AutonomousRoboticApplication/stm32f/docs) by extension 'ignore'
[0.441s] Level 1:colcon.colcon_core.package_identification:_identify(AutonomousRoboticApplication/stm32f/docs) by extension 'ignore_ament_install'
[0.441s] Level 1:colcon.colcon_core.package_identification:_identify(AutonomousRoboticApplication/stm32f/docs) by extensions ['colcon_pkg']
[0.441s] Level 1:colcon.colcon_core.package_identification:_identify(AutonomousRoboticApplication/stm32f/docs) by extension 'colcon_pkg'
[0.441s] Level 1:colcon.colcon_core.package_identification:_identify(AutonomousRoboticApplication/stm32f/docs) by extensions ['colcon_meta']
[0.441s] Level 1:colcon.colcon_core.package_identification:_identify(AutonomousRoboticApplication/stm32f/docs) by extension 'colcon_meta'
[0.441s] Level 1:colcon.colcon_core.package_identification:_identify(AutonomousRoboticApplication/stm32f/docs) by extensions ['ros']
[0.441s] Level 1:colcon.colcon_core.package_identification:_identify(AutonomousRoboticApplication/stm32f/docs) by extension 'ros'
[0.442s] Level 1:colcon.colcon_core.package_identification:_identify(AutonomousRoboticApplication/stm32f/docs) by extensions ['cmake', 'python']
[0.442s] Level 1:colcon.colcon_core.package_identification:_identify(AutonomousRoboticApplication/stm32f/docs) by extension 'cmake'
[0.442s] Level 1:colcon.colcon_core.package_identification:_identify(AutonomousRoboticApplication/stm32f/docs) by extension 'python'
[0.442s] Level 1:colcon.colcon_core.package_identification:_identify(AutonomousRoboticApplication/stm32f/docs) by extensions ['python_setup_py']
[0.442s] Level 1:colcon.colcon_core.package_identification:_identify(AutonomousRoboticApplication/stm32f/docs) by extension 'python_setup_py'
[0.442s] Level 1:colcon.colcon_core.package_identification:_identify(AutonomousRoboticApplication/stm32f/src) by extensions ['ignore', 'ignore_ament_install']
[0.442s] Level 1:colcon.colcon_core.package_identification:_identify(AutonomousRoboticApplication/stm32f/src) by extension 'ignore'
[0.442s] Level 1:colcon.colcon_core.package_identification:_identify(AutonomousRoboticApplication/stm32f/src) by extension 'ignore_ament_install'
[0.442s] Level 1:colcon.colcon_core.package_identification:_identify(AutonomousRoboticApplication/stm32f/src) by extensions ['colcon_pkg']
[0.442s] Level 1:colcon.colcon_core.package_identification:_identify(AutonomousRoboticApplication/stm32f/src) by extension 'colcon_pkg'
[0.442s] Level 1:colcon.colcon_core.package_identification:_identify(AutonomousRoboticApplication/stm32f/src) by extensions ['colcon_meta']
[0.442s] Level 1:colcon.colcon_core.package_identification:_identify(AutonomousRoboticApplication/stm32f/src) by extension 'colcon_meta'
[0.442s] Level 1:colcon.colcon_core.package_identification:_identify(AutonomousRoboticApplication/stm32f/src) by extensions ['ros']
[0.442s] Level 1:colcon.colcon_core.package_identification:_identify(AutonomousRoboticApplication/stm32f/src) by extension 'ros'
[0.443s] Level 1:colcon.colcon_core.package_identification:_identify(AutonomousRoboticApplication/stm32f/src) by extensions ['cmake', 'python']
[0.443s] Level 1:colcon.colcon_core.package_identification:_identify(AutonomousRoboticApplication/stm32f/src) by extension 'cmake'
[0.443s] Level 1:colcon.colcon_core.package_identification:_identify(AutonomousRoboticApplication/stm32f/src) by extension 'python'
[0.443s] Level 1:colcon.colcon_core.package_identification:_identify(AutonomousRoboticApplication/stm32f/src) by extensions ['python_setup_py']
[0.443s] Level 1:colcon.colcon_core.package_identification:_identify(AutonomousRoboticApplication/stm32f/src) by extension 'python_setup_py'
[0.443s] Level 1:colcon.colcon_core.package_identification:_identify(AutonomousRoboticApplication/stm32f/tests) by extensions ['ignore', 'ignore_ament_install']
[0.443s] Level 1:colcon.colcon_core.package_identification:_identify(AutonomousRoboticApplication/stm32f/tests) by extension 'ignore'
[0.443s] Level 1:colcon.colcon_core.package_identification:_identify(AutonomousRoboticApplication/stm32f/tests) by extension 'ignore_ament_install'
[0.443s] Level 1:colcon.colcon_core.package_identification:_identify(AutonomousRoboticApplication/stm32f/tests) by extensions ['colcon_pkg']
[0.443s] Level 1:colcon.colcon_core.package_identification:_identify(AutonomousRoboticApplication/stm32f/tests) by extension 'colcon_pkg'
[0.443s] Level 1:colcon.colcon_core.package_identification:_identify(AutonomousRoboticApplication/stm32f/tests) by extensions ['colcon_meta']
[0.443s] Level 1:colcon.colcon_core.package_identification:_identify(AutonomousRoboticApplication/stm32f/tests) by extension 'colcon_meta'
[0.443s] Level 1:colcon.colcon_core.package_identification:_identify(AutonomousRoboticApplication/stm32f/tests) by extensions ['ros']
[0.443s] Level 1:colcon.colcon_core.package_identification:_identify(AutonomousRoboticApplication/stm32f/tests) by extension 'ros'
[0.443s] Level 1:colcon.colcon_core.package_identification:_identify(AutonomousRoboticApplication/stm32f/tests) by extensions ['cmake', 'python']
[0.444s] Level 1:colcon.colcon_core.package_identification:_identify(AutonomousRoboticApplication/stm32f/tests) by extension 'cmake'
[0.444s] Level 1:colcon.colcon_core.package_identification:_identify(AutonomousRoboticApplication/stm32f/tests) by extension 'python'
[0.444s] Level 1:colcon.colcon_core.package_identification:_identify(AutonomousRoboticApplication/stm32f/tests) by extensions ['python_setup_py']
[0.444s] Level 1:colcon.colcon_core.package_identification:_identify(AutonomousRoboticApplication/stm32f/tests) by extension 'python_setup_py'
[0.444s] Level 1:colcon.colcon_core.package_identification:_identify(AutonomousRoboticApplication/tivac) by extensions ['ignore', 'ignore_ament_install']
[0.444s] Level 1:colcon.colcon_core.package_identification:_identify(AutonomousRoboticApplication/tivac) by extension 'ignore'
[0.444s] Level 1:colcon.colcon_core.package_identification:_identify(AutonomousRoboticApplication/tivac) by extension 'ignore_ament_install'
[0.444s] Level 1:colcon.colcon_core.package_identification:_identify(AutonomousRoboticApplication/tivac) by extensions ['colcon_pkg']
[0.444s] Level 1:colcon.colcon_core.package_identification:_identify(AutonomousRoboticApplication/tivac) by extension 'colcon_pkg'
[0.444s] Level 1:colcon.colcon_core.package_identification:_identify(AutonomousRoboticApplication/tivac) by extensions ['colcon_meta']
[0.444s] Level 1:colcon.colcon_core.package_identification:_identify(AutonomousRoboticApplication/tivac) by extension 'colcon_meta'
[0.444s] Level 1:colcon.colcon_core.package_identification:_identify(AutonomousRoboticApplication/tivac) by extensions ['ros']
[0.444s] Level 1:colcon.colcon_core.package_identification:_identify(AutonomousRoboticApplication/tivac) by extension 'ros'
[0.444s] Level 1:colcon.colcon_core.package_identification:_identify(AutonomousRoboticApplication/tivac) by extensions ['cmake', 'python']
[0.444s] Level 1:colcon.colcon_core.package_identification:_identify(AutonomousRoboticApplication/tivac) by extension 'cmake'
[0.444s] Level 1:colcon.colcon_core.package_identification:_identify(AutonomousRoboticApplication/tivac) by extension 'python'
[0.444s] Level 1:colcon.colcon_core.package_identification:_identify(AutonomousRoboticApplication/tivac) by extensions ['python_setup_py']
[0.445s] Level 1:colcon.colcon_core.package_identification:_identify(AutonomousRoboticApplication/tivac) by extension 'python_setup_py'
[0.445s] Level 1:colcon.colcon_core.package_identification:_identify(AutonomousRoboticApplication/tivac/Makefile) by extensions ['ignore', 'ignore_ament_install']
[0.445s] Level 1:colcon.colcon_core.package_identification:_identify(AutonomousRoboticApplication/tivac/Makefile) by extension 'ignore'
[0.445s] Level 1:colcon.colcon_core.package_identification:_identify(AutonomousRoboticApplication/tivac/Makefile) by extension 'ignore_ament_install'
[0.445s] Level 1:colcon.colcon_core.package_identification:_identify(AutonomousRoboticApplication/tivac/Makefile) by extensions ['colcon_pkg']
[0.445s] Level 1:colcon.colcon_core.package_identification:_identify(AutonomousRoboticApplication/tivac/Makefile) by extension 'colcon_pkg'
[0.445s] Level 1:colcon.colcon_core.package_identification:_identify(AutonomousRoboticApplication/tivac/Makefile) by extensions ['colcon_meta']
[0.445s] Level 1:colcon.colcon_core.package_identification:_identify(AutonomousRoboticApplication/tivac/Makefile) by extension 'colcon_meta'
[0.445s] Level 1:colcon.colcon_core.package_identification:_identify(AutonomousRoboticApplication/tivac/Makefile) by extensions ['ros']
[0.445s] Level 1:colcon.colcon_core.package_identification:_identify(AutonomousRoboticApplication/tivac/Makefile) by extension 'ros'
[0.445s] Level 1:colcon.colcon_core.package_identification:_identify(AutonomousRoboticApplication/tivac/Makefile) by extensions ['cmake', 'python']
[0.445s] Level 1:colcon.colcon_core.package_identification:_identify(AutonomousRoboticApplication/tivac/Makefile) by extension 'cmake'
[0.445s] Level 1:colcon.colcon_core.package_identification:_identify(AutonomousRoboticApplication/tivac/Makefile) by extension 'python'
[0.445s] Level 1:colcon.colcon_core.package_identification:_identify(AutonomousRoboticApplication/tivac/Makefile) by extensions ['python_setup_py']
[0.446s] Level 1:colcon.colcon_core.package_identification:_identify(AutonomousRoboticApplication/tivac/Makefile) by extension 'python_setup_py'
[0.446s] Level 1:colcon.colcon_core.package_identification:_identify(AutonomousRoboticApplication/tivac/docs) by extensions ['ignore', 'ignore_ament_install']
[0.446s] Level 1:colcon.colcon_core.package_identification:_identify(AutonomousRoboticApplication/tivac/docs) by extension 'ignore'
[0.446s] Level 1:colcon.colcon_core.package_identification:_identify(AutonomousRoboticApplication/tivac/docs) by extension 'ignore_ament_install'
[0.446s] Level 1:colcon.colcon_core.package_identification:_identify(AutonomousRoboticApplication/tivac/docs) by extensions ['colcon_pkg']
[0.446s] Level 1:colcon.colcon_core.package_identification:_identify(AutonomousRoboticApplication/tivac/docs) by extension 'colcon_pkg'
[0.446s] Level 1:colcon.colcon_core.package_identification:_identify(AutonomousRoboticApplication/tivac/docs) by extensions ['colcon_meta']
[0.446s] Level 1:colcon.colcon_core.package_identification:_identify(AutonomousRoboticApplication/tivac/docs) by extension 'colcon_meta'
[0.446s] Level 1:colcon.colcon_core.package_identification:_identify(AutonomousRoboticApplication/tivac/docs) by extensions ['ros']
[0.446s] Level 1:colcon.colcon_core.package_identification:_identify(AutonomousRoboticApplication/tivac/docs) by extension 'ros'
[0.446s] Level 1:colcon.colcon_core.package_identification:_identify(AutonomousRoboticApplication/tivac/docs) by extensions ['cmake', 'python']
[0.446s] Level 1:colcon.colcon_core.package_identification:_identify(AutonomousRoboticApplication/tivac/docs) by extension 'cmake'
[0.446s] Level 1:colcon.colcon_core.package_identification:_identify(AutonomousRoboticApplication/tivac/docs) by extension 'python'
[0.446s] Level 1:colcon.colcon_core.package_identification:_identify(AutonomousRoboticApplication/tivac/docs) by extensions ['python_setup_py']
[0.446s] Level 1:colcon.colcon_core.package_identification:_identify(AutonomousRoboticApplication/tivac/docs) by extension 'python_setup_py'
[0.447s] Level 1:colcon.colcon_core.package_identification:_identify(AutonomousRoboticApplication/tivac/src) by extensions ['ignore', 'ignore_ament_install']
[0.447s] Level 1:colcon.colcon_core.package_identification:_identify(AutonomousRoboticApplication/tivac/src) by extension 'ignore'
[0.447s] Level 1:colcon.colcon_core.package_identification:_identify(AutonomousRoboticApplication/tivac/src) by extension 'ignore_ament_install'
[0.447s] Level 1:colcon.colcon_core.package_identification:_identify(AutonomousRoboticApplication/tivac/src) by extensions ['colcon_pkg']
[0.447s] Level 1:colcon.colcon_core.package_identification:_identify(AutonomousRoboticApplication/tivac/src) by extension 'colcon_pkg'
[0.447s] Level 1:colcon.colcon_core.package_identification:_identify(AutonomousRoboticApplication/tivac/src) by extensions ['colcon_meta']
[0.447s] Level 1:colcon.colcon_core.package_identification:_identify(AutonomousRoboticApplication/tivac/src) by extension 'colcon_meta'
[0.447s] Level 1:colcon.colcon_core.package_identification:_identify(AutonomousRoboticApplication/tivac/src) by extensions ['ros']
[0.447s] Level 1:colcon.colcon_core.package_identification:_identify(AutonomousRoboticApplication/tivac/src) by extension 'ros'
[0.447s] Level 1:colcon.colcon_core.package_identification:_identify(AutonomousRoboticApplication/tivac/src) by extensions ['cmake', 'python']
[0.447s] Level 1:colcon.colcon_core.package_identification:_identify(AutonomousRoboticApplication/tivac/src) by extension 'cmake'
[0.447s] Level 1:colcon.colcon_core.package_identification:_identify(AutonomousRoboticApplication/tivac/src) by extension 'python'
[0.447s] Level 1:colcon.colcon_core.package_identification:_identify(AutonomousRoboticApplication/tivac/src) by extensions ['python_setup_py']
[0.447s] Level 1:colcon.colcon_core.package_identification:_identify(AutonomousRoboticApplication/tivac/src) by extension 'python_setup_py'
[0.447s] Level 1:colcon.colcon_core.package_identification:_identify(AutonomousRoboticApplication/tivac/tests) by extensions ['ignore', 'ignore_ament_install']
[0.448s] Level 1:colcon.colcon_core.package_identification:_identify(AutonomousRoboticApplication/tivac/tests) by extension 'ignore'
[0.448s] Level 1:colcon.colcon_core.package_identification:_identify(AutonomousRoboticApplication/tivac/tests) by extension 'ignore_ament_install'
[0.448s] Level 1:colcon.colcon_core.package_identification:_identify(AutonomousRoboticApplication/tivac/tests) by extensions ['colcon_pkg']
[0.448s] Level 1:colcon.colcon_core.package_identification:_identify(AutonomousRoboticApplication/tivac/tests) by extension 'colcon_pkg'
[0.448s] Level 1:colcon.colcon_core.package_identification:_identify(AutonomousRoboticApplication/tivac/tests) by extensions ['colcon_meta']
[0.448s] Level 1:colcon.colcon_core.package_identification:_identify(AutonomousRoboticApplication/tivac/tests) by extension 'colcon_meta'
[0.448s] Level 1:colcon.colcon_core.package_identification:_identify(AutonomousRoboticApplication/tivac/tests) by extensions ['ros']
[0.448s] Level 1:colcon.colcon_core.package_identification:_identify(AutonomousRoboticApplication/tivac/tests) by extension 'ros'
[0.448s] Level 1:colcon.colcon_core.package_identification:_identify(AutonomousRoboticApplication/tivac/tests) by extensions ['cmake', 'python']
[0.448s] Level 1:colcon.colcon_core.package_identification:_identify(AutonomousRoboticApplication/tivac/tests) by extension 'cmake'
[0.448s] Level 1:colcon.colcon_core.package_identification:_identify(AutonomousRoboticApplication/tivac/tests) by extension 'python'
[0.448s] Level 1:colcon.colcon_core.package_identification:_identify(AutonomousRoboticApplication/tivac/tests) by extensions ['python_setup_py']
[0.448s] Level 1:colcon.colcon_core.package_identification:_identify(AutonomousRoboticApplication/tivac/tests) by extension 'python_setup_py'
[0.448s] Level 1:colcon.colcon_core.package_identification:_identify(Config) by extensions ['ignore', 'ignore_ament_install']
[0.449s] Level 1:colcon.colcon_core.package_identification:_identify(Config) by extension 'ignore'
[0.449s] Level 1:colcon.colcon_core.package_identification:_identify(Config) by extension 'ignore_ament_install'
[0.449s] Level 1:colcon.colcon_core.package_identification:_identify(Config) by extensions ['colcon_pkg']
[0.449s] Level 1:colcon.colcon_core.package_identification:_identify(Config) by extension 'colcon_pkg'
[0.449s] Level 1:colcon.colcon_core.package_identification:_identify(Config) by extensions ['colcon_meta']
[0.449s] Level 1:colcon.colcon_core.package_identification:_identify(Config) by extension 'colcon_meta'
[0.449s] Level 1:colcon.colcon_core.package_identification:_identify(Config) by extensions ['ros']
[0.449s] Level 1:colcon.colcon_core.package_identification:_identify(Config) by extension 'ros'
[0.449s] Level 1:colcon.colcon_core.package_identification:_identify(Config) by extensions ['cmake', 'python']
[0.449s] Level 1:colcon.colcon_core.package_identification:_identify(Config) by extension 'cmake'
[0.449s] Level 1:colcon.colcon_core.package_identification:_identify(Config) by extension 'python'
[0.449s] Level 1:colcon.colcon_core.package_identification:_identify(Config) by extensions ['python_setup_py']
[0.449s] Level 1:colcon.colcon_core.package_identification:_identify(Config) by extension 'python_setup_py'
[0.449s] Level 1:colcon.colcon_core.package_identification:_identify(Docs) by extensions ['ignore', 'ignore_ament_install']
[0.449s] Level 1:colcon.colcon_core.package_identification:_identify(Docs) by extension 'ignore'
[0.449s] Level 1:colcon.colcon_core.package_identification:_identify(Docs) by extension 'ignore_ament_install'
[0.450s] Level 1:colcon.colcon_core.package_identification:_identify(Docs) by extensions ['colcon_pkg']
[0.450s] Level 1:colcon.colcon_core.package_identification:_identify(Docs) by extension 'colcon_pkg'
[0.450s] Level 1:colcon.colcon_core.package_identification:_identify(Docs) by extensions ['colcon_meta']
[0.450s] Level 1:colcon.colcon_core.package_identification:_identify(Docs) by extension 'colcon_meta'
[0.450s] Level 1:colcon.colcon_core.package_identification:_identify(Docs) by extensions ['ros']
[0.450s] Level 1:colcon.colcon_core.package_identification:_identify(Docs) by extension 'ros'
[0.450s] Level 1:colcon.colcon_core.package_identification:_identify(Docs) by extensions ['cmake', 'python']
[0.450s] Level 1:colcon.colcon_core.package_identification:_identify(Docs) by extension 'cmake'
[0.450s] Level 1:colcon.colcon_core.package_identification:_identify(Docs) by extension 'python'
[0.450s] Level 1:colcon.colcon_core.package_identification:_identify(Docs) by extensions ['python_setup_py']
[0.450s] Level 1:colcon.colcon_core.package_identification:_identify(Docs) by extension 'python_setup_py'
[0.450s] Level 1:colcon.colcon_core.package_identification:_identify(Reports) by extensions ['ignore', 'ignore_ament_install']
[0.450s] Level 1:colcon.colcon_core.package_identification:_identify(Reports) by extension 'ignore'
[0.450s] Level 1:colcon.colcon_core.package_identification:_identify(Reports) by extension 'ignore_ament_install'
[0.451s] Level 1:colcon.colcon_core.package_identification:_identify(Reports) by extensions ['colcon_pkg']
[0.451s] Level 1:colcon.colcon_core.package_identification:_identify(Reports) by extension 'colcon_pkg'
[0.451s] Level 1:colcon.colcon_core.package_identification:_identify(Reports) by extensions ['colcon_meta']
[0.451s] Level 1:colcon.colcon_core.package_identification:_identify(Reports) by extension 'colcon_meta'
[0.451s] Level 1:colcon.colcon_core.package_identification:_identify(Reports) by extensions ['ros']
[0.451s] Level 1:colcon.colcon_core.package_identification:_identify(Reports) by extension 'ros'
[0.451s] Level 1:colcon.colcon_core.package_identification:_identify(Reports) by extensions ['cmake', 'python']
[0.451s] Level 1:colcon.colcon_core.package_identification:_identify(Reports) by extension 'cmake'
[0.451s] Level 1:colcon.colcon_core.package_identification:_identify(Reports) by extension 'python'
[0.451s] Level 1:colcon.colcon_core.package_identification:_identify(Reports) by extensions ['python_setup_py']
[0.451s] Level 1:colcon.colcon_core.package_identification:_identify(Reports) by extension 'python_setup_py'
[0.451s] Level 1:colcon.colcon_core.package_identification:_identify(Tests) by extensions ['ignore', 'ignore_ament_install']
[0.451s] Level 1:colcon.colcon_core.package_identification:_identify(Tests) by extension 'ignore'
[0.451s] Level 1:colcon.colcon_core.package_identification:_identify(Tests) by extension 'ignore_ament_install'
[0.451s] Level 1:colcon.colcon_core.package_identification:_identify(Tests) by extensions ['colcon_pkg']
[0.451s] Level 1:colcon.colcon_core.package_identification:_identify(Tests) by extension 'colcon_pkg'
[0.452s] Level 1:colcon.colcon_core.package_identification:_identify(Tests) by extensions ['colcon_meta']
[0.452s] Level 1:colcon.colcon_core.package_identification:_identify(Tests) by extension 'colcon_meta'
[0.452s] Level 1:colcon.colcon_core.package_identification:_identify(Tests) by extensions ['ros']
[0.452s] Level 1:colcon.colcon_core.package_identification:_identify(Tests) by extension 'ros'
[0.452s] Level 1:colcon.colcon_core.package_identification:_identify(Tests) by extensions ['cmake', 'python']
[0.452s] Level 1:colcon.colcon_core.package_identification:_identify(Tests) by extension 'cmake'
[0.452s] Level 1:colcon.colcon_core.package_identification:_identify(Tests) by extension 'python'
[0.452s] Level 1:colcon.colcon_core.package_identification:_identify(Tests) by extensions ['python_setup_py']
[0.452s] Level 1:colcon.colcon_core.package_identification:_identify(Tests) by extension 'python_setup_py'
[0.452s] Level 1:colcon.colcon_core.package_identification:_identify(Tools) by extensions ['ignore', 'ignore_ament_install']
[0.452s] Level 1:colcon.colcon_core.package_identification:_identify(Tools) by extension 'ignore'
[0.452s] Level 1:colcon.colcon_core.package_identification:_identify(Tools) by extension 'ignore_ament_install'
[0.452s] Level 1:colcon.colcon_core.package_identification:_identify(Tools) by extensions ['colcon_pkg']
[0.452s] Level 1:colcon.colcon_core.package_identification:_identify(Tools) by extension 'colcon_pkg'
[0.452s] Level 1:colcon.colcon_core.package_identification:_identify(Tools) by extensions ['colcon_meta']
[0.452s] Level 1:colcon.colcon_core.package_identification:_identify(Tools) by extension 'colcon_meta'
[0.453s] Level 1:colcon.colcon_core.package_identification:_identify(Tools) by extensions ['ros']
[0.453s] Level 1:colcon.colcon_core.package_identification:_identify(Tools) by extension 'ros'
[0.453s] Level 1:colcon.colcon_core.package_identification:_identify(Tools) by extensions ['cmake', 'python']
[0.453s] Level 1:colcon.colcon_core.package_identification:_identify(Tools) by extension 'cmake'
[0.453s] Level 1:colcon.colcon_core.package_identification:_identify(Tools) by extension 'python'
[0.453s] Level 1:colcon.colcon_core.package_identification:_identify(Tools) by extensions ['python_setup_py']
[0.453s] Level 1:colcon.colcon_core.package_identification:_identify(Tools) by extension 'python_setup_py'
[0.453s] Level 1:colcon.colcon_core.package_identification:_identify(build) by extensions ['ignore', 'ignore_ament_install']
[0.453s] Level 1:colcon.colcon_core.package_identification:_identify(build) by extension 'ignore'
[0.453s] Level 1:colcon.colcon_core.package_identification:_identify(build) ignored
[0.453s] Level 1:colcon.colcon_core.package_identification:_identify(install) by extensions ['ignore', 'ignore_ament_install']
[0.454s] Level 1:colcon.colcon_core.package_identification:_identify(install) by extension 'ignore'
[0.454s] Level 1:colcon.colcon_core.package_identification:_identify(install) ignored
[0.454s] Level 1:colcon.colcon_core.package_identification:_identify(log) by extensions ['ignore', 'ignore_ament_install']
[0.454s] Level 1:colcon.colcon_core.package_identification:_identify(log) by extension 'ignore'
[0.454s] Level 1:colcon.colcon_core.package_identification:_identify(log) ignored
[0.454s] Level 1:colcon.colcon_core.package_discovery:discover_packages(recursive) using defaults
[0.454s] Level 1:colcon.colcon_core.package_discovery:discover_packages(ignore) discover
[0.454s] Level 1:colcon.colcon_core.package_discovery:discover_packages(ignore) using defaults
[0.454s] Level 1:colcon.colcon_core.package_discovery:discover_packages(path) discover
[0.454s] Level 1:colcon.colcon_core.package_discovery:discover_packages(path) using defaults
[0.498s] INFO:colcon.colcon_core.package_selection:Skipping not selected package 'py_pkg' in 'AutonomousRoboticApplication/raspberry_pi/ros2_ws/src/py_pkg'
[0.498s] Level 1:colcon.colcon_core.package_discovery:discover_packages(prefix_path) check parameters
[0.498s] Level 1:colcon.colcon_core.package_discovery:discover_packages(prefix_path) discover
[0.500s] DEBUG:colcon.colcon_installed_package_information.package_discovery:Found 2 installed packages in /home/aliadel/Documents/Autonomous-Robotic-System/AutonomousRoboticApplication/raspberry_pi/ros2_ws/install
[0.501s] DEBUG:colcon.colcon_installed_package_information.package_discovery:Found 1 installed packages in /home/aliadel/ros2_ws/install
[0.504s] DEBUG:colcon.colcon_installed_package_information.package_discovery:Found 361 installed packages in /opt/ros/humble
[0.505s] Level 1:colcon.colcon_core.package_discovery:discover_packages(prefix_path) using defaults
[0.563s] Level 5:colcon.colcon_core.verb:set package 'cpp_pkg' build argument 'cmake_args' from command line to 'None'
[0.563s] Level 5:colcon.colcon_core.verb:set package 'cpp_pkg' build argument 'cmake_target' from command line to 'None'
[0.563s] Level 5:colcon.colcon_core.verb:set package 'cpp_pkg' build argument 'cmake_target_skip_unavailable' from command line to 'False'
[0.563s] Level 5:colcon.colcon_core.verb:set package 'cpp_pkg' build argument 'cmake_clean_cache' from command line to 'False'
[0.563s] Level 5:colcon.colcon_core.verb:set package 'cpp_pkg' build argument 'cmake_clean_first' from command line to 'False'
[0.563s] Level 5:colcon.colcon_core.verb:set package 'cpp_pkg' build argument 'cmake_force_configure' from command line to 'False'
[0.563s] Level 5:colcon.colcon_core.verb:set package 'cpp_pkg' build argument 'ament_cmake_args' from command line to 'None'
[0.563s] Level 5:colcon.colcon_core.verb:set package 'cpp_pkg' build argument 'catkin_cmake_args' from command line to 'None'
[0.563s] Level 5:colcon.colcon_core.verb:set package 'cpp_pkg' build argument 'catkin_skip_building_tests' from command line to 'False'
[0.563s] DEBUG:colcon.colcon_core.verb:Building package 'cpp_pkg' with the following arguments: {'ament_cmake_args': None, 'build_base': '/home/aliadel/Documents/Autonomous-Robotic-System/build/cpp_pkg', 'catkin_cmake_args': None, 'catkin_skip_building_tests': False, 'cmake_args': None, 'cmake_clean_cache': False, 'cmake_clean_first': False, 'cmake_force_configure': False, 'cmake_target': None, 'cmake_target_skip_unavailable': False, 'install_base': '/home/aliadel/Documents/Autonomous-Robotic-System/install/cpp_pkg', 'merge_install': False, 'path': '/home/aliadel/Documents/Autonomous-Robotic-System/AutonomousRoboticApplication/raspberry_pi/ros2_ws/src/cpp_pkg', 'symlink_install': False, 'test_result_base': None}
[0.563s] INFO:colcon.colcon_core.executor:Executing jobs using 'parallel' executor
[0.565s] DEBUG:colcon.colcon_parallel_executor.executor.parallel:run_until_complete
[0.565s] INFO:colcon.colcon_ros.task.ament_cmake.build:Building ROS package in '/home/aliadel/Documents/Autonomous-Robotic-System/AutonomousRoboticApplication/raspberry_pi/ros2_ws/src/cpp_pkg' with build type 'ament_cmake'
[0.566s] INFO:colcon.colcon_cmake.task.cmake.build:Building CMake package in '/home/aliadel/Documents/Autonomous-Robotic-System/AutonomousRoboticApplication/raspberry_pi/ros2_ws/src/cpp_pkg'
[0.569s] INFO:colcon.colcon_core.plugin_system:Skipping extension 'colcon_core.shell.bat': Not used on non-Windows systems
[0.569s] INFO:colcon.colcon_core.shell:Skip shell extension 'powershell' for command environment: Not usable outside of PowerShell
[0.569s] DEBUG:colcon.colcon_core.shell:Skip shell extension 'dsv' for command environment
[0.659s] DEBUG:colcon.colcon_core.event_handler.log_command:Invoking command in '/home/aliadel/Documents/Autonomous-Robotic-System/build/cpp_pkg': CMAKE_PREFIX_PATH=${CMAKE_PREFIX_PATH}:/home/aliadel/Documents/Autonomous-Robotic-System/AutonomousRoboticApplication/raspberry_pi/ros2_ws/install/py_pkg:/home/aliadel/ros2_ws/install/my_py_pkg:/opt/ros/humble /usr/bin/cmake --build /home/aliadel/Documents/Autonomous-Robotic-System/build/cpp_pkg -- -j8 -l8
[0.725s] DEBUG:colcon.colcon_core.event_handler.log_command:Invoked command in '/home/aliadel/Documents/Autonomous-Robotic-System/build/cpp_pkg' returned '2': CMAKE_PREFIX_PATH=${CMAKE_PREFIX_PATH}:/home/aliadel/Documents/Autonomous-Robotic-System/AutonomousRoboticApplication/raspberry_pi/ros2_ws/install/py_pkg:/home/aliadel/ros2_ws/install/my_py_pkg:/opt/ros/humble /usr/bin/cmake --build /home/aliadel/Documents/Autonomous-Robotic-System/build/cpp_pkg -- -j8 -l8
[0.830s] Level 1:colcon.colcon_core.environment:create_environment_scripts_only(cpp_pkg)
[0.837s] Level 1:colcon.colcon_core.environment:checking '/home/aliadel/Documents/Autonomous-Robotic-System/install/cpp_pkg' for CMake module files
[0.839s] Level 1:colcon.colcon_core.environment:checking '/home/aliadel/Documents/Autonomous-Robotic-System/install/cpp_pkg' for CMake config files
[0.839s] Level 1:colcon.colcon_core.shell:create_environment_hook('cpp_pkg', 'cmake_prefix_path')
[0.840s] INFO:colcon.colcon_core.shell:Creating environment hook '/home/aliadel/Documents/Autonomous-Robotic-System/install/cpp_pkg/share/cpp_pkg/hook/cmake_prefix_path.ps1'
[0.842s] INFO:colcon.colcon_core.shell:Creating environment descriptor '/home/aliadel/Documents/Autonomous-Robotic-System/install/cpp_pkg/share/cpp_pkg/hook/cmake_prefix_path.dsv'
[0.844s] INFO:colcon.colcon_core.shell:Creating environment hook '/home/aliadel/Documents/Autonomous-Robotic-System/install/cpp_pkg/share/cpp_pkg/hook/cmake_prefix_path.sh'
[0.848s] Level 1:colcon.colcon_core.environment:checking '/home/aliadel/Documents/Autonomous-Robotic-System/install/cpp_pkg/lib'
[0.849s] Level 1:colcon.colcon_core.environment:checking '/home/aliadel/Documents/Autonomous-Robotic-System/install/cpp_pkg/bin'
[0.849s] Level 1:colcon.colcon_core.environment:checking '/home/aliadel/Documents/Autonomous-Robotic-System/install/cpp_pkg/lib/pkgconfig/cpp_pkg.pc'
[0.850s] Level 1:colcon.colcon_core.environment:checking '/home/aliadel/Documents/Autonomous-Robotic-System/install/cpp_pkg/lib/python3.10/site-packages'
[0.852s] Level 1:colcon.colcon_core.environment:checking '/home/aliadel/Documents/Autonomous-Robotic-System/install/cpp_pkg/bin'
[0.853s] INFO:colcon.colcon_core.shell:Creating package script '/home/aliadel/Documents/Autonomous-Robotic-System/install/cpp_pkg/share/cpp_pkg/package.ps1'
[0.855s] INFO:colcon.colcon_core.shell:Creating package descriptor '/home/aliadel/Documents/Autonomous-Robotic-System/install/cpp_pkg/share/cpp_pkg/package.dsv'
[0.857s] INFO:colcon.colcon_core.shell:Creating package script '/home/aliadel/Documents/Autonomous-Robotic-System/install/cpp_pkg/share/cpp_pkg/package.sh'
[0.861s] INFO:colcon.colcon_core.shell:Creating package script '/home/aliadel/Documents/Autonomous-Robotic-System/install/cpp_pkg/share/cpp_pkg/package.bash'
[0.866s] INFO:colcon.colcon_core.shell:Creating package script '/home/aliadel/Documents/Autonomous-Robotic-System/install/cpp_pkg/share/cpp_pkg/package.zsh'
[0.872s] Level 1:colcon.colcon_core.environment:create_file_with_runtime_dependencies(/home/aliadel/Documents/Autonomous-Robotic-System/install/cpp_pkg/share/colcon-core/packages/cpp_pkg)
[0.884s] DEBUG:colcon.colcon_parallel_executor.executor.parallel:closing loop
[0.887s] DEBUG:colcon.colcon_parallel_executor.executor.parallel:loop closed
[0.888s] DEBUG:colcon.colcon_parallel_executor.executor.parallel:run_until_complete finished with '2'
[0.888s] DEBUG:colcon.colcon_core.event_reactor:joining thread
[0.905s] INFO:colcon.colcon_core.plugin_system:Skipping extension 'colcon_notification.desktop_notification.terminal_notifier': Not used on non-Darwin systems
[0.906s] INFO:colcon.colcon_core.plugin_system:Skipping extension 'colcon_notification.desktop_notification.win32': Not used on non-Windows systems
[0.906s] INFO:colcon.colcon_notification.desktop_notification:Sending desktop notification using 'notify2'
[0.948s] DEBUG:colcon.colcon_core.event_reactor:joined thread
[0.949s] INFO:colcon.colcon_core.shell:Creating prefix script '/home/aliadel/Documents/Autonomous-Robotic-System/install/local_setup.ps1'
[0.952s] INFO:colcon.colcon_core.shell:Creating prefix util module '/home/aliadel/Documents/Autonomous-Robotic-System/install/_local_setup_util_ps1.py'
[0.956s] INFO:colcon.colcon_core.shell:Creating prefix chain script '/home/aliadel/Documents/Autonomous-Robotic-System/install/setup.ps1'
[0.960s] INFO:colcon.colcon_core.shell:Creating prefix script '/home/aliadel/Documents/Autonomous-Robotic-System/install/local_setup.sh'
[0.962s] INFO:colcon.colcon_core.shell:Creating prefix util module '/home/aliadel/Documents/Autonomous-Robotic-System/install/_local_setup_util_sh.py'
[0.964s] INFO:colcon.colcon_core.shell:Creating prefix chain script '/home/aliadel/Documents/Autonomous-Robotic-System/install/setup.sh'
[0.968s] INFO:colcon.colcon_core.shell:Creating prefix script '/home/aliadel/Documents/Autonomous-Robotic-System/install/local_setup.bash'
[0.973s] INFO:colcon.colcon_core.shell:Creating prefix chain script '/home/aliadel/Documents/Autonomous-Robotic-System/install/setup.bash'
[0.977s] INFO:colcon.colcon_core.shell:Creating prefix script '/home/aliadel/Documents/Autonomous-Robotic-System/install/local_setup.zsh'
[0.979s] INFO:colcon.colcon_core.shell:Creating prefix chain script '/home/aliadel/Documents/Autonomous-Robotic-System/install/setup.zsh'
