[0.132s] DEBUG:colcon:Command line arguments: ['/usr/bin/colcon', 'build']
[0.132s] DEBUG:colcon:Parsed command line arguments: Namespace(log_base=None, log_level=None, verb_name='build', build_base='build', install_base='install', merge_install=False, symlink_install=False, test_result_base=None, continue_on_error=False, executor='parallel', parallel_workers=8, event_handlers=None, ignore_user_meta=False, metas=['./colcon.meta'], base_paths=['.'], packages_ignore=None, packages_ignore_regex=None, paths=None, packages_up_to=None, packages_up_to_regex=None, packages_above=None, packages_above_and_dependencies=None, packages_above_depth=None, packages_select_by_dep=None, packages_skip_by_dep=None, packages_skip_up_to=None, packages_select_build_failed=False, packages_skip_build_finished=False, packages_select_test_failures=False, packages_skip_test_passed=False, packages_select=None, packages_skip=None, packages_select_regex=None, packages_skip_regex=None, packages_start=None, packages_end=None, allow_overriding=[], cmake_args=None, cmake_target=None, cmake_target_skip_unavailable=False, cmake_clean_cache=False, cmake_clean_first=False, cmake_force_configure=False, ament_cmake_args=None, catkin_cmake_args=None, catkin_skip_building_tests=False, mixin_files=None, mixin=None, verb_parser=<colcon_mixin.mixin.mixin_argument.MixinArgumentDecorator object at 0x7e2183b3ae30>, verb_extension=<colcon_core.verb.build.BuildVerb object at 0x7e2183b3a860>, main=<bound method BuildVerb.main of <colcon_core.verb.build.BuildVerb object at 0x7e2183b3a860>>, mixin_verb=('build',))
[0.193s] Level 1:colcon.colcon_core.package_discovery:discover_packages(colcon_meta) check parameters
[0.194s] Level 1:colcon.colcon_core.package_discovery:discover_packages(recursive) check parameters
[0.194s] Level 1:colcon.colcon_core.package_discovery:discover_packages(ignore) check parameters
[0.194s] Level 1:colcon.colcon_core.package_discovery:discover_packages(path) check parameters
[0.194s] Level 1:colcon.colcon_core.package_discovery:discover_packages(colcon_meta) discover
[0.194s] Level 1:colcon.colcon_core.package_discovery:discover_packages(recursive) discover
[0.194s] INFO:colcon.colcon_core.package_discovery:Crawling recursively for packages in '/home/aliadel/Documents/Autonomous-Robotic-System'
[0.194s] Level 1:colcon.colcon_core.package_identification:_identify(.) by extensions ['ignore', 'ignore_ament_install']
[0.194s] Level 1:colcon.colcon_core.package_identification:_identify(.) by extension 'ignore'
[0.194s] Level 1:colcon.colcon_core.package_identification:_identify(.) by extension 'ignore_ament_install'
[0.194s] Level 1:colcon.colcon_core.package_identification:_identify(.) by extensions ['colcon_pkg']
[0.194s] Level 1:colcon.colcon_core.package_identification:_identify(.) by extension 'colcon_pkg'
[0.194s] Level 1:colcon.colcon_core.package_identification:_identify(.) by extensions ['colcon_meta']
[0.194s] Level 1:colcon.colcon_core.package_identification:_identify(.) by extension 'colcon_meta'
[0.194s] Level 1:colcon.colcon_core.package_identification:_identify(.) by extensions ['ros']
[0.195s] Level 1:colcon.colcon_core.package_identification:_identify(.) by extension 'ros'
[0.198s] Level 1:colcon.colcon_core.package_identification:_identify(.) by extensions ['cmake', 'python']
[0.198s] Level 1:colcon.colcon_core.package_identification:_identify(.) by extension 'cmake'
[0.198s] Level 1:colcon.colcon_core.package_identification:_identify(.) by extension 'python'
[0.199s] Level 1:colcon.colcon_core.package_identification:_identify(.) by extensions ['python_setup_py']
[0.199s] Level 1:colcon.colcon_core.package_identification:_identify(.) by extension 'python_setup_py'
[0.199s] Level 1:colcon.colcon_core.package_identification:_identify(Assets) by extensions ['ignore', 'ignore_ament_install']
[0.199s] Level 1:colcon.colcon_core.package_identification:_identify(Assets) by extension 'ignore'
[0.199s] Level 1:colcon.colcon_core.package_identification:_identify(Assets) by extension 'ignore_ament_install'
[0.199s] Level 1:colcon.colcon_core.package_identification:_identify(Assets) by extensions ['colcon_pkg']
[0.199s] Level 1:colcon.colcon_core.package_identification:_identify(Assets) by extension 'colcon_pkg'
[0.199s] Level 1:colcon.colcon_core.package_identification:_identify(Assets) by extensions ['colcon_meta']
[0.199s] Level 1:colcon.colcon_core.package_identification:_identify(Assets) by extension 'colcon_meta'
[0.199s] Level 1:colcon.colcon_core.package_identification:_identify(Assets) by extensions ['ros']
[0.199s] Level 1:colcon.colcon_core.package_identification:_identify(Assets) by extension 'ros'
[0.199s] Level 1:colcon.colcon_core.package_identification:_identify(Assets) by extensions ['cmake', 'python']
[0.199s] Level 1:colcon.colcon_core.package_identification:_identify(Assets) by extension 'cmake'
[0.199s] Level 1:colcon.colcon_core.package_identification:_identify(Assets) by extension 'python'
[0.200s] Level 1:colcon.colcon_core.package_identification:_identify(Assets) by extensions ['python_setup_py']
[0.200s] Level 1:colcon.colcon_core.package_identification:_identify(Assets) by extension 'python_setup_py'
[0.200s] Level 1:colcon.colcon_core.package_identification:_identify(AutonomousRoboticApplication) by extensions ['ignore', 'ignore_ament_install']
[0.200s] Level 1:colcon.colcon_core.package_identification:_identify(AutonomousRoboticApplication) by extension 'ignore'
[0.200s] Level 1:colcon.colcon_core.package_identification:_identify(AutonomousRoboticApplication) by extension 'ignore_ament_install'
[0.200s] Level 1:colcon.colcon_core.package_identification:_identify(AutonomousRoboticApplication) by extensions ['colcon_pkg']
[0.200s] Level 1:colcon.colcon_core.package_identification:_identify(AutonomousRoboticApplication) by extension 'colcon_pkg'
[0.200s] Level 1:colcon.colcon_core.package_identification:_identify(AutonomousRoboticApplication) by extensions ['colcon_meta']
[0.200s] Level 1:colcon.colcon_core.package_identification:_identify(AutonomousRoboticApplication) by extension 'colcon_meta'
[0.200s] Level 1:colcon.colcon_core.package_identification:_identify(AutonomousRoboticApplication) by extensions ['ros']
[0.200s] Level 1:colcon.colcon_core.package_identification:_identify(AutonomousRoboticApplication) by extension 'ros'
[0.200s] Level 1:colcon.colcon_core.package_identification:_identify(AutonomousRoboticApplication) by extensions ['cmake', 'python']
[0.200s] Level 1:colcon.colcon_core.package_identification:_identify(AutonomousRoboticApplication) by extension 'cmake'
[0.200s] Level 1:colcon.colcon_core.package_identification:_identify(AutonomousRoboticApplication) by extension 'python'
[0.200s] Level 1:colcon.colcon_core.package_identification:_identify(AutonomousRoboticApplication) by extensions ['python_setup_py']
[0.200s] Level 1:colcon.colcon_core.package_identification:_identify(AutonomousRoboticApplication) by extension 'python_setup_py'
[0.201s] Level 1:colcon.colcon_core.package_identification:_identify(AutonomousRoboticApplication/common) by extensions ['ignore', 'ignore_ament_install']
[0.201s] Level 1:colcon.colcon_core.package_identification:_identify(AutonomousRoboticApplication/common) by extension 'ignore'
[0.201s] Level 1:colcon.colcon_core.package_identification:_identify(AutonomousRoboticApplication/common) by extension 'ignore_ament_install'
[0.201s] Level 1:colcon.colcon_core.package_identification:_identify(AutonomousRoboticApplication/common) by extensions ['colcon_pkg']
[0.201s] Level 1:colcon.colcon_core.package_identification:_identify(AutonomousRoboticApplication/common) by extension 'colcon_pkg'
[0.201s] Level 1:colcon.colcon_core.package_identification:_identify(AutonomousRoboticApplication/common) by extensions ['colcon_meta']
[0.201s] Level 1:colcon.colcon_core.package_identification:_identify(AutonomousRoboticApplication/common) by extension 'colcon_meta'
[0.201s] Level 1:colcon.colcon_core.package_identification:_identify(AutonomousRoboticApplication/common) by extensions ['ros']
[0.201s] Level 1:colcon.colcon_core.package_identification:_identify(AutonomousRoboticApplication/common) by extension 'ros'
[0.201s] Level 1:colcon.colcon_core.package_identification:_identify(AutonomousRoboticApplication/common) by extensions ['cmake', 'python']
[0.201s] Level 1:colcon.colcon_core.package_identification:_identify(AutonomousRoboticApplication/common) by extension 'cmake'
[0.201s] Level 1:colcon.colcon_core.package_identification:_identify(AutonomousRoboticApplication/common) by extension 'python'
[0.201s] Level 1:colcon.colcon_core.package_identification:_identify(AutonomousRoboticApplication/common) by extensions ['python_setup_py']
[0.201s] Level 1:colcon.colcon_core.package_identification:_identify(AutonomousRoboticApplication/common) by extension 'python_setup_py'
[0.201s] Level 1:colcon.colcon_core.package_identification:_identify(AutonomousRoboticApplication/common/libraries) by extensions ['ignore', 'ignore_ament_install']
[0.202s] Level 1:colcon.colcon_core.package_identification:_identify(AutonomousRoboticApplication/common/libraries) by extension 'ignore'
[0.202s] Level 1:colcon.colcon_core.package_identification:_identify(AutonomousRoboticApplication/common/libraries) by extension 'ignore_ament_install'
[0.202s] Level 1:colcon.colcon_core.package_identification:_identify(AutonomousRoboticApplication/common/libraries) by extensions ['colcon_pkg']
[0.202s] Level 1:colcon.colcon_core.package_identification:_identify(AutonomousRoboticApplication/common/libraries) by extension 'colcon_pkg'
[0.202s] Level 1:colcon.colcon_core.package_identification:_identify(AutonomousRoboticApplication/common/libraries) by extensions ['colcon_meta']
[0.202s] Level 1:colcon.colcon_core.package_identification:_identify(AutonomousRoboticApplication/common/libraries) by extension 'colcon_meta'
[0.202s] Level 1:colcon.colcon_core.package_identification:_identify(AutonomousRoboticApplication/common/libraries) by extensions ['ros']
[0.202s] Level 1:colcon.colcon_core.package_identification:_identify(AutonomousRoboticApplication/common/libraries) by extension 'ros'
[0.202s] Level 1:colcon.colcon_core.package_identification:_identify(AutonomousRoboticApplication/common/libraries) by extensions ['cmake', 'python']
[0.202s] Level 1:colcon.colcon_core.package_identification:_identify(AutonomousRoboticApplication/common/libraries) by extension 'cmake'
[0.202s] Level 1:colcon.colcon_core.package_identification:_identify(AutonomousRoboticApplication/common/libraries) by extension 'python'
[0.202s] Level 1:colcon.colcon_core.package_identification:_identify(AutonomousRoboticApplication/common/libraries) by extensions ['python_setup_py']
[0.202s] Level 1:colcon.colcon_core.package_identification:_identify(AutonomousRoboticApplication/common/libraries) by extension 'python_setup_py'
[0.202s] Level 1:colcon.colcon_core.package_identification:_identify(AutonomousRoboticApplication/common/utils) by extensions ['ignore', 'ignore_ament_install']
[0.202s] Level 1:colcon.colcon_core.package_identification:_identify(AutonomousRoboticApplication/common/utils) by extension 'ignore'
[0.203s] Level 1:colcon.colcon_core.package_identification:_identify(AutonomousRoboticApplication/common/utils) by extension 'ignore_ament_install'
[0.203s] Level 1:colcon.colcon_core.package_identification:_identify(AutonomousRoboticApplication/common/utils) by extensions ['colcon_pkg']
[0.203s] Level 1:colcon.colcon_core.package_identification:_identify(AutonomousRoboticApplication/common/utils) by extension 'colcon_pkg'
[0.203s] Level 1:colcon.colcon_core.package_identification:_identify(AutonomousRoboticApplication/common/utils) by extensions ['colcon_meta']
[0.203s] Level 1:colcon.colcon_core.package_identification:_identify(AutonomousRoboticApplication/common/utils) by extension 'colcon_meta'
[0.203s] Level 1:colcon.colcon_core.package_identification:_identify(AutonomousRoboticApplication/common/utils) by extensions ['ros']
[0.203s] Level 1:colcon.colcon_core.package_identification:_identify(AutonomousRoboticApplication/common/utils) by extension 'ros'
[0.203s] Level 1:colcon.colcon_core.package_identification:_identify(AutonomousRoboticApplication/common/utils) by extensions ['cmake', 'python']
[0.203s] Level 1:colcon.colcon_core.package_identification:_identify(AutonomousRoboticApplication/common/utils) by extension 'cmake'
[0.203s] Level 1:colcon.colcon_core.package_identification:_identify(AutonomousRoboticApplication/common/utils) by extension 'python'
[0.203s] Level 1:colcon.colcon_core.package_identification:_identify(AutonomousRoboticApplication/common/utils) by extensions ['python_setup_py']
[0.203s] Level 1:colcon.colcon_core.package_identification:_identify(AutonomousRoboticApplication/common/utils) by extension 'python_setup_py'
[0.203s] Level 1:colcon.colcon_core.package_identification:_identify(AutonomousRoboticApplication/jetson) by extensions ['ignore', 'ignore_ament_install']
[0.203s] Level 1:colcon.colcon_core.package_identification:_identify(AutonomousRoboticApplication/jetson) by extension 'ignore'
[0.204s] Level 1:colcon.colcon_core.package_identification:_identify(AutonomousRoboticApplication/jetson) by extension 'ignore_ament_install'
[0.204s] Level 1:colcon.colcon_core.package_identification:_identify(AutonomousRoboticApplication/jetson) by extensions ['colcon_pkg']
[0.204s] Level 1:colcon.colcon_core.package_identification:_identify(AutonomousRoboticApplication/jetson) by extension 'colcon_pkg'
[0.204s] Level 1:colcon.colcon_core.package_identification:_identify(AutonomousRoboticApplication/jetson) by extensions ['colcon_meta']
[0.204s] Level 1:colcon.colcon_core.package_identification:_identify(AutonomousRoboticApplication/jetson) by extension 'colcon_meta'
[0.204s] Level 1:colcon.colcon_core.package_identification:_identify(AutonomousRoboticApplication/jetson) by extensions ['ros']
[0.204s] Level 1:colcon.colcon_core.package_identification:_identify(AutonomousRoboticApplication/jetson) by extension 'ros'
[0.204s] Level 1:colcon.colcon_core.package_identification:_identify(AutonomousRoboticApplication/jetson) by extensions ['cmake', 'python']
[0.204s] Level 1:colcon.colcon_core.package_identification:_identify(AutonomousRoboticApplication/jetson) by extension 'cmake'
[0.204s] Level 1:colcon.colcon_core.package_identification:_identify(AutonomousRoboticApplication/jetson) by extension 'python'
[0.204s] Level 1:colcon.colcon_core.package_identification:_identify(AutonomousRoboticApplication/jetson) by extensions ['python_setup_py']
[0.204s] Level 1:colcon.colcon_core.package_identification:_identify(AutonomousRoboticApplication/jetson) by extension 'python_setup_py'
[0.204s] Level 1:colcon.colcon_core.package_identification:_identify(AutonomousRoboticApplication/jetson/docs) by extensions ['ignore', 'ignore_ament_install']
[0.204s] Level 1:colcon.colcon_core.package_identification:_identify(AutonomousRoboticApplication/jetson/docs) by extension 'ignore'
[0.204s] Level 1:colcon.colcon_core.package_identification:_identify(AutonomousRoboticApplication/jetson/docs) by extension 'ignore_ament_install'
[0.204s] Level 1:colcon.colcon_core.package_identification:_identify(AutonomousRoboticApplication/jetson/docs) by extensions ['colcon_pkg']
[0.204s] Level 1:colcon.colcon_core.package_identification:_identify(AutonomousRoboticApplication/jetson/docs) by extension 'colcon_pkg'
[0.205s] Level 1:colcon.colcon_core.package_identification:_identify(AutonomousRoboticApplication/jetson/docs) by extensions ['colcon_meta']
[0.205s] Level 1:colcon.colcon_core.package_identification:_identify(AutonomousRoboticApplication/jetson/docs) by extension 'colcon_meta'
[0.205s] Level 1:colcon.colcon_core.package_identification:_identify(AutonomousRoboticApplication/jetson/docs) by extensions ['ros']
[0.205s] Level 1:colcon.colcon_core.package_identification:_identify(AutonomousRoboticApplication/jetson/docs) by extension 'ros'
[0.205s] Level 1:colcon.colcon_core.package_identification:_identify(AutonomousRoboticApplication/jetson/docs) by extensions ['cmake', 'python']
[0.205s] Level 1:colcon.colcon_core.package_identification:_identify(AutonomousRoboticApplication/jetson/docs) by extension 'cmake'
[0.205s] Level 1:colcon.colcon_core.package_identification:_identify(AutonomousRoboticApplication/jetson/docs) by extension 'python'
[0.205s] Level 1:colcon.colcon_core.package_identification:_identify(AutonomousRoboticApplication/jetson/docs) by extensions ['python_setup_py']
[0.205s] Level 1:colcon.colcon_core.package_identification:_identify(AutonomousRoboticApplication/jetson/docs) by extension 'python_setup_py'
[0.205s] Level 1:colcon.colcon_core.package_identification:_identify(AutonomousRoboticApplication/jetson/ros2_ws) by extensions ['ignore', 'ignore_ament_install']
[0.205s] Level 1:colcon.colcon_core.package_identification:_identify(AutonomousRoboticApplication/jetson/ros2_ws) by extension 'ignore'
[0.205s] Level 1:colcon.colcon_core.package_identification:_identify(AutonomousRoboticApplication/jetson/ros2_ws) by extension 'ignore_ament_install'
[0.205s] Level 1:colcon.colcon_core.package_identification:_identify(AutonomousRoboticApplication/jetson/ros2_ws) by extensions ['colcon_pkg']
[0.205s] Level 1:colcon.colcon_core.package_identification:_identify(AutonomousRoboticApplication/jetson/ros2_ws) by extension 'colcon_pkg'
[0.205s] Level 1:colcon.colcon_core.package_identification:_identify(AutonomousRoboticApplication/jetson/ros2_ws) by extensions ['colcon_meta']
[0.205s] Level 1:colcon.colcon_core.package_identification:_identify(AutonomousRoboticApplication/jetson/ros2_ws) by extension 'colcon_meta'
[0.205s] Level 1:colcon.colcon_core.package_identification:_identify(AutonomousRoboticApplication/jetson/ros2_ws) by extensions ['ros']
[0.206s] Level 1:colcon.colcon_core.package_identification:_identify(AutonomousRoboticApplication/jetson/ros2_ws) by extension 'ros'
[0.206s] Level 1:colcon.colcon_core.package_identification:_identify(AutonomousRoboticApplication/jetson/ros2_ws) by extensions ['cmake', 'python']
[0.206s] Level 1:colcon.colcon_core.package_identification:_identify(AutonomousRoboticApplication/jetson/ros2_ws) by extension 'cmake'
[0.206s] Level 1:colcon.colcon_core.package_identification:_identify(AutonomousRoboticApplication/jetson/ros2_ws) by extension 'python'
[0.206s] Level 1:colcon.colcon_core.package_identification:_identify(AutonomousRoboticApplication/jetson/ros2_ws) by extensions ['python_setup_py']
[0.206s] Level 1:colcon.colcon_core.package_identification:_identify(AutonomousRoboticApplication/jetson/ros2_ws) by extension 'python_setup_py'
[0.206s] Level 1:colcon.colcon_core.package_identification:_identify(AutonomousRoboticApplication/jetson/ros2_ws/build) by extensions ['ignore', 'ignore_ament_install']
[0.206s] Level 1:colcon.colcon_core.package_identification:_identify(AutonomousRoboticApplication/jetson/ros2_ws/build) by extension 'ignore'
[0.206s] Level 1:colcon.colcon_core.package_identification:_identify(AutonomousRoboticApplication/jetson/ros2_ws/build) ignored
[0.206s] Level 1:colcon.colcon_core.package_identification:_identify(AutonomousRoboticApplication/jetson/ros2_ws/install) by extensions ['ignore', 'ignore_ament_install']
[0.206s] Level 1:colcon.colcon_core.package_identification:_identify(AutonomousRoboticApplication/jetson/ros2_ws/install) by extension 'ignore'
[0.207s] Level 1:colcon.colcon_core.package_identification:_identify(AutonomousRoboticApplication/jetson/ros2_ws/install) ignored
[0.207s] Level 1:colcon.colcon_core.package_identification:_identify(AutonomousRoboticApplication/jetson/ros2_ws/log) by extensions ['ignore', 'ignore_ament_install']
[0.207s] Level 1:colcon.colcon_core.package_identification:_identify(AutonomousRoboticApplication/jetson/ros2_ws/log) by extension 'ignore'
[0.207s] Level 1:colcon.colcon_core.package_identification:_identify(AutonomousRoboticApplication/jetson/ros2_ws/log) ignored
[0.207s] Level 1:colcon.colcon_core.package_identification:_identify(AutonomousRoboticApplication/jetson/ros2_ws/src) by extensions ['ignore', 'ignore_ament_install']
[0.207s] Level 1:colcon.colcon_core.package_identification:_identify(AutonomousRoboticApplication/jetson/ros2_ws/src) by extension 'ignore'
[0.207s] Level 1:colcon.colcon_core.package_identification:_identify(AutonomousRoboticApplication/jetson/ros2_ws/src) by extension 'ignore_ament_install'
[0.207s] Level 1:colcon.colcon_core.package_identification:_identify(AutonomousRoboticApplication/jetson/ros2_ws/src) by extensions ['colcon_pkg']
[0.207s] Level 1:colcon.colcon_core.package_identification:_identify(AutonomousRoboticApplication/jetson/ros2_ws/src) by extension 'colcon_pkg'
[0.208s] Level 1:colcon.colcon_core.package_identification:_identify(AutonomousRoboticApplication/jetson/ros2_ws/src) by extensions ['colcon_meta']
[0.208s] Level 1:colcon.colcon_core.package_identification:_identify(AutonomousRoboticApplication/jetson/ros2_ws/src) by extension 'colcon_meta'
[0.208s] Level 1:colcon.colcon_core.package_identification:_identify(AutonomousRoboticApplication/jetson/ros2_ws/src) by extensions ['ros']
[0.208s] Level 1:colcon.colcon_core.package_identification:_identify(AutonomousRoboticApplication/jetson/ros2_ws/src) by extension 'ros'
[0.208s] Level 1:colcon.colcon_core.package_identification:_identify(AutonomousRoboticApplication/jetson/ros2_ws/src) by extensions ['cmake', 'python']
[0.208s] Level 1:colcon.colcon_core.package_identification:_identify(AutonomousRoboticApplication/jetson/ros2_ws/src) by extension 'cmake'
[0.208s] Level 1:colcon.colcon_core.package_identification:_identify(AutonomousRoboticApplication/jetson/ros2_ws/src) by extension 'python'
[0.208s] Level 1:colcon.colcon_core.package_identification:_identify(AutonomousRoboticApplication/jetson/ros2_ws/src) by extensions ['python_setup_py']
[0.208s] Level 1:colcon.colcon_core.package_identification:_identify(AutonomousRoboticApplication/jetson/ros2_ws/src) by extension 'python_setup_py'
[0.208s] Level 1:colcon.colcon_core.package_identification:_identify(AutonomousRoboticApplication/jetson/ros2_ws/src/build) by extensions ['ignore', 'ignore_ament_install']
[0.208s] Level 1:colcon.colcon_core.package_identification:_identify(AutonomousRoboticApplication/jetson/ros2_ws/src/build) by extension 'ignore'
[0.208s] Level 1:colcon.colcon_core.package_identification:_identify(AutonomousRoboticApplication/jetson/ros2_ws/src/build) ignored
[0.208s] Level 1:colcon.colcon_core.package_identification:_identify(AutonomousRoboticApplication/jetson/ros2_ws/src/cpp_pkg) by extensions ['ignore', 'ignore_ament_install']
[0.209s] Level 1:colcon.colcon_core.package_identification:_identify(AutonomousRoboticApplication/jetson/ros2_ws/src/cpp_pkg) by extension 'ignore'
[0.209s] Level 1:colcon.colcon_core.package_identification:_identify(AutonomousRoboticApplication/jetson/ros2_ws/src/cpp_pkg) by extension 'ignore_ament_install'
[0.209s] Level 1:colcon.colcon_core.package_identification:_identify(AutonomousRoboticApplication/jetson/ros2_ws/src/cpp_pkg) by extensions ['colcon_pkg']
[0.209s] Level 1:colcon.colcon_core.package_identification:_identify(AutonomousRoboticApplication/jetson/ros2_ws/src/cpp_pkg) by extension 'colcon_pkg'
[0.209s] Level 1:colcon.colcon_core.package_identification:_identify(AutonomousRoboticApplication/jetson/ros2_ws/src/cpp_pkg) by extensions ['colcon_meta']
[0.209s] Level 1:colcon.colcon_core.package_identification:_identify(AutonomousRoboticApplication/jetson/ros2_ws/src/cpp_pkg) by extension 'colcon_meta'
[0.209s] Level 1:colcon.colcon_core.package_identification:_identify(AutonomousRoboticApplication/jetson/ros2_ws/src/cpp_pkg) by extensions ['ros']
[0.209s] Level 1:colcon.colcon_core.package_identification:_identify(AutonomousRoboticApplication/jetson/ros2_ws/src/cpp_pkg) by extension 'ros'
[0.214s] DEBUG:colcon.colcon_core.package_identification:Package 'AutonomousRoboticApplication/jetson/ros2_ws/src/cpp_pkg' with type 'ros.ament_cmake' and name 'cpp_pkg'
[0.214s] Level 1:colcon.colcon_core.package_identification:_identify(AutonomousRoboticApplication/jetson/ros2_ws/src/install) by extensions ['ignore', 'ignore_ament_install']
[0.214s] Level 1:colcon.colcon_core.package_identification:_identify(AutonomousRoboticApplication/jetson/ros2_ws/src/install) by extension 'ignore'
[0.215s] Level 1:colcon.colcon_core.package_identification:_identify(AutonomousRoboticApplication/jetson/ros2_ws/src/install) ignored
[0.215s] Level 1:colcon.colcon_core.package_identification:_identify(AutonomousRoboticApplication/jetson/ros2_ws/src/log) by extensions ['ignore', 'ignore_ament_install']
[0.215s] Level 1:colcon.colcon_core.package_identification:_identify(AutonomousRoboticApplication/jetson/ros2_ws/src/log) by extension 'ignore'
[0.215s] Level 1:colcon.colcon_core.package_identification:_identify(AutonomousRoboticApplication/jetson/ros2_ws/src/log) ignored
[0.216s] Level 1:colcon.colcon_core.package_identification:_identify(AutonomousRoboticApplication/jetson/ros2_ws/src/py_pkg) by extensions ['ignore', 'ignore_ament_install']
[0.216s] Level 1:colcon.colcon_core.package_identification:_identify(AutonomousRoboticApplication/jetson/ros2_ws/src/py_pkg) by extension 'ignore'
[0.216s] Level 1:colcon.colcon_core.package_identification:_identify(AutonomousRoboticApplication/jetson/ros2_ws/src/py_pkg) by extension 'ignore_ament_install'
[0.216s] Level 1:colcon.colcon_core.package_identification:_identify(AutonomousRoboticApplication/jetson/ros2_ws/src/py_pkg) by extensions ['colcon_pkg']
[0.216s] Level 1:colcon.colcon_core.package_identification:_identify(AutonomousRoboticApplication/jetson/ros2_ws/src/py_pkg) by extension 'colcon_pkg'
[0.216s] Level 1:colcon.colcon_core.package_identification:_identify(AutonomousRoboticApplication/jetson/ros2_ws/src/py_pkg) by extensions ['colcon_meta']
[0.217s] Level 1:colcon.colcon_core.package_identification:_identify(AutonomousRoboticApplication/jetson/ros2_ws/src/py_pkg) by extension 'colcon_meta'
[0.217s] Level 1:colcon.colcon_core.package_identification:_identify(AutonomousRoboticApplication/jetson/ros2_ws/src/py_pkg) by extensions ['ros']
[0.217s] Level 1:colcon.colcon_core.package_identification:_identify(AutonomousRoboticApplication/jetson/ros2_ws/src/py_pkg) by extension 'ros'
[0.219s] DEBUG:colcon.colcon_core.package_identification:Package 'AutonomousRoboticApplication/jetson/ros2_ws/src/py_pkg' with type 'ros.ament_python' and name 'py_pkg'
[0.219s] Level 1:colcon.colcon_core.package_identification:_identify(AutonomousRoboticApplication/jetson/tests) by extensions ['ignore', 'ignore_ament_install']
[0.219s] Level 1:colcon.colcon_core.package_identification:_identify(AutonomousRoboticApplication/jetson/tests) by extension 'ignore'
[0.219s] Level 1:colcon.colcon_core.package_identification:_identify(AutonomousRoboticApplication/jetson/tests) by extension 'ignore_ament_install'
[0.220s] Level 1:colcon.colcon_core.package_identification:_identify(AutonomousRoboticApplication/jetson/tests) by extensions ['colcon_pkg']
[0.220s] Level 1:colcon.colcon_core.package_identification:_identify(AutonomousRoboticApplication/jetson/tests) by extension 'colcon_pkg'
[0.220s] Level 1:colcon.colcon_core.package_identification:_identify(AutonomousRoboticApplication/jetson/tests) by extensions ['colcon_meta']
[0.220s] Level 1:colcon.colcon_core.package_identification:_identify(AutonomousRoboticApplication/jetson/tests) by extension 'colcon_meta'
[0.220s] Level 1:colcon.colcon_core.package_identification:_identify(AutonomousRoboticApplication/jetson/tests) by extensions ['ros']
[0.220s] Level 1:colcon.colcon_core.package_identification:_identify(AutonomousRoboticApplication/jetson/tests) by extension 'ros'
[0.221s] Level 1:colcon.colcon_core.package_identification:_identify(AutonomousRoboticApplication/jetson/tests) by extensions ['cmake', 'python']
[0.221s] Level 1:colcon.colcon_core.package_identification:_identify(AutonomousRoboticApplication/jetson/tests) by extension 'cmake'
[0.221s] Level 1:colcon.colcon_core.package_identification:_identify(AutonomousRoboticApplication/jetson/tests) by extension 'python'
[0.221s] Level 1:colcon.colcon_core.package_identification:_identify(AutonomousRoboticApplication/jetson/tests) by extensions ['python_setup_py']
[0.221s] Level 1:colcon.colcon_core.package_identification:_identify(AutonomousRoboticApplication/jetson/tests) by extension 'python_setup_py'
[0.221s] Level 1:colcon.colcon_core.package_identification:_identify(AutonomousRoboticApplication/tivac) by extensions ['ignore', 'ignore_ament_install']
[0.222s] Level 1:colcon.colcon_core.package_identification:_identify(AutonomousRoboticApplication/tivac) by extension 'ignore'
[0.222s] Level 1:colcon.colcon_core.package_identification:_identify(AutonomousRoboticApplication/tivac) by extension 'ignore_ament_install'
[0.222s] Level 1:colcon.colcon_core.package_identification:_identify(AutonomousRoboticApplication/tivac) by extensions ['colcon_pkg']
[0.222s] Level 1:colcon.colcon_core.package_identification:_identify(AutonomousRoboticApplication/tivac) by extension 'colcon_pkg'
[0.222s] Level 1:colcon.colcon_core.package_identification:_identify(AutonomousRoboticApplication/tivac) by extensions ['colcon_meta']
[0.222s] Level 1:colcon.colcon_core.package_identification:_identify(AutonomousRoboticApplication/tivac) by extension 'colcon_meta'
[0.222s] Level 1:colcon.colcon_core.package_identification:_identify(AutonomousRoboticApplication/tivac) by extensions ['ros']
[0.222s] Level 1:colcon.colcon_core.package_identification:_identify(AutonomousRoboticApplication/tivac) by extension 'ros'
[0.223s] Level 1:colcon.colcon_core.package_identification:_identify(AutonomousRoboticApplication/tivac) by extensions ['cmake', 'python']
[0.223s] Level 1:colcon.colcon_core.package_identification:_identify(AutonomousRoboticApplication/tivac) by extension 'cmake'
[0.223s] Level 1:colcon.colcon_core.package_identification:_identify(AutonomousRoboticApplication/tivac) by extension 'python'
[0.223s] Level 1:colcon.colcon_core.package_identification:_identify(AutonomousRoboticApplication/tivac) by extensions ['python_setup_py']
[0.223s] Level 1:colcon.colcon_core.package_identification:_identify(AutonomousRoboticApplication/tivac) by extension 'python_setup_py'
[0.223s] Level 1:colcon.colcon_core.package_identification:_identify(AutonomousRoboticApplication/tivac/Makefile) by extensions ['ignore', 'ignore_ament_install']
[0.224s] Level 1:colcon.colcon_core.package_identification:_identify(AutonomousRoboticApplication/tivac/Makefile) by extension 'ignore'
[0.224s] Level 1:colcon.colcon_core.package_identification:_identify(AutonomousRoboticApplication/tivac/Makefile) by extension 'ignore_ament_install'
[0.224s] Level 1:colcon.colcon_core.package_identification:_identify(AutonomousRoboticApplication/tivac/Makefile) by extensions ['colcon_pkg']
[0.224s] Level 1:colcon.colcon_core.package_identification:_identify(AutonomousRoboticApplication/tivac/Makefile) by extension 'colcon_pkg'
[0.224s] Level 1:colcon.colcon_core.package_identification:_identify(AutonomousRoboticApplication/tivac/Makefile) by extensions ['colcon_meta']
[0.224s] Level 1:colcon.colcon_core.package_identification:_identify(AutonomousRoboticApplication/tivac/Makefile) by extension 'colcon_meta'
[0.224s] Level 1:colcon.colcon_core.package_identification:_identify(AutonomousRoboticApplication/tivac/Makefile) by extensions ['ros']
[0.225s] Level 1:colcon.colcon_core.package_identification:_identify(AutonomousRoboticApplication/tivac/Makefile) by extension 'ros'
[0.225s] Level 1:colcon.colcon_core.package_identification:_identify(AutonomousRoboticApplication/tivac/Makefile) by extensions ['cmake', 'python']
[0.225s] Level 1:colcon.colcon_core.package_identification:_identify(AutonomousRoboticApplication/tivac/Makefile) by extension 'cmake'
[0.225s] Level 1:colcon.colcon_core.package_identification:_identify(AutonomousRoboticApplication/tivac/Makefile) by extension 'python'
[0.225s] Level 1:colcon.colcon_core.package_identification:_identify(AutonomousRoboticApplication/tivac/Makefile) by extensions ['python_setup_py']
[0.225s] Level 1:colcon.colcon_core.package_identification:_identify(AutonomousRoboticApplication/tivac/Makefile) by extension 'python_setup_py'
[0.226s] Level 1:colcon.colcon_core.package_identification:_identify(AutonomousRoboticApplication/tivac/docs) by extensions ['ignore', 'ignore_ament_install']
[0.226s] Level 1:colcon.colcon_core.package_identification:_identify(AutonomousRoboticApplication/tivac/docs) by extension 'ignore'
[0.226s] Level 1:colcon.colcon_core.package_identification:_identify(AutonomousRoboticApplication/tivac/docs) by extension 'ignore_ament_install'
[0.226s] Level 1:colcon.colcon_core.package_identification:_identify(AutonomousRoboticApplication/tivac/docs) by extensions ['colcon_pkg']
[0.226s] Level 1:colcon.colcon_core.package_identification:_identify(AutonomousRoboticApplication/tivac/docs) by extension 'colcon_pkg'
[0.226s] Level 1:colcon.colcon_core.package_identification:_identify(AutonomousRoboticApplication/tivac/docs) by extensions ['colcon_meta']
[0.226s] Level 1:colcon.colcon_core.package_identification:_identify(AutonomousRoboticApplication/tivac/docs) by extension 'colcon_meta'
[0.226s] Level 1:colcon.colcon_core.package_identification:_identify(AutonomousRoboticApplication/tivac/docs) by extensions ['ros']
[0.226s] Level 1:colcon.colcon_core.package_identification:_identify(AutonomousRoboticApplication/tivac/docs) by extension 'ros'
[0.226s] Level 1:colcon.colcon_core.package_identification:_identify(AutonomousRoboticApplication/tivac/docs) by extensions ['cmake', 'python']
[0.227s] Level 1:colcon.colcon_core.package_identification:_identify(AutonomousRoboticApplication/tivac/docs) by extension 'cmake'
[0.227s] Level 1:colcon.colcon_core.package_identification:_identify(AutonomousRoboticApplication/tivac/docs) by extension 'python'
[0.227s] Level 1:colcon.colcon_core.package_identification:_identify(AutonomousRoboticApplication/tivac/docs) by extensions ['python_setup_py']
[0.227s] Level 1:colcon.colcon_core.package_identification:_identify(AutonomousRoboticApplication/tivac/docs) by extension 'python_setup_py'
[0.227s] Level 1:colcon.colcon_core.package_identification:_identify(AutonomousRoboticApplication/tivac/src) by extensions ['ignore', 'ignore_ament_install']
[0.227s] Level 1:colcon.colcon_core.package_identification:_identify(AutonomousRoboticApplication/tivac/src) by extension 'ignore'
[0.227s] Level 1:colcon.colcon_core.package_identification:_identify(AutonomousRoboticApplication/tivac/src) by extension 'ignore_ament_install'
[0.227s] Level 1:colcon.colcon_core.package_identification:_identify(AutonomousRoboticApplication/tivac/src) by extensions ['colcon_pkg']
[0.228s] Level 1:colcon.colcon_core.package_identification:_identify(AutonomousRoboticApplication/tivac/src) by extension 'colcon_pkg'
[0.228s] Level 1:colcon.colcon_core.package_identification:_identify(AutonomousRoboticApplication/tivac/src) by extensions ['colcon_meta']
[0.228s] Level 1:colcon.colcon_core.package_identification:_identify(AutonomousRoboticApplication/tivac/src) by extension 'colcon_meta'
[0.228s] Level 1:colcon.colcon_core.package_identification:_identify(AutonomousRoboticApplication/tivac/src) by extensions ['ros']
[0.228s] Level 1:colcon.colcon_core.package_identification:_identify(AutonomousRoboticApplication/tivac/src) by extension 'ros'
[0.228s] Level 1:colcon.colcon_core.package_identification:_identify(AutonomousRoboticApplication/tivac/src) by extensions ['cmake', 'python']
[0.228s] Level 1:colcon.colcon_core.package_identification:_identify(AutonomousRoboticApplication/tivac/src) by extension 'cmake'
[0.228s] Level 1:colcon.colcon_core.package_identification:_identify(AutonomousRoboticApplication/tivac/src) by extension 'python'
[0.228s] Level 1:colcon.colcon_core.package_identification:_identify(AutonomousRoboticApplication/tivac/src) by extensions ['python_setup_py']
[0.228s] Level 1:colcon.colcon_core.package_identification:_identify(AutonomousRoboticApplication/tivac/src) by extension 'python_setup_py'
[0.228s] Level 1:colcon.colcon_core.package_identification:_identify(AutonomousRoboticApplication/tivac/tests) by extensions ['ignore', 'ignore_ament_install']
[0.229s] Level 1:colcon.colcon_core.package_identification:_identify(AutonomousRoboticApplication/tivac/tests) by extension 'ignore'
[0.229s] Level 1:colcon.colcon_core.package_identification:_identify(AutonomousRoboticApplication/tivac/tests) by extension 'ignore_ament_install'
[0.229s] Level 1:colcon.colcon_core.package_identification:_identify(AutonomousRoboticApplication/tivac/tests) by extensions ['colcon_pkg']
[0.229s] Level 1:colcon.colcon_core.package_identification:_identify(AutonomousRoboticApplication/tivac/tests) by extension 'colcon_pkg'
[0.229s] Level 1:colcon.colcon_core.package_identification:_identify(AutonomousRoboticApplication/tivac/tests) by extensions ['colcon_meta']
[0.229s] Level 1:colcon.colcon_core.package_identification:_identify(AutonomousRoboticApplication/tivac/tests) by extension 'colcon_meta'
[0.229s] Level 1:colcon.colcon_core.package_identification:_identify(AutonomousRoboticApplication/tivac/tests) by extensions ['ros']
[0.229s] Level 1:colcon.colcon_core.package_identification:_identify(AutonomousRoboticApplication/tivac/tests) by extension 'ros'
[0.229s] Level 1:colcon.colcon_core.package_identification:_identify(AutonomousRoboticApplication/tivac/tests) by extensions ['cmake', 'python']
[0.229s] Level 1:colcon.colcon_core.package_identification:_identify(AutonomousRoboticApplication/tivac/tests) by extension 'cmake'
[0.229s] Level 1:colcon.colcon_core.package_identification:_identify(AutonomousRoboticApplication/tivac/tests) by extension 'python'
[0.229s] Level 1:colcon.colcon_core.package_identification:_identify(AutonomousRoboticApplication/tivac/tests) by extensions ['python_setup_py']
[0.229s] Level 1:colcon.colcon_core.package_identification:_identify(AutonomousRoboticApplication/tivac/tests) by extension 'python_setup_py'
[0.229s] Level 1:colcon.colcon_core.package_identification:_identify(Config) by extensions ['ignore', 'ignore_ament_install']
[0.229s] Level 1:colcon.colcon_core.package_identification:_identify(Config) by extension 'ignore'
[0.230s] Level 1:colcon.colcon_core.package_identification:_identify(Config) by extension 'ignore_ament_install'
[0.230s] Level 1:colcon.colcon_core.package_identification:_identify(Config) by extensions ['colcon_pkg']
[0.230s] Level 1:colcon.colcon_core.package_identification:_identify(Config) by extension 'colcon_pkg'
[0.230s] Level 1:colcon.colcon_core.package_identification:_identify(Config) by extensions ['colcon_meta']
[0.230s] Level 1:colcon.colcon_core.package_identification:_identify(Config) by extension 'colcon_meta'
[0.230s] Level 1:colcon.colcon_core.package_identification:_identify(Config) by extensions ['ros']
[0.230s] Level 1:colcon.colcon_core.package_identification:_identify(Config) by extension 'ros'
[0.230s] Level 1:colcon.colcon_core.package_identification:_identify(Config) by extensions ['cmake', 'python']
[0.230s] Level 1:colcon.colcon_core.package_identification:_identify(Config) by extension 'cmake'
[0.230s] Level 1:colcon.colcon_core.package_identification:_identify(Config) by extension 'python'
[0.230s] Level 1:colcon.colcon_core.package_identification:_identify(Config) by extensions ['python_setup_py']
[0.230s] Level 1:colcon.colcon_core.package_identification:_identify(Config) by extension 'python_setup_py'
[0.230s] Level 1:colcon.colcon_core.package_identification:_identify(Docs) by extensions ['ignore', 'ignore_ament_install']
[0.230s] Level 1:colcon.colcon_core.package_identification:_identify(Docs) by extension 'ignore'
[0.230s] Level 1:colcon.colcon_core.package_identification:_identify(Docs) by extension 'ignore_ament_install'
[0.230s] Level 1:colcon.colcon_core.package_identification:_identify(Docs) by extensions ['colcon_pkg']
[0.230s] Level 1:colcon.colcon_core.package_identification:_identify(Docs) by extension 'colcon_pkg'
[0.231s] Level 1:colcon.colcon_core.package_identification:_identify(Docs) by extensions ['colcon_meta']
[0.231s] Level 1:colcon.colcon_core.package_identification:_identify(Docs) by extension 'colcon_meta'
[0.231s] Level 1:colcon.colcon_core.package_identification:_identify(Docs) by extensions ['ros']
[0.231s] Level 1:colcon.colcon_core.package_identification:_identify(Docs) by extension 'ros'
[0.231s] Level 1:colcon.colcon_core.package_identification:_identify(Docs) by extensions ['cmake', 'python']
[0.231s] Level 1:colcon.colcon_core.package_identification:_identify(Docs) by extension 'cmake'
[0.231s] Level 1:colcon.colcon_core.package_identification:_identify(Docs) by extension 'python'
[0.231s] Level 1:colcon.colcon_core.package_identification:_identify(Docs) by extensions ['python_setup_py']
[0.231s] Level 1:colcon.colcon_core.package_identification:_identify(Docs) by extension 'python_setup_py'
[0.231s] Level 1:colcon.colcon_core.package_identification:_identify(Reports) by extensions ['ignore', 'ignore_ament_install']
[0.231s] Level 1:colcon.colcon_core.package_identification:_identify(Reports) by extension 'ignore'
[0.231s] Level 1:colcon.colcon_core.package_identification:_identify(Reports) by extension 'ignore_ament_install'
[0.231s] Level 1:colcon.colcon_core.package_identification:_identify(Reports) by extensions ['colcon_pkg']
[0.231s] Level 1:colcon.colcon_core.package_identification:_identify(Reports) by extension 'colcon_pkg'
[0.231s] Level 1:colcon.colcon_core.package_identification:_identify(Reports) by extensions ['colcon_meta']
[0.231s] Level 1:colcon.colcon_core.package_identification:_identify(Reports) by extension 'colcon_meta'
[0.231s] Level 1:colcon.colcon_core.package_identification:_identify(Reports) by extensions ['ros']
[0.232s] Level 1:colcon.colcon_core.package_identification:_identify(Reports) by extension 'ros'
[0.232s] Level 1:colcon.colcon_core.package_identification:_identify(Reports) by extensions ['cmake', 'python']
[0.232s] Level 1:colcon.colcon_core.package_identification:_identify(Reports) by extension 'cmake'
[0.232s] Level 1:colcon.colcon_core.package_identification:_identify(Reports) by extension 'python'
[0.232s] Level 1:colcon.colcon_core.package_identification:_identify(Reports) by extensions ['python_setup_py']
[0.232s] Level 1:colcon.colcon_core.package_identification:_identify(Reports) by extension 'python_setup_py'
[0.232s] Level 1:colcon.colcon_core.package_identification:_identify(Tests) by extensions ['ignore', 'ignore_ament_install']
[0.232s] Level 1:colcon.colcon_core.package_identification:_identify(Tests) by extension 'ignore'
[0.232s] Level 1:colcon.colcon_core.package_identification:_identify(Tests) by extension 'ignore_ament_install'
[0.232s] Level 1:colcon.colcon_core.package_identification:_identify(Tests) by extensions ['colcon_pkg']
[0.232s] Level 1:colcon.colcon_core.package_identification:_identify(Tests) by extension 'colcon_pkg'
[0.232s] Level 1:colcon.colcon_core.package_identification:_identify(Tests) by extensions ['colcon_meta']
[0.232s] Level 1:colcon.colcon_core.package_identification:_identify(Tests) by extension 'colcon_meta'
[0.232s] Level 1:colcon.colcon_core.package_identification:_identify(Tests) by extensions ['ros']
[0.232s] Level 1:colcon.colcon_core.package_identification:_identify(Tests) by extension 'ros'
[0.232s] Level 1:colcon.colcon_core.package_identification:_identify(Tests) by extensions ['cmake', 'python']
[0.232s] Level 1:colcon.colcon_core.package_identification:_identify(Tests) by extension 'cmake'
[0.232s] Level 1:colcon.colcon_core.package_identification:_identify(Tests) by extension 'python'
[0.233s] Level 1:colcon.colcon_core.package_identification:_identify(Tests) by extensions ['python_setup_py']
[0.233s] Level 1:colcon.colcon_core.package_identification:_identify(Tests) by extension 'python_setup_py'
[0.233s] Level 1:colcon.colcon_core.package_identification:_identify(Tools) by extensions ['ignore', 'ignore_ament_install']
[0.233s] Level 1:colcon.colcon_core.package_identification:_identify(Tools) by extension 'ignore'
[0.233s] Level 1:colcon.colcon_core.package_identification:_identify(Tools) by extension 'ignore_ament_install'
[0.233s] Level 1:colcon.colcon_core.package_identification:_identify(Tools) by extensions ['colcon_pkg']
[0.233s] Level 1:colcon.colcon_core.package_identification:_identify(Tools) by extension 'colcon_pkg'
[0.233s] Level 1:colcon.colcon_core.package_identification:_identify(Tools) by extensions ['colcon_meta']
[0.233s] Level 1:colcon.colcon_core.package_identification:_identify(Tools) by extension 'colcon_meta'
[0.233s] Level 1:colcon.colcon_core.package_identification:_identify(Tools) by extensions ['ros']
[0.233s] Level 1:colcon.colcon_core.package_identification:_identify(Tools) by extension 'ros'
[0.233s] Level 1:colcon.colcon_core.package_identification:_identify(Tools) by extensions ['cmake', 'python']
[0.233s] Level 1:colcon.colcon_core.package_identification:_identify(Tools) by extension 'cmake'
[0.233s] Level 1:colcon.colcon_core.package_identification:_identify(Tools) by extension 'python'
[0.234s] Level 1:colcon.colcon_core.package_identification:_identify(Tools) by extensions ['python_setup_py']
[0.234s] Level 1:colcon.colcon_core.package_identification:_identify(Tools) by extension 'python_setup_py'
[0.234s] Level 1:colcon.colcon_core.package_identification:_identify(build) by extensions ['ignore', 'ignore_ament_install']
[0.234s] Level 1:colcon.colcon_core.package_identification:_identify(build) by extension 'ignore'
[0.234s] Level 1:colcon.colcon_core.package_identification:_identify(build) ignored
[0.234s] Level 1:colcon.colcon_core.package_identification:_identify(install) by extensions ['ignore', 'ignore_ament_install']
[0.235s] Level 1:colcon.colcon_core.package_identification:_identify(install) by extension 'ignore'
[0.235s] Level 1:colcon.colcon_core.package_identification:_identify(install) ignored
[0.235s] Level 1:colcon.colcon_core.package_identification:_identify(log) by extensions ['ignore', 'ignore_ament_install']
[0.235s] Level 1:colcon.colcon_core.package_identification:_identify(log) by extension 'ignore'
[0.235s] Level 1:colcon.colcon_core.package_identification:_identify(log) ignored
[0.235s] Level 1:colcon.colcon_core.package_discovery:discover_packages(recursive) using defaults
[0.235s] Level 1:colcon.colcon_core.package_discovery:discover_packages(ignore) discover
[0.235s] Level 1:colcon.colcon_core.package_discovery:discover_packages(ignore) using defaults
[0.235s] Level 1:colcon.colcon_core.package_discovery:discover_packages(path) discover
[0.235s] Level 1:colcon.colcon_core.package_discovery:discover_packages(path) using defaults
[0.270s] Level 1:colcon.colcon_core.package_discovery:discover_packages(prefix_path) check parameters
[0.270s] Level 1:colcon.colcon_core.package_discovery:discover_packages(prefix_path) discover
[0.273s] DEBUG:colcon.colcon_installed_package_information.package_discovery:Found 2 installed packages in /home/aliadel/Documents/Autonomous-Robotic-System/AutonomousRoboticApplication/jetson/ros2_ws/install
[0.274s] DEBUG:colcon.colcon_installed_package_information.package_discovery:Found 1 installed packages in /home/aliadel/ros2_ws/install
[0.277s] DEBUG:colcon.colcon_installed_package_information.package_discovery:Found 358 installed packages in /opt/ros/humble
[0.279s] Level 1:colcon.colcon_core.package_discovery:discover_packages(prefix_path) using defaults
[0.342s] Level 5:colcon.colcon_core.verb:set package 'cpp_pkg' build argument 'cmake_args' from command line to 'None'
[0.342s] Level 5:colcon.colcon_core.verb:set package 'cpp_pkg' build argument 'cmake_target' from command line to 'None'
[0.342s] Level 5:colcon.colcon_core.verb:set package 'cpp_pkg' build argument 'cmake_target_skip_unavailable' from command line to 'False'
[0.342s] Level 5:colcon.colcon_core.verb:set package 'cpp_pkg' build argument 'cmake_clean_cache' from command line to 'False'
[0.342s] Level 5:colcon.colcon_core.verb:set package 'cpp_pkg' build argument 'cmake_clean_first' from command line to 'False'
[0.342s] Level 5:colcon.colcon_core.verb:set package 'cpp_pkg' build argument 'cmake_force_configure' from command line to 'False'
[0.342s] Level 5:colcon.colcon_core.verb:set package 'cpp_pkg' build argument 'ament_cmake_args' from command line to 'None'
[0.342s] Level 5:colcon.colcon_core.verb:set package 'cpp_pkg' build argument 'catkin_cmake_args' from command line to 'None'
[0.342s] Level 5:colcon.colcon_core.verb:set package 'cpp_pkg' build argument 'catkin_skip_building_tests' from command line to 'False'
[0.342s] DEBUG:colcon.colcon_core.verb:Building package 'cpp_pkg' with the following arguments: {'ament_cmake_args': None, 'build_base': '/home/aliadel/Documents/Autonomous-Robotic-System/build/cpp_pkg', 'catkin_cmake_args': None, 'catkin_skip_building_tests': False, 'cmake_args': None, 'cmake_clean_cache': False, 'cmake_clean_first': False, 'cmake_force_configure': False, 'cmake_target': None, 'cmake_target_skip_unavailable': False, 'install_base': '/home/aliadel/Documents/Autonomous-Robotic-System/install/cpp_pkg', 'merge_install': False, 'path': '/home/aliadel/Documents/Autonomous-Robotic-System/AutonomousRoboticApplication/jetson/ros2_ws/src/cpp_pkg', 'symlink_install': False, 'test_result_base': None}
[0.343s] Level 5:colcon.colcon_core.verb:set package 'py_pkg' build argument 'cmake_args' from command line to 'None'
[0.343s] Level 5:colcon.colcon_core.verb:set package 'py_pkg' build argument 'cmake_target' from command line to 'None'
[0.343s] Level 5:colcon.colcon_core.verb:set package 'py_pkg' build argument 'cmake_target_skip_unavailable' from command line to 'False'
[0.343s] Level 5:colcon.colcon_core.verb:set package 'py_pkg' build argument 'cmake_clean_cache' from command line to 'False'
[0.343s] Level 5:colcon.colcon_core.verb:set package 'py_pkg' build argument 'cmake_clean_first' from command line to 'False'
[0.343s] Level 5:colcon.colcon_core.verb:set package 'py_pkg' build argument 'cmake_force_configure' from command line to 'False'
[0.343s] Level 5:colcon.colcon_core.verb:set package 'py_pkg' build argument 'ament_cmake_args' from command line to 'None'
[0.343s] Level 5:colcon.colcon_core.verb:set package 'py_pkg' build argument 'catkin_cmake_args' from command line to 'None'
[0.343s] Level 5:colcon.colcon_core.verb:set package 'py_pkg' build argument 'catkin_skip_building_tests' from command line to 'False'
[0.343s] DEBUG:colcon.colcon_core.verb:Building package 'py_pkg' with the following arguments: {'ament_cmake_args': None, 'build_base': '/home/aliadel/Documents/Autonomous-Robotic-System/build/py_pkg', 'catkin_cmake_args': None, 'catkin_skip_building_tests': False, 'cmake_args': None, 'cmake_clean_cache': False, 'cmake_clean_first': False, 'cmake_force_configure': False, 'cmake_target': None, 'cmake_target_skip_unavailable': False, 'install_base': '/home/aliadel/Documents/Autonomous-Robotic-System/install/py_pkg', 'merge_install': False, 'path': '/home/aliadel/Documents/Autonomous-Robotic-System/AutonomousRoboticApplication/jetson/ros2_ws/src/py_pkg', 'symlink_install': False, 'test_result_base': None}
[0.343s] INFO:colcon.colcon_core.executor:Executing jobs using 'parallel' executor
[0.345s] DEBUG:colcon.colcon_parallel_executor.executor.parallel:run_until_complete
[0.345s] INFO:colcon.colcon_ros.task.ament_cmake.build:Building ROS package in '/home/aliadel/Documents/Autonomous-Robotic-System/AutonomousRoboticApplication/jetson/ros2_ws/src/cpp_pkg' with build type 'ament_cmake'
[0.345s] INFO:colcon.colcon_cmake.task.cmake.build:Building CMake package in '/home/aliadel/Documents/Autonomous-Robotic-System/AutonomousRoboticApplication/jetson/ros2_ws/src/cpp_pkg'
[0.349s] INFO:colcon.colcon_core.plugin_system:Skipping extension 'colcon_core.shell.bat': Not used on non-Windows systems
[0.349s] INFO:colcon.colcon_core.shell:Skip shell extension 'powershell' for command environment: Not usable outside of PowerShell
[0.349s] DEBUG:colcon.colcon_core.shell:Skip shell extension 'dsv' for command environment
[0.356s] INFO:colcon.colcon_ros.task.ament_python.build:Building ROS package in '/home/aliadel/Documents/Autonomous-Robotic-System/AutonomousRoboticApplication/jetson/ros2_ws/src/py_pkg' with build type 'ament_python'
[0.356s] Level 1:colcon.colcon_core.shell:create_environment_hook('py_pkg', 'ament_prefix_path')
[0.357s] INFO:colcon.colcon_core.shell:Creating environment hook '/home/aliadel/Documents/Autonomous-Robotic-System/install/py_pkg/share/py_pkg/hook/ament_prefix_path.ps1'
[0.359s] INFO:colcon.colcon_core.shell:Creating environment descriptor '/home/aliadel/Documents/Autonomous-Robotic-System/install/py_pkg/share/py_pkg/hook/ament_prefix_path.dsv'
[0.359s] INFO:colcon.colcon_core.shell:Creating environment hook '/home/aliadel/Documents/Autonomous-Robotic-System/install/py_pkg/share/py_pkg/hook/ament_prefix_path.sh'
[0.361s] INFO:colcon.colcon_core.shell:Skip shell extension 'powershell' for command environment: Not usable outside of PowerShell
[0.361s] DEBUG:colcon.colcon_core.shell:Skip shell extension 'dsv' for command environment
[0.396s] DEBUG:colcon.colcon_core.event_handler.log_command:Invoking command in '/home/aliadel/Documents/Autonomous-Robotic-System/build/cpp_pkg': CMAKE_PREFIX_PATH=${CMAKE_PREFIX_PATH}:/home/aliadel/Documents/Autonomous-Robotic-System/AutonomousRoboticApplication/jetson/ros2_ws/install/py_pkg:/home/aliadel/ros2_ws/install/my_py_pkg:/opt/ros/humble /usr/bin/cmake /home/aliadel/Documents/Autonomous-Robotic-System/AutonomousRoboticApplication/jetson/ros2_ws/src/cpp_pkg -DCMAKE_INSTALL_PREFIX=/home/aliadel/Documents/Autonomous-Robotic-System/install/cpp_pkg
[0.723s] INFO:colcon.colcon_core.task.python.build:Building Python package in '/home/aliadel/Documents/Autonomous-Robotic-System/AutonomousRoboticApplication/jetson/ros2_ws/src/py_pkg'
[0.723s] INFO:colcon.colcon_core.shell:Skip shell extension 'powershell' for command environment: Not usable outside of PowerShell
[0.723s] DEBUG:colcon.colcon_core.shell:Skip shell extension 'dsv' for command environment
[1.737s] DEBUG:colcon.colcon_core.event_handler.log_command:Invoking command in '/home/aliadel/Documents/Autonomous-Robotic-System/AutonomousRoboticApplication/jetson/ros2_ws/src/py_pkg': PYTHONPATH=/home/aliadel/Documents/Autonomous-Robotic-System/build/py_pkg/prefix_override:/usr/lib/python3/dist-packages/colcon_core/task/python/colcon_distutils_commands:/home/aliadel/Documents/Autonomous-Robotic-System/install/py_pkg/lib/python3.10/site-packages:${PYTHONPATH} /usr/bin/python3 -W ignore:setup.py install is deprecated setup.py egg_info --egg-base ../../../../../build/py_pkg build --build-base /home/aliadel/Documents/Autonomous-Robotic-System/build/py_pkg/build install --record /home/aliadel/Documents/Autonomous-Robotic-System/build/py_pkg/install.log --single-version-externally-managed install_data
[2.350s] DEBUG:colcon.colcon_core.event_handler.log_command:Invoked command in '/home/aliadel/Documents/Autonomous-Robotic-System/AutonomousRoboticApplication/jetson/ros2_ws/src/py_pkg' returned '1': PYTHONPATH=/home/aliadel/Documents/Autonomous-Robotic-System/build/py_pkg/prefix_override:/usr/lib/python3/dist-packages/colcon_core/task/python/colcon_distutils_commands:/home/aliadel/Documents/Autonomous-Robotic-System/install/py_pkg/lib/python3.10/site-packages:${PYTHONPATH} /usr/bin/python3 -W ignore:setup.py install is deprecated setup.py egg_info --egg-base ../../../../../build/py_pkg build --build-base /home/aliadel/Documents/Autonomous-Robotic-System/build/py_pkg/build install --record /home/aliadel/Documents/Autonomous-Robotic-System/build/py_pkg/install.log --single-version-externally-managed install_data
[6.152s] DEBUG:colcon.colcon_parallel_executor.executor.parallel:closing loop
[6.153s] DEBUG:colcon.colcon_parallel_executor.executor.parallel:loop closed
[6.153s] DEBUG:colcon.colcon_parallel_executor.executor.parallel:run_until_complete finished with '1'
[6.153s] DEBUG:colcon.colcon_core.event_reactor:joining thread
[6.163s] INFO:colcon.colcon_core.plugin_system:Skipping extension 'colcon_notification.desktop_notification.terminal_notifier': Not used on non-Darwin systems
[6.163s] INFO:colcon.colcon_core.plugin_system:Skipping extension 'colcon_notification.desktop_notification.win32': Not used on non-Windows systems
[6.163s] INFO:colcon.colcon_notification.desktop_notification:Sending desktop notification using 'notify2'
[6.184s] DEBUG:colcon.colcon_core.event_reactor:joined thread
[6.185s] INFO:colcon.colcon_core.shell:Creating prefix script '/home/aliadel/Documents/Autonomous-Robotic-System/install/local_setup.ps1'
[6.187s] INFO:colcon.colcon_core.shell:Creating prefix util module '/home/aliadel/Documents/Autonomous-Robotic-System/install/_local_setup_util_ps1.py'
[6.191s] INFO:colcon.colcon_core.shell:Creating prefix chain script '/home/aliadel/Documents/Autonomous-Robotic-System/install/setup.ps1'
[6.194s] INFO:colcon.colcon_core.shell:Creating prefix script '/home/aliadel/Documents/Autonomous-Robotic-System/install/local_setup.sh'
[6.196s] INFO:colcon.colcon_core.shell:Creating prefix util module '/home/aliadel/Documents/Autonomous-Robotic-System/install/_local_setup_util_sh.py'
[6.198s] INFO:colcon.colcon_core.shell:Creating prefix chain script '/home/aliadel/Documents/Autonomous-Robotic-System/install/setup.sh'
[6.199s] INFO:colcon.colcon_core.shell:Creating prefix script '/home/aliadel/Documents/Autonomous-Robotic-System/install/local_setup.bash'
[6.200s] INFO:colcon.colcon_core.shell:Creating prefix chain script '/home/aliadel/Documents/Autonomous-Robotic-System/install/setup.bash'
[6.203s] INFO:colcon.colcon_core.shell:Creating prefix script '/home/aliadel/Documents/Autonomous-Robotic-System/install/local_setup.zsh'
[6.204s] INFO:colcon.colcon_core.shell:Creating prefix chain script '/home/aliadel/Documents/Autonomous-Robotic-System/install/setup.zsh'
