[0.035s] Invoking command in '/home/aliadel/Documents/Autonomous-Robotic-System/AutonomousRoboticApplication/jetson/ros2_ws/build/cpp_pkg': CMAKE_PREFIX_PATH=${CMAKE_PREFIX_PATH}:/home/aliadel/Documents/Autonomous-Robotic-System/AutonomousRoboticApplication/jetson/ros2_ws/install/py_pkg:/home/aliadel/ros2_ws/install/my_py_pkg:/opt/ros/humble /usr/bin/cmake /home/aliadel/Documents/Autonomous-Robotic-System/AutonomousRoboticApplication/jetson/ros2_ws/src/cpp_pkg -DCMAKE_INSTALL_PREFIX=/home/aliadel/Documents/Autonomous-Robotic-System/AutonomousRoboticApplication/jetson/ros2_ws/install/cpp_pkg
[0.617s] -- The C compiler identification is GNU 11.4.0
[0.718s] -- The CXX compiler identification is GNU 7.5.0
[0.733s] -- Detecting C compiler ABI info
[0.876s] -- Detecting C compiler ABI info - done
[0.884s] -- Check for working C compiler: /usr/bin/cc - skipped
[0.885s] -- Detecting C compile features
[0.885s] -- Detecting C compile features - done
[0.889s] -- Detecting CXX compiler ABI info
[1.054s] -- Detecting CXX compiler ABI info - done
[1.064s] -- Check for working CXX compiler: /usr/bin/c++ - skipped
[1.064s] -- Detecting CXX compile features
[1.065s] -- Detecting CXX compile features - done
[1.071s] -- Found ament_cmake: 1.3.10 (/opt/ros/humble/share/ament_cmake/cmake)
[1.695s] -- Found Python3: /usr/bin/python3 (found version "3.10.12") found components: Interpreter 
[1.855s] -- Found rclcpp: 16.0.10 (/opt/ros/humble/share/rclcpp/cmake)
[1.940s] -- Found rosidl_generator_c: 3.1.5 (/opt/ros/humble/share/rosidl_generator_c/cmake)
[1.953s] -- Found rosidl_adapter: 3.1.5 (/opt/ros/humble/share/rosidl_adapter/cmake)
[1.968s] -- Found rosidl_generator_cpp: 3.1.5 (/opt/ros/humble/share/rosidl_generator_cpp/cmake)
[1.987s] -- Using all available rosidl_typesupport_c: rosidl_typesupport_fastrtps_c;rosidl_typesupport_introspection_c
[2.463s] -- Using all available rosidl_typesupport_cpp: rosidl_typesupport_fastrtps_cpp;rosidl_typesupport_introspection_cpp
[2.537s] -- Found rmw_implementation_cmake: 6.1.2 (/opt/ros/humble/share/rmw_implementation_cmake/cmake)
[2.543s] -- Found rmw_fastrtps_cpp: 6.2.7 (/opt/ros/humble/share/rmw_fastrtps_cpp/cmake)
[2.734s] -- Found OpenSSL: /usr/lib/x86_64-linux-gnu/libcrypto.so (found version "3.0.2")  
[2.788s] -- Found FastRTPS: /opt/ros/humble/include  
[2.869s] -- Using RMW implementation 'rmw_fastrtps_cpp' as default
[2.885s] -- Looking for pthread.h
[3.031s] -- Looking for pthread.h - found
[3.032s] -- Performing Test CMAKE_HAVE_LIBC_PTHREAD
[3.188s] -- Performing Test CMAKE_HAVE_LIBC_PTHREAD - Success
[3.190s] -- Found Threads: TRUE  
[3.375s] -- Configuring done
[3.400s] -- Generating done
[3.403s] -- Build files have been written to: /home/aliadel/Documents/Autonomous-Robotic-System/AutonomousRoboticApplication/jetson/ros2_ws/build/cpp_pkg
