[0.040s] Invoking command in '/home/aliadel/Documents/Autonomous-Robotic-System/build/cpp_pkg': CMAKE_PREFIX_PATH=${CMAKE_PREFIX_PATH}:/home/aliadel/Documents/Autonomous-Robotic-System/AutonomousRoboticApplication/raspberry_pi/src/ros2_ws/install/py_pkg:/home/aliadel/ros2_ws/install/my_py_pkg:/opt/ros/humble /usr/bin/cmake --build /home/aliadel/Documents/Autonomous-Robotic-System/build/cpp_pkg -- -j2 -l2
[0.114s] -- Found ament_cmake: 1.3.10 (/opt/ros/humble/share/ament_cmake/cmake)
[0.453s] -- Found rclcpp: 16.0.10 (/opt/ros/humble/share/rclcpp/cmake)
[0.544s] -- Found rosidl_generator_c: 3.1.5 (/opt/ros/humble/share/rosidl_generator_c/cmake)
[0.552s] -- Found rosidl_adapter: 3.1.5 (/opt/ros/humble/share/rosidl_adapter/cmake)
[0.577s] -- Found rosidl_generator_cpp: 3.1.5 (/opt/ros/humble/share/rosidl_generator_cpp/cmake)
[0.615s] -- Using all available rosidl_typesupport_c: rosidl_typesupport_fastrtps_c;rosidl_typesupport_introspection_c
[0.658s] -- Using all available rosidl_typesupport_cpp: rosidl_typesupport_fastrtps_cpp;rosidl_typesupport_introspection_cpp
[0.727s] -- Found rmw_implementation_cmake: 6.1.2 (/opt/ros/humble/share/rmw_implementation_cmake/cmake)
[0.738s] -- Found rmw_fastrtps_cpp: 6.2.7 (/opt/ros/humble/share/rmw_fastrtps_cpp/cmake)
[0.974s] -- Using RMW implementation 'rmw_fastrtps_cpp' as default
[1.190s] -- Configuring done
[1.206s] -- Generating done
[1.211s] -- Build files have been written to: /home/aliadel/Documents/Autonomous-Robotic-System/build/cpp_pkg
[1.298s] [ 50%] [32mBuilding CXX object CMakeFiles/cpp_node.dir/src/LiDAR.cpp.o[0m
[6.825s] [100%] [32m[1mLinking CXX executable cpp_node[0m
[7.226s] [100%] Built target cpp_node
[7.248s] Invoked command in '/home/aliadel/Documents/Autonomous-Robotic-System/build/cpp_pkg' returned '0': CMAKE_PREFIX_PATH=${CMAKE_PREFIX_PATH}:/home/aliadel/Documents/Autonomous-Robotic-System/AutonomousRoboticApplication/raspberry_pi/src/ros2_ws/install/py_pkg:/home/aliadel/ros2_ws/install/my_py_pkg:/opt/ros/humble /usr/bin/cmake --build /home/aliadel/Documents/Autonomous-Robotic-System/build/cpp_pkg -- -j2 -l2
[7.365s] Invoking command in '/home/aliadel/Documents/Autonomous-Robotic-System/build/cpp_pkg': CMAKE_PREFIX_PATH=${CMAKE_PREFIX_PATH}:/home/aliadel/Documents/Autonomous-Robotic-System/AutonomousRoboticApplication/raspberry_pi/src/ros2_ws/install/py_pkg:/home/aliadel/ros2_ws/install/my_py_pkg:/opt/ros/humble /usr/bin/cmake --install /home/aliadel/Documents/Autonomous-Robotic-System/build/cpp_pkg
[7.385s] -- Install configuration: ""
[7.387s] -- Installing: /home/aliadel/Documents/Autonomous-Robotic-System/install/cpp_pkg/lib/cpp_pkg/cpp_node
[7.387s] -- Set runtime path of "/home/aliadel/Documents/Autonomous-Robotic-System/install/cpp_pkg/lib/cpp_pkg/cpp_node" to ""
[7.388s] -- Up-to-date: /home/aliadel/Documents/Autonomous-Robotic-System/install/cpp_pkg/share/ament_index/resource_index/package_run_dependencies/cpp_pkg
[7.388s] -- Up-to-date: /home/aliadel/Documents/Autonomous-Robotic-System/install/cpp_pkg/share/ament_index/resource_index/parent_prefix_path/cpp_pkg
[7.391s] -- Up-to-date: /home/aliadel/Documents/Autonomous-Robotic-System/install/cpp_pkg/share/cpp_pkg/environment/ament_prefix_path.sh
[7.391s] -- Installing: /home/aliadel/Documents/Autonomous-Robotic-System/install/cpp_pkg/share/cpp_pkg/environment/ament_prefix_path.dsv
[7.391s] -- Up-to-date: /home/aliadel/Documents/Autonomous-Robotic-System/install/cpp_pkg/share/cpp_pkg/environment/path.sh
[7.391s] -- Installing: /home/aliadel/Documents/Autonomous-Robotic-System/install/cpp_pkg/share/cpp_pkg/environment/path.dsv
[7.391s] -- Up-to-date: /home/aliadel/Documents/Autonomous-Robotic-System/install/cpp_pkg/share/cpp_pkg/local_setup.bash
[7.391s] -- Up-to-date: /home/aliadel/Documents/Autonomous-Robotic-System/install/cpp_pkg/share/cpp_pkg/local_setup.sh
[7.392s] -- Up-to-date: /home/aliadel/Documents/Autonomous-Robotic-System/install/cpp_pkg/share/cpp_pkg/local_setup.zsh
[7.392s] -- Installing: /home/aliadel/Documents/Autonomous-Robotic-System/install/cpp_pkg/share/cpp_pkg/local_setup.dsv
[7.392s] -- Installing: /home/aliadel/Documents/Autonomous-Robotic-System/install/cpp_pkg/share/cpp_pkg/package.dsv
[7.395s] -- Up-to-date: /home/aliadel/Documents/Autonomous-Robotic-System/install/cpp_pkg/share/ament_index/resource_index/packages/cpp_pkg
[7.395s] -- Up-to-date: /home/aliadel/Documents/Autonomous-Robotic-System/install/cpp_pkg/share/cpp_pkg/cmake/cpp_pkgConfig.cmake
[7.395s] -- Up-to-date: /home/aliadel/Documents/Autonomous-Robotic-System/install/cpp_pkg/share/cpp_pkg/cmake/cpp_pkgConfig-version.cmake
[7.395s] -- Up-to-date: /home/aliadel/Documents/Autonomous-Robotic-System/install/cpp_pkg/share/cpp_pkg/package.xml
[7.400s] Invoked command in '/home/aliadel/Documents/Autonomous-Robotic-System/build/cpp_pkg' returned '0': CMAKE_PREFIX_PATH=${CMAKE_PREFIX_PATH}:/home/aliadel/Documents/Autonomous-Robotic-System/AutonomousRoboticApplication/raspberry_pi/src/ros2_ws/install/py_pkg:/home/aliadel/ros2_ws/install/my_py_pkg:/opt/ros/humble /usr/bin/cmake --install /home/aliadel/Documents/Autonomous-Robotic-System/build/cpp_pkg
