[1.451s] Invoking command in '/home/aliadel/Documents/Autonomous-Robotic-System/AutonomousRoboticApplication/jetson/ros2_ws/src/py_pkg': PYTHONPATH=/home/aliadel/Documents/Autonomous-Robotic-System/AutonomousRoboticApplication/jetson/ros2_ws/build/py_pkg/prefix_override:/usr/lib/python3/dist-packages/colcon_core/task/python/colcon_distutils_commands:/home/aliadel/Documents/Autonomous-Robotic-System/AutonomousRoboticApplication/jetson/ros2_ws/install/py_pkg/lib/python3.10/site-packages:${PYTHONPATH} /usr/bin/python3 -W ignore:setup.py install is deprecated setup.py egg_info --egg-base ../../build/py_pkg build --build-base /home/aliadel/Documents/Autonomous-Robotic-System/AutonomousRoboticApplication/jetson/ros2_ws/build/py_pkg/build install --record /home/aliadel/Documents/Autonomous-Robotic-System/AutonomousRoboticApplication/jetson/ros2_ws/build/py_pkg/install.log --single-version-externally-managed install_data
[1.689s] /home/aliadel/.local/lib/python3.10/site-packages/setuptools/_distutils/dist.py:261: UserWarning: Unknown distribution option: 'tests_require'
[1.690s]   warnings.warn(msg)
[1.838s] running egg_info
[1.861s] creating ../../build/py_pkg/py_pkg.egg-info
[1.861s] writing ../../build/py_pkg/py_pkg.egg-info/PKG-INFO
[1.862s] writing dependency_links to ../../build/py_pkg/py_pkg.egg-info/dependency_links.txt
[1.862s] writing requirements to ../../build/py_pkg/py_pkg.egg-info/requires.txt
[1.862s] writing top-level names to ../../build/py_pkg/py_pkg.egg-info/top_level.txt
[1.863s] writing manifest file '../../build/py_pkg/py_pkg.egg-info/SOURCES.txt'
[1.916s] reading manifest file '../../build/py_pkg/py_pkg.egg-info/SOURCES.txt'
[1.917s] Traceback (most recent call last):
[1.917s]   File "/home/aliadel/Documents/Autonomous-Robotic-System/AutonomousRoboticApplication/jetson/ros2_ws/src/py_pkg/setup.py", line 5, in <module>
[1.917s]     setup(
[1.917s]   File "/home/aliadel/.local/lib/python3.10/site-packages/setuptools/__init__.py", line 117, in setup
[1.918s]     return distutils.core.setup(**attrs)
[1.918s]   File "/home/aliadel/.local/lib/python3.10/site-packages/setuptools/_distutils/core.py", line 183, in setup
[1.918s]     return run_commands(dist)
[1.919s]   File "/home/aliadel/.local/lib/python3.10/site-packages/setuptools/_distutils/core.py", line 199, in run_commands
[1.919s]     dist.run_commands()
[1.919s]   File "/home/aliadel/.local/lib/python3.10/site-packages/setuptools/_distutils/dist.py", line 954, in run_commands
[1.920s]     self.run_command(cmd)
[1.920s]   File "/home/aliadel/.local/lib/python3.10/site-packages/setuptools/dist.py", line 991, in run_command
[1.920s]     super().run_command(command)
[1.920s]   File "/home/aliadel/.local/lib/python3.10/site-packages/setuptools/_distutils/dist.py", line 973, in run_command
[1.920s]     cmd_obj.run()
[1.921s]   File "/home/aliadel/.local/lib/python3.10/site-packages/setuptools/command/egg_info.py", line 315, in run
[1.921s]     self.find_sources()
[1.921s]   File "/home/aliadel/.local/lib/python3.10/site-packages/setuptools/command/egg_info.py", line 323, in find_sources
[1.921s]     mm.run()
[1.921s]   File "/home/aliadel/.local/lib/python3.10/site-packages/setuptools/command/egg_info.py", line 549, in run
[1.921s]     self.prune_file_list()
[1.922s]   File "/home/aliadel/.local/lib/python3.10/site-packages/setuptools/command/sdist.py", line 161, in prune_file_list
[1.922s]     super().prune_file_list()
[1.922s]   File "/home/aliadel/.local/lib/python3.10/site-packages/setuptools/_distutils/command/sdist.py", line 380, in prune_file_list
[1.922s]     base_dir = self.distribution.get_fullname()
[1.922s]   File "/home/aliadel/.local/lib/python3.10/site-packages/setuptools/_core_metadata.py", line 267, in get_fullname
[1.922s]     return _distribution_fullname(self.get_name(), self.get_version())
[1.922s]   File "/home/aliadel/.local/lib/python3.10/site-packages/setuptools/_core_metadata.py", line 285, in _distribution_fullname
[1.923s]     canonicalize_version(version, strip_trailing_zero=False),
[1.923s] TypeError: canonicalize_version() got an unexpected keyword argument 'strip_trailing_zero'
[1.968s] Invoked command in '/home/aliadel/Documents/Autonomous-Robotic-System/AutonomousRoboticApplication/jetson/ros2_ws/src/py_pkg' returned '1': PYTHONPATH=/home/aliadel/Documents/Autonomous-Robotic-System/AutonomousRoboticApplication/jetson/ros2_ws/build/py_pkg/prefix_override:/usr/lib/python3/dist-packages/colcon_core/task/python/colcon_distutils_commands:/home/aliadel/Documents/Autonomous-Robotic-System/AutonomousRoboticApplication/jetson/ros2_ws/install/py_pkg/lib/python3.10/site-packages:${PYTHONPATH} /usr/bin/python3 -W ignore:setup.py install is deprecated setup.py egg_info --egg-base ../../build/py_pkg build --build-base /home/aliadel/Documents/Autonomous-Robotic-System/AutonomousRoboticApplication/jetson/ros2_ws/build/py_pkg/build install --record /home/aliadel/Documents/Autonomous-Robotic-System/AutonomousRoboticApplication/jetson/ros2_ws/build/py_pkg/install.log --single-version-externally-managed install_data
