running egg_info
creating ..\..\build\py_pkg\py_pkg.egg-info
writing ..\..\build\py_pkg\py_pkg.egg-info\PKG-INFO
writing dependency_links to ..\..\build\py_pkg\py_pkg.egg-info\dependency_links.txt
writing entry points to ..\..\build\py_pkg\py_pkg.egg-info\entry_points.txt
writing requirements to ..\..\build\py_pkg\py_pkg.egg-info\requires.txt
writing top-level names to ..\..\build\py_pkg\py_pkg.egg-info\top_level.txt
writing manifest file '..\..\build\py_pkg\py_pkg.egg-info\SOURCES.txt'
reading manifest file '..\..\build\py_pkg\py_pkg.egg-info\SOURCES.txt'
writing manifest file '..\..\build\py_pkg\py_pkg.egg-info\SOURCES.txt'
running build
running build_py
creating D:\Shared Folders\Uni\courses\Arm stm\Graduation Project\Autonomous Robotic System\AutonomousRoboticApplication\raspberry_pi\src\ros2_ws\build\py_pkg\build\lib\py_pkg
copying py_pkg\LiDAR.py -> D:\Shared Folders\Uni\courses\Arm stm\Graduation Project\Autonomous Robotic System\AutonomousRoboticApplication\raspberry_pi\src\ros2_ws\build\py_pkg\build\lib\py_pkg
copying py_pkg\station.py -> D:\Shared Folders\Uni\courses\Arm stm\Graduation Project\Autonomous Robotic System\AutonomousRoboticApplication\raspberry_pi\src\ros2_ws\build\py_pkg\build\lib\py_pkg
copying py_pkg\__init__.py -> D:\Shared Folders\Uni\courses\Arm stm\Graduation Project\Autonomous Robotic System\AutonomousRoboticApplication\raspberry_pi\src\ros2_ws\build\py_pkg\build\lib\py_pkg
running install
running install_lib
creating D:\Shared Folders\Uni\courses\Arm stm\Graduation Project\Autonomous Robotic System\AutonomousRoboticApplication\raspberry_pi\src\ros2_ws\install\py_pkg\Lib\site-packages\py_pkg
copying D:\Shared Folders\Uni\courses\Arm stm\Graduation Project\Autonomous Robotic System\AutonomousRoboticApplication\raspberry_pi\src\ros2_ws\build\py_pkg\build\lib\py_pkg\LiDAR.py -> D:\Shared Folders\Uni\courses\Arm stm\Graduation Project\Autonomous Robotic System\AutonomousRoboticApplication\raspberry_pi\src\ros2_ws\install\py_pkg\Lib\site-packages\py_pkg
copying D:\Shared Folders\Uni\courses\Arm stm\Graduation Project\Autonomous Robotic System\AutonomousRoboticApplication\raspberry_pi\src\ros2_ws\build\py_pkg\build\lib\py_pkg\station.py -> D:\Shared Folders\Uni\courses\Arm stm\Graduation Project\Autonomous Robotic System\AutonomousRoboticApplication\raspberry_pi\src\ros2_ws\install\py_pkg\Lib\site-packages\py_pkg
copying D:\Shared Folders\Uni\courses\Arm stm\Graduation Project\Autonomous Robotic System\AutonomousRoboticApplication\raspberry_pi\src\ros2_ws\build\py_pkg\build\lib\py_pkg\__init__.py -> D:\Shared Folders\Uni\courses\Arm stm\Graduation Project\Autonomous Robotic System\AutonomousRoboticApplication\raspberry_pi\src\ros2_ws\install\py_pkg\Lib\site-packages\py_pkg
byte-compiling D:\Shared Folders\Uni\courses\Arm stm\Graduation Project\Autonomous Robotic System\AutonomousRoboticApplication\raspberry_pi\src\ros2_ws\install\py_pkg\Lib\site-packages\py_pkg\LiDAR.py to LiDAR.cpython-38.pyc
byte-compiling D:\Shared Folders\Uni\courses\Arm stm\Graduation Project\Autonomous Robotic System\AutonomousRoboticApplication\raspberry_pi\src\ros2_ws\install\py_pkg\Lib\site-packages\py_pkg\station.py to station.cpython-38.pyc
byte-compiling D:\Shared Folders\Uni\courses\Arm stm\Graduation Project\Autonomous Robotic System\AutonomousRoboticApplication\raspberry_pi\src\ros2_ws\install\py_pkg\Lib\site-packages\py_pkg\__init__.py to __init__.cpython-38.pyc
running install_data
creating D:\Shared Folders\Uni\courses\Arm stm\Graduation Project\Autonomous Robotic System\AutonomousRoboticApplication\raspberry_pi\src\ros2_ws\install\py_pkg\share\ament_index\resource_index\packages
copying resource\py_pkg -> D:\Shared Folders\Uni\courses\Arm stm\Graduation Project\Autonomous Robotic System\AutonomousRoboticApplication\raspberry_pi\src\ros2_ws\install\py_pkg\share\ament_index\resource_index\packages
copying package.xml -> D:\Shared Folders\Uni\courses\Arm stm\Graduation Project\Autonomous Robotic System\AutonomousRoboticApplication\raspberry_pi\src\ros2_ws\install\py_pkg\share\py_pkg
running install_egg_info
Copying ..\..\build\py_pkg\py_pkg.egg-info to D:\Shared Folders\Uni\courses\Arm stm\Graduation Project\Autonomous Robotic System\AutonomousRoboticApplication\raspberry_pi\src\ros2_ws\install\py_pkg\Lib\site-packages\py_pkg-0.0.0-py3.8.egg-info
running install_scripts
Installing py_LiDAR-script.py script to D:\Shared Folders\Uni\courses\Arm stm\Graduation Project\Autonomous Robotic System\AutonomousRoboticApplication\raspberry_pi\src\ros2_ws\install\py_pkg\lib\py_pkg
Installing py_LiDAR.exe script to D:\Shared Folders\Uni\courses\Arm stm\Graduation Project\Autonomous Robotic System\AutonomousRoboticApplication\raspberry_pi\src\ros2_ws\install\py_pkg\lib\py_pkg
Installing py_station-script.py script to D:\Shared Folders\Uni\courses\Arm stm\Graduation Project\Autonomous Robotic System\AutonomousRoboticApplication\raspberry_pi\src\ros2_ws\install\py_pkg\lib\py_pkg
Installing py_station.exe script to D:\Shared Folders\Uni\courses\Arm stm\Graduation Project\Autonomous Robotic System\AutonomousRoboticApplication\raspberry_pi\src\ros2_ws\install\py_pkg\lib\py_pkg
writing list of installed files to 'D:\Shared Folders\Uni\courses\Arm stm\Graduation Project\Autonomous Robotic System\AutonomousRoboticApplication\raspberry_pi\src\ros2_ws\build\py_pkg\install.log'
