[2.656s] Invoking command in 'D:\Shared Folders\Uni\courses\Arm stm\Graduation Project\Autonomous Robotic System\AutonomousRoboticApplication\raspberry_pi\src\ros2_ws\src\py_pkg': PYTHONPATH=D:\Shared Folders\Uni\courses\Arm stm\Graduation Project\Autonomous Robotic System\AutonomousRoboticApplication\raspberry_pi\src\ros2_ws\build\py_pkg\prefix_override;c:\python38\lib\site-packages\colcon_core\task\python\colcon_distutils_commands;D:\Shared Folders\Uni\courses\Arm stm\Graduation Project\Autonomous Robotic System\AutonomousRoboticApplication\raspberry_pi\src\ros2_ws\install\py_pkg\Lib\site-packages;%PYTHONPATH% c:\python38\python.exe -W ignore:setup.py install is deprecated setup.py egg_info --egg-base ..\..\build\py_pkg build --build-base D:\Shared Folders\Uni\courses\Arm stm\Graduation Project\Autonomous Robotic System\AutonomousRoboticApplication\raspberry_pi\src\ros2_ws\build\py_pkg\build install --record D:\Shared Folders\Uni\courses\Arm stm\Graduation Project\Autonomous Robotic System\AutonomousRoboticApplication\raspberry_pi\src\ros2_ws\build\py_pkg\install.log --single-version-externally-managed install_data
[3.375s] running egg_info
[3.375s] creating ..\..\build\py_pkg\py_pkg.egg-info
[3.406s] writing ..\..\build\py_pkg\py_pkg.egg-info\PKG-INFO
[3.422s] writing dependency_links to ..\..\build\py_pkg\py_pkg.egg-info\dependency_links.txt
[3.422s] writing entry points to ..\..\build\py_pkg\py_pkg.egg-info\entry_points.txt
[3.422s] writing requirements to ..\..\build\py_pkg\py_pkg.egg-info\requires.txt
[3.422s] writing top-level names to ..\..\build\py_pkg\py_pkg.egg-info\top_level.txt
[3.422s] writing manifest file '..\..\build\py_pkg\py_pkg.egg-info\SOURCES.txt'
[3.516s] reading manifest file '..\..\build\py_pkg\py_pkg.egg-info\SOURCES.txt'
[3.531s] writing manifest file '..\..\build\py_pkg\py_pkg.egg-info\SOURCES.txt'
[3.531s] running build
[3.531s] running build_py
[3.531s] creating D:\Shared Folders\Uni\courses\Arm stm\Graduation Project\Autonomous Robotic System\AutonomousRoboticApplication\raspberry_pi\src\ros2_ws\build\py_pkg\build\lib\py_pkg
[3.531s] copying py_pkg\LiDAR.py -> D:\Shared Folders\Uni\courses\Arm stm\Graduation Project\Autonomous Robotic System\AutonomousRoboticApplication\raspberry_pi\src\ros2_ws\build\py_pkg\build\lib\py_pkg
[3.531s] copying py_pkg\station.py -> D:\Shared Folders\Uni\courses\Arm stm\Graduation Project\Autonomous Robotic System\AutonomousRoboticApplication\raspberry_pi\src\ros2_ws\build\py_pkg\build\lib\py_pkg
[3.547s] copying py_pkg\__init__.py -> D:\Shared Folders\Uni\courses\Arm stm\Graduation Project\Autonomous Robotic System\AutonomousRoboticApplication\raspberry_pi\src\ros2_ws\build\py_pkg\build\lib\py_pkg
[3.547s] running install
[3.547s] running install_lib
[3.594s] creating D:\Shared Folders\Uni\courses\Arm stm\Graduation Project\Autonomous Robotic System\AutonomousRoboticApplication\raspberry_pi\src\ros2_ws\install\py_pkg\Lib\site-packages\py_pkg
[3.594s] copying D:\Shared Folders\Uni\courses\Arm stm\Graduation Project\Autonomous Robotic System\AutonomousRoboticApplication\raspberry_pi\src\ros2_ws\build\py_pkg\build\lib\py_pkg\LiDAR.py -> D:\Shared Folders\Uni\courses\Arm stm\Graduation Project\Autonomous Robotic System\AutonomousRoboticApplication\raspberry_pi\src\ros2_ws\install\py_pkg\Lib\site-packages\py_pkg
[3.594s] copying D:\Shared Folders\Uni\courses\Arm stm\Graduation Project\Autonomous Robotic System\AutonomousRoboticApplication\raspberry_pi\src\ros2_ws\build\py_pkg\build\lib\py_pkg\station.py -> D:\Shared Folders\Uni\courses\Arm stm\Graduation Project\Autonomous Robotic System\AutonomousRoboticApplication\raspberry_pi\src\ros2_ws\install\py_pkg\Lib\site-packages\py_pkg
[3.609s] copying D:\Shared Folders\Uni\courses\Arm stm\Graduation Project\Autonomous Robotic System\AutonomousRoboticApplication\raspberry_pi\src\ros2_ws\build\py_pkg\build\lib\py_pkg\__init__.py -> D:\Shared Folders\Uni\courses\Arm stm\Graduation Project\Autonomous Robotic System\AutonomousRoboticApplication\raspberry_pi\src\ros2_ws\install\py_pkg\Lib\site-packages\py_pkg
[3.609s] byte-compiling D:\Shared Folders\Uni\courses\Arm stm\Graduation Project\Autonomous Robotic System\AutonomousRoboticApplication\raspberry_pi\src\ros2_ws\install\py_pkg\Lib\site-packages\py_pkg\LiDAR.py to LiDAR.cpython-38.pyc
[3.609s] byte-compiling D:\Shared Folders\Uni\courses\Arm stm\Graduation Project\Autonomous Robotic System\AutonomousRoboticApplication\raspberry_pi\src\ros2_ws\install\py_pkg\Lib\site-packages\py_pkg\station.py to station.cpython-38.pyc
[3.609s] byte-compiling D:\Shared Folders\Uni\courses\Arm stm\Graduation Project\Autonomous Robotic System\AutonomousRoboticApplication\raspberry_pi\src\ros2_ws\install\py_pkg\Lib\site-packages\py_pkg\__init__.py to __init__.cpython-38.pyc
[3.625s] running install_data
[3.625s] creating D:\Shared Folders\Uni\courses\Arm stm\Graduation Project\Autonomous Robotic System\AutonomousRoboticApplication\raspberry_pi\src\ros2_ws\install\py_pkg\share\ament_index\resource_index\packages
[3.625s] copying resource\py_pkg -> D:\Shared Folders\Uni\courses\Arm stm\Graduation Project\Autonomous Robotic System\AutonomousRoboticApplication\raspberry_pi\src\ros2_ws\install\py_pkg\share\ament_index\resource_index\packages
[3.641s] copying package.xml -> D:\Shared Folders\Uni\courses\Arm stm\Graduation Project\Autonomous Robotic System\AutonomousRoboticApplication\raspberry_pi\src\ros2_ws\install\py_pkg\share\py_pkg
[3.641s] running install_egg_info
[3.688s] Copying ..\..\build\py_pkg\py_pkg.egg-info to D:\Shared Folders\Uni\courses\Arm stm\Graduation Project\Autonomous Robotic System\AutonomousRoboticApplication\raspberry_pi\src\ros2_ws\install\py_pkg\Lib\site-packages\py_pkg-0.0.0-py3.8.egg-info
[3.719s] running install_scripts
[4.172s] Installing py_LiDAR-script.py script to D:\Shared Folders\Uni\courses\Arm stm\Graduation Project\Autonomous Robotic System\AutonomousRoboticApplication\raspberry_pi\src\ros2_ws\install\py_pkg\lib\py_pkg
[4.172s] Installing py_LiDAR.exe script to D:\Shared Folders\Uni\courses\Arm stm\Graduation Project\Autonomous Robotic System\AutonomousRoboticApplication\raspberry_pi\src\ros2_ws\install\py_pkg\lib\py_pkg
[4.172s] Installing py_station-script.py script to D:\Shared Folders\Uni\courses\Arm stm\Graduation Project\Autonomous Robotic System\AutonomousRoboticApplication\raspberry_pi\src\ros2_ws\install\py_pkg\lib\py_pkg
[4.172s] Installing py_station.exe script to D:\Shared Folders\Uni\courses\Arm stm\Graduation Project\Autonomous Robotic System\AutonomousRoboticApplication\raspberry_pi\src\ros2_ws\install\py_pkg\lib\py_pkg
[4.172s] writing list of installed files to 'D:\Shared Folders\Uni\courses\Arm stm\Graduation Project\Autonomous Robotic System\AutonomousRoboticApplication\raspberry_pi\src\ros2_ws\build\py_pkg\install.log'
[4.172s] c:\python38\lib\site-packages\setuptools\_distutils\dist.py:261: UserWarning: Unknown distribution option: 'tests_require'
[4.172s]   warnings.warn(msg)
[4.203s] Invoked command in 'D:\Shared Folders\Uni\courses\Arm stm\Graduation Project\Autonomous Robotic System\AutonomousRoboticApplication\raspberry_pi\src\ros2_ws\src\py_pkg' returned '0': PYTHONPATH=D:\Shared Folders\Uni\courses\Arm stm\Graduation Project\Autonomous Robotic System\AutonomousRoboticApplication\raspberry_pi\src\ros2_ws\build\py_pkg\prefix_override;c:\python38\lib\site-packages\colcon_core\task\python\colcon_distutils_commands;D:\Shared Folders\Uni\courses\Arm stm\Graduation Project\Autonomous Robotic System\AutonomousRoboticApplication\raspberry_pi\src\ros2_ws\install\py_pkg\Lib\site-packages;%PYTHONPATH% c:\python38\python.exe -W ignore:setup.py install is deprecated setup.py egg_info --egg-base ..\..\build\py_pkg build --build-base D:\Shared Folders\Uni\courses\Arm stm\Graduation Project\Autonomous Robotic System\AutonomousRoboticApplication\raspberry_pi\src\ros2_ws\build\py_pkg\build install --record D:\Shared Folders\Uni\courses\Arm stm\Graduation Project\Autonomous Robotic System\AutonomousRoboticApplication\raspberry_pi\src\ros2_ws\build\py_pkg\install.log --single-version-externally-managed install_data
