[0.039s] Invoking command in '/home/aliadel/Documents/Autonomous-Robotic-System/AutonomousRoboticApplication/raspberry_pi/ros2_ws/build/cpp_pkg': CMAKE_PREFIX_PATH=${CMAKE_PREFIX_PATH}:/home/aliadel/Documents/Autonomous-Robotic-System/AutonomousRoboticApplication/raspberry_pi/ros2_ws/install/py_pkg:/home/aliadel/ros2_ws/install/my_py_pkg:/opt/ros/humble /usr/bin/cmake --build /home/aliadel/Documents/Autonomous-Robotic-System/AutonomousRoboticApplication/raspberry_pi/ros2_ws/build/cpp_pkg -- -j8 -l8
[0.132s] [35m[1mConsolidate compiler generated dependencies of target cpp_node[0m
[0.184s] [ 50%] [32mBuilding CXX object CMakeFiles/cpp_node.dir/src/LiDAR.cpp.o[0m
[4.750s] [100%] [32m[1mLinking CXX executable cpp_node[0m
[4.950s] [100%] Built target cpp_node
[4.974s] Invoked command in '/home/aliadel/Documents/Autonomous-Robotic-System/AutonomousRoboticApplication/raspberry_pi/ros2_ws/build/cpp_pkg' returned '0': CMAKE_PREFIX_PATH=${CMAKE_PREFIX_PATH}:/home/aliadel/Documents/Autonomous-Robotic-System/AutonomousRoboticApplication/raspberry_pi/ros2_ws/install/py_pkg:/home/aliadel/ros2_ws/install/my_py_pkg:/opt/ros/humble /usr/bin/cmake --build /home/aliadel/Documents/Autonomous-Robotic-System/AutonomousRoboticApplication/raspberry_pi/ros2_ws/build/cpp_pkg -- -j8 -l8
[5.066s] Invoking command in '/home/aliadel/Documents/Autonomous-Robotic-System/AutonomousRoboticApplication/raspberry_pi/ros2_ws/build/cpp_pkg': CMAKE_PREFIX_PATH=${CMAKE_PREFIX_PATH}:/home/aliadel/Documents/Autonomous-Robotic-System/AutonomousRoboticApplication/raspberry_pi/ros2_ws/install/py_pkg:/home/aliadel/ros2_ws/install/my_py_pkg:/opt/ros/humble /usr/bin/cmake --install /home/aliadel/Documents/Autonomous-Robotic-System/AutonomousRoboticApplication/raspberry_pi/ros2_ws/build/cpp_pkg
[5.079s] -- Install configuration: ""
[5.079s] -- Execute custom install script
[5.080s] -- Up-to-date symlink: /home/aliadel/Documents/Autonomous-Robotic-System/AutonomousRoboticApplication/raspberry_pi/ros2_ws/install/cpp_pkg/lib/cpp_pkg/cpp_node
[5.080s] -- Up-to-date symlink: /home/aliadel/Documents/Autonomous-Robotic-System/AutonomousRoboticApplication/raspberry_pi/ros2_ws/install/cpp_pkg/share/ament_index/resource_index/package_run_dependencies/cpp_pkg
[5.081s] -- Up-to-date symlink: /home/aliadel/Documents/Autonomous-Robotic-System/AutonomousRoboticApplication/raspberry_pi/ros2_ws/install/cpp_pkg/share/ament_index/resource_index/parent_prefix_path/cpp_pkg
[5.081s] -- Up-to-date symlink: /home/aliadel/Documents/Autonomous-Robotic-System/AutonomousRoboticApplication/raspberry_pi/ros2_ws/install/cpp_pkg/share/cpp_pkg/environment/ament_prefix_path.sh
[5.081s] -- Up-to-date symlink: /home/aliadel/Documents/Autonomous-Robotic-System/AutonomousRoboticApplication/raspberry_pi/ros2_ws/install/cpp_pkg/share/cpp_pkg/environment/ament_prefix_path.dsv
[5.082s] -- Up-to-date symlink: /home/aliadel/Documents/Autonomous-Robotic-System/AutonomousRoboticApplication/raspberry_pi/ros2_ws/install/cpp_pkg/share/cpp_pkg/environment/path.sh
[5.082s] -- Up-to-date symlink: /home/aliadel/Documents/Autonomous-Robotic-System/AutonomousRoboticApplication/raspberry_pi/ros2_ws/install/cpp_pkg/share/cpp_pkg/environment/path.dsv
[5.082s] -- Up-to-date symlink: /home/aliadel/Documents/Autonomous-Robotic-System/AutonomousRoboticApplication/raspberry_pi/ros2_ws/install/cpp_pkg/share/cpp_pkg/local_setup.bash
[5.083s] -- Up-to-date symlink: /home/aliadel/Documents/Autonomous-Robotic-System/AutonomousRoboticApplication/raspberry_pi/ros2_ws/install/cpp_pkg/share/cpp_pkg/local_setup.sh
[5.083s] -- Up-to-date symlink: /home/aliadel/Documents/Autonomous-Robotic-System/AutonomousRoboticApplication/raspberry_pi/ros2_ws/install/cpp_pkg/share/cpp_pkg/local_setup.zsh
[5.084s] -- Up-to-date symlink: /home/aliadel/Documents/Autonomous-Robotic-System/AutonomousRoboticApplication/raspberry_pi/ros2_ws/install/cpp_pkg/share/cpp_pkg/local_setup.dsv
[5.084s] -- Symlinking: /home/aliadel/Documents/Autonomous-Robotic-System/AutonomousRoboticApplication/raspberry_pi/ros2_ws/install/cpp_pkg/share/cpp_pkg/package.dsv
[5.102s] -- Up-to-date symlink: /home/aliadel/Documents/Autonomous-Robotic-System/AutonomousRoboticApplication/raspberry_pi/ros2_ws/install/cpp_pkg/share/ament_index/resource_index/packages/cpp_pkg
[5.102s] -- Up-to-date symlink: /home/aliadel/Documents/Autonomous-Robotic-System/AutonomousRoboticApplication/raspberry_pi/ros2_ws/install/cpp_pkg/share/cpp_pkg/cmake/cpp_pkgConfig.cmake
[5.103s] -- Up-to-date symlink: /home/aliadel/Documents/Autonomous-Robotic-System/AutonomousRoboticApplication/raspberry_pi/ros2_ws/install/cpp_pkg/share/cpp_pkg/cmake/cpp_pkgConfig-version.cmake
[5.103s] -- Up-to-date symlink: /home/aliadel/Documents/Autonomous-Robotic-System/AutonomousRoboticApplication/raspberry_pi/ros2_ws/install/cpp_pkg/share/cpp_pkg/package.xml
[5.108s] Invoked command in '/home/aliadel/Documents/Autonomous-Robotic-System/AutonomousRoboticApplication/raspberry_pi/ros2_ws/build/cpp_pkg' returned '0': CMAKE_PREFIX_PATH=${CMAKE_PREFIX_PATH}:/home/aliadel/Documents/Autonomous-Robotic-System/AutonomousRoboticApplication/raspberry_pi/ros2_ws/install/py_pkg:/home/aliadel/ros2_ws/install/my_py_pkg:/opt/ros/humble /usr/bin/cmake --install /home/aliadel/Documents/Autonomous-Robotic-System/AutonomousRoboticApplication/raspberry_pi/ros2_ws/build/cpp_pkg
