[0.154s] DEBUG:colcon:Command line arguments: ['/usr/bin/colcon', 'build']
[0.154s] DEBUG:colcon:Parsed command line arguments: Namespace(log_base=None, log_level=None, verb_name='build', build_base='build', install_base='install', merge_install=False, symlink_install=False, test_result_base=None, continue_on_error=False, executor='parallel', parallel_workers=2, event_handlers=None, ignore_user_meta=False, metas=['./colcon.meta'], base_paths=['.'], packages_ignore=None, packages_ignore_regex=None, paths=None, packages_up_to=None, packages_up_to_regex=None, packages_above=None, packages_above_and_dependencies=None, packages_above_depth=None, packages_select_by_dep=None, packages_skip_by_dep=None, packages_skip_up_to=None, packages_select_build_failed=False, packages_skip_build_finished=False, packages_select_test_failures=False, packages_skip_test_passed=False, packages_select=None, packages_skip=None, packages_select_regex=None, packages_skip_regex=None, packages_start=None, packages_end=None, allow_overriding=[], cmake_args=None, cmake_target=None, cmake_target_skip_unavailable=False, cmake_clean_cache=False, cmake_clean_first=False, cmake_force_configure=False, ament_cmake_args=None, catkin_cmake_args=None, catkin_skip_building_tests=False, mixin_files=None, mixin=None, verb_parser=<colcon_mixin.mixin.mixin_argument.MixinArgumentDecorator object at 0x702c7ca3a200>, verb_extension=<colcon_core.verb.build.BuildVerb object at 0x702c7ca39c30>, main=<bound method BuildVerb.main of <colcon_core.verb.build.BuildVerb object at 0x702c7ca39c30>>, mixin_verb=('build',))
[0.377s] Level 1:colcon.colcon_core.package_discovery:discover_packages(colcon_meta) check parameters
[0.377s] Level 1:colcon.colcon_core.package_discovery:discover_packages(recursive) check parameters
[0.377s] Level 1:colcon.colcon_core.package_discovery:discover_packages(ignore) check parameters
[0.378s] Level 1:colcon.colcon_core.package_discovery:discover_packages(path) check parameters
[0.378s] Level 1:colcon.colcon_core.package_discovery:discover_packages(colcon_meta) discover
[0.378s] Level 1:colcon.colcon_core.package_discovery:discover_packages(recursive) discover
[0.378s] INFO:colcon.colcon_core.package_discovery:Crawling recursively for packages in '/home/aliadel/Documents/Autonomous-Robotic-System'
[0.378s] Level 1:colcon.colcon_core.package_identification:_identify(.) by extensions ['ignore', 'ignore_ament_install']
[0.378s] Level 1:colcon.colcon_core.package_identification:_identify(.) by extension 'ignore'
[0.378s] Level 1:colcon.colcon_core.package_identification:_identify(.) by extension 'ignore_ament_install'
[0.378s] Level 1:colcon.colcon_core.package_identification:_identify(.) by extensions ['colcon_pkg']
[0.378s] Level 1:colcon.colcon_core.package_identification:_identify(.) by extension 'colcon_pkg'
[0.379s] Level 1:colcon.colcon_core.package_identification:_identify(.) by extensions ['colcon_meta']
[0.379s] Level 1:colcon.colcon_core.package_identification:_identify(.) by extension 'colcon_meta'
[0.379s] Level 1:colcon.colcon_core.package_identification:_identify(.) by extensions ['ros']
[0.379s] Level 1:colcon.colcon_core.package_identification:_identify(.) by extension 'ros'
[0.392s] Level 1:colcon.colcon_core.package_identification:_identify(.) by extensions ['cmake', 'python']
[0.392s] Level 1:colcon.colcon_core.package_identification:_identify(.) by extension 'cmake'
[0.393s] Level 1:colcon.colcon_core.package_identification:_identify(.) by extension 'python'
[0.393s] Level 1:colcon.colcon_core.package_identification:_identify(.) by extensions ['python_setup_py']
[0.393s] Level 1:colcon.colcon_core.package_identification:_identify(.) by extension 'python_setup_py'
[0.393s] Level 1:colcon.colcon_core.package_identification:_identify(Assets) by extensions ['ignore', 'ignore_ament_install']
[0.393s] Level 1:colcon.colcon_core.package_identification:_identify(Assets) by extension 'ignore'
[0.393s] Level 1:colcon.colcon_core.package_identification:_identify(Assets) by extension 'ignore_ament_install'
[0.393s] Level 1:colcon.colcon_core.package_identification:_identify(Assets) by extensions ['colcon_pkg']
[0.394s] Level 1:colcon.colcon_core.package_identification:_identify(Assets) by extension 'colcon_pkg'
[0.394s] Level 1:colcon.colcon_core.package_identification:_identify(Assets) by extensions ['colcon_meta']
[0.394s] Level 1:colcon.colcon_core.package_identification:_identify(Assets) by extension 'colcon_meta'
[0.394s] Level 1:colcon.colcon_core.package_identification:_identify(Assets) by extensions ['ros']
[0.394s] Level 1:colcon.colcon_core.package_identification:_identify(Assets) by extension 'ros'
[0.394s] Level 1:colcon.colcon_core.package_identification:_identify(Assets) by extensions ['cmake', 'python']
[0.394s] Level 1:colcon.colcon_core.package_identification:_identify(Assets) by extension 'cmake'
[0.394s] Level 1:colcon.colcon_core.package_identification:_identify(Assets) by extension 'python'
[0.394s] Level 1:colcon.colcon_core.package_identification:_identify(Assets) by extensions ['python_setup_py']
[0.394s] Level 1:colcon.colcon_core.package_identification:_identify(Assets) by extension 'python_setup_py'
[0.394s] Level 1:colcon.colcon_core.package_identification:_identify(AutonomousRoboticApplication) by extensions ['ignore', 'ignore_ament_install']
[0.394s] Level 1:colcon.colcon_core.package_identification:_identify(AutonomousRoboticApplication) by extension 'ignore'
[0.394s] Level 1:colcon.colcon_core.package_identification:_identify(AutonomousRoboticApplication) by extension 'ignore_ament_install'
[0.394s] Level 1:colcon.colcon_core.package_identification:_identify(AutonomousRoboticApplication) by extensions ['colcon_pkg']
[0.395s] Level 1:colcon.colcon_core.package_identification:_identify(AutonomousRoboticApplication) by extension 'colcon_pkg'
[0.395s] Level 1:colcon.colcon_core.package_identification:_identify(AutonomousRoboticApplication) by extensions ['colcon_meta']
[0.395s] Level 1:colcon.colcon_core.package_identification:_identify(AutonomousRoboticApplication) by extension 'colcon_meta'
[0.395s] Level 1:colcon.colcon_core.package_identification:_identify(AutonomousRoboticApplication) by extensions ['ros']
[0.395s] Level 1:colcon.colcon_core.package_identification:_identify(AutonomousRoboticApplication) by extension 'ros'
[0.395s] Level 1:colcon.colcon_core.package_identification:_identify(AutonomousRoboticApplication) by extensions ['cmake', 'python']
[0.395s] Level 1:colcon.colcon_core.package_identification:_identify(AutonomousRoboticApplication) by extension 'cmake'
[0.395s] Level 1:colcon.colcon_core.package_identification:_identify(AutonomousRoboticApplication) by extension 'python'
[0.395s] Level 1:colcon.colcon_core.package_identification:_identify(AutonomousRoboticApplication) by extensions ['python_setup_py']
[0.395s] Level 1:colcon.colcon_core.package_identification:_identify(AutonomousRoboticApplication) by extension 'python_setup_py'
[0.395s] Level 1:colcon.colcon_core.package_identification:_identify(AutonomousRoboticApplication/common) by extensions ['ignore', 'ignore_ament_install']
[0.395s] Level 1:colcon.colcon_core.package_identification:_identify(AutonomousRoboticApplication/common) by extension 'ignore'
[0.395s] Level 1:colcon.colcon_core.package_identification:_identify(AutonomousRoboticApplication/common) by extension 'ignore_ament_install'
[0.395s] Level 1:colcon.colcon_core.package_identification:_identify(AutonomousRoboticApplication/common) by extensions ['colcon_pkg']
[0.395s] Level 1:colcon.colcon_core.package_identification:_identify(AutonomousRoboticApplication/common) by extension 'colcon_pkg'
[0.395s] Level 1:colcon.colcon_core.package_identification:_identify(AutonomousRoboticApplication/common) by extensions ['colcon_meta']
[0.396s] Level 1:colcon.colcon_core.package_identification:_identify(AutonomousRoboticApplication/common) by extension 'colcon_meta'
[0.396s] Level 1:colcon.colcon_core.package_identification:_identify(AutonomousRoboticApplication/common) by extensions ['ros']
[0.396s] Level 1:colcon.colcon_core.package_identification:_identify(AutonomousRoboticApplication/common) by extension 'ros'
[0.396s] Level 1:colcon.colcon_core.package_identification:_identify(AutonomousRoboticApplication/common) by extensions ['cmake', 'python']
[0.396s] Level 1:colcon.colcon_core.package_identification:_identify(AutonomousRoboticApplication/common) by extension 'cmake'
[0.396s] Level 1:colcon.colcon_core.package_identification:_identify(AutonomousRoboticApplication/common) by extension 'python'
[0.397s] Level 1:colcon.colcon_core.package_identification:_identify(AutonomousRoboticApplication/common) by extensions ['python_setup_py']
[0.397s] Level 1:colcon.colcon_core.package_identification:_identify(AutonomousRoboticApplication/common) by extension 'python_setup_py'
[0.397s] Level 1:colcon.colcon_core.package_identification:_identify(AutonomousRoboticApplication/common/libraries) by extensions ['ignore', 'ignore_ament_install']
[0.397s] Level 1:colcon.colcon_core.package_identification:_identify(AutonomousRoboticApplication/common/libraries) by extension 'ignore'
[0.397s] Level 1:colcon.colcon_core.package_identification:_identify(AutonomousRoboticApplication/common/libraries) by extension 'ignore_ament_install'
[0.397s] Level 1:colcon.colcon_core.package_identification:_identify(AutonomousRoboticApplication/common/libraries) by extensions ['colcon_pkg']
[0.397s] Level 1:colcon.colcon_core.package_identification:_identify(AutonomousRoboticApplication/common/libraries) by extension 'colcon_pkg'
[0.397s] Level 1:colcon.colcon_core.package_identification:_identify(AutonomousRoboticApplication/common/libraries) by extensions ['colcon_meta']
[0.397s] Level 1:colcon.colcon_core.package_identification:_identify(AutonomousRoboticApplication/common/libraries) by extension 'colcon_meta'
[0.397s] Level 1:colcon.colcon_core.package_identification:_identify(AutonomousRoboticApplication/common/libraries) by extensions ['ros']
[0.397s] Level 1:colcon.colcon_core.package_identification:_identify(AutonomousRoboticApplication/common/libraries) by extension 'ros'
[0.397s] Level 1:colcon.colcon_core.package_identification:_identify(AutonomousRoboticApplication/common/libraries) by extensions ['cmake', 'python']
[0.397s] Level 1:colcon.colcon_core.package_identification:_identify(AutonomousRoboticApplication/common/libraries) by extension 'cmake'
[0.397s] Level 1:colcon.colcon_core.package_identification:_identify(AutonomousRoboticApplication/common/libraries) by extension 'python'
[0.397s] Level 1:colcon.colcon_core.package_identification:_identify(AutonomousRoboticApplication/common/libraries) by extensions ['python_setup_py']
[0.397s] Level 1:colcon.colcon_core.package_identification:_identify(AutonomousRoboticApplication/common/libraries) by extension 'python_setup_py'
[0.397s] Level 1:colcon.colcon_core.package_identification:_identify(AutonomousRoboticApplication/common/utils) by extensions ['ignore', 'ignore_ament_install']
[0.398s] Level 1:colcon.colcon_core.package_identification:_identify(AutonomousRoboticApplication/common/utils) by extension 'ignore'
[0.398s] Level 1:colcon.colcon_core.package_identification:_identify(AutonomousRoboticApplication/common/utils) by extension 'ignore_ament_install'
[0.398s] Level 1:colcon.colcon_core.package_identification:_identify(AutonomousRoboticApplication/common/utils) by extensions ['colcon_pkg']
[0.398s] Level 1:colcon.colcon_core.package_identification:_identify(AutonomousRoboticApplication/common/utils) by extension 'colcon_pkg'
[0.398s] Level 1:colcon.colcon_core.package_identification:_identify(AutonomousRoboticApplication/common/utils) by extensions ['colcon_meta']
[0.398s] Level 1:colcon.colcon_core.package_identification:_identify(AutonomousRoboticApplication/common/utils) by extension 'colcon_meta'
[0.398s] Level 1:colcon.colcon_core.package_identification:_identify(AutonomousRoboticApplication/common/utils) by extensions ['ros']
[0.398s] Level 1:colcon.colcon_core.package_identification:_identify(AutonomousRoboticApplication/common/utils) by extension 'ros'
[0.398s] Level 1:colcon.colcon_core.package_identification:_identify(AutonomousRoboticApplication/common/utils) by extensions ['cmake', 'python']
[0.398s] Level 1:colcon.colcon_core.package_identification:_identify(AutonomousRoboticApplication/common/utils) by extension 'cmake'
[0.398s] Level 1:colcon.colcon_core.package_identification:_identify(AutonomousRoboticApplication/common/utils) by extension 'python'
[0.398s] Level 1:colcon.colcon_core.package_identification:_identify(AutonomousRoboticApplication/common/utils) by extensions ['python_setup_py']
[0.398s] Level 1:colcon.colcon_core.package_identification:_identify(AutonomousRoboticApplication/common/utils) by extension 'python_setup_py'
[0.398s] Level 1:colcon.colcon_core.package_identification:_identify(AutonomousRoboticApplication/raspberry_pi) by extensions ['ignore', 'ignore_ament_install']
[0.399s] Level 1:colcon.colcon_core.package_identification:_identify(AutonomousRoboticApplication/raspberry_pi) by extension 'ignore'
[0.399s] Level 1:colcon.colcon_core.package_identification:_identify(AutonomousRoboticApplication/raspberry_pi) by extension 'ignore_ament_install'
[0.399s] Level 1:colcon.colcon_core.package_identification:_identify(AutonomousRoboticApplication/raspberry_pi) by extensions ['colcon_pkg']
[0.399s] Level 1:colcon.colcon_core.package_identification:_identify(AutonomousRoboticApplication/raspberry_pi) by extension 'colcon_pkg'
[0.399s] Level 1:colcon.colcon_core.package_identification:_identify(AutonomousRoboticApplication/raspberry_pi) by extensions ['colcon_meta']
[0.399s] Level 1:colcon.colcon_core.package_identification:_identify(AutonomousRoboticApplication/raspberry_pi) by extension 'colcon_meta'
[0.400s] Level 1:colcon.colcon_core.package_identification:_identify(AutonomousRoboticApplication/raspberry_pi) by extensions ['ros']
[0.400s] Level 1:colcon.colcon_core.package_identification:_identify(AutonomousRoboticApplication/raspberry_pi) by extension 'ros'
[0.400s] Level 1:colcon.colcon_core.package_identification:_identify(AutonomousRoboticApplication/raspberry_pi) by extensions ['cmake', 'python']
[0.400s] Level 1:colcon.colcon_core.package_identification:_identify(AutonomousRoboticApplication/raspberry_pi) by extension 'cmake'
[0.400s] Level 1:colcon.colcon_core.package_identification:_identify(AutonomousRoboticApplication/raspberry_pi) by extension 'python'
[0.400s] Level 1:colcon.colcon_core.package_identification:_identify(AutonomousRoboticApplication/raspberry_pi) by extensions ['python_setup_py']
[0.400s] Level 1:colcon.colcon_core.package_identification:_identify(AutonomousRoboticApplication/raspberry_pi) by extension 'python_setup_py'
[0.400s] Level 1:colcon.colcon_core.package_identification:_identify(AutonomousRoboticApplication/raspberry_pi/docs) by extensions ['ignore', 'ignore_ament_install']
[0.400s] Level 1:colcon.colcon_core.package_identification:_identify(AutonomousRoboticApplication/raspberry_pi/docs) by extension 'ignore'
[0.400s] Level 1:colcon.colcon_core.package_identification:_identify(AutonomousRoboticApplication/raspberry_pi/docs) by extension 'ignore_ament_install'
[0.400s] Level 1:colcon.colcon_core.package_identification:_identify(AutonomousRoboticApplication/raspberry_pi/docs) by extensions ['colcon_pkg']
[0.400s] Level 1:colcon.colcon_core.package_identification:_identify(AutonomousRoboticApplication/raspberry_pi/docs) by extension 'colcon_pkg'
[0.400s] Level 1:colcon.colcon_core.package_identification:_identify(AutonomousRoboticApplication/raspberry_pi/docs) by extensions ['colcon_meta']
[0.400s] Level 1:colcon.colcon_core.package_identification:_identify(AutonomousRoboticApplication/raspberry_pi/docs) by extension 'colcon_meta'
[0.400s] Level 1:colcon.colcon_core.package_identification:_identify(AutonomousRoboticApplication/raspberry_pi/docs) by extensions ['ros']
[0.401s] Level 1:colcon.colcon_core.package_identification:_identify(AutonomousRoboticApplication/raspberry_pi/docs) by extension 'ros'
[0.401s] Level 1:colcon.colcon_core.package_identification:_identify(AutonomousRoboticApplication/raspberry_pi/docs) by extensions ['cmake', 'python']
[0.401s] Level 1:colcon.colcon_core.package_identification:_identify(AutonomousRoboticApplication/raspberry_pi/docs) by extension 'cmake'
[0.401s] Level 1:colcon.colcon_core.package_identification:_identify(AutonomousRoboticApplication/raspberry_pi/docs) by extension 'python'
[0.401s] Level 1:colcon.colcon_core.package_identification:_identify(AutonomousRoboticApplication/raspberry_pi/docs) by extensions ['python_setup_py']
[0.401s] Level 1:colcon.colcon_core.package_identification:_identify(AutonomousRoboticApplication/raspberry_pi/docs) by extension 'python_setup_py'
[0.401s] Level 1:colcon.colcon_core.package_identification:_identify(AutonomousRoboticApplication/raspberry_pi/src) by extensions ['ignore', 'ignore_ament_install']
[0.401s] Level 1:colcon.colcon_core.package_identification:_identify(AutonomousRoboticApplication/raspberry_pi/src) by extension 'ignore'
[0.401s] Level 1:colcon.colcon_core.package_identification:_identify(AutonomousRoboticApplication/raspberry_pi/src) by extension 'ignore_ament_install'
[0.401s] Level 1:colcon.colcon_core.package_identification:_identify(AutonomousRoboticApplication/raspberry_pi/src) by extensions ['colcon_pkg']
[0.401s] Level 1:colcon.colcon_core.package_identification:_identify(AutonomousRoboticApplication/raspberry_pi/src) by extension 'colcon_pkg'
[0.401s] Level 1:colcon.colcon_core.package_identification:_identify(AutonomousRoboticApplication/raspberry_pi/src) by extensions ['colcon_meta']
[0.401s] Level 1:colcon.colcon_core.package_identification:_identify(AutonomousRoboticApplication/raspberry_pi/src) by extension 'colcon_meta'
[0.401s] Level 1:colcon.colcon_core.package_identification:_identify(AutonomousRoboticApplication/raspberry_pi/src) by extensions ['ros']
[0.402s] Level 1:colcon.colcon_core.package_identification:_identify(AutonomousRoboticApplication/raspberry_pi/src) by extension 'ros'
[0.402s] Level 1:colcon.colcon_core.package_identification:_identify(AutonomousRoboticApplication/raspberry_pi/src) by extensions ['cmake', 'python']
[0.402s] Level 1:colcon.colcon_core.package_identification:_identify(AutonomousRoboticApplication/raspberry_pi/src) by extension 'cmake'
[0.402s] Level 1:colcon.colcon_core.package_identification:_identify(AutonomousRoboticApplication/raspberry_pi/src) by extension 'python'
[0.402s] Level 1:colcon.colcon_core.package_identification:_identify(AutonomousRoboticApplication/raspberry_pi/src) by extensions ['python_setup_py']
[0.402s] Level 1:colcon.colcon_core.package_identification:_identify(AutonomousRoboticApplication/raspberry_pi/src) by extension 'python_setup_py'
[0.403s] Level 1:colcon.colcon_core.package_identification:_identify(AutonomousRoboticApplication/raspberry_pi/src/ros2_ws) by extensions ['ignore', 'ignore_ament_install']
[0.403s] Level 1:colcon.colcon_core.package_identification:_identify(AutonomousRoboticApplication/raspberry_pi/src/ros2_ws) by extension 'ignore'
[0.403s] Level 1:colcon.colcon_core.package_identification:_identify(AutonomousRoboticApplication/raspberry_pi/src/ros2_ws) by extension 'ignore_ament_install'
[0.403s] Level 1:colcon.colcon_core.package_identification:_identify(AutonomousRoboticApplication/raspberry_pi/src/ros2_ws) by extensions ['colcon_pkg']
[0.403s] Level 1:colcon.colcon_core.package_identification:_identify(AutonomousRoboticApplication/raspberry_pi/src/ros2_ws) by extension 'colcon_pkg'
[0.403s] Level 1:colcon.colcon_core.package_identification:_identify(AutonomousRoboticApplication/raspberry_pi/src/ros2_ws) by extensions ['colcon_meta']
[0.403s] Level 1:colcon.colcon_core.package_identification:_identify(AutonomousRoboticApplication/raspberry_pi/src/ros2_ws) by extension 'colcon_meta'
[0.403s] Level 1:colcon.colcon_core.package_identification:_identify(AutonomousRoboticApplication/raspberry_pi/src/ros2_ws) by extensions ['ros']
[0.403s] Level 1:colcon.colcon_core.package_identification:_identify(AutonomousRoboticApplication/raspberry_pi/src/ros2_ws) by extension 'ros'
[0.403s] Level 1:colcon.colcon_core.package_identification:_identify(AutonomousRoboticApplication/raspberry_pi/src/ros2_ws) by extensions ['cmake', 'python']
[0.403s] Level 1:colcon.colcon_core.package_identification:_identify(AutonomousRoboticApplication/raspberry_pi/src/ros2_ws) by extension 'cmake'
[0.403s] Level 1:colcon.colcon_core.package_identification:_identify(AutonomousRoboticApplication/raspberry_pi/src/ros2_ws) by extension 'python'
[0.403s] Level 1:colcon.colcon_core.package_identification:_identify(AutonomousRoboticApplication/raspberry_pi/src/ros2_ws) by extensions ['python_setup_py']
[0.403s] Level 1:colcon.colcon_core.package_identification:_identify(AutonomousRoboticApplication/raspberry_pi/src/ros2_ws) by extension 'python_setup_py'
[0.403s] Level 1:colcon.colcon_core.package_identification:_identify(AutonomousRoboticApplication/raspberry_pi/src/ros2_ws/build) by extensions ['ignore', 'ignore_ament_install']
[0.404s] Level 1:colcon.colcon_core.package_identification:_identify(AutonomousRoboticApplication/raspberry_pi/src/ros2_ws/build) by extension 'ignore'
[0.404s] Level 1:colcon.colcon_core.package_identification:_identify(AutonomousRoboticApplication/raspberry_pi/src/ros2_ws/build) ignored
[0.404s] Level 1:colcon.colcon_core.package_identification:_identify(AutonomousRoboticApplication/raspberry_pi/src/ros2_ws/install) by extensions ['ignore', 'ignore_ament_install']
[0.404s] Level 1:colcon.colcon_core.package_identification:_identify(AutonomousRoboticApplication/raspberry_pi/src/ros2_ws/install) by extension 'ignore'
[0.404s] Level 1:colcon.colcon_core.package_identification:_identify(AutonomousRoboticApplication/raspberry_pi/src/ros2_ws/install) ignored
[0.404s] Level 1:colcon.colcon_core.package_identification:_identify(AutonomousRoboticApplication/raspberry_pi/src/ros2_ws/log) by extensions ['ignore', 'ignore_ament_install']
[0.404s] Level 1:colcon.colcon_core.package_identification:_identify(AutonomousRoboticApplication/raspberry_pi/src/ros2_ws/log) by extension 'ignore'
[0.404s] Level 1:colcon.colcon_core.package_identification:_identify(AutonomousRoboticApplication/raspberry_pi/src/ros2_ws/log) ignored
[0.404s] Level 1:colcon.colcon_core.package_identification:_identify(AutonomousRoboticApplication/raspberry_pi/src/ros2_ws/src) by extensions ['ignore', 'ignore_ament_install']
[0.405s] Level 1:colcon.colcon_core.package_identification:_identify(AutonomousRoboticApplication/raspberry_pi/src/ros2_ws/src) by extension 'ignore'
[0.405s] Level 1:colcon.colcon_core.package_identification:_identify(AutonomousRoboticApplication/raspberry_pi/src/ros2_ws/src) by extension 'ignore_ament_install'
[0.405s] Level 1:colcon.colcon_core.package_identification:_identify(AutonomousRoboticApplication/raspberry_pi/src/ros2_ws/src) by extensions ['colcon_pkg']
[0.405s] Level 1:colcon.colcon_core.package_identification:_identify(AutonomousRoboticApplication/raspberry_pi/src/ros2_ws/src) by extension 'colcon_pkg'
[0.405s] Level 1:colcon.colcon_core.package_identification:_identify(AutonomousRoboticApplication/raspberry_pi/src/ros2_ws/src) by extensions ['colcon_meta']
[0.405s] Level 1:colcon.colcon_core.package_identification:_identify(AutonomousRoboticApplication/raspberry_pi/src/ros2_ws/src) by extension 'colcon_meta'
[0.406s] Level 1:colcon.colcon_core.package_identification:_identify(AutonomousRoboticApplication/raspberry_pi/src/ros2_ws/src) by extensions ['ros']
[0.406s] Level 1:colcon.colcon_core.package_identification:_identify(AutonomousRoboticApplication/raspberry_pi/src/ros2_ws/src) by extension 'ros'
[0.406s] Level 1:colcon.colcon_core.package_identification:_identify(AutonomousRoboticApplication/raspberry_pi/src/ros2_ws/src) by extensions ['cmake', 'python']
[0.406s] Level 1:colcon.colcon_core.package_identification:_identify(AutonomousRoboticApplication/raspberry_pi/src/ros2_ws/src) by extension 'cmake'
[0.406s] Level 1:colcon.colcon_core.package_identification:_identify(AutonomousRoboticApplication/raspberry_pi/src/ros2_ws/src) by extension 'python'
[0.406s] Level 1:colcon.colcon_core.package_identification:_identify(AutonomousRoboticApplication/raspberry_pi/src/ros2_ws/src) by extensions ['python_setup_py']
[0.406s] Level 1:colcon.colcon_core.package_identification:_identify(AutonomousRoboticApplication/raspberry_pi/src/ros2_ws/src) by extension 'python_setup_py'
[0.406s] Level 1:colcon.colcon_core.package_identification:_identify(AutonomousRoboticApplication/raspberry_pi/src/ros2_ws/src/build) by extensions ['ignore', 'ignore_ament_install']
[0.406s] Level 1:colcon.colcon_core.package_identification:_identify(AutonomousRoboticApplication/raspberry_pi/src/ros2_ws/src/build) by extension 'ignore'
[0.406s] Level 1:colcon.colcon_core.package_identification:_identify(AutonomousRoboticApplication/raspberry_pi/src/ros2_ws/src/build) ignored
[0.407s] Level 1:colcon.colcon_core.package_identification:_identify(AutonomousRoboticApplication/raspberry_pi/src/ros2_ws/src/cpp_pkg) by extensions ['ignore', 'ignore_ament_install']
[0.407s] Level 1:colcon.colcon_core.package_identification:_identify(AutonomousRoboticApplication/raspberry_pi/src/ros2_ws/src/cpp_pkg) by extension 'ignore'
[0.407s] Level 1:colcon.colcon_core.package_identification:_identify(AutonomousRoboticApplication/raspberry_pi/src/ros2_ws/src/cpp_pkg) by extension 'ignore_ament_install'
[0.407s] Level 1:colcon.colcon_core.package_identification:_identify(AutonomousRoboticApplication/raspberry_pi/src/ros2_ws/src/cpp_pkg) by extensions ['colcon_pkg']
[0.407s] Level 1:colcon.colcon_core.package_identification:_identify(AutonomousRoboticApplication/raspberry_pi/src/ros2_ws/src/cpp_pkg) by extension 'colcon_pkg'
[0.408s] Level 1:colcon.colcon_core.package_identification:_identify(AutonomousRoboticApplication/raspberry_pi/src/ros2_ws/src/cpp_pkg) by extensions ['colcon_meta']
[0.408s] Level 1:colcon.colcon_core.package_identification:_identify(AutonomousRoboticApplication/raspberry_pi/src/ros2_ws/src/cpp_pkg) by extension 'colcon_meta'
[0.408s] Level 1:colcon.colcon_core.package_identification:_identify(AutonomousRoboticApplication/raspberry_pi/src/ros2_ws/src/cpp_pkg) by extensions ['ros']
[0.408s] Level 1:colcon.colcon_core.package_identification:_identify(AutonomousRoboticApplication/raspberry_pi/src/ros2_ws/src/cpp_pkg) by extension 'ros'
[0.411s] DEBUG:colcon.colcon_core.package_identification:Package 'AutonomousRoboticApplication/raspberry_pi/src/ros2_ws/src/cpp_pkg' with type 'ros.ament_cmake' and name 'cpp_pkg'
[0.411s] Level 1:colcon.colcon_core.package_identification:_identify(AutonomousRoboticApplication/raspberry_pi/src/ros2_ws/src/install) by extensions ['ignore', 'ignore_ament_install']
[0.411s] Level 1:colcon.colcon_core.package_identification:_identify(AutonomousRoboticApplication/raspberry_pi/src/ros2_ws/src/install) by extension 'ignore'
[0.411s] Level 1:colcon.colcon_core.package_identification:_identify(AutonomousRoboticApplication/raspberry_pi/src/ros2_ws/src/install) ignored
[0.412s] Level 1:colcon.colcon_core.package_identification:_identify(AutonomousRoboticApplication/raspberry_pi/src/ros2_ws/src/log) by extensions ['ignore', 'ignore_ament_install']
[0.412s] Level 1:colcon.colcon_core.package_identification:_identify(AutonomousRoboticApplication/raspberry_pi/src/ros2_ws/src/log) by extension 'ignore'
[0.412s] Level 1:colcon.colcon_core.package_identification:_identify(AutonomousRoboticApplication/raspberry_pi/src/ros2_ws/src/log) ignored
[0.412s] Level 1:colcon.colcon_core.package_identification:_identify(AutonomousRoboticApplication/raspberry_pi/src/ros2_ws/src/py_pkg) by extensions ['ignore', 'ignore_ament_install']
[0.412s] Level 1:colcon.colcon_core.package_identification:_identify(AutonomousRoboticApplication/raspberry_pi/src/ros2_ws/src/py_pkg) by extension 'ignore'
[0.412s] Level 1:colcon.colcon_core.package_identification:_identify(AutonomousRoboticApplication/raspberry_pi/src/ros2_ws/src/py_pkg) by extension 'ignore_ament_install'
[0.412s] Level 1:colcon.colcon_core.package_identification:_identify(AutonomousRoboticApplication/raspberry_pi/src/ros2_ws/src/py_pkg) by extensions ['colcon_pkg']
[0.412s] Level 1:colcon.colcon_core.package_identification:_identify(AutonomousRoboticApplication/raspberry_pi/src/ros2_ws/src/py_pkg) by extension 'colcon_pkg'
[0.412s] Level 1:colcon.colcon_core.package_identification:_identify(AutonomousRoboticApplication/raspberry_pi/src/ros2_ws/src/py_pkg) by extensions ['colcon_meta']
[0.412s] Level 1:colcon.colcon_core.package_identification:_identify(AutonomousRoboticApplication/raspberry_pi/src/ros2_ws/src/py_pkg) by extension 'colcon_meta'
[0.413s] Level 1:colcon.colcon_core.package_identification:_identify(AutonomousRoboticApplication/raspberry_pi/src/ros2_ws/src/py_pkg) by extensions ['ros']
[0.413s] Level 1:colcon.colcon_core.package_identification:_identify(AutonomousRoboticApplication/raspberry_pi/src/ros2_ws/src/py_pkg) by extension 'ros'
[0.414s] DEBUG:colcon.colcon_core.package_identification:Package 'AutonomousRoboticApplication/raspberry_pi/src/ros2_ws/src/py_pkg' with type 'ros.ament_python' and name 'py_pkg'
[0.414s] Level 1:colcon.colcon_core.package_identification:_identify(AutonomousRoboticApplication/raspberry_pi/tests) by extensions ['ignore', 'ignore_ament_install']
[0.414s] Level 1:colcon.colcon_core.package_identification:_identify(AutonomousRoboticApplication/raspberry_pi/tests) by extension 'ignore'
[0.414s] Level 1:colcon.colcon_core.package_identification:_identify(AutonomousRoboticApplication/raspberry_pi/tests) by extension 'ignore_ament_install'
[0.414s] Level 1:colcon.colcon_core.package_identification:_identify(AutonomousRoboticApplication/raspberry_pi/tests) by extensions ['colcon_pkg']
[0.414s] Level 1:colcon.colcon_core.package_identification:_identify(AutonomousRoboticApplication/raspberry_pi/tests) by extension 'colcon_pkg'
[0.414s] Level 1:colcon.colcon_core.package_identification:_identify(AutonomousRoboticApplication/raspberry_pi/tests) by extensions ['colcon_meta']
[0.414s] Level 1:colcon.colcon_core.package_identification:_identify(AutonomousRoboticApplication/raspberry_pi/tests) by extension 'colcon_meta'
[0.415s] Level 1:colcon.colcon_core.package_identification:_identify(AutonomousRoboticApplication/raspberry_pi/tests) by extensions ['ros']
[0.415s] Level 1:colcon.colcon_core.package_identification:_identify(AutonomousRoboticApplication/raspberry_pi/tests) by extension 'ros'
[0.415s] Level 1:colcon.colcon_core.package_identification:_identify(AutonomousRoboticApplication/raspberry_pi/tests) by extensions ['cmake', 'python']
[0.415s] Level 1:colcon.colcon_core.package_identification:_identify(AutonomousRoboticApplication/raspberry_pi/tests) by extension 'cmake'
[0.415s] Level 1:colcon.colcon_core.package_identification:_identify(AutonomousRoboticApplication/raspberry_pi/tests) by extension 'python'
[0.415s] Level 1:colcon.colcon_core.package_identification:_identify(AutonomousRoboticApplication/raspberry_pi/tests) by extensions ['python_setup_py']
[0.415s] Level 1:colcon.colcon_core.package_identification:_identify(AutonomousRoboticApplication/raspberry_pi/tests) by extension 'python_setup_py'
[0.415s] Level 1:colcon.colcon_core.package_identification:_identify(AutonomousRoboticApplication/stm32f) by extensions ['ignore', 'ignore_ament_install']
[0.415s] Level 1:colcon.colcon_core.package_identification:_identify(AutonomousRoboticApplication/stm32f) by extension 'ignore'
[0.415s] Level 1:colcon.colcon_core.package_identification:_identify(AutonomousRoboticApplication/stm32f) by extension 'ignore_ament_install'
[0.415s] Level 1:colcon.colcon_core.package_identification:_identify(AutonomousRoboticApplication/stm32f) by extensions ['colcon_pkg']
[0.415s] Level 1:colcon.colcon_core.package_identification:_identify(AutonomousRoboticApplication/stm32f) by extension 'colcon_pkg'
[0.415s] Level 1:colcon.colcon_core.package_identification:_identify(AutonomousRoboticApplication/stm32f) by extensions ['colcon_meta']
[0.415s] Level 1:colcon.colcon_core.package_identification:_identify(AutonomousRoboticApplication/stm32f) by extension 'colcon_meta'
[0.415s] Level 1:colcon.colcon_core.package_identification:_identify(AutonomousRoboticApplication/stm32f) by extensions ['ros']
[0.416s] Level 1:colcon.colcon_core.package_identification:_identify(AutonomousRoboticApplication/stm32f) by extension 'ros'
[0.416s] Level 1:colcon.colcon_core.package_identification:_identify(AutonomousRoboticApplication/stm32f) by extensions ['cmake', 'python']
[0.416s] Level 1:colcon.colcon_core.package_identification:_identify(AutonomousRoboticApplication/stm32f) by extension 'cmake'
[0.416s] Level 1:colcon.colcon_core.package_identification:_identify(AutonomousRoboticApplication/stm32f) by extension 'python'
[0.416s] Level 1:colcon.colcon_core.package_identification:_identify(AutonomousRoboticApplication/stm32f) by extensions ['python_setup_py']
[0.416s] Level 1:colcon.colcon_core.package_identification:_identify(AutonomousRoboticApplication/stm32f) by extension 'python_setup_py'
[0.416s] Level 1:colcon.colcon_core.package_identification:_identify(AutonomousRoboticApplication/stm32f/Makefile) by extensions ['ignore', 'ignore_ament_install']
[0.416s] Level 1:colcon.colcon_core.package_identification:_identify(AutonomousRoboticApplication/stm32f/Makefile) by extension 'ignore'
[0.416s] Level 1:colcon.colcon_core.package_identification:_identify(AutonomousRoboticApplication/stm32f/Makefile) by extension 'ignore_ament_install'
[0.416s] Level 1:colcon.colcon_core.package_identification:_identify(AutonomousRoboticApplication/stm32f/Makefile) by extensions ['colcon_pkg']
[0.416s] Level 1:colcon.colcon_core.package_identification:_identify(AutonomousRoboticApplication/stm32f/Makefile) by extension 'colcon_pkg'
[0.417s] Level 1:colcon.colcon_core.package_identification:_identify(AutonomousRoboticApplication/stm32f/Makefile) by extensions ['colcon_meta']
[0.417s] Level 1:colcon.colcon_core.package_identification:_identify(AutonomousRoboticApplication/stm32f/Makefile) by extension 'colcon_meta'
[0.417s] Level 1:colcon.colcon_core.package_identification:_identify(AutonomousRoboticApplication/stm32f/Makefile) by extensions ['ros']
[0.417s] Level 1:colcon.colcon_core.package_identification:_identify(AutonomousRoboticApplication/stm32f/Makefile) by extension 'ros'
[0.417s] Level 1:colcon.colcon_core.package_identification:_identify(AutonomousRoboticApplication/stm32f/Makefile) by extensions ['cmake', 'python']
[0.417s] Level 1:colcon.colcon_core.package_identification:_identify(AutonomousRoboticApplication/stm32f/Makefile) by extension 'cmake'
[0.417s] Level 1:colcon.colcon_core.package_identification:_identify(AutonomousRoboticApplication/stm32f/Makefile) by extension 'python'
[0.417s] Level 1:colcon.colcon_core.package_identification:_identify(AutonomousRoboticApplication/stm32f/Makefile) by extensions ['python_setup_py']
[0.417s] Level 1:colcon.colcon_core.package_identification:_identify(AutonomousRoboticApplication/stm32f/Makefile) by extension 'python_setup_py'
[0.417s] Level 1:colcon.colcon_core.package_identification:_identify(AutonomousRoboticApplication/stm32f/docs) by extensions ['ignore', 'ignore_ament_install']
[0.417s] Level 1:colcon.colcon_core.package_identification:_identify(AutonomousRoboticApplication/stm32f/docs) by extension 'ignore'
[0.417s] Level 1:colcon.colcon_core.package_identification:_identify(AutonomousRoboticApplication/stm32f/docs) by extension 'ignore_ament_install'
[0.417s] Level 1:colcon.colcon_core.package_identification:_identify(AutonomousRoboticApplication/stm32f/docs) by extensions ['colcon_pkg']
[0.417s] Level 1:colcon.colcon_core.package_identification:_identify(AutonomousRoboticApplication/stm32f/docs) by extension 'colcon_pkg'
[0.417s] Level 1:colcon.colcon_core.package_identification:_identify(AutonomousRoboticApplication/stm32f/docs) by extensions ['colcon_meta']
[0.418s] Level 1:colcon.colcon_core.package_identification:_identify(AutonomousRoboticApplication/stm32f/docs) by extension 'colcon_meta'
[0.418s] Level 1:colcon.colcon_core.package_identification:_identify(AutonomousRoboticApplication/stm32f/docs) by extensions ['ros']
[0.418s] Level 1:colcon.colcon_core.package_identification:_identify(AutonomousRoboticApplication/stm32f/docs) by extension 'ros'
[0.418s] Level 1:colcon.colcon_core.package_identification:_identify(AutonomousRoboticApplication/stm32f/docs) by extensions ['cmake', 'python']
[0.418s] Level 1:colcon.colcon_core.package_identification:_identify(AutonomousRoboticApplication/stm32f/docs) by extension 'cmake'
[0.418s] Level 1:colcon.colcon_core.package_identification:_identify(AutonomousRoboticApplication/stm32f/docs) by extension 'python'
[0.418s] Level 1:colcon.colcon_core.package_identification:_identify(AutonomousRoboticApplication/stm32f/docs) by extensions ['python_setup_py']
[0.418s] Level 1:colcon.colcon_core.package_identification:_identify(AutonomousRoboticApplication/stm32f/docs) by extension 'python_setup_py'
[0.418s] Level 1:colcon.colcon_core.package_identification:_identify(AutonomousRoboticApplication/stm32f/src) by extensions ['ignore', 'ignore_ament_install']
[0.418s] Level 1:colcon.colcon_core.package_identification:_identify(AutonomousRoboticApplication/stm32f/src) by extension 'ignore'
[0.418s] Level 1:colcon.colcon_core.package_identification:_identify(AutonomousRoboticApplication/stm32f/src) by extension 'ignore_ament_install'
[0.419s] Level 1:colcon.colcon_core.package_identification:_identify(AutonomousRoboticApplication/stm32f/src) by extensions ['colcon_pkg']
[0.419s] Level 1:colcon.colcon_core.package_identification:_identify(AutonomousRoboticApplication/stm32f/src) by extension 'colcon_pkg'
[0.419s] Level 1:colcon.colcon_core.package_identification:_identify(AutonomousRoboticApplication/stm32f/src) by extensions ['colcon_meta']
[0.419s] Level 1:colcon.colcon_core.package_identification:_identify(AutonomousRoboticApplication/stm32f/src) by extension 'colcon_meta'
[0.419s] Level 1:colcon.colcon_core.package_identification:_identify(AutonomousRoboticApplication/stm32f/src) by extensions ['ros']
[0.419s] Level 1:colcon.colcon_core.package_identification:_identify(AutonomousRoboticApplication/stm32f/src) by extension 'ros'
[0.419s] Level 1:colcon.colcon_core.package_identification:_identify(AutonomousRoboticApplication/stm32f/src) by extensions ['cmake', 'python']
[0.419s] Level 1:colcon.colcon_core.package_identification:_identify(AutonomousRoboticApplication/stm32f/src) by extension 'cmake'
[0.419s] Level 1:colcon.colcon_core.package_identification:_identify(AutonomousRoboticApplication/stm32f/src) by extension 'python'
[0.419s] Level 1:colcon.colcon_core.package_identification:_identify(AutonomousRoboticApplication/stm32f/src) by extensions ['python_setup_py']
[0.419s] Level 1:colcon.colcon_core.package_identification:_identify(AutonomousRoboticApplication/stm32f/src) by extension 'python_setup_py'
[0.419s] Level 1:colcon.colcon_core.package_identification:_identify(AutonomousRoboticApplication/stm32f/tests) by extensions ['ignore', 'ignore_ament_install']
[0.419s] Level 1:colcon.colcon_core.package_identification:_identify(AutonomousRoboticApplication/stm32f/tests) by extension 'ignore'
[0.419s] Level 1:colcon.colcon_core.package_identification:_identify(AutonomousRoboticApplication/stm32f/tests) by extension 'ignore_ament_install'
[0.419s] Level 1:colcon.colcon_core.package_identification:_identify(AutonomousRoboticApplication/stm32f/tests) by extensions ['colcon_pkg']
[0.420s] Level 1:colcon.colcon_core.package_identification:_identify(AutonomousRoboticApplication/stm32f/tests) by extension 'colcon_pkg'
[0.420s] Level 1:colcon.colcon_core.package_identification:_identify(AutonomousRoboticApplication/stm32f/tests) by extensions ['colcon_meta']
[0.420s] Level 1:colcon.colcon_core.package_identification:_identify(AutonomousRoboticApplication/stm32f/tests) by extension 'colcon_meta'
[0.420s] Level 1:colcon.colcon_core.package_identification:_identify(AutonomousRoboticApplication/stm32f/tests) by extensions ['ros']
[0.420s] Level 1:colcon.colcon_core.package_identification:_identify(AutonomousRoboticApplication/stm32f/tests) by extension 'ros'
[0.420s] Level 1:colcon.colcon_core.package_identification:_identify(AutonomousRoboticApplication/stm32f/tests) by extensions ['cmake', 'python']
[0.420s] Level 1:colcon.colcon_core.package_identification:_identify(AutonomousRoboticApplication/stm32f/tests) by extension 'cmake'
[0.420s] Level 1:colcon.colcon_core.package_identification:_identify(AutonomousRoboticApplication/stm32f/tests) by extension 'python'
[0.420s] Level 1:colcon.colcon_core.package_identification:_identify(AutonomousRoboticApplication/stm32f/tests) by extensions ['python_setup_py']
[0.420s] Level 1:colcon.colcon_core.package_identification:_identify(AutonomousRoboticApplication/stm32f/tests) by extension 'python_setup_py'
[0.421s] Level 1:colcon.colcon_core.package_identification:_identify(AutonomousRoboticApplication/tivac) by extensions ['ignore', 'ignore_ament_install']
[0.421s] Level 1:colcon.colcon_core.package_identification:_identify(AutonomousRoboticApplication/tivac) by extension 'ignore'
[0.421s] Level 1:colcon.colcon_core.package_identification:_identify(AutonomousRoboticApplication/tivac) by extension 'ignore_ament_install'
[0.421s] Level 1:colcon.colcon_core.package_identification:_identify(AutonomousRoboticApplication/tivac) by extensions ['colcon_pkg']
[0.421s] Level 1:colcon.colcon_core.package_identification:_identify(AutonomousRoboticApplication/tivac) by extension 'colcon_pkg'
[0.421s] Level 1:colcon.colcon_core.package_identification:_identify(AutonomousRoboticApplication/tivac) by extensions ['colcon_meta']
[0.421s] Level 1:colcon.colcon_core.package_identification:_identify(AutonomousRoboticApplication/tivac) by extension 'colcon_meta'
[0.421s] Level 1:colcon.colcon_core.package_identification:_identify(AutonomousRoboticApplication/tivac) by extensions ['ros']
[0.421s] Level 1:colcon.colcon_core.package_identification:_identify(AutonomousRoboticApplication/tivac) by extension 'ros'
[0.421s] Level 1:colcon.colcon_core.package_identification:_identify(AutonomousRoboticApplication/tivac) by extensions ['cmake', 'python']
[0.421s] Level 1:colcon.colcon_core.package_identification:_identify(AutonomousRoboticApplication/tivac) by extension 'cmake'
[0.421s] Level 1:colcon.colcon_core.package_identification:_identify(AutonomousRoboticApplication/tivac) by extension 'python'
[0.421s] Level 1:colcon.colcon_core.package_identification:_identify(AutonomousRoboticApplication/tivac) by extensions ['python_setup_py']
[0.421s] Level 1:colcon.colcon_core.package_identification:_identify(AutonomousRoboticApplication/tivac) by extension 'python_setup_py'
[0.421s] Level 1:colcon.colcon_core.package_identification:_identify(AutonomousRoboticApplication/tivac/Makefile) by extensions ['ignore', 'ignore_ament_install']
[0.422s] Level 1:colcon.colcon_core.package_identification:_identify(AutonomousRoboticApplication/tivac/Makefile) by extension 'ignore'
[0.422s] Level 1:colcon.colcon_core.package_identification:_identify(AutonomousRoboticApplication/tivac/Makefile) by extension 'ignore_ament_install'
[0.422s] Level 1:colcon.colcon_core.package_identification:_identify(AutonomousRoboticApplication/tivac/Makefile) by extensions ['colcon_pkg']
[0.422s] Level 1:colcon.colcon_core.package_identification:_identify(AutonomousRoboticApplication/tivac/Makefile) by extension 'colcon_pkg'
[0.422s] Level 1:colcon.colcon_core.package_identification:_identify(AutonomousRoboticApplication/tivac/Makefile) by extensions ['colcon_meta']
[0.422s] Level 1:colcon.colcon_core.package_identification:_identify(AutonomousRoboticApplication/tivac/Makefile) by extension 'colcon_meta'
[0.422s] Level 1:colcon.colcon_core.package_identification:_identify(AutonomousRoboticApplication/tivac/Makefile) by extensions ['ros']
[0.422s] Level 1:colcon.colcon_core.package_identification:_identify(AutonomousRoboticApplication/tivac/Makefile) by extension 'ros'
[0.422s] Level 1:colcon.colcon_core.package_identification:_identify(AutonomousRoboticApplication/tivac/Makefile) by extensions ['cmake', 'python']
[0.422s] Level 1:colcon.colcon_core.package_identification:_identify(AutonomousRoboticApplication/tivac/Makefile) by extension 'cmake'
[0.423s] Level 1:colcon.colcon_core.package_identification:_identify(AutonomousRoboticApplication/tivac/Makefile) by extension 'python'
[0.423s] Level 1:colcon.colcon_core.package_identification:_identify(AutonomousRoboticApplication/tivac/Makefile) by extensions ['python_setup_py']
[0.423s] Level 1:colcon.colcon_core.package_identification:_identify(AutonomousRoboticApplication/tivac/Makefile) by extension 'python_setup_py'
[0.423s] Level 1:colcon.colcon_core.package_identification:_identify(AutonomousRoboticApplication/tivac/docs) by extensions ['ignore', 'ignore_ament_install']
[0.423s] Level 1:colcon.colcon_core.package_identification:_identify(AutonomousRoboticApplication/tivac/docs) by extension 'ignore'
[0.423s] Level 1:colcon.colcon_core.package_identification:_identify(AutonomousRoboticApplication/tivac/docs) by extension 'ignore_ament_install'
[0.423s] Level 1:colcon.colcon_core.package_identification:_identify(AutonomousRoboticApplication/tivac/docs) by extensions ['colcon_pkg']
[0.423s] Level 1:colcon.colcon_core.package_identification:_identify(AutonomousRoboticApplication/tivac/docs) by extension 'colcon_pkg'
[0.423s] Level 1:colcon.colcon_core.package_identification:_identify(AutonomousRoboticApplication/tivac/docs) by extensions ['colcon_meta']
[0.423s] Level 1:colcon.colcon_core.package_identification:_identify(AutonomousRoboticApplication/tivac/docs) by extension 'colcon_meta'
[0.423s] Level 1:colcon.colcon_core.package_identification:_identify(AutonomousRoboticApplication/tivac/docs) by extensions ['ros']
[0.423s] Level 1:colcon.colcon_core.package_identification:_identify(AutonomousRoboticApplication/tivac/docs) by extension 'ros'
[0.424s] Level 1:colcon.colcon_core.package_identification:_identify(AutonomousRoboticApplication/tivac/docs) by extensions ['cmake', 'python']
[0.424s] Level 1:colcon.colcon_core.package_identification:_identify(AutonomousRoboticApplication/tivac/docs) by extension 'cmake'
[0.424s] Level 1:colcon.colcon_core.package_identification:_identify(AutonomousRoboticApplication/tivac/docs) by extension 'python'
[0.424s] Level 1:colcon.colcon_core.package_identification:_identify(AutonomousRoboticApplication/tivac/docs) by extensions ['python_setup_py']
[0.424s] Level 1:colcon.colcon_core.package_identification:_identify(AutonomousRoboticApplication/tivac/docs) by extension 'python_setup_py'
[0.424s] Level 1:colcon.colcon_core.package_identification:_identify(AutonomousRoboticApplication/tivac/src) by extensions ['ignore', 'ignore_ament_install']
[0.424s] Level 1:colcon.colcon_core.package_identification:_identify(AutonomousRoboticApplication/tivac/src) by extension 'ignore'
[0.424s] Level 1:colcon.colcon_core.package_identification:_identify(AutonomousRoboticApplication/tivac/src) by extension 'ignore_ament_install'
[0.424s] Level 1:colcon.colcon_core.package_identification:_identify(AutonomousRoboticApplication/tivac/src) by extensions ['colcon_pkg']
[0.424s] Level 1:colcon.colcon_core.package_identification:_identify(AutonomousRoboticApplication/tivac/src) by extension 'colcon_pkg'
[0.424s] Level 1:colcon.colcon_core.package_identification:_identify(AutonomousRoboticApplication/tivac/src) by extensions ['colcon_meta']
[0.424s] Level 1:colcon.colcon_core.package_identification:_identify(AutonomousRoboticApplication/tivac/src) by extension 'colcon_meta'
[0.424s] Level 1:colcon.colcon_core.package_identification:_identify(AutonomousRoboticApplication/tivac/src) by extensions ['ros']
[0.424s] Level 1:colcon.colcon_core.package_identification:_identify(AutonomousRoboticApplication/tivac/src) by extension 'ros'
[0.424s] Level 1:colcon.colcon_core.package_identification:_identify(AutonomousRoboticApplication/tivac/src) by extensions ['cmake', 'python']
[0.425s] Level 1:colcon.colcon_core.package_identification:_identify(AutonomousRoboticApplication/tivac/src) by extension 'cmake'
[0.425s] Level 1:colcon.colcon_core.package_identification:_identify(AutonomousRoboticApplication/tivac/src) by extension 'python'
[0.425s] Level 1:colcon.colcon_core.package_identification:_identify(AutonomousRoboticApplication/tivac/src) by extensions ['python_setup_py']
[0.425s] Level 1:colcon.colcon_core.package_identification:_identify(AutonomousRoboticApplication/tivac/src) by extension 'python_setup_py'
[0.425s] Level 1:colcon.colcon_core.package_identification:_identify(AutonomousRoboticApplication/tivac/tests) by extensions ['ignore', 'ignore_ament_install']
[0.425s] Level 1:colcon.colcon_core.package_identification:_identify(AutonomousRoboticApplication/tivac/tests) by extension 'ignore'
[0.425s] Level 1:colcon.colcon_core.package_identification:_identify(AutonomousRoboticApplication/tivac/tests) by extension 'ignore_ament_install'
[0.425s] Level 1:colcon.colcon_core.package_identification:_identify(AutonomousRoboticApplication/tivac/tests) by extensions ['colcon_pkg']
[0.425s] Level 1:colcon.colcon_core.package_identification:_identify(AutonomousRoboticApplication/tivac/tests) by extension 'colcon_pkg'
[0.425s] Level 1:colcon.colcon_core.package_identification:_identify(AutonomousRoboticApplication/tivac/tests) by extensions ['colcon_meta']
[0.425s] Level 1:colcon.colcon_core.package_identification:_identify(AutonomousRoboticApplication/tivac/tests) by extension 'colcon_meta'
[0.425s] Level 1:colcon.colcon_core.package_identification:_identify(AutonomousRoboticApplication/tivac/tests) by extensions ['ros']
[0.426s] Level 1:colcon.colcon_core.package_identification:_identify(AutonomousRoboticApplication/tivac/tests) by extension 'ros'
[0.426s] Level 1:colcon.colcon_core.package_identification:_identify(AutonomousRoboticApplication/tivac/tests) by extensions ['cmake', 'python']
[0.426s] Level 1:colcon.colcon_core.package_identification:_identify(AutonomousRoboticApplication/tivac/tests) by extension 'cmake'
[0.426s] Level 1:colcon.colcon_core.package_identification:_identify(AutonomousRoboticApplication/tivac/tests) by extension 'python'
[0.426s] Level 1:colcon.colcon_core.package_identification:_identify(AutonomousRoboticApplication/tivac/tests) by extensions ['python_setup_py']
[0.426s] Level 1:colcon.colcon_core.package_identification:_identify(AutonomousRoboticApplication/tivac/tests) by extension 'python_setup_py'
[0.426s] Level 1:colcon.colcon_core.package_identification:_identify(Config) by extensions ['ignore', 'ignore_ament_install']
[0.427s] Level 1:colcon.colcon_core.package_identification:_identify(Config) by extension 'ignore'
[0.427s] Level 1:colcon.colcon_core.package_identification:_identify(Config) by extension 'ignore_ament_install'
[0.427s] Level 1:colcon.colcon_core.package_identification:_identify(Config) by extensions ['colcon_pkg']
[0.427s] Level 1:colcon.colcon_core.package_identification:_identify(Config) by extension 'colcon_pkg'
[0.427s] Level 1:colcon.colcon_core.package_identification:_identify(Config) by extensions ['colcon_meta']
[0.427s] Level 1:colcon.colcon_core.package_identification:_identify(Config) by extension 'colcon_meta'
[0.427s] Level 1:colcon.colcon_core.package_identification:_identify(Config) by extensions ['ros']
[0.427s] Level 1:colcon.colcon_core.package_identification:_identify(Config) by extension 'ros'
[0.427s] Level 1:colcon.colcon_core.package_identification:_identify(Config) by extensions ['cmake', 'python']
[0.427s] Level 1:colcon.colcon_core.package_identification:_identify(Config) by extension 'cmake'
[0.427s] Level 1:colcon.colcon_core.package_identification:_identify(Config) by extension 'python'
[0.427s] Level 1:colcon.colcon_core.package_identification:_identify(Config) by extensions ['python_setup_py']
[0.427s] Level 1:colcon.colcon_core.package_identification:_identify(Config) by extension 'python_setup_py'
[0.428s] Level 1:colcon.colcon_core.package_identification:_identify(Docs) by extensions ['ignore', 'ignore_ament_install']
[0.428s] Level 1:colcon.colcon_core.package_identification:_identify(Docs) by extension 'ignore'
[0.428s] Level 1:colcon.colcon_core.package_identification:_identify(Docs) by extension 'ignore_ament_install'
[0.428s] Level 1:colcon.colcon_core.package_identification:_identify(Docs) by extensions ['colcon_pkg']
[0.428s] Level 1:colcon.colcon_core.package_identification:_identify(Docs) by extension 'colcon_pkg'
[0.428s] Level 1:colcon.colcon_core.package_identification:_identify(Docs) by extensions ['colcon_meta']
[0.428s] Level 1:colcon.colcon_core.package_identification:_identify(Docs) by extension 'colcon_meta'
[0.428s] Level 1:colcon.colcon_core.package_identification:_identify(Docs) by extensions ['ros']
[0.428s] Level 1:colcon.colcon_core.package_identification:_identify(Docs) by extension 'ros'
[0.428s] Level 1:colcon.colcon_core.package_identification:_identify(Docs) by extensions ['cmake', 'python']
[0.428s] Level 1:colcon.colcon_core.package_identification:_identify(Docs) by extension 'cmake'
[0.428s] Level 1:colcon.colcon_core.package_identification:_identify(Docs) by extension 'python'
[0.429s] Level 1:colcon.colcon_core.package_identification:_identify(Docs) by extensions ['python_setup_py']
[0.429s] Level 1:colcon.colcon_core.package_identification:_identify(Docs) by extension 'python_setup_py'
[0.429s] Level 1:colcon.colcon_core.package_identification:_identify(Reports) by extensions ['ignore', 'ignore_ament_install']
[0.429s] Level 1:colcon.colcon_core.package_identification:_identify(Reports) by extension 'ignore'
[0.429s] Level 1:colcon.colcon_core.package_identification:_identify(Reports) by extension 'ignore_ament_install'
[0.429s] Level 1:colcon.colcon_core.package_identification:_identify(Reports) by extensions ['colcon_pkg']
[0.429s] Level 1:colcon.colcon_core.package_identification:_identify(Reports) by extension 'colcon_pkg'
[0.429s] Level 1:colcon.colcon_core.package_identification:_identify(Reports) by extensions ['colcon_meta']
[0.429s] Level 1:colcon.colcon_core.package_identification:_identify(Reports) by extension 'colcon_meta'
[0.429s] Level 1:colcon.colcon_core.package_identification:_identify(Reports) by extensions ['ros']
[0.429s] Level 1:colcon.colcon_core.package_identification:_identify(Reports) by extension 'ros'
[0.429s] Level 1:colcon.colcon_core.package_identification:_identify(Reports) by extensions ['cmake', 'python']
[0.429s] Level 1:colcon.colcon_core.package_identification:_identify(Reports) by extension 'cmake'
[0.429s] Level 1:colcon.colcon_core.package_identification:_identify(Reports) by extension 'python'
[0.429s] Level 1:colcon.colcon_core.package_identification:_identify(Reports) by extensions ['python_setup_py']
[0.430s] Level 1:colcon.colcon_core.package_identification:_identify(Reports) by extension 'python_setup_py'
[0.430s] Level 1:colcon.colcon_core.package_identification:_identify(Tests) by extensions ['ignore', 'ignore_ament_install']
[0.430s] Level 1:colcon.colcon_core.package_identification:_identify(Tests) by extension 'ignore'
[0.430s] Level 1:colcon.colcon_core.package_identification:_identify(Tests) by extension 'ignore_ament_install'
[0.430s] Level 1:colcon.colcon_core.package_identification:_identify(Tests) by extensions ['colcon_pkg']
[0.430s] Level 1:colcon.colcon_core.package_identification:_identify(Tests) by extension 'colcon_pkg'
[0.430s] Level 1:colcon.colcon_core.package_identification:_identify(Tests) by extensions ['colcon_meta']
[0.430s] Level 1:colcon.colcon_core.package_identification:_identify(Tests) by extension 'colcon_meta'
[0.431s] Level 1:colcon.colcon_core.package_identification:_identify(Tests) by extensions ['ros']
[0.431s] Level 1:colcon.colcon_core.package_identification:_identify(Tests) by extension 'ros'
[0.431s] Level 1:colcon.colcon_core.package_identification:_identify(Tests) by extensions ['cmake', 'python']
[0.431s] Level 1:colcon.colcon_core.package_identification:_identify(Tests) by extension 'cmake'
[0.431s] Level 1:colcon.colcon_core.package_identification:_identify(Tests) by extension 'python'
[0.431s] Level 1:colcon.colcon_core.package_identification:_identify(Tests) by extensions ['python_setup_py']
[0.431s] Level 1:colcon.colcon_core.package_identification:_identify(Tests) by extension 'python_setup_py'
[0.431s] Level 1:colcon.colcon_core.package_identification:_identify(Tools) by extensions ['ignore', 'ignore_ament_install']
[0.431s] Level 1:colcon.colcon_core.package_identification:_identify(Tools) by extension 'ignore'
[0.431s] Level 1:colcon.colcon_core.package_identification:_identify(Tools) by extension 'ignore_ament_install'
[0.431s] Level 1:colcon.colcon_core.package_identification:_identify(Tools) by extensions ['colcon_pkg']
[0.431s] Level 1:colcon.colcon_core.package_identification:_identify(Tools) by extension 'colcon_pkg'
[0.431s] Level 1:colcon.colcon_core.package_identification:_identify(Tools) by extensions ['colcon_meta']
[0.431s] Level 1:colcon.colcon_core.package_identification:_identify(Tools) by extension 'colcon_meta'
[0.431s] Level 1:colcon.colcon_core.package_identification:_identify(Tools) by extensions ['ros']
[0.432s] Level 1:colcon.colcon_core.package_identification:_identify(Tools) by extension 'ros'
[0.432s] Level 1:colcon.colcon_core.package_identification:_identify(Tools) by extensions ['cmake', 'python']
[0.432s] Level 1:colcon.colcon_core.package_identification:_identify(Tools) by extension 'cmake'
[0.432s] Level 1:colcon.colcon_core.package_identification:_identify(Tools) by extension 'python'
[0.432s] Level 1:colcon.colcon_core.package_identification:_identify(Tools) by extensions ['python_setup_py']
[0.432s] Level 1:colcon.colcon_core.package_identification:_identify(Tools) by extension 'python_setup_py'
[0.432s] Level 1:colcon.colcon_core.package_identification:_identify(build) by extensions ['ignore', 'ignore_ament_install']
[0.432s] Level 1:colcon.colcon_core.package_identification:_identify(build) by extension 'ignore'
[0.432s] Level 1:colcon.colcon_core.package_identification:_identify(build) ignored
[0.433s] Level 1:colcon.colcon_core.package_identification:_identify(install) by extensions ['ignore', 'ignore_ament_install']
[0.433s] Level 1:colcon.colcon_core.package_identification:_identify(install) by extension 'ignore'
[0.433s] Level 1:colcon.colcon_core.package_identification:_identify(install) ignored
[0.433s] Level 1:colcon.colcon_core.package_identification:_identify(log) by extensions ['ignore', 'ignore_ament_install']
[0.433s] Level 1:colcon.colcon_core.package_identification:_identify(log) by extension 'ignore'
[0.433s] Level 1:colcon.colcon_core.package_identification:_identify(log) ignored
[0.433s] Level 1:colcon.colcon_core.package_discovery:discover_packages(recursive) using defaults
[0.433s] Level 1:colcon.colcon_core.package_discovery:discover_packages(ignore) discover
[0.433s] Level 1:colcon.colcon_core.package_discovery:discover_packages(ignore) using defaults
[0.433s] Level 1:colcon.colcon_core.package_discovery:discover_packages(path) discover
[0.433s] Level 1:colcon.colcon_core.package_discovery:discover_packages(path) using defaults
[0.472s] Level 1:colcon.colcon_core.package_discovery:discover_packages(prefix_path) check parameters
[0.473s] Level 1:colcon.colcon_core.package_discovery:discover_packages(prefix_path) discover
[0.475s] DEBUG:colcon.colcon_installed_package_information.package_discovery:Found 2 installed packages in /home/aliadel/Documents/Autonomous-Robotic-System/AutonomousRoboticApplication/raspberry_pi/src/ros2_ws/install
[0.476s] DEBUG:colcon.colcon_installed_package_information.package_discovery:Found 1 installed packages in /home/aliadel/ros2_ws/install
[0.478s] DEBUG:colcon.colcon_installed_package_information.package_discovery:Found 270 installed packages in /opt/ros/humble
[0.479s] Level 1:colcon.colcon_core.package_discovery:discover_packages(prefix_path) using defaults
[0.526s] Level 5:colcon.colcon_core.verb:set package 'cpp_pkg' build argument 'cmake_args' from command line to 'None'
[0.527s] Level 5:colcon.colcon_core.verb:set package 'cpp_pkg' build argument 'cmake_target' from command line to 'None'
[0.527s] Level 5:colcon.colcon_core.verb:set package 'cpp_pkg' build argument 'cmake_target_skip_unavailable' from command line to 'False'
[0.527s] Level 5:colcon.colcon_core.verb:set package 'cpp_pkg' build argument 'cmake_clean_cache' from command line to 'False'
[0.527s] Level 5:colcon.colcon_core.verb:set package 'cpp_pkg' build argument 'cmake_clean_first' from command line to 'False'
[0.527s] Level 5:colcon.colcon_core.verb:set package 'cpp_pkg' build argument 'cmake_force_configure' from command line to 'False'
[0.527s] Level 5:colcon.colcon_core.verb:set package 'cpp_pkg' build argument 'ament_cmake_args' from command line to 'None'
[0.527s] Level 5:colcon.colcon_core.verb:set package 'cpp_pkg' build argument 'catkin_cmake_args' from command line to 'None'
[0.527s] Level 5:colcon.colcon_core.verb:set package 'cpp_pkg' build argument 'catkin_skip_building_tests' from command line to 'False'
[0.527s] DEBUG:colcon.colcon_core.verb:Building package 'cpp_pkg' with the following arguments: {'ament_cmake_args': None, 'build_base': '/home/aliadel/Documents/Autonomous-Robotic-System/build/cpp_pkg', 'catkin_cmake_args': None, 'catkin_skip_building_tests': False, 'cmake_args': None, 'cmake_clean_cache': False, 'cmake_clean_first': False, 'cmake_force_configure': False, 'cmake_target': None, 'cmake_target_skip_unavailable': False, 'install_base': '/home/aliadel/Documents/Autonomous-Robotic-System/install/cpp_pkg', 'merge_install': False, 'path': '/home/aliadel/Documents/Autonomous-Robotic-System/AutonomousRoboticApplication/raspberry_pi/src/ros2_ws/src/cpp_pkg', 'symlink_install': False, 'test_result_base': None}
[0.527s] Level 5:colcon.colcon_core.verb:set package 'py_pkg' build argument 'cmake_args' from command line to 'None'
[0.527s] Level 5:colcon.colcon_core.verb:set package 'py_pkg' build argument 'cmake_target' from command line to 'None'
[0.527s] Level 5:colcon.colcon_core.verb:set package 'py_pkg' build argument 'cmake_target_skip_unavailable' from command line to 'False'
[0.527s] Level 5:colcon.colcon_core.verb:set package 'py_pkg' build argument 'cmake_clean_cache' from command line to 'False'
[0.527s] Level 5:colcon.colcon_core.verb:set package 'py_pkg' build argument 'cmake_clean_first' from command line to 'False'
[0.527s] Level 5:colcon.colcon_core.verb:set package 'py_pkg' build argument 'cmake_force_configure' from command line to 'False'
[0.528s] Level 5:colcon.colcon_core.verb:set package 'py_pkg' build argument 'ament_cmake_args' from command line to 'None'
[0.528s] Level 5:colcon.colcon_core.verb:set package 'py_pkg' build argument 'catkin_cmake_args' from command line to 'None'
[0.528s] Level 5:colcon.colcon_core.verb:set package 'py_pkg' build argument 'catkin_skip_building_tests' from command line to 'False'
[0.528s] DEBUG:colcon.colcon_core.verb:Building package 'py_pkg' with the following arguments: {'ament_cmake_args': None, 'build_base': '/home/aliadel/Documents/Autonomous-Robotic-System/build/py_pkg', 'catkin_cmake_args': None, 'catkin_skip_building_tests': False, 'cmake_args': None, 'cmake_clean_cache': False, 'cmake_clean_first': False, 'cmake_force_configure': False, 'cmake_target': None, 'cmake_target_skip_unavailable': False, 'install_base': '/home/aliadel/Documents/Autonomous-Robotic-System/install/py_pkg', 'merge_install': False, 'path': '/home/aliadel/Documents/Autonomous-Robotic-System/AutonomousRoboticApplication/raspberry_pi/src/ros2_ws/src/py_pkg', 'symlink_install': False, 'test_result_base': None}
[0.528s] INFO:colcon.colcon_core.executor:Executing jobs using 'parallel' executor
[0.529s] DEBUG:colcon.colcon_parallel_executor.executor.parallel:run_until_complete
[0.530s] INFO:colcon.colcon_ros.task.ament_cmake.build:Building ROS package in '/home/aliadel/Documents/Autonomous-Robotic-System/AutonomousRoboticApplication/raspberry_pi/src/ros2_ws/src/cpp_pkg' with build type 'ament_cmake'
[0.530s] INFO:colcon.colcon_cmake.task.cmake.build:Building CMake package in '/home/aliadel/Documents/Autonomous-Robotic-System/AutonomousRoboticApplication/raspberry_pi/src/ros2_ws/src/cpp_pkg'
[0.533s] INFO:colcon.colcon_core.plugin_system:Skipping extension 'colcon_core.shell.bat': Not used on non-Windows systems
[0.533s] INFO:colcon.colcon_core.shell:Skip shell extension 'powershell' for command environment: Not usable outside of PowerShell
[0.533s] DEBUG:colcon.colcon_core.shell:Skip shell extension 'dsv' for command environment
[0.541s] INFO:colcon.colcon_ros.task.ament_python.build:Building ROS package in '/home/aliadel/Documents/Autonomous-Robotic-System/AutonomousRoboticApplication/raspberry_pi/src/ros2_ws/src/py_pkg' with build type 'ament_python'
[0.542s] Level 1:colcon.colcon_core.shell:create_environment_hook('py_pkg', 'ament_prefix_path')
[0.542s] INFO:colcon.colcon_core.shell:Creating environment hook '/home/aliadel/Documents/Autonomous-Robotic-System/install/py_pkg/share/py_pkg/hook/ament_prefix_path.ps1'
[0.545s] INFO:colcon.colcon_core.shell:Creating environment descriptor '/home/aliadel/Documents/Autonomous-Robotic-System/install/py_pkg/share/py_pkg/hook/ament_prefix_path.dsv'
[0.546s] INFO:colcon.colcon_core.shell:Creating environment hook '/home/aliadel/Documents/Autonomous-Robotic-System/install/py_pkg/share/py_pkg/hook/ament_prefix_path.sh'
[0.548s] INFO:colcon.colcon_core.shell:Skip shell extension 'powershell' for command environment: Not usable outside of PowerShell
[0.548s] DEBUG:colcon.colcon_core.shell:Skip shell extension 'dsv' for command environment
[0.564s] DEBUG:colcon.colcon_core.event_handler.log_command:Invoking command in '/home/aliadel/Documents/Autonomous-Robotic-System/build/cpp_pkg': CMAKE_PREFIX_PATH=${CMAKE_PREFIX_PATH}:/home/aliadel/Documents/Autonomous-Robotic-System/AutonomousRoboticApplication/raspberry_pi/src/ros2_ws/install/py_pkg:/home/aliadel/ros2_ws/install/my_py_pkg:/opt/ros/humble /usr/bin/cmake --build /home/aliadel/Documents/Autonomous-Robotic-System/build/cpp_pkg -- -j2 -l2
[1.417s] INFO:colcon.colcon_core.task.python.build:Building Python package in '/home/aliadel/Documents/Autonomous-Robotic-System/AutonomousRoboticApplication/raspberry_pi/src/ros2_ws/src/py_pkg'
[1.420s] INFO:colcon.colcon_core.shell:Skip shell extension 'powershell' for command environment: Not usable outside of PowerShell
[1.420s] DEBUG:colcon.colcon_core.shell:Skip shell extension 'dsv' for command environment
[2.391s] DEBUG:colcon.colcon_core.event_handler.log_command:Invoking command in '/home/aliadel/Documents/Autonomous-Robotic-System/AutonomousRoboticApplication/raspberry_pi/src/ros2_ws/src/py_pkg': PYTHONPATH=/home/aliadel/Documents/Autonomous-Robotic-System/build/py_pkg/prefix_override:/usr/lib/python3/dist-packages/colcon_core/task/python/colcon_distutils_commands:/home/aliadel/Documents/Autonomous-Robotic-System/install/py_pkg/lib/python3.10/site-packages:${PYTHONPATH} /usr/bin/python3 -W ignore:setup.py install is deprecated setup.py egg_info --egg-base ../../../../../../build/py_pkg build --build-base /home/aliadel/Documents/Autonomous-Robotic-System/build/py_pkg/build install --record /home/aliadel/Documents/Autonomous-Robotic-System/build/py_pkg/install.log --single-version-externally-managed install_data
[3.289s] DEBUG:colcon.colcon_core.event_handler.log_command:Invoked command in '/home/aliadel/Documents/Autonomous-Robotic-System/AutonomousRoboticApplication/raspberry_pi/src/ros2_ws/src/py_pkg' returned '0': PYTHONPATH=/home/aliadel/Documents/Autonomous-Robotic-System/build/py_pkg/prefix_override:/usr/lib/python3/dist-packages/colcon_core/task/python/colcon_distutils_commands:/home/aliadel/Documents/Autonomous-Robotic-System/install/py_pkg/lib/python3.10/site-packages:${PYTHONPATH} /usr/bin/python3 -W ignore:setup.py install is deprecated setup.py egg_info --egg-base ../../../../../../build/py_pkg build --build-base /home/aliadel/Documents/Autonomous-Robotic-System/build/py_pkg/build install --record /home/aliadel/Documents/Autonomous-Robotic-System/build/py_pkg/install.log --single-version-externally-managed install_data
[3.295s] Level 1:colcon.colcon_core.environment:checking '/home/aliadel/Documents/Autonomous-Robotic-System/install/py_pkg' for CMake module files
[3.296s] Level 1:colcon.colcon_core.environment:checking '/home/aliadel/Documents/Autonomous-Robotic-System/install/py_pkg' for CMake config files
[3.299s] Level 1:colcon.colcon_core.environment:checking '/home/aliadel/Documents/Autonomous-Robotic-System/install/py_pkg/lib'
[3.299s] Level 1:colcon.colcon_core.environment:checking '/home/aliadel/Documents/Autonomous-Robotic-System/install/py_pkg/bin'
[3.300s] Level 1:colcon.colcon_core.environment:checking '/home/aliadel/Documents/Autonomous-Robotic-System/install/py_pkg/lib/pkgconfig/py_pkg.pc'
[3.300s] Level 1:colcon.colcon_core.environment:checking '/home/aliadel/Documents/Autonomous-Robotic-System/install/py_pkg/lib/python3.10/site-packages'
[3.300s] Level 1:colcon.colcon_core.shell:create_environment_hook('py_pkg', 'pythonpath')
[3.300s] INFO:colcon.colcon_core.shell:Creating environment hook '/home/aliadel/Documents/Autonomous-Robotic-System/install/py_pkg/share/py_pkg/hook/pythonpath.ps1'
[3.303s] INFO:colcon.colcon_core.shell:Creating environment descriptor '/home/aliadel/Documents/Autonomous-Robotic-System/install/py_pkg/share/py_pkg/hook/pythonpath.dsv'
[3.306s] INFO:colcon.colcon_core.shell:Creating environment hook '/home/aliadel/Documents/Autonomous-Robotic-System/install/py_pkg/share/py_pkg/hook/pythonpath.sh'
[3.309s] Level 1:colcon.colcon_core.environment:checking '/home/aliadel/Documents/Autonomous-Robotic-System/install/py_pkg/bin'
[3.310s] Level 1:colcon.colcon_core.environment:create_environment_scripts_only(py_pkg)
[3.312s] INFO:colcon.colcon_core.shell:Creating package script '/home/aliadel/Documents/Autonomous-Robotic-System/install/py_pkg/share/py_pkg/package.ps1'
[3.314s] INFO:colcon.colcon_core.shell:Creating package descriptor '/home/aliadel/Documents/Autonomous-Robotic-System/install/py_pkg/share/py_pkg/package.dsv'
[3.318s] INFO:colcon.colcon_core.shell:Creating package script '/home/aliadel/Documents/Autonomous-Robotic-System/install/py_pkg/share/py_pkg/package.sh'
[3.320s] INFO:colcon.colcon_core.shell:Creating package script '/home/aliadel/Documents/Autonomous-Robotic-System/install/py_pkg/share/py_pkg/package.bash'
[3.322s] INFO:colcon.colcon_core.shell:Creating package script '/home/aliadel/Documents/Autonomous-Robotic-System/install/py_pkg/share/py_pkg/package.zsh'
[3.324s] Level 1:colcon.colcon_core.environment:create_file_with_runtime_dependencies(/home/aliadel/Documents/Autonomous-Robotic-System/install/py_pkg/share/colcon-core/packages/py_pkg)
[6.855s] DEBUG:colcon.colcon_core.event_handler.log_command:Invoked command in '/home/aliadel/Documents/Autonomous-Robotic-System/build/cpp_pkg' returned '0': CMAKE_PREFIX_PATH=${CMAKE_PREFIX_PATH}:/home/aliadel/Documents/Autonomous-Robotic-System/AutonomousRoboticApplication/raspberry_pi/src/ros2_ws/install/py_pkg:/home/aliadel/ros2_ws/install/my_py_pkg:/opt/ros/humble /usr/bin/cmake --build /home/aliadel/Documents/Autonomous-Robotic-System/build/cpp_pkg -- -j2 -l2
[6.947s] DEBUG:colcon.colcon_core.event_handler.log_command:Invoking command in '/home/aliadel/Documents/Autonomous-Robotic-System/build/cpp_pkg': CMAKE_PREFIX_PATH=${CMAKE_PREFIX_PATH}:/home/aliadel/Documents/Autonomous-Robotic-System/AutonomousRoboticApplication/raspberry_pi/src/ros2_ws/install/py_pkg:/home/aliadel/ros2_ws/install/my_py_pkg:/opt/ros/humble /usr/bin/cmake --install /home/aliadel/Documents/Autonomous-Robotic-System/build/cpp_pkg
[6.976s] Level 1:colcon.colcon_core.environment:create_environment_scripts_only(cpp_pkg)
[6.976s] Level 1:colcon.colcon_core.environment:checking '/home/aliadel/Documents/Autonomous-Robotic-System/install/cpp_pkg' for CMake module files
[6.978s] DEBUG:colcon.colcon_core.event_handler.log_command:Invoked command in '/home/aliadel/Documents/Autonomous-Robotic-System/build/cpp_pkg' returned '0': CMAKE_PREFIX_PATH=${CMAKE_PREFIX_PATH}:/home/aliadel/Documents/Autonomous-Robotic-System/AutonomousRoboticApplication/raspberry_pi/src/ros2_ws/install/py_pkg:/home/aliadel/ros2_ws/install/my_py_pkg:/opt/ros/humble /usr/bin/cmake --install /home/aliadel/Documents/Autonomous-Robotic-System/build/cpp_pkg
[6.978s] Level 1:colcon.colcon_core.environment:checking '/home/aliadel/Documents/Autonomous-Robotic-System/install/cpp_pkg' for CMake config files
[6.978s] Level 1:colcon.colcon_core.shell:create_environment_hook('cpp_pkg', 'cmake_prefix_path')
[6.978s] INFO:colcon.colcon_core.shell:Creating environment hook '/home/aliadel/Documents/Autonomous-Robotic-System/install/cpp_pkg/share/cpp_pkg/hook/cmake_prefix_path.ps1'
[6.979s] INFO:colcon.colcon_core.shell:Creating environment descriptor '/home/aliadel/Documents/Autonomous-Robotic-System/install/cpp_pkg/share/cpp_pkg/hook/cmake_prefix_path.dsv'
[6.980s] INFO:colcon.colcon_core.shell:Creating environment hook '/home/aliadel/Documents/Autonomous-Robotic-System/install/cpp_pkg/share/cpp_pkg/hook/cmake_prefix_path.sh'
[6.982s] Level 1:colcon.colcon_core.environment:checking '/home/aliadel/Documents/Autonomous-Robotic-System/install/cpp_pkg/lib'
[6.982s] Level 1:colcon.colcon_core.environment:checking '/home/aliadel/Documents/Autonomous-Robotic-System/install/cpp_pkg/bin'
[6.983s] Level 1:colcon.colcon_core.environment:checking '/home/aliadel/Documents/Autonomous-Robotic-System/install/cpp_pkg/lib/pkgconfig/cpp_pkg.pc'
[6.983s] Level 1:colcon.colcon_core.environment:checking '/home/aliadel/Documents/Autonomous-Robotic-System/install/cpp_pkg/lib/python3.10/site-packages'
[6.984s] Level 1:colcon.colcon_core.environment:checking '/home/aliadel/Documents/Autonomous-Robotic-System/install/cpp_pkg/bin'
[6.985s] INFO:colcon.colcon_core.shell:Creating package script '/home/aliadel/Documents/Autonomous-Robotic-System/install/cpp_pkg/share/cpp_pkg/package.ps1'
[6.986s] INFO:colcon.colcon_core.shell:Creating package descriptor '/home/aliadel/Documents/Autonomous-Robotic-System/install/cpp_pkg/share/cpp_pkg/package.dsv'
[6.988s] INFO:colcon.colcon_core.shell:Creating package script '/home/aliadel/Documents/Autonomous-Robotic-System/install/cpp_pkg/share/cpp_pkg/package.sh'
[6.989s] INFO:colcon.colcon_core.shell:Creating package script '/home/aliadel/Documents/Autonomous-Robotic-System/install/cpp_pkg/share/cpp_pkg/package.bash'
[6.990s] INFO:colcon.colcon_core.shell:Creating package script '/home/aliadel/Documents/Autonomous-Robotic-System/install/cpp_pkg/share/cpp_pkg/package.zsh'
[6.990s] Level 1:colcon.colcon_core.environment:create_file_with_runtime_dependencies(/home/aliadel/Documents/Autonomous-Robotic-System/install/cpp_pkg/share/colcon-core/packages/cpp_pkg)
[7.062s] Level 1:colcon.colcon_core.environment:create_environment_scripts_only(cpp_pkg)
[7.062s] Level 1:colcon.colcon_core.environment:checking '/home/aliadel/Documents/Autonomous-Robotic-System/install/cpp_pkg' for CMake module files
[7.063s] Level 1:colcon.colcon_core.environment:checking '/home/aliadel/Documents/Autonomous-Robotic-System/install/cpp_pkg' for CMake config files
[7.063s] Level 1:colcon.colcon_core.shell:create_environment_hook('cpp_pkg', 'cmake_prefix_path')
[7.064s] INFO:colcon.colcon_core.shell:Creating environment hook '/home/aliadel/Documents/Autonomous-Robotic-System/install/cpp_pkg/share/cpp_pkg/hook/cmake_prefix_path.ps1'
[7.065s] INFO:colcon.colcon_core.shell:Creating environment descriptor '/home/aliadel/Documents/Autonomous-Robotic-System/install/cpp_pkg/share/cpp_pkg/hook/cmake_prefix_path.dsv'
[7.065s] INFO:colcon.colcon_core.shell:Creating environment hook '/home/aliadel/Documents/Autonomous-Robotic-System/install/cpp_pkg/share/cpp_pkg/hook/cmake_prefix_path.sh'
[7.066s] Level 1:colcon.colcon_core.environment:checking '/home/aliadel/Documents/Autonomous-Robotic-System/install/cpp_pkg/lib'
[7.067s] Level 1:colcon.colcon_core.environment:checking '/home/aliadel/Documents/Autonomous-Robotic-System/install/cpp_pkg/bin'
[7.067s] Level 1:colcon.colcon_core.environment:checking '/home/aliadel/Documents/Autonomous-Robotic-System/install/cpp_pkg/lib/pkgconfig/cpp_pkg.pc'
[7.067s] Level 1:colcon.colcon_core.environment:checking '/home/aliadel/Documents/Autonomous-Robotic-System/install/cpp_pkg/lib/python3.10/site-packages'
[7.068s] Level 1:colcon.colcon_core.environment:checking '/home/aliadel/Documents/Autonomous-Robotic-System/install/cpp_pkg/bin'
[7.068s] INFO:colcon.colcon_core.shell:Creating package script '/home/aliadel/Documents/Autonomous-Robotic-System/install/cpp_pkg/share/cpp_pkg/package.ps1'
[7.070s] INFO:colcon.colcon_core.shell:Creating package descriptor '/home/aliadel/Documents/Autonomous-Robotic-System/install/cpp_pkg/share/cpp_pkg/package.dsv'
[7.071s] INFO:colcon.colcon_core.shell:Creating package script '/home/aliadel/Documents/Autonomous-Robotic-System/install/cpp_pkg/share/cpp_pkg/package.sh'
[7.072s] INFO:colcon.colcon_core.shell:Creating package script '/home/aliadel/Documents/Autonomous-Robotic-System/install/cpp_pkg/share/cpp_pkg/package.bash'
[7.072s] INFO:colcon.colcon_core.shell:Creating package script '/home/aliadel/Documents/Autonomous-Robotic-System/install/cpp_pkg/share/cpp_pkg/package.zsh'
[7.073s] Level 1:colcon.colcon_core.environment:create_file_with_runtime_dependencies(/home/aliadel/Documents/Autonomous-Robotic-System/install/cpp_pkg/share/colcon-core/packages/cpp_pkg)
[7.075s] DEBUG:colcon.colcon_parallel_executor.executor.parallel:closing loop
[7.075s] DEBUG:colcon.colcon_parallel_executor.executor.parallel:loop closed
[7.075s] DEBUG:colcon.colcon_parallel_executor.executor.parallel:run_until_complete finished with '0'
[7.076s] DEBUG:colcon.colcon_core.event_reactor:joining thread
[7.084s] INFO:colcon.colcon_core.plugin_system:Skipping extension 'colcon_notification.desktop_notification.terminal_notifier': Not used on non-Darwin systems
[7.084s] INFO:colcon.colcon_core.plugin_system:Skipping extension 'colcon_notification.desktop_notification.win32': Not used on non-Windows systems
[7.084s] INFO:colcon.colcon_notification.desktop_notification:Sending desktop notification using 'notify2'
[7.107s] DEBUG:colcon.colcon_core.event_reactor:joined thread
[7.108s] INFO:colcon.colcon_core.shell:Creating prefix script '/home/aliadel/Documents/Autonomous-Robotic-System/install/local_setup.ps1'
[7.109s] INFO:colcon.colcon_core.shell:Creating prefix util module '/home/aliadel/Documents/Autonomous-Robotic-System/install/_local_setup_util_ps1.py'
[7.113s] INFO:colcon.colcon_core.shell:Creating prefix chain script '/home/aliadel/Documents/Autonomous-Robotic-System/install/setup.ps1'
[7.116s] INFO:colcon.colcon_core.shell:Creating prefix script '/home/aliadel/Documents/Autonomous-Robotic-System/install/local_setup.sh'
[7.118s] INFO:colcon.colcon_core.shell:Creating prefix util module '/home/aliadel/Documents/Autonomous-Robotic-System/install/_local_setup_util_sh.py'
[7.119s] INFO:colcon.colcon_core.shell:Creating prefix chain script '/home/aliadel/Documents/Autonomous-Robotic-System/install/setup.sh'
[7.122s] INFO:colcon.colcon_core.shell:Creating prefix script '/home/aliadel/Documents/Autonomous-Robotic-System/install/local_setup.bash'
[7.124s] INFO:colcon.colcon_core.shell:Creating prefix chain script '/home/aliadel/Documents/Autonomous-Robotic-System/install/setup.bash'
[7.126s] INFO:colcon.colcon_core.shell:Creating prefix script '/home/aliadel/Documents/Autonomous-Robotic-System/install/local_setup.zsh'
[7.128s] INFO:colcon.colcon_core.shell:Creating prefix chain script '/home/aliadel/Documents/Autonomous-Robotic-System/install/setup.zsh'
