[0.162s] DEBUG:colcon:Command line arguments: ['/usr/bin/colcon', 'build']
[0.162s] DEBUG:colcon:Parsed command line arguments: Namespace(log_base=None, log_level=None, verb_name='build', build_base='build', install_base='install', merge_install=False, symlink_install=False, test_result_base=None, continue_on_error=False, executor='parallel', parallel_workers=2, event_handlers=None, ignore_user_meta=False, metas=['./colcon.meta'], base_paths=['.'], packages_ignore=None, packages_ignore_regex=None, paths=None, packages_up_to=None, packages_up_to_regex=None, packages_above=None, packages_above_and_dependencies=None, packages_above_depth=None, packages_select_by_dep=None, packages_skip_by_dep=None, packages_skip_up_to=None, packages_select_build_failed=False, packages_skip_build_finished=False, packages_select_test_failures=False, packages_skip_test_passed=False, packages_select=None, packages_skip=None, packages_select_regex=None, packages_skip_regex=None, packages_start=None, packages_end=None, allow_overriding=[], cmake_args=None, cmake_target=None, cmake_target_skip_unavailable=False, cmake_clean_cache=False, cmake_clean_first=False, cmake_force_configure=False, ament_cmake_args=None, catkin_cmake_args=None, catkin_skip_building_tests=False, mixin_files=None, mixin=None, verb_parser=<colcon_mixin.mixin.mixin_argument.MixinArgumentDecorator object at 0x74eaa053dba0>, verb_extension=<colcon_core.verb.build.BuildVerb object at 0x74eaa053d5d0>, main=<bound method BuildVerb.main of <colcon_core.verb.build.BuildVerb object at 0x74eaa053d5d0>>, mixin_verb=('build',))
[0.401s] Level 1:colcon.colcon_core.package_discovery:discover_packages(colcon_meta) check parameters
[0.402s] Level 1:colcon.colcon_core.package_discovery:discover_packages(recursive) check parameters
[0.402s] Level 1:colcon.colcon_core.package_discovery:discover_packages(ignore) check parameters
[0.402s] Level 1:colcon.colcon_core.package_discovery:discover_packages(path) check parameters
[0.402s] Level 1:colcon.colcon_core.package_discovery:discover_packages(colcon_meta) discover
[0.402s] Level 1:colcon.colcon_core.package_discovery:discover_packages(recursive) discover
[0.402s] INFO:colcon.colcon_core.package_discovery:Crawling recursively for packages in '/home/aliadel/Documents/Autonomous-Robotic-System/AutonomousRoboticApplication/raspberry_pi/src/ros2_ws'
[0.402s] Level 1:colcon.colcon_core.package_identification:_identify(.) by extensions ['ignore', 'ignore_ament_install']
[0.403s] Level 1:colcon.colcon_core.package_identification:_identify(.) by extension 'ignore'
[0.403s] Level 1:colcon.colcon_core.package_identification:_identify(.) by extension 'ignore_ament_install'
[0.403s] Level 1:colcon.colcon_core.package_identification:_identify(.) by extensions ['colcon_pkg']
[0.403s] Level 1:colcon.colcon_core.package_identification:_identify(.) by extension 'colcon_pkg'
[0.403s] Level 1:colcon.colcon_core.package_identification:_identify(.) by extensions ['colcon_meta']
[0.403s] Level 1:colcon.colcon_core.package_identification:_identify(.) by extension 'colcon_meta'
[0.403s] Level 1:colcon.colcon_core.package_identification:_identify(.) by extensions ['ros']
[0.403s] Level 1:colcon.colcon_core.package_identification:_identify(.) by extension 'ros'
[0.417s] Level 1:colcon.colcon_core.package_identification:_identify(.) by extensions ['cmake', 'python']
[0.417s] Level 1:colcon.colcon_core.package_identification:_identify(.) by extension 'cmake'
[0.417s] Level 1:colcon.colcon_core.package_identification:_identify(.) by extension 'python'
[0.417s] Level 1:colcon.colcon_core.package_identification:_identify(.) by extensions ['python_setup_py']
[0.417s] Level 1:colcon.colcon_core.package_identification:_identify(.) by extension 'python_setup_py'
[0.417s] Level 1:colcon.colcon_core.package_identification:_identify(build) by extensions ['ignore', 'ignore_ament_install']
[0.417s] Level 1:colcon.colcon_core.package_identification:_identify(build) by extension 'ignore'
[0.418s] Level 1:colcon.colcon_core.package_identification:_identify(build) ignored
[0.418s] Level 1:colcon.colcon_core.package_identification:_identify(install) by extensions ['ignore', 'ignore_ament_install']
[0.418s] Level 1:colcon.colcon_core.package_identification:_identify(install) by extension 'ignore'
[0.418s] Level 1:colcon.colcon_core.package_identification:_identify(install) ignored
[0.418s] Level 1:colcon.colcon_core.package_identification:_identify(log) by extensions ['ignore', 'ignore_ament_install']
[0.418s] Level 1:colcon.colcon_core.package_identification:_identify(log) by extension 'ignore'
[0.418s] Level 1:colcon.colcon_core.package_identification:_identify(log) ignored
[0.418s] Level 1:colcon.colcon_core.package_identification:_identify(src) by extensions ['ignore', 'ignore_ament_install']
[0.418s] Level 1:colcon.colcon_core.package_identification:_identify(src) by extension 'ignore'
[0.419s] Level 1:colcon.colcon_core.package_identification:_identify(src) by extension 'ignore_ament_install'
[0.419s] Level 1:colcon.colcon_core.package_identification:_identify(src) by extensions ['colcon_pkg']
[0.419s] Level 1:colcon.colcon_core.package_identification:_identify(src) by extension 'colcon_pkg'
[0.419s] Level 1:colcon.colcon_core.package_identification:_identify(src) by extensions ['colcon_meta']
[0.419s] Level 1:colcon.colcon_core.package_identification:_identify(src) by extension 'colcon_meta'
[0.419s] Level 1:colcon.colcon_core.package_identification:_identify(src) by extensions ['ros']
[0.419s] Level 1:colcon.colcon_core.package_identification:_identify(src) by extension 'ros'
[0.419s] Level 1:colcon.colcon_core.package_identification:_identify(src) by extensions ['cmake', 'python']
[0.419s] Level 1:colcon.colcon_core.package_identification:_identify(src) by extension 'cmake'
[0.420s] Level 1:colcon.colcon_core.package_identification:_identify(src) by extension 'python'
[0.420s] Level 1:colcon.colcon_core.package_identification:_identify(src) by extensions ['python_setup_py']
[0.420s] Level 1:colcon.colcon_core.package_identification:_identify(src) by extension 'python_setup_py'
[0.420s] Level 1:colcon.colcon_core.package_identification:_identify(src/build) by extensions ['ignore', 'ignore_ament_install']
[0.420s] Level 1:colcon.colcon_core.package_identification:_identify(src/build) by extension 'ignore'
[0.420s] Level 1:colcon.colcon_core.package_identification:_identify(src/build) ignored
[0.420s] Level 1:colcon.colcon_core.package_identification:_identify(src/cpp_pkg) by extensions ['ignore', 'ignore_ament_install']
[0.420s] Level 1:colcon.colcon_core.package_identification:_identify(src/cpp_pkg) by extension 'ignore'
[0.420s] Level 1:colcon.colcon_core.package_identification:_identify(src/cpp_pkg) by extension 'ignore_ament_install'
[0.420s] Level 1:colcon.colcon_core.package_identification:_identify(src/cpp_pkg) by extensions ['colcon_pkg']
[0.420s] Level 1:colcon.colcon_core.package_identification:_identify(src/cpp_pkg) by extension 'colcon_pkg'
[0.420s] Level 1:colcon.colcon_core.package_identification:_identify(src/cpp_pkg) by extensions ['colcon_meta']
[0.420s] Level 1:colcon.colcon_core.package_identification:_identify(src/cpp_pkg) by extension 'colcon_meta'
[0.421s] Level 1:colcon.colcon_core.package_identification:_identify(src/cpp_pkg) by extensions ['ros']
[0.421s] Level 1:colcon.colcon_core.package_identification:_identify(src/cpp_pkg) by extension 'ros'
[0.424s] DEBUG:colcon.colcon_core.package_identification:Package 'src/cpp_pkg' with type 'ros.ament_cmake' and name 'cpp_pkg'
[0.424s] Level 1:colcon.colcon_core.package_identification:_identify(src/install) by extensions ['ignore', 'ignore_ament_install']
[0.424s] Level 1:colcon.colcon_core.package_identification:_identify(src/install) by extension 'ignore'
[0.424s] Level 1:colcon.colcon_core.package_identification:_identify(src/install) ignored
[0.424s] Level 1:colcon.colcon_core.package_identification:_identify(src/log) by extensions ['ignore', 'ignore_ament_install']
[0.425s] Level 1:colcon.colcon_core.package_identification:_identify(src/log) by extension 'ignore'
[0.425s] Level 1:colcon.colcon_core.package_identification:_identify(src/log) ignored
[0.425s] Level 1:colcon.colcon_core.package_identification:_identify(src/py_pkg) by extensions ['ignore', 'ignore_ament_install']
[0.425s] Level 1:colcon.colcon_core.package_identification:_identify(src/py_pkg) by extension 'ignore'
[0.425s] Level 1:colcon.colcon_core.package_identification:_identify(src/py_pkg) by extension 'ignore_ament_install'
[0.426s] Level 1:colcon.colcon_core.package_identification:_identify(src/py_pkg) by extensions ['colcon_pkg']
[0.426s] Level 1:colcon.colcon_core.package_identification:_identify(src/py_pkg) by extension 'colcon_pkg'
[0.426s] Level 1:colcon.colcon_core.package_identification:_identify(src/py_pkg) by extensions ['colcon_meta']
[0.426s] Level 1:colcon.colcon_core.package_identification:_identify(src/py_pkg) by extension 'colcon_meta'
[0.426s] Level 1:colcon.colcon_core.package_identification:_identify(src/py_pkg) by extensions ['ros']
[0.426s] Level 1:colcon.colcon_core.package_identification:_identify(src/py_pkg) by extension 'ros'
[0.426s] DEBUG:colcon.colcon_core.package_identification:Package 'src/py_pkg' with type 'ros.ament_python' and name 'py_pkg'
[0.426s] Level 1:colcon.colcon_core.package_discovery:discover_packages(recursive) using defaults
[0.427s] Level 1:colcon.colcon_core.package_discovery:discover_packages(ignore) discover
[0.427s] Level 1:colcon.colcon_core.package_discovery:discover_packages(ignore) using defaults
[0.427s] Level 1:colcon.colcon_core.package_discovery:discover_packages(path) discover
[0.427s] Level 1:colcon.colcon_core.package_discovery:discover_packages(path) using defaults
[0.452s] Level 1:colcon.colcon_core.package_discovery:discover_packages(prefix_path) check parameters
[0.453s] Level 1:colcon.colcon_core.package_discovery:discover_packages(prefix_path) discover
[0.455s] DEBUG:colcon.colcon_installed_package_information.package_discovery:Found 1 installed packages in /home/aliadel/ros2_ws/install
[0.457s] DEBUG:colcon.colcon_installed_package_information.package_discovery:Found 270 installed packages in /opt/ros/humble
[0.480s] Level 1:colcon.colcon_core.package_discovery:discover_packages(prefix_path) using defaults
[0.553s] Level 5:colcon.colcon_core.verb:set package 'cpp_pkg' build argument 'cmake_args' from command line to 'None'
[0.553s] Level 5:colcon.colcon_core.verb:set package 'cpp_pkg' build argument 'cmake_target' from command line to 'None'
[0.553s] Level 5:colcon.colcon_core.verb:set package 'cpp_pkg' build argument 'cmake_target_skip_unavailable' from command line to 'False'
[0.553s] Level 5:colcon.colcon_core.verb:set package 'cpp_pkg' build argument 'cmake_clean_cache' from command line to 'False'
[0.553s] Level 5:colcon.colcon_core.verb:set package 'cpp_pkg' build argument 'cmake_clean_first' from command line to 'False'
[0.553s] Level 5:colcon.colcon_core.verb:set package 'cpp_pkg' build argument 'cmake_force_configure' from command line to 'False'
[0.553s] Level 5:colcon.colcon_core.verb:set package 'cpp_pkg' build argument 'ament_cmake_args' from command line to 'None'
[0.553s] Level 5:colcon.colcon_core.verb:set package 'cpp_pkg' build argument 'catkin_cmake_args' from command line to 'None'
[0.553s] Level 5:colcon.colcon_core.verb:set package 'cpp_pkg' build argument 'catkin_skip_building_tests' from command line to 'False'
[0.553s] DEBUG:colcon.colcon_core.verb:Building package 'cpp_pkg' with the following arguments: {'ament_cmake_args': None, 'build_base': '/home/aliadel/Documents/Autonomous-Robotic-System/AutonomousRoboticApplication/raspberry_pi/src/ros2_ws/build/cpp_pkg', 'catkin_cmake_args': None, 'catkin_skip_building_tests': False, 'cmake_args': None, 'cmake_clean_cache': False, 'cmake_clean_first': False, 'cmake_force_configure': False, 'cmake_target': None, 'cmake_target_skip_unavailable': False, 'install_base': '/home/aliadel/Documents/Autonomous-Robotic-System/AutonomousRoboticApplication/raspberry_pi/src/ros2_ws/install/cpp_pkg', 'merge_install': False, 'path': '/home/aliadel/Documents/Autonomous-Robotic-System/AutonomousRoboticApplication/raspberry_pi/src/ros2_ws/src/cpp_pkg', 'symlink_install': False, 'test_result_base': None}
[0.554s] Level 5:colcon.colcon_core.verb:set package 'py_pkg' build argument 'cmake_args' from command line to 'None'
[0.554s] Level 5:colcon.colcon_core.verb:set package 'py_pkg' build argument 'cmake_target' from command line to 'None'
[0.554s] Level 5:colcon.colcon_core.verb:set package 'py_pkg' build argument 'cmake_target_skip_unavailable' from command line to 'False'
[0.554s] Level 5:colcon.colcon_core.verb:set package 'py_pkg' build argument 'cmake_clean_cache' from command line to 'False'
[0.554s] Level 5:colcon.colcon_core.verb:set package 'py_pkg' build argument 'cmake_clean_first' from command line to 'False'
[0.554s] Level 5:colcon.colcon_core.verb:set package 'py_pkg' build argument 'cmake_force_configure' from command line to 'False'
[0.554s] Level 5:colcon.colcon_core.verb:set package 'py_pkg' build argument 'ament_cmake_args' from command line to 'None'
[0.554s] Level 5:colcon.colcon_core.verb:set package 'py_pkg' build argument 'catkin_cmake_args' from command line to 'None'
[0.554s] Level 5:colcon.colcon_core.verb:set package 'py_pkg' build argument 'catkin_skip_building_tests' from command line to 'False'
[0.554s] DEBUG:colcon.colcon_core.verb:Building package 'py_pkg' with the following arguments: {'ament_cmake_args': None, 'build_base': '/home/aliadel/Documents/Autonomous-Robotic-System/AutonomousRoboticApplication/raspberry_pi/src/ros2_ws/build/py_pkg', 'catkin_cmake_args': None, 'catkin_skip_building_tests': False, 'cmake_args': None, 'cmake_clean_cache': False, 'cmake_clean_first': False, 'cmake_force_configure': False, 'cmake_target': None, 'cmake_target_skip_unavailable': False, 'install_base': '/home/aliadel/Documents/Autonomous-Robotic-System/AutonomousRoboticApplication/raspberry_pi/src/ros2_ws/install/py_pkg', 'merge_install': False, 'path': '/home/aliadel/Documents/Autonomous-Robotic-System/AutonomousRoboticApplication/raspberry_pi/src/ros2_ws/src/py_pkg', 'symlink_install': False, 'test_result_base': None}
[0.554s] INFO:colcon.colcon_core.executor:Executing jobs using 'parallel' executor
[0.555s] DEBUG:colcon.colcon_parallel_executor.executor.parallel:run_until_complete
[0.556s] INFO:colcon.colcon_ros.task.ament_cmake.build:Building ROS package in '/home/aliadel/Documents/Autonomous-Robotic-System/AutonomousRoboticApplication/raspberry_pi/src/ros2_ws/src/cpp_pkg' with build type 'ament_cmake'
[0.557s] INFO:colcon.colcon_cmake.task.cmake.build:Building CMake package in '/home/aliadel/Documents/Autonomous-Robotic-System/AutonomousRoboticApplication/raspberry_pi/src/ros2_ws/src/cpp_pkg'
[0.560s] INFO:colcon.colcon_core.plugin_system:Skipping extension 'colcon_core.shell.bat': Not used on non-Windows systems
[0.560s] INFO:colcon.colcon_core.shell:Skip shell extension 'powershell' for command environment: Not usable outside of PowerShell
[0.560s] DEBUG:colcon.colcon_core.shell:Skip shell extension 'dsv' for command environment
[0.567s] INFO:colcon.colcon_ros.task.ament_python.build:Building ROS package in '/home/aliadel/Documents/Autonomous-Robotic-System/AutonomousRoboticApplication/raspberry_pi/src/ros2_ws/src/py_pkg' with build type 'ament_python'
[0.567s] Level 1:colcon.colcon_core.shell:create_environment_hook('py_pkg', 'ament_prefix_path')
[0.567s] INFO:colcon.colcon_core.shell:Creating environment hook '/home/aliadel/Documents/Autonomous-Robotic-System/AutonomousRoboticApplication/raspberry_pi/src/ros2_ws/install/py_pkg/share/py_pkg/hook/ament_prefix_path.ps1'
[0.572s] INFO:colcon.colcon_core.shell:Creating environment descriptor '/home/aliadel/Documents/Autonomous-Robotic-System/AutonomousRoboticApplication/raspberry_pi/src/ros2_ws/install/py_pkg/share/py_pkg/hook/ament_prefix_path.dsv'
[0.573s] INFO:colcon.colcon_core.shell:Creating environment hook '/home/aliadel/Documents/Autonomous-Robotic-System/AutonomousRoboticApplication/raspberry_pi/src/ros2_ws/install/py_pkg/share/py_pkg/hook/ament_prefix_path.sh'
[0.579s] INFO:colcon.colcon_core.shell:Skip shell extension 'powershell' for command environment: Not usable outside of PowerShell
[0.580s] DEBUG:colcon.colcon_core.shell:Skip shell extension 'dsv' for command environment
[0.601s] DEBUG:colcon.colcon_core.event_handler.log_command:Invoking command in '/home/aliadel/Documents/Autonomous-Robotic-System/AutonomousRoboticApplication/raspberry_pi/src/ros2_ws/build/cpp_pkg': CMAKE_PREFIX_PATH=/home/aliadel/ros2_ws/install/my_py_pkg:/opt/ros/humble /usr/bin/cmake --build /home/aliadel/Documents/Autonomous-Robotic-System/AutonomousRoboticApplication/raspberry_pi/src/ros2_ws/build/cpp_pkg -- -j2 -l2
[1.133s] INFO:colcon.colcon_core.task.python.build:Building Python package in '/home/aliadel/Documents/Autonomous-Robotic-System/AutonomousRoboticApplication/raspberry_pi/src/ros2_ws/src/py_pkg'
[1.134s] INFO:colcon.colcon_core.shell:Skip shell extension 'powershell' for command environment: Not usable outside of PowerShell
[1.134s] DEBUG:colcon.colcon_core.shell:Skip shell extension 'dsv' for command environment
[1.148s] DEBUG:colcon.colcon_core.event_handler.log_command:Invoked command in '/home/aliadel/Documents/Autonomous-Robotic-System/AutonomousRoboticApplication/raspberry_pi/src/ros2_ws/build/cpp_pkg' returned '0': CMAKE_PREFIX_PATH=/home/aliadel/ros2_ws/install/my_py_pkg:/opt/ros/humble /usr/bin/cmake --build /home/aliadel/Documents/Autonomous-Robotic-System/AutonomousRoboticApplication/raspberry_pi/src/ros2_ws/build/cpp_pkg -- -j2 -l2
[1.341s] DEBUG:colcon.colcon_core.event_handler.log_command:Invoking command in '/home/aliadel/Documents/Autonomous-Robotic-System/AutonomousRoboticApplication/raspberry_pi/src/ros2_ws/build/cpp_pkg': CMAKE_PREFIX_PATH=/home/aliadel/ros2_ws/install/my_py_pkg:/opt/ros/humble /usr/bin/cmake --install /home/aliadel/Documents/Autonomous-Robotic-System/AutonomousRoboticApplication/raspberry_pi/src/ros2_ws/build/cpp_pkg
[1.390s] Level 1:colcon.colcon_core.environment:create_environment_scripts_only(cpp_pkg)
[1.404s] Level 1:colcon.colcon_core.environment:checking '/home/aliadel/Documents/Autonomous-Robotic-System/AutonomousRoboticApplication/raspberry_pi/src/ros2_ws/install/cpp_pkg' for CMake module files
[1.404s] Level 1:colcon.colcon_core.environment:checking '/home/aliadel/Documents/Autonomous-Robotic-System/AutonomousRoboticApplication/raspberry_pi/src/ros2_ws/install/cpp_pkg' for CMake config files
[1.405s] Level 1:colcon.colcon_core.shell:create_environment_hook('cpp_pkg', 'cmake_prefix_path')
[1.405s] INFO:colcon.colcon_core.shell:Creating environment hook '/home/aliadel/Documents/Autonomous-Robotic-System/AutonomousRoboticApplication/raspberry_pi/src/ros2_ws/install/cpp_pkg/share/cpp_pkg/hook/cmake_prefix_path.ps1'
[1.391s] DEBUG:colcon.colcon_core.event_handler.log_command:Invoked command in '/home/aliadel/Documents/Autonomous-Robotic-System/AutonomousRoboticApplication/raspberry_pi/src/ros2_ws/build/cpp_pkg' returned '0': CMAKE_PREFIX_PATH=/home/aliadel/ros2_ws/install/my_py_pkg:/opt/ros/humble /usr/bin/cmake --install /home/aliadel/Documents/Autonomous-Robotic-System/AutonomousRoboticApplication/raspberry_pi/src/ros2_ws/build/cpp_pkg
[1.412s] INFO:colcon.colcon_core.shell:Creating environment descriptor '/home/aliadel/Documents/Autonomous-Robotic-System/AutonomousRoboticApplication/raspberry_pi/src/ros2_ws/install/cpp_pkg/share/cpp_pkg/hook/cmake_prefix_path.dsv'
[1.415s] INFO:colcon.colcon_core.shell:Creating environment hook '/home/aliadel/Documents/Autonomous-Robotic-System/AutonomousRoboticApplication/raspberry_pi/src/ros2_ws/install/cpp_pkg/share/cpp_pkg/hook/cmake_prefix_path.sh'
[1.420s] Level 1:colcon.colcon_core.environment:checking '/home/aliadel/Documents/Autonomous-Robotic-System/AutonomousRoboticApplication/raspberry_pi/src/ros2_ws/install/cpp_pkg/bin'
[1.420s] Level 1:colcon.colcon_core.environment:checking '/home/aliadel/Documents/Autonomous-Robotic-System/AutonomousRoboticApplication/raspberry_pi/src/ros2_ws/install/cpp_pkg/lib/pkgconfig/cpp_pkg.pc'
[1.421s] Level 1:colcon.colcon_core.environment:checking '/home/aliadel/Documents/Autonomous-Robotic-System/AutonomousRoboticApplication/raspberry_pi/src/ros2_ws/install/cpp_pkg/lib/python3.10/site-packages'
[1.421s] Level 1:colcon.colcon_core.environment:checking '/home/aliadel/Documents/Autonomous-Robotic-System/AutonomousRoboticApplication/raspberry_pi/src/ros2_ws/install/cpp_pkg/bin'
[1.424s] INFO:colcon.colcon_core.shell:Creating package script '/home/aliadel/Documents/Autonomous-Robotic-System/AutonomousRoboticApplication/raspberry_pi/src/ros2_ws/install/cpp_pkg/share/cpp_pkg/package.ps1'
[1.440s] INFO:colcon.colcon_core.shell:Creating package descriptor '/home/aliadel/Documents/Autonomous-Robotic-System/AutonomousRoboticApplication/raspberry_pi/src/ros2_ws/install/cpp_pkg/share/cpp_pkg/package.dsv'
[1.443s] INFO:colcon.colcon_core.shell:Creating package script '/home/aliadel/Documents/Autonomous-Robotic-System/AutonomousRoboticApplication/raspberry_pi/src/ros2_ws/install/cpp_pkg/share/cpp_pkg/package.sh'
[1.447s] INFO:colcon.colcon_core.shell:Creating package script '/home/aliadel/Documents/Autonomous-Robotic-System/AutonomousRoboticApplication/raspberry_pi/src/ros2_ws/install/cpp_pkg/share/cpp_pkg/package.bash'
[1.450s] INFO:colcon.colcon_core.shell:Creating package script '/home/aliadel/Documents/Autonomous-Robotic-System/AutonomousRoboticApplication/raspberry_pi/src/ros2_ws/install/cpp_pkg/share/cpp_pkg/package.zsh'
[1.452s] Level 1:colcon.colcon_core.environment:create_file_with_runtime_dependencies(/home/aliadel/Documents/Autonomous-Robotic-System/AutonomousRoboticApplication/raspberry_pi/src/ros2_ws/install/cpp_pkg/share/colcon-core/packages/cpp_pkg)
[1.635s] Level 1:colcon.colcon_core.environment:create_environment_scripts_only(cpp_pkg)
[1.635s] Level 1:colcon.colcon_core.environment:checking '/home/aliadel/Documents/Autonomous-Robotic-System/AutonomousRoboticApplication/raspberry_pi/src/ros2_ws/install/cpp_pkg' for CMake module files
[1.636s] Level 1:colcon.colcon_core.environment:checking '/home/aliadel/Documents/Autonomous-Robotic-System/AutonomousRoboticApplication/raspberry_pi/src/ros2_ws/install/cpp_pkg' for CMake config files
[1.636s] Level 1:colcon.colcon_core.shell:create_environment_hook('cpp_pkg', 'cmake_prefix_path')
[1.636s] INFO:colcon.colcon_core.shell:Creating environment hook '/home/aliadel/Documents/Autonomous-Robotic-System/AutonomousRoboticApplication/raspberry_pi/src/ros2_ws/install/cpp_pkg/share/cpp_pkg/hook/cmake_prefix_path.ps1'
[1.640s] INFO:colcon.colcon_core.shell:Creating environment descriptor '/home/aliadel/Documents/Autonomous-Robotic-System/AutonomousRoboticApplication/raspberry_pi/src/ros2_ws/install/cpp_pkg/share/cpp_pkg/hook/cmake_prefix_path.dsv'
[1.642s] INFO:colcon.colcon_core.shell:Creating environment hook '/home/aliadel/Documents/Autonomous-Robotic-System/AutonomousRoboticApplication/raspberry_pi/src/ros2_ws/install/cpp_pkg/share/cpp_pkg/hook/cmake_prefix_path.sh'
[1.645s] Level 1:colcon.colcon_core.environment:checking '/home/aliadel/Documents/Autonomous-Robotic-System/AutonomousRoboticApplication/raspberry_pi/src/ros2_ws/install/cpp_pkg/bin'
[1.645s] Level 1:colcon.colcon_core.environment:checking '/home/aliadel/Documents/Autonomous-Robotic-System/AutonomousRoboticApplication/raspberry_pi/src/ros2_ws/install/cpp_pkg/lib/pkgconfig/cpp_pkg.pc'
[1.645s] Level 1:colcon.colcon_core.environment:checking '/home/aliadel/Documents/Autonomous-Robotic-System/AutonomousRoboticApplication/raspberry_pi/src/ros2_ws/install/cpp_pkg/lib/python3.10/site-packages'
[1.645s] Level 1:colcon.colcon_core.environment:checking '/home/aliadel/Documents/Autonomous-Robotic-System/AutonomousRoboticApplication/raspberry_pi/src/ros2_ws/install/cpp_pkg/bin'
[1.647s] INFO:colcon.colcon_core.shell:Creating package script '/home/aliadel/Documents/Autonomous-Robotic-System/AutonomousRoboticApplication/raspberry_pi/src/ros2_ws/install/cpp_pkg/share/cpp_pkg/package.ps1'
[1.648s] INFO:colcon.colcon_core.shell:Creating package descriptor '/home/aliadel/Documents/Autonomous-Robotic-System/AutonomousRoboticApplication/raspberry_pi/src/ros2_ws/install/cpp_pkg/share/cpp_pkg/package.dsv'
[1.651s] INFO:colcon.colcon_core.shell:Creating package script '/home/aliadel/Documents/Autonomous-Robotic-System/AutonomousRoboticApplication/raspberry_pi/src/ros2_ws/install/cpp_pkg/share/cpp_pkg/package.sh'
[1.652s] INFO:colcon.colcon_core.shell:Creating package script '/home/aliadel/Documents/Autonomous-Robotic-System/AutonomousRoboticApplication/raspberry_pi/src/ros2_ws/install/cpp_pkg/share/cpp_pkg/package.bash'
[1.654s] INFO:colcon.colcon_core.shell:Creating package script '/home/aliadel/Documents/Autonomous-Robotic-System/AutonomousRoboticApplication/raspberry_pi/src/ros2_ws/install/cpp_pkg/share/cpp_pkg/package.zsh'
[1.657s] Level 1:colcon.colcon_core.environment:create_file_with_runtime_dependencies(/home/aliadel/Documents/Autonomous-Robotic-System/AutonomousRoboticApplication/raspberry_pi/src/ros2_ws/install/cpp_pkg/share/colcon-core/packages/cpp_pkg)
[1.995s] DEBUG:colcon.colcon_core.event_handler.log_command:Invoking command in '/home/aliadel/Documents/Autonomous-Robotic-System/AutonomousRoboticApplication/raspberry_pi/src/ros2_ws/src/py_pkg': PYTHONPATH=/home/aliadel/Documents/Autonomous-Robotic-System/AutonomousRoboticApplication/raspberry_pi/src/ros2_ws/build/py_pkg/prefix_override:/usr/lib/python3/dist-packages/colcon_core/task/python/colcon_distutils_commands:/home/aliadel/Documents/Autonomous-Robotic-System/AutonomousRoboticApplication/raspberry_pi/src/ros2_ws/install/py_pkg/lib/python3.10/site-packages:${PYTHONPATH} /usr/bin/python3 -W ignore:setup.py install is deprecated setup.py egg_info --egg-base ../../build/py_pkg build --build-base /home/aliadel/Documents/Autonomous-Robotic-System/AutonomousRoboticApplication/raspberry_pi/src/ros2_ws/build/py_pkg/build install --record /home/aliadel/Documents/Autonomous-Robotic-System/AutonomousRoboticApplication/raspberry_pi/src/ros2_ws/build/py_pkg/install.log --single-version-externally-managed install_data
[2.469s] Level 1:colcon.colcon_core.environment:checking '/home/aliadel/Documents/Autonomous-Robotic-System/AutonomousRoboticApplication/raspberry_pi/src/ros2_ws/install/py_pkg' for CMake module files
[2.469s] DEBUG:colcon.colcon_core.event_handler.log_command:Invoked command in '/home/aliadel/Documents/Autonomous-Robotic-System/AutonomousRoboticApplication/raspberry_pi/src/ros2_ws/src/py_pkg' returned '0': PYTHONPATH=/home/aliadel/Documents/Autonomous-Robotic-System/AutonomousRoboticApplication/raspberry_pi/src/ros2_ws/build/py_pkg/prefix_override:/usr/lib/python3/dist-packages/colcon_core/task/python/colcon_distutils_commands:/home/aliadel/Documents/Autonomous-Robotic-System/AutonomousRoboticApplication/raspberry_pi/src/ros2_ws/install/py_pkg/lib/python3.10/site-packages:${PYTHONPATH} /usr/bin/python3 -W ignore:setup.py install is deprecated setup.py egg_info --egg-base ../../build/py_pkg build --build-base /home/aliadel/Documents/Autonomous-Robotic-System/AutonomousRoboticApplication/raspberry_pi/src/ros2_ws/build/py_pkg/build install --record /home/aliadel/Documents/Autonomous-Robotic-System/AutonomousRoboticApplication/raspberry_pi/src/ros2_ws/build/py_pkg/install.log --single-version-externally-managed install_data
[2.475s] Level 1:colcon.colcon_core.environment:checking '/home/aliadel/Documents/Autonomous-Robotic-System/AutonomousRoboticApplication/raspberry_pi/src/ros2_ws/install/py_pkg' for CMake config files
[2.476s] Level 1:colcon.colcon_core.environment:checking '/home/aliadel/Documents/Autonomous-Robotic-System/AutonomousRoboticApplication/raspberry_pi/src/ros2_ws/install/py_pkg/lib'
[2.476s] Level 1:colcon.colcon_core.environment:checking '/home/aliadel/Documents/Autonomous-Robotic-System/AutonomousRoboticApplication/raspberry_pi/src/ros2_ws/install/py_pkg/bin'
[2.476s] Level 1:colcon.colcon_core.environment:checking '/home/aliadel/Documents/Autonomous-Robotic-System/AutonomousRoboticApplication/raspberry_pi/src/ros2_ws/install/py_pkg/lib/pkgconfig/py_pkg.pc'
[2.476s] Level 1:colcon.colcon_core.environment:checking '/home/aliadel/Documents/Autonomous-Robotic-System/AutonomousRoboticApplication/raspberry_pi/src/ros2_ws/install/py_pkg/lib/python3.10/site-packages'
[2.476s] Level 1:colcon.colcon_core.shell:create_environment_hook('py_pkg', 'pythonpath')
[2.477s] INFO:colcon.colcon_core.shell:Creating environment hook '/home/aliadel/Documents/Autonomous-Robotic-System/AutonomousRoboticApplication/raspberry_pi/src/ros2_ws/install/py_pkg/share/py_pkg/hook/pythonpath.ps1'
[2.479s] INFO:colcon.colcon_core.shell:Creating environment descriptor '/home/aliadel/Documents/Autonomous-Robotic-System/AutonomousRoboticApplication/raspberry_pi/src/ros2_ws/install/py_pkg/share/py_pkg/hook/pythonpath.dsv'
[2.482s] INFO:colcon.colcon_core.shell:Creating environment hook '/home/aliadel/Documents/Autonomous-Robotic-System/AutonomousRoboticApplication/raspberry_pi/src/ros2_ws/install/py_pkg/share/py_pkg/hook/pythonpath.sh'
[2.486s] Level 1:colcon.colcon_core.environment:checking '/home/aliadel/Documents/Autonomous-Robotic-System/AutonomousRoboticApplication/raspberry_pi/src/ros2_ws/install/py_pkg/bin'
[2.486s] Level 1:colcon.colcon_core.environment:create_environment_scripts_only(py_pkg)
[2.486s] INFO:colcon.colcon_core.shell:Creating package script '/home/aliadel/Documents/Autonomous-Robotic-System/AutonomousRoboticApplication/raspberry_pi/src/ros2_ws/install/py_pkg/share/py_pkg/package.ps1'
[2.491s] INFO:colcon.colcon_core.shell:Creating package descriptor '/home/aliadel/Documents/Autonomous-Robotic-System/AutonomousRoboticApplication/raspberry_pi/src/ros2_ws/install/py_pkg/share/py_pkg/package.dsv'
[2.492s] INFO:colcon.colcon_core.shell:Creating package script '/home/aliadel/Documents/Autonomous-Robotic-System/AutonomousRoboticApplication/raspberry_pi/src/ros2_ws/install/py_pkg/share/py_pkg/package.sh'
[2.495s] INFO:colcon.colcon_core.shell:Creating package script '/home/aliadel/Documents/Autonomous-Robotic-System/AutonomousRoboticApplication/raspberry_pi/src/ros2_ws/install/py_pkg/share/py_pkg/package.bash'
[2.497s] INFO:colcon.colcon_core.shell:Creating package script '/home/aliadel/Documents/Autonomous-Robotic-System/AutonomousRoboticApplication/raspberry_pi/src/ros2_ws/install/py_pkg/share/py_pkg/package.zsh'
[2.498s] Level 1:colcon.colcon_core.environment:create_file_with_runtime_dependencies(/home/aliadel/Documents/Autonomous-Robotic-System/AutonomousRoboticApplication/raspberry_pi/src/ros2_ws/install/py_pkg/share/colcon-core/packages/py_pkg)
[2.499s] DEBUG:colcon.colcon_parallel_executor.executor.parallel:closing loop
[2.499s] DEBUG:colcon.colcon_parallel_executor.executor.parallel:loop closed
[2.499s] DEBUG:colcon.colcon_parallel_executor.executor.parallel:run_until_complete finished with '0'
[2.499s] DEBUG:colcon.colcon_core.event_reactor:joining thread
[2.523s] INFO:colcon.colcon_core.plugin_system:Skipping extension 'colcon_notification.desktop_notification.terminal_notifier': Not used on non-Darwin systems
[2.527s] INFO:colcon.colcon_core.plugin_system:Skipping extension 'colcon_notification.desktop_notification.win32': Not used on non-Windows systems
[2.528s] INFO:colcon.colcon_notification.desktop_notification:Sending desktop notification using 'notify2'
[2.574s] DEBUG:colcon.colcon_core.event_reactor:joined thread
[2.575s] INFO:colcon.colcon_core.shell:Creating prefix script '/home/aliadel/Documents/Autonomous-Robotic-System/AutonomousRoboticApplication/raspberry_pi/src/ros2_ws/install/local_setup.ps1'
[2.580s] INFO:colcon.colcon_core.shell:Creating prefix util module '/home/aliadel/Documents/Autonomous-Robotic-System/AutonomousRoboticApplication/raspberry_pi/src/ros2_ws/install/_local_setup_util_ps1.py'
[2.583s] INFO:colcon.colcon_core.shell:Creating prefix chain script '/home/aliadel/Documents/Autonomous-Robotic-System/AutonomousRoboticApplication/raspberry_pi/src/ros2_ws/install/setup.ps1'
[2.591s] INFO:colcon.colcon_core.shell:Creating prefix script '/home/aliadel/Documents/Autonomous-Robotic-System/AutonomousRoboticApplication/raspberry_pi/src/ros2_ws/install/local_setup.sh'
[2.592s] INFO:colcon.colcon_core.shell:Creating prefix util module '/home/aliadel/Documents/Autonomous-Robotic-System/AutonomousRoboticApplication/raspberry_pi/src/ros2_ws/install/_local_setup_util_sh.py'
[2.593s] INFO:colcon.colcon_core.shell:Creating prefix chain script '/home/aliadel/Documents/Autonomous-Robotic-System/AutonomousRoboticApplication/raspberry_pi/src/ros2_ws/install/setup.sh'
[2.598s] INFO:colcon.colcon_core.shell:Creating prefix script '/home/aliadel/Documents/Autonomous-Robotic-System/AutonomousRoboticApplication/raspberry_pi/src/ros2_ws/install/local_setup.bash'
[2.603s] INFO:colcon.colcon_core.shell:Creating prefix chain script '/home/aliadel/Documents/Autonomous-Robotic-System/AutonomousRoboticApplication/raspberry_pi/src/ros2_ws/install/setup.bash'
[2.607s] INFO:colcon.colcon_core.shell:Creating prefix script '/home/aliadel/Documents/Autonomous-Robotic-System/AutonomousRoboticApplication/raspberry_pi/src/ros2_ws/install/local_setup.zsh'
[2.609s] INFO:colcon.colcon_core.shell:Creating prefix chain script '/home/aliadel/Documents/Autonomous-Robotic-System/AutonomousRoboticApplication/raspberry_pi/src/ros2_ws/install/setup.zsh'
