[0.092s] Invoking command in '/home/aliadel/Documents/Autonomous-Robotic-System/build/cpp_pkg': CMAKE_PREFIX_PATH=${CMAKE_PREFIX_PATH}:/home/aliadel/Documents/Autonomous-Robotic-System/AutonomousRoboticApplication/raspberry_pi/src/ros2_ws/install/py_pkg:/home/aliadel/ros2_ws/install/my_py_pkg:/opt/ros/humble /usr/bin/cmake /home/aliadel/Documents/Autonomous-Robotic-System/AutonomousRoboticApplication/raspberry_pi/src/ros2_ws/src/cpp_pkg -DCMAKE_INSTALL_PREFIX=/home/aliadel/Documents/Autonomous-Robotic-System/install/cpp_pkg
[1.086s] -- The C compiler identification is GNU 11.4.0
[1.608s] -- The CXX compiler identification is GNU 11.4.0
[1.908s] -- Detecting C compiler ABI info
[2.450s] -- Detecting C compiler ABI info - done
[2.475s] -- Check for working C compiler: /usr/bin/cc - skipped
[2.475s] -- Detecting C compile features
[2.492s] -- Detecting C compile features - done
[2.522s] -- Detecting CXX compiler ABI info
[2.946s] -- Detecting CXX compiler ABI info - done
[2.960s] -- Check for working CXX compiler: /usr/bin/c++ - skipped
[2.960s] -- Detecting CXX compile features
[2.961s] -- Detecting CXX compile features - done
[3.118s] -- Found ament_cmake: 1.3.10 (/opt/ros/humble/share/ament_cmake/cmake)
[3.499s] -- Found Python3: /usr/bin/python3 (found version "3.10.12") found components: Interpreter 
[3.973s] -- Found rclcpp: 16.0.10 (/opt/ros/humble/share/rclcpp/cmake)
[4.206s] -- Found rosidl_generator_c: 3.1.5 (/opt/ros/humble/share/rosidl_generator_c/cmake)
[4.228s] -- Found rosidl_adapter: 3.1.5 (/opt/ros/humble/share/rosidl_adapter/cmake)
[4.258s] -- Found rosidl_generator_cpp: 3.1.5 (/opt/ros/humble/share/rosidl_generator_cpp/cmake)
[4.346s] -- Using all available rosidl_typesupport_c: rosidl_typesupport_fastrtps_c;rosidl_typesupport_introspection_c
[4.410s] -- Using all available rosidl_typesupport_cpp: rosidl_typesupport_fastrtps_cpp;rosidl_typesupport_introspection_cpp
[4.582s] -- Found rmw_implementation_cmake: 6.1.2 (/opt/ros/humble/share/rmw_implementation_cmake/cmake)
[4.603s] -- Found rmw_fastrtps_cpp: 6.2.7 (/opt/ros/humble/share/rmw_fastrtps_cpp/cmake)
[4.974s] -- Found OpenSSL: /usr/lib/x86_64-linux-gnu/libcrypto.so (found version "3.0.2")  
[5.045s] -- Found FastRTPS: /opt/ros/humble/include  
[5.142s] -- Using RMW implementation 'rmw_fastrtps_cpp' as default
[5.269s] -- Looking for pthread.h
[5.547s] -- Looking for pthread.h - found
[5.547s] -- Performing Test CMAKE_HAVE_LIBC_PTHREAD
[5.759s] -- Performing Test CMAKE_HAVE_LIBC_PTHREAD - Success
[5.760s] -- Found Threads: TRUE  
[6.062s] -- Found ament_lint_auto: 0.12.11 (/opt/ros/humble/share/ament_lint_auto/cmake)
[6.287s] -- Added test 'cppcheck' to perform static code analysis on C / C++ code
[6.288s] -- Configured cppcheck include dirs: 
[6.288s] -- Configured cppcheck exclude dirs and/or files: 
[6.292s] -- Added test 'lint_cmake' to check CMake code style
[6.296s] -- Added test 'uncrustify' to check C / C++ code style
[6.296s] -- Configured uncrustify additional arguments: 
[6.300s] -- Added test 'xmllint' to check XML markup files
[6.311s] -- Configuring done
[6.331s] -- Generating done
[6.336s] -- Build files have been written to: /home/aliadel/Documents/Autonomous-Robotic-System/build/cpp_pkg
[6.360s] Invoked command in '/home/aliadel/Documents/Autonomous-Robotic-System/build/cpp_pkg' returned '0': CMAKE_PREFIX_PATH=${CMAKE_PREFIX_PATH}:/home/aliadel/Documents/Autonomous-Robotic-System/AutonomousRoboticApplication/raspberry_pi/src/ros2_ws/install/py_pkg:/home/aliadel/ros2_ws/install/my_py_pkg:/opt/ros/humble /usr/bin/cmake /home/aliadel/Documents/Autonomous-Robotic-System/AutonomousRoboticApplication/raspberry_pi/src/ros2_ws/src/cpp_pkg -DCMAKE_INSTALL_PREFIX=/home/aliadel/Documents/Autonomous-Robotic-System/install/cpp_pkg
[6.366s] Invoking command in '/home/aliadel/Documents/Autonomous-Robotic-System/build/cpp_pkg': CMAKE_PREFIX_PATH=${CMAKE_PREFIX_PATH}:/home/aliadel/Documents/Autonomous-Robotic-System/AutonomousRoboticApplication/raspberry_pi/src/ros2_ws/install/py_pkg:/home/aliadel/ros2_ws/install/my_py_pkg:/opt/ros/humble /usr/bin/cmake --build /home/aliadel/Documents/Autonomous-Robotic-System/build/cpp_pkg -- -j2 -l2
[6.493s] Invoked command in '/home/aliadel/Documents/Autonomous-Robotic-System/build/cpp_pkg' returned '0': CMAKE_PREFIX_PATH=${CMAKE_PREFIX_PATH}:/home/aliadel/Documents/Autonomous-Robotic-System/AutonomousRoboticApplication/raspberry_pi/src/ros2_ws/install/py_pkg:/home/aliadel/ros2_ws/install/my_py_pkg:/opt/ros/humble /usr/bin/cmake --build /home/aliadel/Documents/Autonomous-Robotic-System/build/cpp_pkg -- -j2 -l2
[6.610s] Invoking command in '/home/aliadel/Documents/Autonomous-Robotic-System/build/cpp_pkg': CMAKE_PREFIX_PATH=${CMAKE_PREFIX_PATH}:/home/aliadel/Documents/Autonomous-Robotic-System/AutonomousRoboticApplication/raspberry_pi/src/ros2_ws/install/py_pkg:/home/aliadel/ros2_ws/install/my_py_pkg:/opt/ros/humble /usr/bin/cmake --install /home/aliadel/Documents/Autonomous-Robotic-System/build/cpp_pkg
[6.632s] -- Install configuration: ""
[6.633s] -- Installing: /home/aliadel/Documents/Autonomous-Robotic-System/install/cpp_pkg/share/ament_index/resource_index/package_run_dependencies/cpp_pkg
[6.634s] -- Installing: /home/aliadel/Documents/Autonomous-Robotic-System/install/cpp_pkg/share/ament_index/resource_index/parent_prefix_path/cpp_pkg
[6.635s] -- Installing: /home/aliadel/Documents/Autonomous-Robotic-System/install/cpp_pkg/share/cpp_pkg/environment/ament_prefix_path.sh
[6.635s] -- Installing: /home/aliadel/Documents/Autonomous-Robotic-System/install/cpp_pkg/share/cpp_pkg/environment/ament_prefix_path.dsv
[6.635s] -- Installing: /home/aliadel/Documents/Autonomous-Robotic-System/install/cpp_pkg/share/cpp_pkg/environment/path.sh
[6.637s] -- Installing: /home/aliadel/Documents/Autonomous-Robotic-System/install/cpp_pkg/share/cpp_pkg/environment/path.dsv
[6.637s] -- Installing: /home/aliadel/Documents/Autonomous-Robotic-System/install/cpp_pkg/share/cpp_pkg/local_setup.bash
[6.637s] -- Installing: /home/aliadel/Documents/Autonomous-Robotic-System/install/cpp_pkg/share/cpp_pkg/local_setup.sh
[6.638s] -- Installing: /home/aliadel/Documents/Autonomous-Robotic-System/install/cpp_pkg/share/cpp_pkg/local_setup.zsh
[6.639s] -- Installing: /home/aliadel/Documents/Autonomous-Robotic-System/install/cpp_pkg/share/cpp_pkg/local_setup.dsv
[6.639s] -- Installing: /home/aliadel/Documents/Autonomous-Robotic-System/install/cpp_pkg/share/cpp_pkg/package.dsv
[6.639s] -- Installing: /home/aliadel/Documents/Autonomous-Robotic-System/install/cpp_pkg/share/ament_index/resource_index/packages/cpp_pkg
[6.639s] -- Installing: /home/aliadel/Documents/Autonomous-Robotic-System/install/cpp_pkg/share/cpp_pkg/cmake/cpp_pkgConfig.cmake
[6.639s] -- Installing: /home/aliadel/Documents/Autonomous-Robotic-System/install/cpp_pkg/share/cpp_pkg/cmake/cpp_pkgConfig-version.cmake
[6.641s] -- Installing: /home/aliadel/Documents/Autonomous-Robotic-System/install/cpp_pkg/share/cpp_pkg/package.xml
[6.645s] Invoked command in '/home/aliadel/Documents/Autonomous-Robotic-System/build/cpp_pkg' returned '0': CMAKE_PREFIX_PATH=${CMAKE_PREFIX_PATH}:/home/aliadel/Documents/Autonomous-Robotic-System/AutonomousRoboticApplication/raspberry_pi/src/ros2_ws/install/py_pkg:/home/aliadel/ros2_ws/install/my_py_pkg:/opt/ros/humble /usr/bin/cmake --install /home/aliadel/Documents/Autonomous-Robotic-System/build/cpp_pkg
